#
# A fatal error has been detected by the Java Runtime Environment:
#
#  SIGILL (0x4) at pc=0x00007fff3527caaf, pid=645, tid=10243
#
# JRE version: Java(TM) SE Runtime Environment (13.0.2+8) (build 13.0.2+8)
# Java VM: Java HotSpot(TM) 64-Bit Server VM (13.0.2+8, mixed mode, sharing, tiered, compressed oops, g1 gc, bsd-amd64)
# Problematic frame:
# C  [CoreFoundation+0x1b0aaf]  _CFRelease.cold.3+0xe
#
# No core dump will be written. Core dumps have been disabled. To enable core dumping, try "ulimit -c unlimited" before starting Java again
#
# If you would like to submit a bug report, please visit:
#   http://bugreport.java.com/bugreport/crash.jsp
# The crash happened outside the Java Virtual Machine in native code.
# See problematic frame for where to report the bug.
#

---------------  S U M M A R Y ------------

Command Line: -Dfile.encoding=UTF-8 main.engine.MAIN_TEST

Host: MacBookPro11,1 x86_64 2400 MHz, 4 cores, 8G, Darwin 19.4.0
Time: Fri Apr 17 11:25:19 2020 CEST elapsed time: 1 seconds (0d 0h 0m 1s)

---------------  T H R E A D  ---------------

Current thread (0x00007fce1381e000):  JavaThread "main" [_thread_in_native, id=10243, stack(0x0000700000c63000,0x0000700000d63000)]

Stack: [0x0000700000c63000,0x0000700000d63000],  sp=0x0000700000d61848,  free space=1018k
Native frames: (J=compiled Java code, A=aot compiled Java code, j=interpreted, Vv=VM code, C=native code)
C  [CoreFoundation+0x1b0aaf]  _CFRelease.cold.3+0xe
C  [CoreGraphics+0x91509]  CGContextReplacePathWithShapePath+0x2f
C  [HIServices+0x726c]  HIShapeReplacePathInCGContext+0x3e
C  [HIToolbox+0x23943]  HIView::RecursiveDrawComposited(__HIShape const*, __HIShape const*, unsigned int, HIView*, CGContext*, unsigned char, double)+0x21b
C  [HIToolbox+0x23b61]  HIView::RecursiveDrawComposited(__HIShape const*, __HIShape const*, unsigned int, HIView*, CGContext*, unsigned char, double)+0x439
C  [HIToolbox+0x23399]  HIView::DrawComposited(short, OpaqueGrafPtr*, __HIShape const*, unsigned int, HIView*, CGContext*)+0x32f
C  [HIToolbox+0x2305b]  HIView::Render(unsigned int, CGContext*)+0x33
C  [HIToolbox+0x22783]  WindowData::PrepareForVisibility()+0x99
C  [HIToolbox+0x789c8]  _ShowHideWindows+0x11e
C  [HIToolbox+0x221b4]  ShowHide+0x23
C  [HIToolbox+0x12217]  MBWindows::GetWindowOnDisplay(unsigned int, unsigned char)+0x127
C  [HIToolbox+0x11ff7]  MenuBarInstance::ForEachWindowDo(unsigned char, bool (OpaqueWindowPtr*, unsigned int) block_pointer)+0xb7
C  [HIToolbox+0x11efb]  MenuBarInstance::SetBoundsAndUpdateResolution()+0x67
C  [HIToolbox+0x11a72]  MenuBarInstance::Show(MenuBarAnimationStyle, unsigned char, unsigned char, unsigned char, unsigned char)+0x118
C  [HIToolbox+0x114aa]  MenuBarInstance::UpdateAggregateUIMode(MenuBarAnimationStyle, unsigned char, unsigned char, unsigned char)+0x324
C  [HIToolbox+0x110aa]  MenuBarInstance::ForEachMenuBarDo(void (MenuBarInstance*) block_pointer)+0x2e
C  [HIToolbox+0x11042]  UpdateAllAggregateUIModes(MenuBarAnimationStyle, unsigned char)+0x7e
C  [HIToolbox+0x10fae]  SetSystemUIMode+0xa5
C  [AppKit+0x3165b]  -[NSApplication finishLaunching]+0x2dc
C  [AppKit+0x31050]  -[NSApplication run]+0xf4
C  [libglfw.dylib+0x10a85]
[error occurred during error reporting (printing native stack), id 0xe0000000, Internal Error (/scratch/mesos/slaves/d65fa3d4-10de-46aa-a2db-52cc9981537a-S157/frameworks/1735e8a2-a1db-478c-8104-60c8b0af87dd-0196/executors/cd04c109-7866-4c89-a9cb-580d1b4b0057/runs/bdf96710-70fa-465f-a6db-19a171d6559f/workspace/open/src/hotspot/os/bsd/decoder_machO.hpp:43)]

Java frames: (J=compiled Java code, j=interpreted, Vv=VM code)
j  org.lwjgl.system.JNI.invokePPPP(IIJJJJ)J+0
j  org.lwjgl.glfw.GLFW.nglfwCreateWindow(IIJJJ)J+14
j  org.lwjgl.glfw.GLFW.glfwCreateWindow(IILjava/lang/CharSequence;JJ)J+37
j  main.engine.io.Window.create()V+58
j  main.engine.MAIN_TEST.main([Ljava/lang/String;)V+3
v  ~StubRoutines::call_stub

siginfo: si_signo: 4 (SIGILL), si_code: 1 (ILL_ILLOPC), si_addr: 0x00007fff3527caaf

Register to memory mapping:

RAX=0x00007fff35466bf4: _XMLPlistAppendDataUsingBase64.__CFPLDataEncodeTable+0x2054 in /System/Library/Frameworks/CoreFoundation.framework/Versions/A/CoreFoundation at 0x00007fff350cc000
RBX=0x0000000000612b80 is an unknown value
RCX=0x00007fff8cdcb188: OBJC_CLASS_$___NSCFType+0 in /System/Library/Frameworks/CoreFoundation.framework/Versions/A/CoreFoundation at 0x00007fff350cc000
RDX=0x00007fff6df06448: objc_debug_isa_class_mask+0 in /usr/lib/libobjc.A.dylib at 0x00007fff6dedc000
RSP=0x0000700000d61848 is pointing into the stack for thread: 0x00007fce1381e000
RBP=0x0000700000d618a0 is pointing into the stack for thread: 0x00007fce1381e000
RSI=0x00007fce12c84410 points into unknown readable memory: 89 b1 dc 8c ff ff 1d 00
RDI=0x00007fce12d85630 points into unknown readable memory: 9d b5 dc 8c ff ff 3d 00
R8 =0x00000000000120a8 is an unknown value
R9 =0x00007fce12d85ad8 points into unknown readable memory: 00 00 00 00 00 00 00 00
R10=0x0000000000001cc8 is an unknown value
R11=0x0000000000000202 is an unknown value
R12=0x0 is NULL
R13=0x00007fce12f68780 points into unknown readable memory: b8 69 9a 8c ff 7f 00 00
R14=0x00007fce12c84410 points into unknown readable memory: 89 b1 dc 8c ff ff 1d 00
R15=0x00007fce12c84100 points into unknown readable memory: 89 b1 dc 8c ff ff 1d 00


Registers:
RAX=0x00007fff35466bf4, RBX=0x0000000000612b80, RCX=0x00007fff8cdcb188, RDX=0x00007fff6df06448
RSP=0x0000700000d61848, RBP=0x0000700000d618a0, RSI=0x00007fce12c84410, RDI=0x00007fce12d85630
R8 =0x00000000000120a8, R9 =0x00007fce12d85ad8, R10=0x0000000000001cc8, R11=0x0000000000000202
R12=0x0000000000000000, R13=0x00007fce12f68780, R14=0x00007fce12c84410, R15=0x00007fce12c84100
RIP=0x00007fff3527caaf, EFLAGS=0x0000000000010207, ERR=0x0000000000000000
  TRAPNO=0x0000000000000006

Top of Stack: (sp=0x0000700000d61848)
0x0000700000d61848:   00007fff3521bb4d 00007fce12c83b01
0x0000700000d61858:   00007fce12c84140 0000700000d61880
0x0000700000d61868:   00007fff3556dc84 e4a1316e1c7900f9
0x0000700000d61878:   00007fce12d852a0 0000000000000000
0x0000700000d61888:   00007fce12f68780 00007fce12c84410
0x0000700000d61898:   00007fce12c84100 0000700000d618d0
0x0000700000d618a8:   00007fff355de509 00000000ffffffce
0x0000700000d618b8:   00007fce12c84100 00007fce12d852a0
0x0000700000d618c8:   00007fce12c84100 0000700000d618f0
0x0000700000d618d8:   00007fff3340e26c 00007fce12d852a0
0x0000700000d618e8:   0000000000000000 0000700000d61a00
0x0000700000d618f8:   00007fff33d75943 0000000000000000
0x0000700000d61908:   0000000000000000 0000000000000000
0x0000700000d61918:   4094000000000000 4036000000000000
0x0000700000d61928:   0000000000000000 0000000000000000
0x0000700000d61938:   4094000000000000 4036000000000000
0x0000700000d61948:   0000000000000000 0000000000000000
0x0000700000d61958:   4094000000000000 4036000000000000
0x0000700000d61968:   3ff0000000000000 0000700000d61990
0x0000700000d61978:   00007fff35565e93 00007fff40000000
0x0000700000d61988:   0000700000d619c0 0000700000d619b0
0x0000700000d61998:   00007fff35565e74 00000000ffffffce
0x0000700000d619a8:   00007fce12f68780 00007fce12d852a0
0x0000700000d619b8:   00007fce12c840c0 0000000000000000
0x0000700000d619c8:   00007fce12c84080 0000700000000005
0x0000700000d619d8:   0000000000000000 00007fce12c84080
0x0000700000d619e8:   0000000000000000 0000000000000000
0x0000700000d619f8:   00007fce12f68780 0000700000d61b20
0x0000700000d61a08:   00007fff33d75b61 0000000000000000
0x0000700000d61a18:   00007fff33d75adc 0000700000d61af0
0x0000700000d61a28:   0000000000000000 0000000000000000
0x0000700000d61a38:   4094000000000000 4036000000000000 

Instructions: (pc=0x00007fff3527caaf)
0x00007fff3527c9af:   05 9c 93 1e 00 48 89 05 75 9b b5 57 0f 0b 55 48
0x00007fff3527c9bf:   89 e5 4d 89 ca 48 89 d0 c6 02 03 66 c7 41 01 03
0x00007fff3527c9cf:   42 c6 41 03 08 4c 89 41 04 66 ba 41 08 66 89 51
0x00007fff3527c9df:   0c 48 89 79 0e 66 89 51 16 48 89 71 18 48 8d 3d
0x00007fff3527c9ef:   0d f6 e4 ff 48 8d 0d a6 f7 29 00 6a 10 5a 6a 20
0x00007fff3527c9ff:   41 59 4c 89 d6 49 89 c0 e8 fc 94 00 00 5d c3 48
0x00007fff3527ca0f:   8d 05 ca 97 1e 00 48 89 05 14 9b b5 57 0f 0b 66
0x00007fff3527ca1f:   90 90 48 8d 05 59 9c 1e 00 48 89 05 01 9b b5 57
0x00007fff3527ca2f:   0f 0b 48 8d 05 74 9e 1e 00 48 89 05 f1 9a b5 57
0x00007fff3527ca3f:   0f 0b 48 8d 05 64 9e 1e 00 48 89 05 e1 9a b5 57
0x00007fff3527ca4f:   0f 0b 48 8d 05 b4 9d 1e 00 48 89 05 d1 9a b5 57
0x00007fff3527ca5f:   0f 0b 48 8d 05 a4 9d 1e 00 48 89 05 c1 9a b5 57
0x00007fff3527ca6f:   0f 0b 48 8d 05 2d 9c 1e 00 48 89 05 b1 9a b5 57
0x00007fff3527ca7f:   0f 0b 48 8d 05 84 9d 1e 00 48 89 05 a1 9a b5 57
0x00007fff3527ca8f:   0f 0b 48 8d 05 74 9d 1e 00 48 89 05 91 9a b5 57
0x00007fff3527ca9f:   0f 0b 48 8d 05 4c a1 1e 00 48 89 05 81 9a b5 57
0x00007fff3527caaf:   0f 0b 48 8d 05 16 9c 1e 00 48 89 05 71 9a b5 57
0x00007fff3527cabf:   0f 0b 48 8d 05 2b 9c 1e 00 48 89 05 61 9a b5 57
0x00007fff3527cacf:   0f 0b 48 8d 05 4f 9c 1e 00 48 89 05 51 9a b5 57
0x00007fff3527cadf:   0f 0b 48 8d 05 9b 9c 1e 00 48 89 05 41 9a b5 57
0x00007fff3527caef:   0f 0b 48 8d 05 e8 9c 1e 00 48 89 05 31 9a b5 57
0x00007fff3527caff:   0f 0b 48 8d 05 04 9d 1e 00 48 89 05 21 9a b5 57
0x00007fff3527cb0f:   0f 0b 48 8d 05 0d 9d 1e 00 48 89 05 11 9a b5 57
0x00007fff3527cb1f:   0f 0b 48 8d 05 84 9d 1e 00 48 89 05 01 9a b5 57
0x00007fff3527cb2f:   0f 0b 48 8d 05 74 9d 1e 00 48 89 05 f1 99 b5 57
0x00007fff3527cb3f:   0f 0b 48 8d 05 64 9d 1e 00 48 89 05 e1 99 b5 57
0x00007fff3527cb4f:   0f 0b 48 8d 05 54 9d 1e 00 48 89 05 d1 99 b5 57
0x00007fff3527cb5f:   0f 0b 48 8d 05 f0 9c 1e 00 48 89 05 c1 99 b5 57
0x00007fff3527cb6f:   0f 0b 48 8d 05 ad 9c 1e 00 48 89 05 b1 99 b5 57
0x00007fff3527cb7f:   0f 0b 48 8d 05 24 9d 1e 00 48 89 05 a1 99 b5 57
0x00007fff3527cb8f:   0f 0b 48 8d 05 14 9d 1e 00 48 89 05 91 99 b5 57
0x00007fff3527cb9f:   0f 0b 48 8d 05 04 9d 1e 00 48 89 05 81 99 b5 57 


Stack slot to memory mapping:
stack at sp + 0 slots: 0x00007fff3521bb4d: _CFRelease+0x4d2 in /System/Library/Frameworks/CoreFoundation.framework/Versions/A/CoreFoundation at 0x00007fff350cc000
stack at sp + 1 slots: 0x00007fce12c83b01 points into unknown readable memory: 54 55 4d 00 00 00 00
stack at sp + 2 slots: 0x00007fce12c84140 points into unknown readable memory: 20 45 e5 12 ce 7f 00 00
stack at sp + 3 slots: 0x0000700000d61880 is pointing into the stack for thread: 0x00007fce1381e000
stack at sp + 4 slots: 0x00007fff3556dc84: CGGStateDeviceCopy+0x19 in /System/Library/Frameworks/CoreGraphics.framework/Versions/A/CoreGraphics at 0x00007fff3554d000
stack at sp + 5 slots: 0xe4a1316e1c7900f9 is an unknown value
stack at sp + 6 slots: 0x00007fce12d852a0 points into unknown readable memory: 89 b1 dc 8c ff ff 1d 00
stack at sp + 7 slots: 0x0 is NULL


---------------  P R O C E S S  ---------------

Threads class SMR info:
_java_thread_list=0x00007fce12d333e0, length=9, elements={
0x00007fce1381e000, 0x00007fce13837000, 0x00007fce14836000, 0x00007fce1301f000,
0x00007fce1405e800, 0x00007fce1383c800, 0x00007fce14837800, 0x00007fce14097800,
0x00007fce14099000
}

Java Threads: ( => current thread )
=>0x00007fce1381e000 JavaThread "main" [_thread_in_native, id=10243, stack(0x0000700000c63000,0x0000700000d63000)]
  0x00007fce13837000 JavaThread "Reference Handler" daemon [_thread_blocked, id=14595, stack(0x0000700001378000,0x0000700001478000)]
  0x00007fce14836000 JavaThread "Finalizer" daemon [_thread_blocked, id=18435, stack(0x000070000147b000,0x000070000157b000)]
  0x00007fce1301f000 JavaThread "Signal Dispatcher" daemon [_thread_blocked, id=21763, stack(0x0000700001684000,0x0000700001784000)]
  0x00007fce1405e800 JavaThread "C2 CompilerThread0" daemon [_thread_blocked, id=22531, stack(0x0000700001787000,0x0000700001887000)]
  0x00007fce1383c800 JavaThread "C1 CompilerThread0" daemon [_thread_blocked, id=22787, stack(0x000070000188a000,0x000070000198a000)]
  0x00007fce14837800 JavaThread "Sweeper thread" daemon [_thread_blocked, id=23299, stack(0x000070000198d000,0x0000700001a8d000)]
  0x00007fce14097800 JavaThread "Service Thread" daemon [_thread_blocked, id=42243, stack(0x0000700001a90000,0x0000700001b90000)]
  0x00007fce14099000 JavaThread "Common-Cleaner" daemon [_thread_blocked, id=24579, stack(0x0000700001c96000,0x0000700001d96000)]

Other Threads:
  0x00007fce13836800 VMThread "VM Thread" [stack: 0x0000700001275000,0x0000700001375000] [id=18947]
  0x00007fce14098800 WatcherThread [stack: 0x0000700001b93000,0x0000700001c93000] [id=41987]
  0x00007fce14027800 GCTaskThread "GC Thread#0" [stack: 0x0000700000d66000,0x0000700000e66000] [id=11779]
  0x00007fce14038800 ConcurrentGCThread "G1 Main Marker" [stack: 0x0000700000e69000,0x0000700000f69000] [id=12035]
  0x00007fce14039800 ConcurrentGCThread "G1 Conc#0" [stack: 0x0000700000f6c000,0x000070000106c000] [id=20227]
  0x00007fce14833800 ConcurrentGCThread "G1 Refine#0" [stack: 0x000070000106f000,0x000070000116f000] [id=12803]
  0x00007fce1300b800 ConcurrentGCThread "G1 Young RemSet Sampling" [stack: 0x0000700001172000,0x0000700001272000] [id=19715]

Threads with active compile tasks:

VM state:not at safepoint (normal execution)

VM Mutex/Monitor currently owned by a thread: None

Heap address: 0x0000000780000000, size: 2048 MB, Compressed Oops mode: Zero based, Oop shift amount: 3
Narrow klass base: 0x0000000800000000, Narrow klass shift: 3
Compressed class space size: 1073741824 Address: 0x0000000800ae0000

Heap:
 garbage-first heap   total 133120K, used 6904K [0x0000000780000000, 0x0000000800000000)
  region size 1024K, 7 young (7168K), 0 survivors (0K)
 Metaspace       used 2346K, capacity 5638K, committed 5888K, reserved 1056768K
  class space    used 194K, capacity 497K, committed 512K, reserved 1048576K
Heap Regions: E=young(eden), S=young(survivor), O=old, HS=humongous(starts), HC=humongous(continues), CS=collection set, F=free, A=archive, TAMS=top-at-mark-start (previous, next)
|   0|0x0000000780000000, 0x0000000780000000, 0x0000000780100000|  0%| F|  |TAMS 0x0000000780000000, 0x0000000780000000| Untracked 
|   1|0x0000000780100000, 0x0000000780100000, 0x0000000780200000|  0%| F|  |TAMS 0x0000000780100000, 0x0000000780100000| Untracked 
|   2|0x0000000780200000, 0x0000000780200000, 0x0000000780300000|  0%| F|  |TAMS 0x0000000780200000, 0x0000000780200000| Untracked 
|   3|0x0000000780300000, 0x0000000780300000, 0x0000000780400000|  0%| F|  |TAMS 0x0000000780300000, 0x0000000780300000| Untracked 
|   4|0x0000000780400000, 0x0000000780400000, 0x0000000780500000|  0%| F|  |TAMS 0x0000000780400000, 0x0000000780400000| Untracked 
|   5|0x0000000780500000, 0x0000000780500000, 0x0000000780600000|  0%| F|  |TAMS 0x0000000780500000, 0x0000000780500000| Untracked 
|   6|0x0000000780600000, 0x0000000780600000, 0x0000000780700000|  0%| F|  |TAMS 0x0000000780600000, 0x0000000780600000| Untracked 
|   7|0x0000000780700000, 0x0000000780700000, 0x0000000780800000|  0%| F|  |TAMS 0x0000000780700000, 0x0000000780700000| Untracked 
|   8|0x0000000780800000, 0x0000000780800000, 0x0000000780900000|  0%| F|  |TAMS 0x0000000780800000, 0x0000000780800000| Untracked 
|   9|0x0000000780900000, 0x0000000780900000, 0x0000000780a00000|  0%| F|  |TAMS 0x0000000780900000, 0x0000000780900000| Untracked 
|  10|0x0000000780a00000, 0x0000000780a00000, 0x0000000780b00000|  0%| F|  |TAMS 0x0000000780a00000, 0x0000000780a00000| Untracked 
|  11|0x0000000780b00000, 0x0000000780b00000, 0x0000000780c00000|  0%| F|  |TAMS 0x0000000780b00000, 0x0000000780b00000| Untracked 
|  12|0x0000000780c00000, 0x0000000780c00000, 0x0000000780d00000|  0%| F|  |TAMS 0x0000000780c00000, 0x0000000780c00000| Untracked 
|  13|0x0000000780d00000, 0x0000000780d00000, 0x0000000780e00000|  0%| F|  |TAMS 0x0000000780d00000, 0x0000000780d00000| Untracked 
|  14|0x0000000780e00000, 0x0000000780e00000, 0x0000000780f00000|  0%| F|  |TAMS 0x0000000780e00000, 0x0000000780e00000| Untracked 
|  15|0x0000000780f00000, 0x0000000780f00000, 0x0000000781000000|  0%| F|  |TAMS 0x0000000780f00000, 0x0000000780f00000| Untracked 
|  16|0x0000000781000000, 0x0000000781000000, 0x0000000781100000|  0%| F|  |TAMS 0x0000000781000000, 0x0000000781000000| Untracked 
|  17|0x0000000781100000, 0x0000000781100000, 0x0000000781200000|  0%| F|  |TAMS 0x0000000781100000, 0x0000000781100000| Untracked 
|  18|0x0000000781200000, 0x0000000781200000, 0x0000000781300000|  0%| F|  |TAMS 0x0000000781200000, 0x0000000781200000| Untracked 
|  19|0x0000000781300000, 0x0000000781300000, 0x0000000781400000|  0%| F|  |TAMS 0x0000000781300000, 0x0000000781300000| Untracked 
|  20|0x0000000781400000, 0x0000000781400000, 0x0000000781500000|  0%| F|  |TAMS 0x0000000781400000, 0x0000000781400000| Untracked 
|  21|0x0000000781500000, 0x0000000781500000, 0x0000000781600000|  0%| F|  |TAMS 0x0000000781500000, 0x0000000781500000| Untracked 
|  22|0x0000000781600000, 0x0000000781600000, 0x0000000781700000|  0%| F|  |TAMS 0x0000000781600000, 0x0000000781600000| Untracked 
|  23|0x0000000781700000, 0x0000000781700000, 0x0000000781800000|  0%| F|  |TAMS 0x0000000781700000, 0x0000000781700000| Untracked 
|  24|0x0000000781800000, 0x0000000781800000, 0x0000000781900000|  0%| F|  |TAMS 0x0000000781800000, 0x0000000781800000| Untracked 
|  25|0x0000000781900000, 0x0000000781900000, 0x0000000781a00000|  0%| F|  |TAMS 0x0000000781900000, 0x0000000781900000| Untracked 
|  26|0x0000000781a00000, 0x0000000781a00000, 0x0000000781b00000|  0%| F|  |TAMS 0x0000000781a00000, 0x0000000781a00000| Untracked 
|  27|0x0000000781b00000, 0x0000000781b00000, 0x0000000781c00000|  0%| F|  |TAMS 0x0000000781b00000, 0x0000000781b00000| Untracked 
|  28|0x0000000781c00000, 0x0000000781c00000, 0x0000000781d00000|  0%| F|  |TAMS 0x0000000781c00000, 0x0000000781c00000| Untracked 
|  29|0x0000000781d00000, 0x0000000781d00000, 0x0000000781e00000|  0%| F|  |TAMS 0x0000000781d00000, 0x0000000781d00000| Untracked 
|  30|0x0000000781e00000, 0x0000000781e00000, 0x0000000781f00000|  0%| F|  |TAMS 0x0000000781e00000, 0x0000000781e00000| Untracked 
|  31|0x0000000781f00000, 0x0000000781f00000, 0x0000000782000000|  0%| F|  |TAMS 0x0000000781f00000, 0x0000000781f00000| Untracked 
|  32|0x0000000782000000, 0x0000000782000000, 0x0000000782100000|  0%| F|  |TAMS 0x0000000782000000, 0x0000000782000000| Untracked 
|  33|0x0000000782100000, 0x0000000782100000, 0x0000000782200000|  0%| F|  |TAMS 0x0000000782100000, 0x0000000782100000| Untracked 
|  34|0x0000000782200000, 0x0000000782200000, 0x0000000782300000|  0%| F|  |TAMS 0x0000000782200000, 0x0000000782200000| Untracked 
|  35|0x0000000782300000, 0x0000000782300000, 0x0000000782400000|  0%| F|  |TAMS 0x0000000782300000, 0x0000000782300000| Untracked 
|  36|0x0000000782400000, 0x0000000782400000, 0x0000000782500000|  0%| F|  |TAMS 0x0000000782400000, 0x0000000782400000| Untracked 
|  37|0x0000000782500000, 0x0000000782500000, 0x0000000782600000|  0%| F|  |TAMS 0x0000000782500000, 0x0000000782500000| Untracked 
|  38|0x0000000782600000, 0x0000000782600000, 0x0000000782700000|  0%| F|  |TAMS 0x0000000782600000, 0x0000000782600000| Untracked 
|  39|0x0000000782700000, 0x0000000782700000, 0x0000000782800000|  0%| F|  |TAMS 0x0000000782700000, 0x0000000782700000| Untracked 
|  40|0x0000000782800000, 0x0000000782800000, 0x0000000782900000|  0%| F|  |TAMS 0x0000000782800000, 0x0000000782800000| Untracked 
|  41|0x0000000782900000, 0x0000000782900000, 0x0000000782a00000|  0%| F|  |TAMS 0x0000000782900000, 0x0000000782900000| Untracked 
|  42|0x0000000782a00000, 0x0000000782a00000, 0x0000000782b00000|  0%| F|  |TAMS 0x0000000782a00000, 0x0000000782a00000| Untracked 
|  43|0x0000000782b00000, 0x0000000782b00000, 0x0000000782c00000|  0%| F|  |TAMS 0x0000000782b00000, 0x0000000782b00000| Untracked 
|  44|0x0000000782c00000, 0x0000000782c00000, 0x0000000782d00000|  0%| F|  |TAMS 0x0000000782c00000, 0x0000000782c00000| Untracked 
|  45|0x0000000782d00000, 0x0000000782d00000, 0x0000000782e00000|  0%| F|  |TAMS 0x0000000782d00000, 0x0000000782d00000| Untracked 
|  46|0x0000000782e00000, 0x0000000782e00000, 0x0000000782f00000|  0%| F|  |TAMS 0x0000000782e00000, 0x0000000782e00000| Untracked 
|  47|0x0000000782f00000, 0x0000000782f00000, 0x0000000783000000|  0%| F|  |TAMS 0x0000000782f00000, 0x0000000782f00000| Untracked 
|  48|0x0000000783000000, 0x0000000783000000, 0x0000000783100000|  0%| F|  |TAMS 0x0000000783000000, 0x0000000783000000| Untracked 
|  49|0x0000000783100000, 0x0000000783100000, 0x0000000783200000|  0%| F|  |TAMS 0x0000000783100000, 0x0000000783100000| Untracked 
|  50|0x0000000783200000, 0x0000000783200000, 0x0000000783300000|  0%| F|  |TAMS 0x0000000783200000, 0x0000000783200000| Untracked 
|  51|0x0000000783300000, 0x0000000783300000, 0x0000000783400000|  0%| F|  |TAMS 0x0000000783300000, 0x0000000783300000| Untracked 
|  52|0x0000000783400000, 0x0000000783400000, 0x0000000783500000|  0%| F|  |TAMS 0x0000000783400000, 0x0000000783400000| Untracked 
|  53|0x0000000783500000, 0x0000000783500000, 0x0000000783600000|  0%| F|  |TAMS 0x0000000783500000, 0x0000000783500000| Untracked 
|  54|0x0000000783600000, 0x0000000783600000, 0x0000000783700000|  0%| F|  |TAMS 0x0000000783600000, 0x0000000783600000| Untracked 
|  55|0x0000000783700000, 0x0000000783700000, 0x0000000783800000|  0%| F|  |TAMS 0x0000000783700000, 0x0000000783700000| Untracked 
|  56|0x0000000783800000, 0x0000000783800000, 0x0000000783900000|  0%| F|  |TAMS 0x0000000783800000, 0x0000000783800000| Untracked 
|  57|0x0000000783900000, 0x0000000783900000, 0x0000000783a00000|  0%| F|  |TAMS 0x0000000783900000, 0x0000000783900000| Untracked 
|  58|0x0000000783a00000, 0x0000000783a00000, 0x0000000783b00000|  0%| F|  |TAMS 0x0000000783a00000, 0x0000000783a00000| Untracked 
|  59|0x0000000783b00000, 0x0000000783b00000, 0x0000000783c00000|  0%| F|  |TAMS 0x0000000783b00000, 0x0000000783b00000| Untracked 
|  60|0x0000000783c00000, 0x0000000783c00000, 0x0000000783d00000|  0%| F|  |TAMS 0x0000000783c00000, 0x0000000783c00000| Untracked 
|  61|0x0000000783d00000, 0x0000000783d00000, 0x0000000783e00000|  0%| F|  |TAMS 0x0000000783d00000, 0x0000000783d00000| Untracked 
|  62|0x0000000783e00000, 0x0000000783e00000, 0x0000000783f00000|  0%| F|  |TAMS 0x0000000783e00000, 0x0000000783e00000| Untracked 
|  63|0x0000000783f00000, 0x0000000783f00000, 0x0000000784000000|  0%| F|  |TAMS 0x0000000783f00000, 0x0000000783f00000| Untracked 
|  64|0x0000000784000000, 0x0000000784000000, 0x0000000784100000|  0%| F|  |TAMS 0x0000000784000000, 0x0000000784000000| Untracked 
|  65|0x0000000784100000, 0x0000000784100000, 0x0000000784200000|  0%| F|  |TAMS 0x0000000784100000, 0x0000000784100000| Untracked 
|  66|0x0000000784200000, 0x0000000784200000, 0x0000000784300000|  0%| F|  |TAMS 0x0000000784200000, 0x0000000784200000| Untracked 
|  67|0x0000000784300000, 0x0000000784300000, 0x0000000784400000|  0%| F|  |TAMS 0x0000000784300000, 0x0000000784300000| Untracked 
|  68|0x0000000784400000, 0x0000000784400000, 0x0000000784500000|  0%| F|  |TAMS 0x0000000784400000, 0x0000000784400000| Untracked 
|  69|0x0000000784500000, 0x0000000784500000, 0x0000000784600000|  0%| F|  |TAMS 0x0000000784500000, 0x0000000784500000| Untracked 
|  70|0x0000000784600000, 0x0000000784600000, 0x0000000784700000|  0%| F|  |TAMS 0x0000000784600000, 0x0000000784600000| Untracked 
|  71|0x0000000784700000, 0x0000000784700000, 0x0000000784800000|  0%| F|  |TAMS 0x0000000784700000, 0x0000000784700000| Untracked 
|  72|0x0000000784800000, 0x0000000784800000, 0x0000000784900000|  0%| F|  |TAMS 0x0000000784800000, 0x0000000784800000| Untracked 
|  73|0x0000000784900000, 0x0000000784900000, 0x0000000784a00000|  0%| F|  |TAMS 0x0000000784900000, 0x0000000784900000| Untracked 
|  74|0x0000000784a00000, 0x0000000784a00000, 0x0000000784b00000|  0%| F|  |TAMS 0x0000000784a00000, 0x0000000784a00000| Untracked 
|  75|0x0000000784b00000, 0x0000000784b00000, 0x0000000784c00000|  0%| F|  |TAMS 0x0000000784b00000, 0x0000000784b00000| Untracked 
|  76|0x0000000784c00000, 0x0000000784c00000, 0x0000000784d00000|  0%| F|  |TAMS 0x0000000784c00000, 0x0000000784c00000| Untracked 
|  77|0x0000000784d00000, 0x0000000784d00000, 0x0000000784e00000|  0%| F|  |TAMS 0x0000000784d00000, 0x0000000784d00000| Untracked 
|  78|0x0000000784e00000, 0x0000000784e00000, 0x0000000784f00000|  0%| F|  |TAMS 0x0000000784e00000, 0x0000000784e00000| Untracked 
|  79|0x0000000784f00000, 0x0000000784f00000, 0x0000000785000000|  0%| F|  |TAMS 0x0000000784f00000, 0x0000000784f00000| Untracked 
|  80|0x0000000785000000, 0x0000000785000000, 0x0000000785100000|  0%| F|  |TAMS 0x0000000785000000, 0x0000000785000000| Untracked 
|  81|0x0000000785100000, 0x0000000785100000, 0x0000000785200000|  0%| F|  |TAMS 0x0000000785100000, 0x0000000785100000| Untracked 
|  82|0x0000000785200000, 0x0000000785200000, 0x0000000785300000|  0%| F|  |TAMS 0x0000000785200000, 0x0000000785200000| Untracked 
|  83|0x0000000785300000, 0x0000000785300000, 0x0000000785400000|  0%| F|  |TAMS 0x0000000785300000, 0x0000000785300000| Untracked 
|  84|0x0000000785400000, 0x0000000785400000, 0x0000000785500000|  0%| F|  |TAMS 0x0000000785400000, 0x0000000785400000| Untracked 
|  85|0x0000000785500000, 0x0000000785500000, 0x0000000785600000|  0%| F|  |TAMS 0x0000000785500000, 0x0000000785500000| Untracked 
|  86|0x0000000785600000, 0x0000000785600000, 0x0000000785700000|  0%| F|  |TAMS 0x0000000785600000, 0x0000000785600000| Untracked 
|  87|0x0000000785700000, 0x0000000785700000, 0x0000000785800000|  0%| F|  |TAMS 0x0000000785700000, 0x0000000785700000| Untracked 
|  88|0x0000000785800000, 0x0000000785800000, 0x0000000785900000|  0%| F|  |TAMS 0x0000000785800000, 0x0000000785800000| Untracked 
|  89|0x0000000785900000, 0x0000000785900000, 0x0000000785a00000|  0%| F|  |TAMS 0x0000000785900000, 0x0000000785900000| Untracked 
|  90|0x0000000785a00000, 0x0000000785a00000, 0x0000000785b00000|  0%| F|  |TAMS 0x0000000785a00000, 0x0000000785a00000| Untracked 
|  91|0x0000000785b00000, 0x0000000785b00000, 0x0000000785c00000|  0%| F|  |TAMS 0x0000000785b00000, 0x0000000785b00000| Untracked 
|  92|0x0000000785c00000, 0x0000000785c00000, 0x0000000785d00000|  0%| F|  |TAMS 0x0000000785c00000, 0x0000000785c00000| Untracked 
|  93|0x0000000785d00000, 0x0000000785d00000, 0x0000000785e00000|  0%| F|  |TAMS 0x0000000785d00000, 0x0000000785d00000| Untracked 
|  94|0x0000000785e00000, 0x0000000785e00000, 0x0000000785f00000|  0%| F|  |TAMS 0x0000000785e00000, 0x0000000785e00000| Untracked 
|  95|0x0000000785f00000, 0x0000000785f00000, 0x0000000786000000|  0%| F|  |TAMS 0x0000000785f00000, 0x0000000785f00000| Untracked 
|  96|0x0000000786000000, 0x0000000786000000, 0x0000000786100000|  0%| F|  |TAMS 0x0000000786000000, 0x0000000786000000| Untracked 
|  97|0x0000000786100000, 0x0000000786100000, 0x0000000786200000|  0%| F|  |TAMS 0x0000000786100000, 0x0000000786100000| Untracked 
|  98|0x0000000786200000, 0x0000000786200000, 0x0000000786300000|  0%| F|  |TAMS 0x0000000786200000, 0x0000000786200000| Untracked 
|  99|0x0000000786300000, 0x0000000786300000, 0x0000000786400000|  0%| F|  |TAMS 0x0000000786300000, 0x0000000786300000| Untracked 
| 100|0x0000000786400000, 0x0000000786400000, 0x0000000786500000|  0%| F|  |TAMS 0x0000000786400000, 0x0000000786400000| Untracked 
| 101|0x0000000786500000, 0x0000000786500000, 0x0000000786600000|  0%| F|  |TAMS 0x0000000786500000, 0x0000000786500000| Untracked 
| 102|0x0000000786600000, 0x0000000786600000, 0x0000000786700000|  0%| F|  |TAMS 0x0000000786600000, 0x0000000786600000| Untracked 
| 103|0x0000000786700000, 0x0000000786700000, 0x0000000786800000|  0%| F|  |TAMS 0x0000000786700000, 0x0000000786700000| Untracked 
| 104|0x0000000786800000, 0x0000000786800000, 0x0000000786900000|  0%| F|  |TAMS 0x0000000786800000, 0x0000000786800000| Untracked 
| 105|0x0000000786900000, 0x0000000786900000, 0x0000000786a00000|  0%| F|  |TAMS 0x0000000786900000, 0x0000000786900000| Untracked 
| 106|0x0000000786a00000, 0x0000000786a00000, 0x0000000786b00000|  0%| F|  |TAMS 0x0000000786a00000, 0x0000000786a00000| Untracked 
| 107|0x0000000786b00000, 0x0000000786b00000, 0x0000000786c00000|  0%| F|  |TAMS 0x0000000786b00000, 0x0000000786b00000| Untracked 
| 108|0x0000000786c00000, 0x0000000786c00000, 0x0000000786d00000|  0%| F|  |TAMS 0x0000000786c00000, 0x0000000786c00000| Untracked 
| 109|0x0000000786d00000, 0x0000000786d00000, 0x0000000786e00000|  0%| F|  |TAMS 0x0000000786d00000, 0x0000000786d00000| Untracked 
| 110|0x0000000786e00000, 0x0000000786e00000, 0x0000000786f00000|  0%| F|  |TAMS 0x0000000786e00000, 0x0000000786e00000| Untracked 
| 111|0x0000000786f00000, 0x0000000786f00000, 0x0000000787000000|  0%| F|  |TAMS 0x0000000786f00000, 0x0000000786f00000| Untracked 
| 112|0x0000000787000000, 0x0000000787000000, 0x0000000787100000|  0%| F|  |TAMS 0x0000000787000000, 0x0000000787000000| Untracked 
| 113|0x0000000787100000, 0x0000000787100000, 0x0000000787200000|  0%| F|  |TAMS 0x0000000787100000, 0x0000000787100000| Untracked 
| 114|0x0000000787200000, 0x0000000787200000, 0x0000000787300000|  0%| F|  |TAMS 0x0000000787200000, 0x0000000787200000| Untracked 
| 115|0x0000000787300000, 0x0000000787300000, 0x0000000787400000|  0%| F|  |TAMS 0x0000000787300000, 0x0000000787300000| Untracked 
| 116|0x0000000787400000, 0x0000000787400000, 0x0000000787500000|  0%| F|  |TAMS 0x0000000787400000, 0x0000000787400000| Untracked 
| 117|0x0000000787500000, 0x0000000787500000, 0x0000000787600000|  0%| F|  |TAMS 0x0000000787500000, 0x0000000787500000| Untracked 
| 118|0x0000000787600000, 0x0000000787600000, 0x0000000787700000|  0%| F|  |TAMS 0x0000000787600000, 0x0000000787600000| Untracked 
| 119|0x0000000787700000, 0x0000000787700000, 0x0000000787800000|  0%| F|  |TAMS 0x0000000787700000, 0x0000000787700000| Untracked 
| 120|0x0000000787800000, 0x0000000787800000, 0x0000000787900000|  0%| F|  |TAMS 0x0000000787800000, 0x0000000787800000| Untracked 
| 121|0x0000000787900000, 0x00000007879ad5b8, 0x0000000787a00000| 67%| E|  |TAMS 0x0000000787900000, 0x0000000787900000| Complete 
| 122|0x0000000787a00000, 0x0000000787b00000, 0x0000000787b00000|100%| E|CS|TAMS 0x0000000787a00000, 0x0000000787a00000| Complete 
| 123|0x0000000787b00000, 0x0000000787c00000, 0x0000000787c00000|100%| E|CS|TAMS 0x0000000787b00000, 0x0000000787b00000| Complete 
| 124|0x0000000787c00000, 0x0000000787d00000, 0x0000000787d00000|100%| E|CS|TAMS 0x0000000787c00000, 0x0000000787c00000| Complete 
| 125|0x0000000787d00000, 0x0000000787e00000, 0x0000000787e00000|100%| E|CS|TAMS 0x0000000787d00000, 0x0000000787d00000| Complete 
| 126|0x0000000787e00000, 0x0000000787f00000, 0x0000000787f00000|100%| E|CS|TAMS 0x0000000787e00000, 0x0000000787e00000| Complete 
| 127|0x0000000787f00000, 0x0000000788000000, 0x0000000788000000|100%| E|CS|TAMS 0x0000000787f00000, 0x0000000787f00000| Complete 
|1022|0x00000007bfe00000, 0x00000007bfe47000, 0x00000007bff00000| 27%|OA|  |TAMS 0x00000007bfe00000, 0x00000007bfe00000| Untracked 
|1023|0x00000007bff00000, 0x00000007bff77000, 0x00000007c0000000| 46%|CA|  |TAMS 0x00000007bff00000, 0x00000007bff00000| Untracked 

Card table byte_map: [0x000000010cec0000,0x000000010d2c0000] _byte_map_base: 0x00000001092c0000

Marking Bits (Prev, Next): (CMBitMap*) 0x00007fce14028018, (CMBitMap*) 0x00007fce14028058
 Prev Bits: [0x000000010d6c0000, 0x000000010f6c0000)
 Next Bits: [0x000000010f6c0000, 0x00000001116c0000)

Polling page: 0x000000010ae49000

Metaspace:

Usage:
  Non-class:      5.02 MB capacity,     2.10 MB ( 42%) used,     2.91 MB ( 58%) free+waste,     5.19 KB ( <1%) overhead. 
      Class:    497.00 KB capacity,   194.40 KB ( 39%) used,   299.66 KB ( 60%) free+waste,     2.94 KB ( <1%) overhead. 
       Both:      5.51 MB capacity,     2.29 MB ( 42%) used,     3.21 MB ( 58%) free+waste,     8.12 KB ( <1%) overhead. 

Virtual space:
  Non-class space:        8.00 MB reserved,       5.25 MB ( 66%) committed 
      Class space:        1.00 GB reserved,     512.00 KB ( <1%) committed 
             Both:        1.01 GB reserved,       5.75 MB ( <1%) committed 

Chunk freelists:
   Non-Class:  43.00 KB
       Class:  15.00 KB
        Both:  58.00 KB

MaxMetaspaceSize: unlimited
CompressedClassSpaceSize: 1.00 GB

CodeHeap 'non-profiled nmethods': size=120032Kb used=135Kb max_used=135Kb free=119896Kb
 bounds [0x0000000122528000, 0x0000000122798000, 0x0000000129a60000]
CodeHeap 'profiled nmethods': size=120028Kb used=642Kb max_used=642Kb free=119385Kb
 bounds [0x000000011aff1000, 0x000000011b261000, 0x0000000122528000]
CodeHeap 'non-nmethods': size=5700Kb used=1499Kb max_used=1506Kb free=4200Kb
 bounds [0x000000011aa60000, 0x000000011acd0000, 0x000000011aff1000]
 total_blobs=1397 nmethods=421 adapters=768
 compilation: enabled
              stopped_count=0, restarted_count=0
 full_count=0

Compilation events (20 events):
Event: 0.991 Thread 0x00007fce1383c800  411       3       java.util.concurrent.ConcurrentHashMap$BaseIterator::hasNext (13 bytes)
Event: 0.991 Thread 0x00007fce1383c800 nmethod 411 0x000000011b08a390 code [0x000000011b08a520, 0x000000011b08a6f0]
Event: 0.991 Thread 0x00007fce1383c800  413       3       jdk.internal.jimage.ImageLocation::decompress (153 bytes)
Event: 0.993 Thread 0x00007fce1383c800 nmethod 413 0x000000011b08a790 code [0x000000011b08aa80, 0x000000011b08bc98]
Event: 0.993 Thread 0x00007fce1383c800  412       3       java.util.concurrent.ConcurrentHashMap$Traverser::advance (188 bytes)
Event: 0.994 Thread 0x00007fce1383c800 nmethod 412 0x000000011b08c290 code [0x000000011b08c4e0, 0x000000011b08d3b8]
Event: 0.994 Thread 0x00007fce1383c800  415       3       jdk.internal.jimage.ImageStringsReader::charsFromByteBufferLength (47 bytes)
Event: 0.994 Thread 0x00007fce1383c800 nmethod 415 0x000000011b08d690 code [0x000000011b08d860, 0x000000011b08dd58]
Event: 0.994 Thread 0x00007fce1383c800  416       3       jdk.internal.jimage.ImageStringsReader::charsFromByteBuffer (186 bytes)
Event: 0.996 Thread 0x00007fce1383c800 nmethod 416 0x000000011b08df10 code [0x000000011b08e280, 0x000000011b08f928]
Event: 0.996 Thread 0x00007fce1383c800  417       1       java.util.Formatter$Flags::valueOf (5 bytes)
Event: 0.996 Thread 0x00007fce1383c800 nmethod 417 0x0000000122549490 code [0x0000000122549620, 0x0000000122549750]
Event: 0.996 Thread 0x00007fce1383c800  414       3       java.lang.String::<init> (74 bytes)
Event: 0.997 Thread 0x00007fce1383c800 nmethod 414 0x000000011b090110 code [0x000000011b090320, 0x000000011b090a38]
Event: 1.002 Thread 0x00007fce1383c800  420       3       org.lwjgl.system.MemoryUtil::encodeASCII (66 bytes)
Event: 1.002 Thread 0x00007fce1383c800 nmethod 420 0x000000011b090d10 code [0x000000011b090f00, 0x000000011b0914f8]
Event: 1.002 Thread 0x00007fce1383c800  418       3       sun.misc.Unsafe::putInt (11 bytes)
Event: 1.002 Thread 0x00007fce1383c800 nmethod 418 0x000000011b091710 code [0x000000011b0918a0, 0x000000011b091a10]
Event: 1.003 Thread 0x00007fce1383c800  421       1       org.lwjgl.system.Pointer$Default::address (5 bytes)
Event: 1.003 Thread 0x00007fce1383c800 nmethod 421 0x0000000122549b90 code [0x0000000122549d20, 0x0000000122549e50]

GC Heap History (0 events):
No events

Deoptimization events (10 events):
Event: 0.231 Thread 0x00007fce1381e000 DEOPT PACKING pc=0x000000011b023710 sp=0x0000700000d61b00
Event: 0.231 Thread 0x00007fce1381e000 DEOPT UNPACKING pc=0x000000011aaa933a sp=0x0000700000d60f78 mode 0
Event: 0.241 Thread 0x00007fce1381e000 DEOPT PACKING pc=0x000000011b020a22 sp=0x0000700000d5e870
Event: 0.241 Thread 0x00007fce1381e000 DEOPT UNPACKING pc=0x000000011aaa933a sp=0x0000700000d5dcf8 mode 0
Event: 0.256 Thread 0x00007fce1381e000 DEOPT PACKING pc=0x000000011b009c4f sp=0x0000700000d5e860
Event: 0.256 Thread 0x00007fce1381e000 DEOPT UNPACKING pc=0x000000011aaa933a sp=0x0000700000d5dd08 mode 0
Event: 0.384 Thread 0x00007fce1381e000 Uncommon trap: trap_request=0xffffff45 fr.pc=0x000000012252dae8 relative=0x0000000000000068
Event: 0.384 Thread 0x00007fce1381e000 Uncommon trap: reason=unstable_if action=reinterpret pc=0x000000012252dae8 method=java.lang.String.isLatin1()Z @ 10 c2
Event: 0.384 Thread 0x00007fce1381e000 DEOPT PACKING pc=0x000000012252dae8 sp=0x0000700000d616c0
Event: 0.384 Thread 0x00007fce1381e000 DEOPT UNPACKING pc=0x000000011aaa8e25 sp=0x0000700000d61670 mode 2

Classes unloaded (0 events):
No events

Classes redefined (0 events):
No events

Internal exceptions (11 events):
Event: 0.314 Thread 0x00007fce1381e000 Exception <a 'java/lang/NoSuchMethodError'{0x0000000787c0a608}: 'void java.lang.invoke.DelegatingMethodHandle$Holder.delegate(java.lang.Object, java.lang.Object, int, java.lang.Object)'> (0x0000000787c0a608) 
thrown [/scratch/mesos/slaves/d65fa3d4-10de-46aa-a2db-52cc9981537a-S157/frameworks/1735e8a2-a1db-478c-8104-60c8b0af87dd-0196/executors/cd04c109-7866-4c89-a9cb-580d1b4b0057/runs/bdf96710-70fa-465f-a6db-19a171d6559f/workspace/open/src/hotspot/share/interpreter/linkResolver.cpp, line 767]
Event: 0.316 Thread 0x00007fce1381e000 Exception <a 'java/lang/NoSuchMethodError'{0x0000000787c11310}: 'java.lang.Object java.lang.invoke.DirectMethodHandle$Holder.invokeStaticInit(java.lang.Object, java.lang.Object, java.lang.Object)'> (0x0000000787c11310) 
thrown [/scratch/mesos/slaves/d65fa3d4-10de-46aa-a2db-52cc9981537a-S157/frameworks/1735e8a2-a1db-478c-8104-60c8b0af87dd-0196/executors/cd04c109-7866-4c89-a9cb-580d1b4b0057/runs/bdf96710-70fa-465f-a6db-19a171d6559f/workspace/open/src/hotspot/share/interpreter/linkResolver.cpp, line 767]
Event: 0.352 Thread 0x00007fce1381e000 Exception <a 'sun/nio/fs/UnixException'{0x0000000787caa288}> (0x0000000787caa288) 
thrown [/scratch/mesos/slaves/d65fa3d4-10de-46aa-a2db-52cc9981537a-S157/frameworks/1735e8a2-a1db-478c-8104-60c8b0af87dd-0196/executors/cd04c109-7866-4c89-a9cb-580d1b4b0057/runs/bdf96710-70fa-465f-a6db-19a171d6559f/workspace/open/src/hotspot/share/prims/jni.cpp, line 598]
Event: 0.353 Thread 0x00007fce1381e000 Exception <a 'sun/nio/fs/UnixException'{0x0000000787caa9f8}> (0x0000000787caa9f8) 
thrown [/scratch/mesos/slaves/d65fa3d4-10de-46aa-a2db-52cc9981537a-S157/frameworks/1735e8a2-a1db-478c-8104-60c8b0af87dd-0196/executors/cd04c109-7866-4c89-a9cb-580d1b4b0057/runs/bdf96710-70fa-465f-a6db-19a171d6559f/workspace/open/src/hotspot/share/prims/jni.cpp, line 598]
Event: 0.387 Thread 0x00007fce1381e000 Exception <a 'sun/nio/fs/UnixException'{0x0000000787cf4628}> (0x0000000787cf4628) 
thrown [/scratch/mesos/slaves/d65fa3d4-10de-46aa-a2db-52cc9981537a-S157/frameworks/1735e8a2-a1db-478c-8104-60c8b0af87dd-0196/executors/cd04c109-7866-4c89-a9cb-580d1b4b0057/runs/bdf96710-70fa-465f-a6db-19a171d6559f/workspace/open/src/hotspot/share/prims/jni.cpp, line 598]
Event: 0.389 Thread 0x00007fce1381e000 Exception <a 'sun/nio/fs/UnixException'{0x0000000787cfb340}> (0x0000000787cfb340) 
thrown [/scratch/mesos/slaves/d65fa3d4-10de-46aa-a2db-52cc9981537a-S157/frameworks/1735e8a2-a1db-478c-8104-60c8b0af87dd-0196/executors/cd04c109-7866-4c89-a9cb-580d1b4b0057/runs/bdf96710-70fa-465f-a6db-19a171d6559f/workspace/open/src/hotspot/share/prims/jni.cpp, line 598]
Event: 0.400 Thread 0x00007fce1381e000 Exception <a 'sun/nio/fs/UnixException'{0x0000000787b003d0}> (0x0000000787b003d0) 
thrown [/scratch/mesos/slaves/d65fa3d4-10de-46aa-a2db-52cc9981537a-S157/frameworks/1735e8a2-a1db-478c-8104-60c8b0af87dd-0196/executors/cd04c109-7866-4c89-a9cb-580d1b4b0057/runs/bdf96710-70fa-465f-a6db-19a171d6559f/workspace/open/src/hotspot/share/prims/jni.cpp, line 598]
Event: 0.701 Thread 0x00007fce1381e000 Exception <a 'sun/nio/fs/UnixException'{0x0000000787b11ff8}> (0x0000000787b11ff8) 
thrown [/scratch/mesos/slaves/d65fa3d4-10de-46aa-a2db-52cc9981537a-S157/frameworks/1735e8a2-a1db-478c-8104-60c8b0af87dd-0196/executors/cd04c109-7866-4c89-a9cb-580d1b4b0057/runs/bdf96710-70fa-465f-a6db-19a171d6559f/workspace/open/src/hotspot/share/prims/jni.cpp, line 598]
Event: 0.702 Thread 0x00007fce1381e000 Exception <a 'sun/nio/fs/UnixException'{0x0000000787b18870}> (0x0000000787b18870) 
thrown [/scratch/mesos/slaves/d65fa3d4-10de-46aa-a2db-52cc9981537a-S157/frameworks/1735e8a2-a1db-478c-8104-60c8b0af87dd-0196/executors/cd04c109-7866-4c89-a9cb-580d1b4b0057/runs/bdf96710-70fa-465f-a6db-19a171d6559f/workspace/open/src/hotspot/share/prims/jni.cpp, line 598]
Event: 0.707 Thread 0x00007fce1381e000 Exception <a 'sun/nio/fs/UnixException'{0x0000000787b1b720}> (0x0000000787b1b720) 
thrown [/scratch/mesos/slaves/d65fa3d4-10de-46aa-a2db-52cc9981537a-S157/frameworks/1735e8a2-a1db-478c-8104-60c8b0af87dd-0196/executors/cd04c109-7866-4c89-a9cb-580d1b4b0057/runs/bdf96710-70fa-465f-a6db-19a171d6559f/workspace/open/src/hotspot/share/prims/jni.cpp, line 598]
Event: 0.992 Thread 0x00007fce1381e000 Exception <a 'sun/nio/fs/UnixException'{0x000000078796c2a8}> (0x000000078796c2a8) 
thrown [/scratch/mesos/slaves/d65fa3d4-10de-46aa-a2db-52cc9981537a-S157/frameworks/1735e8a2-a1db-478c-8104-60c8b0af87dd-0196/executors/cd04c109-7866-4c89-a9cb-580d1b4b0057/runs/bdf96710-70fa-465f-a6db-19a171d6559f/workspace/open/src/hotspot/share/prims/jni.cpp, line 598]

Events (20 events):
Event: 0.985 loading class org/lwjgl/glfw/GLFWCursorPosCallback$Container
Event: 0.985 loading class org/lwjgl/glfw/GLFWCursorPosCallback$Container done
Event: 0.986 loading class org/lwjgl/glfw/GLFWMouseButtonCallback$Container
Event: 0.986 loading class org/lwjgl/glfw/GLFWMouseButtonCallback$Container done
Event: 0.986 loading class org/lwjgl/glfw/GLFWScrollCallback$Container
Event: 0.986 loading class org/lwjgl/glfw/GLFWScrollCallback$Container done
Event: 0.987 loading class main/engine/math/Time
Event: 0.987 loading class main/engine/math/Time done
Event: 0.988 loading class org/lwjgl/glfw/EventLoop$OffScreen
Event: 0.988 loading class org/lwjgl/glfw/EventLoop$OffScreen done
Event: 0.988 loading class org/lwjgl/glfw/EventLoop
Event: 0.988 loading class org/lwjgl/glfw/EventLoop done
Event: 0.988 loading class org/lwjgl/system/macosx/ObjCRuntime
Event: 0.988 loading class org/lwjgl/system/macosx/ObjCRuntime done
Event: 0.993 loading class org/lwjgl/system/dyncall/DynLoad
Event: 0.993 loading class org/lwjgl/system/dyncall/DynLoad done
Event: 1.000 loading class org/lwjgl/system/macosx/ObjCRuntime$Functions
Event: 1.000 loading class org/lwjgl/system/macosx/ObjCRuntime$Functions done
Event: 1.003 loading class org/lwjgl/system/macosx/CoreFoundation
Event: 1.003 loading class org/lwjgl/system/macosx/CoreFoundation done


Dynamic libraries:
0x00007fff6e5b8000 	/usr/lib/libz.1.dylib
0x000000010ade4000 	/Library/Java/JavaVirtualMachines/jdk-13.0.2.jdk/Contents/Home/lib/libjli.dylib
0x00007fff34231000 	/System/Library/Frameworks/Cocoa.framework/Versions/A/Cocoa
0x00007fff41a0e000 	/System/Library/Frameworks/Security.framework/Versions/A/Security
0x00007fff3319b000 	/System/Library/Frameworks/ApplicationServices.framework/Versions/A/ApplicationServices
0x00007fff6c07c000 	/usr/lib/libSystem.B.dylib
0x00007fff6ee78000 	/usr/lib/system/libcache.dylib
0x00007fff6ee7e000 	/usr/lib/system/libcommonCrypto.dylib
0x00007fff6ee8a000 	/usr/lib/system/libcompiler_rt.dylib
0x00007fff6ee92000 	/usr/lib/system/libcopyfile.dylib
0x00007fff6ee9c000 	/usr/lib/system/libcorecrypto.dylib
0x00007fff6f03b000 	/usr/lib/system/libdispatch.dylib
0x00007fff6f07c000 	/usr/lib/system/libdyld.dylib
0x00007fff6f0b3000 	/usr/lib/system/libkeymgr.dylib
0x00007fff6f0c1000 	/usr/lib/system/liblaunch.dylib
0x00007fff6f0c2000 	/usr/lib/system/libmacho.dylib
0x00007fff6f0c8000 	/usr/lib/system/libquarantine.dylib
0x00007fff6f0cb000 	/usr/lib/system/libremovefile.dylib
0x00007fff6f0cd000 	/usr/lib/system/libsystem_asl.dylib
0x00007fff6f0e5000 	/usr/lib/system/libsystem_blocks.dylib
0x00007fff6f0e6000 	/usr/lib/system/libsystem_c.dylib
0x00007fff6f16e000 	/usr/lib/system/libsystem_configuration.dylib
0x00007fff6f172000 	/usr/lib/system/libsystem_coreservices.dylib
0x00007fff6f176000 	/usr/lib/system/libsystem_darwin.dylib
0x00007fff6f17f000 	/usr/lib/system/libsystem_dnssd.dylib
0x00007fff6f187000 	/usr/lib/system/libsystem_featureflags.dylib
0x00007fff6f189000 	/usr/lib/system/libsystem_info.dylib
0x00007fff6f204000 	/usr/lib/system/libsystem_m.dylib
0x00007fff6f24c000 	/usr/lib/system/libsystem_malloc.dylib
0x00007fff6f274000 	/usr/lib/system/libsystem_networkextension.dylib
0x00007fff6f282000 	/usr/lib/system/libsystem_notify.dylib
0x00007fff6f2a0000 	/usr/lib/system/libsystem_sandbox.dylib
0x00007fff6f2a5000 	/usr/lib/system/libsystem_secinit.dylib
0x00007fff6f1d7000 	/usr/lib/system/libsystem_kernel.dylib
0x00007fff6f28c000 	/usr/lib/system/libsystem_platform.dylib
0x00007fff6f295000 	/usr/lib/system/libsystem_pthread.dylib
0x00007fff6f2a8000 	/usr/lib/system/libsystem_symptoms.dylib
0x00007fff6f2b0000 	/usr/lib/system/libsystem_trace.dylib
0x00007fff6f2c8000 	/usr/lib/system/libunwind.dylib
0x00007fff6f2ce000 	/usr/lib/system/libxpc.dylib
0x00007fff6dedc000 	/usr/lib/libobjc.A.dylib
0x00007fff6c3b5000 	/usr/lib/libc++abi.dylib
0x00007fff6c362000 	/usr/lib/libc++.1.dylib
0x00007fff350cc000 	/System/Library/Frameworks/CoreFoundation.framework/Versions/A/CoreFoundation
0x00007fff37782000 	/System/Library/Frameworks/Foundation.framework/Versions/C/Foundation
0x00007fff3238c000 	/System/Library/Frameworks/AppKit.framework/Versions/C/AppKit
0x00007fff34bb5000 	/System/Library/Frameworks/CoreData.framework/Versions/A/CoreData
0x00007fff6609d000 	/System/Library/PrivateFrameworks/UIFoundation.framework/Versions/A/UIFoundation
0x00007fff6114b000 	/System/Library/PrivateFrameworks/RemoteViewServices.framework/Versions/A/RemoteViewServices
0x00007fff68bf1000 	/System/Library/PrivateFrameworks/XCTTargetBootstrap.framework/Versions/A/XCTTargetBootstrap
0x00007fff34fa0000 	/System/Library/Frameworks/CoreDisplay.framework/Versions/A/CoreDisplay
0x00007fff3a63b000 	/System/Library/Frameworks/Metal.framework/Versions/A/Metal
0x00007fff4f1a4000 	/System/Library/PrivateFrameworks/DesktopServicesPriv.framework/Versions/A/DesktopServicesPriv
0x00007fff6d1b9000 	/usr/lib/liblangid.dylib
0x00007fff4e43d000 	/System/Library/PrivateFrameworks/CoreSVG.framework/Versions/A/CoreSVG
0x00007fff642a1000 	/System/Library/PrivateFrameworks/SkyLight.framework/Versions/A/SkyLight
0x00007fff3554d000 	/System/Library/Frameworks/CoreGraphics.framework/Versions/A/CoreGraphics
0x00007fff30d60000 	/System/Library/Frameworks/Accelerate.framework/Versions/A/Accelerate
0x00007fff6e4a9000 	/usr/lib/libxml2.2.dylib
0x00007fff5a0fd000 	/System/Library/PrivateFrameworks/IconServices.framework/Versions/A/IconServices
0x00007fff37f61000 	/System/Library/Frameworks/IOSurface.framework/Versions/A/IOSurface
0x00007fff6bba6000 	/usr/lib/libDiagnosticMessagesClient.dylib
0x00007fff4effe000 	/System/Library/PrivateFrameworks/DFRFoundation.framework/Versions/A/DFRFoundation
0x00007fff6cf48000 	/usr/lib/libicucore.A.dylib
0x00007fff334cd000 	/System/Library/Frameworks/AudioToolbox.framework/Versions/A/AudioToolbox
0x00007fff335b0000 	/System/Library/Frameworks/AudioUnit.framework/Versions/A/AudioUnit
0x00007fff6c27e000 	/usr/lib/libauto.dylib
0x00007fff4f0a0000 	/System/Library/PrivateFrameworks/DataDetectorsCore.framework/Versions/A/DataDetectorsCore
0x00007fff33d52000 	/System/Library/Frameworks/Carbon.framework/Versions/A/Frameworks/HIToolbox.framework/Versions/A/HIToolbox
0x00007fff40c0b000 	/System/Library/Frameworks/QuartzCore.framework/Versions/A/QuartzCore
0x00007fff34091000 	/System/Library/Frameworks/Carbon.framework/Versions/A/Frameworks/SpeechRecognition.framework/Versions/A/SpeechRecognition
0x00007fff4eb15000 	/System/Library/PrivateFrameworks/CoreUI.framework/Versions/A/CoreUI
0x00007fff34620000 	/System/Library/Frameworks/CoreAudio.framework/Versions/A/CoreAudio
0x00007fff37447000 	/System/Library/Frameworks/DiskArbitration.framework/Versions/A/DiskArbitration
0x00007fff5c14a000 	/System/Library/PrivateFrameworks/MultitouchSupport.framework/Versions/A/MultitouchSupport
0x00007fff6ce0f000 	/usr/lib/libenergytrace.dylib
0x00007fff37ebb000 	/System/Library/Frameworks/IOKit.framework/Versions/A/IOKit
0x00007fff364b4000 	/System/Library/Frameworks/CoreServices.framework/Versions/A/CoreServices
0x00007fff5e2e1000 	/System/Library/PrivateFrameworks/PerformanceAnalysis.framework/Versions/A/PerformanceAnalysis
0x00007fff3fc3e000 	/System/Library/Frameworks/OpenGL.framework/Versions/A/OpenGL
0x00007fff3423f000 	/System/Library/Frameworks/ColorSync.framework/Versions/A/ColorSync
0x00007fff35bcf000 	/System/Library/Frameworks/CoreImage.framework/Versions/A/CoreImage
0x00007fff36f26000 	/System/Library/Frameworks/CoreText.framework/Versions/A/CoreText
0x00007fff37ff1000 	/System/Library/Frameworks/ImageIO.framework/Versions/A/ImageIO
0x00007fff6c3de000 	/usr/lib/libcompression.dylib
0x00007fff6beea000 	/usr/lib/libMobileGestalt.dylib
0x00007fff65e16000 	/System/Library/PrivateFrameworks/TextureIO.framework/Versions/A/TextureIO
0x00007fff6c1e1000 	/usr/lib/libate.dylib
0x00007fff5a306000 	/System/Library/PrivateFrameworks/InternationalSupport.framework/Versions/A/InternationalSupport
0x00007fff6d1bb000 	/usr/lib/liblzma.5.dylib
0x00007fff6ce36000 	/usr/lib/libfakelink.dylib
0x00007fff6c16e000 	/usr/lib/libarchive.2.dylib
0x00007fff42abe000 	/System/Library/Frameworks/SystemConfiguration.framework/Versions/A/SystemConfiguration
0x00007fff6bad9000 	/usr/lib/libCRFSuite.dylib
0x00007fff33943000 	/System/Library/Frameworks/CFNetwork.framework/Versions/A/CFNetwork
0x00007fff6c344000 	/usr/lib/libbsm.0.dylib
0x00007fff6f0b4000 	/usr/lib/system/libkxld.dylib
0x00007fff489d3000 	/System/Library/PrivateFrameworks/AppleFSCompression.framework/Versions/A/AppleFSCompression
0x00007fff6c6cf000 	/usr/lib/libcoretls.dylib
0x00007fff6c6e6000 	/usr/lib/libcoretls_cfhelpers.dylib
0x00007fff6df22000 	/usr/lib/libpam.2.dylib
0x00007fff6e057000 	/usr/lib/libsqlite3.dylib
0x00007fff6e496000 	/usr/lib/libxar.1.dylib
0x00007fff6c355000 	/usr/lib/libbz2.1.0.dylib
0x00007fff6ce57000 	/usr/lib/libiconv.2.dylib
0x00007fff6c3cb000 	/usr/lib/libcharset.1.dylib
0x00007fff6d9c1000 	/usr/lib/libnetwork.dylib
0x00007fff6df29000 	/usr/lib/libpcap.A.dylib
0x00007fff6c123000 	/usr/lib/libapple_nghttp2.dylib
0x00007fff3686b000 	/System/Library/Frameworks/CoreServices.framework/Versions/A/Frameworks/FSEvents.framework/Versions/A/FSEvents
0x00007fff3653b000 	/System/Library/Frameworks/CoreServices.framework/Versions/A/Frameworks/CarbonCore.framework/Versions/A/CarbonCore
0x00007fff36aae000 	/System/Library/Frameworks/CoreServices.framework/Versions/A/Frameworks/Metadata.framework/Versions/A/Metadata
0x00007fff36b47000 	/System/Library/Frameworks/CoreServices.framework/Versions/A/Frameworks/OSServices.framework/Versions/A/OSServices
0x00007fff36b75000 	/System/Library/Frameworks/CoreServices.framework/Versions/A/Frameworks/SearchKit.framework/Versions/A/SearchKit
0x00007fff364b5000 	/System/Library/Frameworks/CoreServices.framework/Versions/A/Frameworks/AE.framework/Versions/A/AE
0x00007fff36874000 	/System/Library/Frameworks/CoreServices.framework/Versions/A/Frameworks/LaunchServices.framework/Versions/A/LaunchServices
0x00007fff3681d000 	/System/Library/Frameworks/CoreServices.framework/Versions/A/Frameworks/DictionaryServices.framework/Versions/A/DictionaryServices
0x00007fff36bdd000 	/System/Library/Frameworks/CoreServices.framework/Versions/A/Frameworks/SharedFileList.framework/Versions/A/SharedFileList
0x00007fff3ba5e000 	/System/Library/Frameworks/NetFS.framework/Versions/A/NetFS
0x00007fff5c679000 	/System/Library/PrivateFrameworks/NetAuth.framework/Versions/A/NetAuth
0x00007fff68fbe000 	/System/Library/PrivateFrameworks/login.framework/Versions/A/Frameworks/loginsupport.framework/Versions/A/loginsupport
0x00007fff658e3000 	/System/Library/PrivateFrameworks/TCC.framework/Versions/A/TCC
0x00007fff4d5b0000 	/System/Library/PrivateFrameworks/CoreNLP.framework/Versions/A/CoreNLP
0x00007fff5bb78000 	/System/Library/PrivateFrameworks/MetadataUtilities.framework/Versions/A/MetadataUtilities
0x00007fff6d293000 	/usr/lib/libmecabra.dylib
0x00007fff6d1eb000 	/usr/lib/libmecab.dylib
0x00007fff6ce47000 	/usr/lib/libgermantok.dylib
0x00007fff6c10a000 	/usr/lib/libThaiTokenizer.dylib
0x00007fff6bb10000 	/usr/lib/libChineseTokenizer.dylib
0x00007fff30d78000 	/System/Library/Frameworks/Accelerate.framework/Versions/A/Frameworks/vImage.framework/Versions/A/vImage
0x00007fff321e2000 	/System/Library/Frameworks/Accelerate.framework/Versions/A/Frameworks/vecLib.framework/Versions/A/vecLib
0x00007fff3211f000 	/System/Library/Frameworks/Accelerate.framework/Versions/A/Frameworks/vecLib.framework/Versions/A/libvMisc.dylib
0x00007fff31f47000 	/System/Library/Frameworks/Accelerate.framework/Versions/A/Frameworks/vecLib.framework/Versions/A/libvDSP.dylib
0x00007fff313cf000 	/System/Library/Frameworks/Accelerate.framework/Versions/A/Frameworks/vecLib.framework/Versions/A/libBLAS.dylib
0x00007fff31b0b000 	/System/Library/Frameworks/Accelerate.framework/Versions/A/Frameworks/vecLib.framework/Versions/A/libLAPACK.dylib
0x00007fff31ea7000 	/System/Library/Frameworks/Accelerate.framework/Versions/A/Frameworks/vecLib.framework/Versions/A/libLinearAlgebra.dylib
0x00007fff31f34000 	/System/Library/Frameworks/Accelerate.framework/Versions/A/Frameworks/vecLib.framework/Versions/A/libSparseBLAS.dylib
0x00007fff31ebd000 	/System/Library/Frameworks/Accelerate.framework/Versions/A/Frameworks/vecLib.framework/Versions/A/libQuadrature.dylib
0x00007fff31637000 	/System/Library/Frameworks/Accelerate.framework/Versions/A/Frameworks/vecLib.framework/Versions/A/libBNNS.dylib
0x00007fff31ec3000 	/System/Library/Frameworks/Accelerate.framework/Versions/A/Frameworks/vecLib.framework/Versions/A/libSparse.dylib
0x00007fff5a6ee000 	/System/Library/PrivateFrameworks/LanguageModeling.framework/Versions/A/LanguageModeling
0x00007fff4cf60000 	/System/Library/PrivateFrameworks/CoreEmoji.framework/Versions/A/CoreEmoji
0x00007fff5a80c000 	/System/Library/PrivateFrameworks/LinguisticData.framework/Versions/A/LinguisticData
0x00007fff5a7bd000 	/System/Library/PrivateFrameworks/Lexicon.framework/Versions/A/Lexicon
0x00007fff6c3cc000 	/usr/lib/libcmph.dylib
0x00007fff3e64c000 	/System/Library/Frameworks/OpenDirectory.framework/Versions/A/Frameworks/CFOpenDirectory.framework/Versions/A/CFOpenDirectory
0x00007fff3e669000 	/System/Library/Frameworks/OpenDirectory.framework/Versions/A/OpenDirectory
0x00007fff46a89000 	/System/Library/PrivateFrameworks/APFS.framework/Versions/A/APFS
0x00007fff41d58000 	/System/Library/Frameworks/SecurityFoundation.framework/Versions/A/SecurityFoundation
0x00007fff6e492000 	/usr/lib/libutil.dylib
0x00007fff4e495000 	/System/Library/PrivateFrameworks/CoreServicesStore.framework/Versions/A/CoreServicesStore
0x00007fff41e0f000 	/System/Library/Frameworks/ServiceManagement.framework/Versions/A/ServiceManagement
0x00007fff4a1a1000 	/System/Library/PrivateFrameworks/BackgroundTaskManagement.framework/Versions/A/BackgroundTaskManagement
0x00007fff6e58f000 	/usr/lib/libxslt.1.dylib
0x00007fff49045000 	/System/Library/PrivateFrameworks/AppleSystemInfo.framework/Versions/A/AppleSystemInfo
0x00007fff3820c000 	/System/Library/Frameworks/ImageIO.framework/Versions/A/Resources/libJPEG.dylib
0x00007fff384c8000 	/System/Library/Frameworks/ImageIO.framework/Versions/A/Resources/libTIFF.dylib
0x00007fff384ab000 	/System/Library/Frameworks/ImageIO.framework/Versions/A/Resources/libPng.dylib
0x00007fff3814e000 	/System/Library/Frameworks/ImageIO.framework/Versions/A/Resources/libGIF.dylib
0x00007fff38152000 	/System/Library/Frameworks/ImageIO.framework/Versions/A/Resources/libJP2.dylib
0x00007fff384c6000 	/System/Library/Frameworks/ImageIO.framework/Versions/A/Resources/libRadiance.dylib
0x00007fff6ce10000 	/usr/lib/libexpat.1.dylib
0x00007fff48b2e000 	/System/Library/PrivateFrameworks/AppleJPEG.framework/Versions/A/AppleJPEG
0x00007fff51770000 	/System/Library/PrivateFrameworks/FontServices.framework/libFontParser.dylib
0x00007fff67fc4000 	/System/Library/PrivateFrameworks/WatchdogClient.framework/Versions/A/WatchdogClient
0x00007fff59d4a000 	/System/Library/PrivateFrameworks/IOAccelerator.framework/Versions/A/IOAccelerator
0x00007fff3a9d6000 	/System/Library/Frameworks/MetalPerformanceShaders.framework/Versions/A/MetalPerformanceShaders
0x00007fff564e3000 	/System/Library/PrivateFrameworks/GPUWrangler.framework/Versions/A/GPUWrangler
0x00007fff59d5f000 	/System/Library/PrivateFrameworks/IOPresentment.framework/Versions/A/IOPresentment
0x00007fff4f011000 	/System/Library/PrivateFrameworks/DSExternalDisplay.framework/Versions/A/DSExternalDisplay
0x00007fff3efdd000 	/System/Library/Frameworks/OpenGL.framework/Versions/A/Libraries/libCoreFSCache.dylib
0x00007fff3a722000 	/System/Library/Frameworks/MetalPerformanceShaders.framework/Frameworks/MPSCore.framework/Versions/A/MPSCore
0x00007fff3a760000 	/System/Library/Frameworks/MetalPerformanceShaders.framework/Frameworks/MPSImage.framework/Versions/A/MPSImage
0x00007fff3a827000 	/System/Library/Frameworks/MetalPerformanceShaders.framework/Frameworks/MPSNeuralNetwork.framework/Versions/A/MPSNeuralNetwork
0x00007fff3a7eb000 	/System/Library/Frameworks/MetalPerformanceShaders.framework/Frameworks/MPSMatrix.framework/Versions/A/MPSMatrix
0x00007fff3a986000 	/System/Library/Frameworks/MetalPerformanceShaders.framework/Frameworks/MPSRayIntersector.framework/Versions/A/MPSRayIntersector
0x00007fff3a811000 	/System/Library/Frameworks/MetalPerformanceShaders.framework/Frameworks/MPSNDArray.framework/Versions/A/MPSNDArray
0x00007fff5bbc5000 	/System/Library/PrivateFrameworks/MetalTools.framework/Versions/A/MetalTools
0x00007fff47c5b000 	/System/Library/PrivateFrameworks/AggregateDictionary.framework/Versions/A/AggregateDictionary
0x00007fff4c9ba000 	/System/Library/PrivateFrameworks/CoreAnalytics.framework/Versions/A/CoreAnalytics
0x00007fff48f64000 	/System/Library/PrivateFrameworks/AppleSauce.framework/Versions/A/AppleSauce
0x00007fff6bdcc000 	/usr/lib/libIOReport.dylib
0x00007fff370de000 	/System/Library/Frameworks/CoreVideo.framework/Versions/A/CoreVideo
0x00007fff5795d000 	/System/Library/PrivateFrameworks/GraphVisualizer.framework/Versions/A/GraphVisualizer
0x00007fff50cc4000 	/System/Library/PrivateFrameworks/FaceCore.framework/Versions/A/FaceCore
0x00007fff3e5f3000 	/System/Library/Frameworks/OpenCL.framework/Versions/A/OpenCL
0x00007fff6bbee000 	/usr/lib/libFosl_dynamic.dylib
0x00007fff5d08e000 	/System/Library/PrivateFrameworks/OTSVG.framework/Versions/A/OTSVG
0x00007fff332a0000 	/System/Library/Frameworks/ApplicationServices.framework/Versions/A/Frameworks/ATS.framework/Versions/A/Resources/libFontRegistry.dylib
0x00007fff51941000 	/System/Library/PrivateFrameworks/FontServices.framework/libhvf.dylib
0x00007fff3efe8000 	/System/Library/Frameworks/OpenGL.framework/Versions/A/Libraries/libGFXShared.dylib
0x00007fff3f1c6000 	/System/Library/Frameworks/OpenGL.framework/Versions/A/Libraries/libGLU.dylib
0x00007fff3eff1000 	/System/Library/Frameworks/OpenGL.framework/Versions/A/Libraries/libGL.dylib
0x00007fff3effc000 	/System/Library/Frameworks/OpenGL.framework/Versions/A/Libraries/libGLImage.dylib
0x00007fff3efda000 	/System/Library/Frameworks/OpenGL.framework/Versions/A/Libraries/libCVMSPluginSupport.dylib
0x00007fff3efe3000 	/System/Library/Frameworks/OpenGL.framework/Versions/A/Libraries/libCoreVMClient.dylib
0x00007fff6d862000 	/usr/lib/libncurses.5.4.dylib
0x00007fff3319c000 	/System/Library/Frameworks/ApplicationServices.framework/Versions/A/Frameworks/ATS.framework/Versions/A/ATS
0x00007fff33369000 	/System/Library/Frameworks/ApplicationServices.framework/Versions/A/Frameworks/ColorSyncLegacy.framework/Versions/A/ColorSyncLegacy
0x00007fff33407000 	/System/Library/Frameworks/ApplicationServices.framework/Versions/A/Frameworks/HIServices.framework/Versions/A/HIServices
0x00007fff3345f000 	/System/Library/Frameworks/ApplicationServices.framework/Versions/A/Frameworks/LangAnalysis.framework/Versions/A/LangAnalysis
0x00007fff3346e000 	/System/Library/Frameworks/ApplicationServices.framework/Versions/A/Frameworks/PrintCore.framework/Versions/A/PrintCore
0x00007fff334b4000 	/System/Library/Frameworks/ApplicationServices.framework/Versions/A/Frameworks/QD.framework/Versions/A/QD
0x00007fff334bf000 	/System/Library/Frameworks/ApplicationServices.framework/Versions/A/Frameworks/SpeechSynthesis.framework/Versions/A/SpeechSynthesis
0x00007fff33339000 	/System/Library/Frameworks/ApplicationServices.framework/Versions/A/Frameworks/ATSUI.framework/Versions/A/ATSUI
0x00007fff6cca4000 	/usr/lib/libcups.2.dylib
0x00007fff39a73000 	/System/Library/Frameworks/Kerberos.framework/Versions/A/Kerberos
0x00007fff37bb4000 	/System/Library/Frameworks/GSS.framework/Versions/A/GSS
0x00007fff6dfe3000 	/usr/lib/libresolv.9.dylib
0x00007fff57b0b000 	/System/Library/PrivateFrameworks/Heimdal.framework/Versions/A/Heimdal
0x00007fff39a86000 	/System/Library/Frameworks/Kerberos.framework/Versions/A/Libraries/libHeimdalProxy.dylib
0x00007fff6ce4d000 	/usr/lib/libheimdal-asn1.dylib
0x00007fff4be53000 	/System/Library/PrivateFrameworks/CommonAuth.framework/Versions/A/CommonAuth
0x00007fff490e2000 	/System/Library/PrivateFrameworks/AssertionServices.framework/Versions/A/AssertionServices
0x00007fff49c84000 	/System/Library/PrivateFrameworks/AudioToolboxCore.framework/Versions/A/AudioToolboxCore
0x00007fff68c6e000 	/System/Library/PrivateFrameworks/caulk.framework/Versions/A/caulk
0x00007fff4a24d000 	/System/Library/PrivateFrameworks/BaseBoard.framework/Versions/A/BaseBoard
0x00007fff612d9000 	/System/Library/PrivateFrameworks/RunningBoardServices.framework/Versions/A/RunningBoardServices
0x00007fff5e2ed000 	/System/Library/PrivateFrameworks/PersistentConnection.framework/Versions/A/PersistentConnection
0x00007fff60cd3000 	/System/Library/PrivateFrameworks/ProtocolBuffer.framework/Versions/A/ProtocolBuffer
0x00007fff4be77000 	/System/Library/PrivateFrameworks/CommonUtilities.framework/Versions/A/CommonUtilities
0x00007fff4a3db000 	/System/Library/PrivateFrameworks/Bom.framework/Versions/A/Bom
0x00007fff6ba9f000 	/usr/lib/libAudioToolboxUtility.dylib
0x00007fff4a1ab000 	/System/Library/PrivateFrameworks/Backup.framework/Versions/A/Backup
0x00007fff4ef32000 	/System/Library/PrivateFrameworks/CrashReporterSupport.framework/Versions/A/CrashReporterSupport
0x00007fff62d67000 	/System/Library/PrivateFrameworks/Sharing.framework/Versions/A/Sharing
0x00007fff486f1000 	/System/Library/PrivateFrameworks/Apple80211.framework/Versions/A/Apple80211
0x00007fff49ec8000 	/System/Library/PrivateFrameworks/AuthKit.framework/Versions/A/AuthKit
0x00007fff4ec42000 	/System/Library/PrivateFrameworks/CoreUtils.framework/Versions/A/CoreUtils
0x00007fff37123000 	/System/Library/Frameworks/CoreWLAN.framework/Versions/A/CoreWLAN
0x00007fff37d41000 	/System/Library/Frameworks/IOBluetooth.framework/Versions/A/IOBluetooth
0x00007fff5bec9000 	/System/Library/PrivateFrameworks/MobileKeyBag.framework/Versions/A/MobileKeyBag
0x00007fff4da48000 	/System/Library/PrivateFrameworks/CorePhoneNumbers.framework/Versions/A/CorePhoneNumbers
0x00007fff48ae1000 	/System/Library/PrivateFrameworks/AppleIDAuthSupport.framework/Versions/A/AppleIDAuthSupport
0x00007fff3ba6b000 	/System/Library/Frameworks/Network.framework/Versions/A/Network
0x00007fff5a59a000 	/System/Library/PrivateFrameworks/KeychainCircle.framework/Versions/A/KeychainCircle
0x00007fff34b7c000 	/System/Library/Frameworks/CoreBluetooth.framework/Versions/A/CoreBluetooth
0x00007fff64de4000 	/System/Library/PrivateFrameworks/SpeechRecognitionCore.framework/Versions/A/SpeechRecognitionCore
0x000000010b800000 	/Library/Java/JavaVirtualMachines/jdk-13.0.2.jdk/Contents/Home/lib/server/libjvm.dylib
0x000000010ae01000 	/Library/Java/JavaVirtualMachines/jdk-13.0.2.jdk/Contents/Home/lib/libverify.dylib
0x000000010ae0d000 	/Library/Java/JavaVirtualMachines/jdk-13.0.2.jdk/Contents/Home/lib/libjava.dylib
0x000000010ae93000 	/Library/Java/JavaVirtualMachines/jdk-13.0.2.jdk/Contents/Home/lib/libzip.dylib
0x000000010ae9a000 	/Library/Java/JavaVirtualMachines/jdk-13.0.2.jdk/Contents/Home/lib/libjimage.dylib
0x000000011241b000 	/Library/Java/JavaVirtualMachines/jdk-13.0.2.jdk/Contents/Home/lib/libnio.dylib
0x0000000112429000 	/Library/Java/JavaVirtualMachines/jdk-13.0.2.jdk/Contents/Home/lib/libnet.dylib
0x000000012d63e000 	/private/var/folders/kq/0p6nv3m93lg09dvyh1lsvw5m0000gp/T/lwjglerwin/3.2.3-build-13/liblwjgl.dylib
0x000000012d760000 	/private/var/folders/kq/0p6nv3m93lg09dvyh1lsvw5m0000gp/T/lwjglerwin/3.2.3-build-13/libglfw.dylib
0x00007fff4e461000 	/System/Library/PrivateFrameworks/CoreServicesInternal.framework/Versions/A/CoreServicesInternal
0x00007fff3763f000 	/System/Library/Frameworks/FileProvider.framework/Versions/A/FileProvider
0x00007fff321e3000 	/System/Library/Frameworks/Accounts.framework/Versions/A/Accounts
0x00007fff56808000 	/System/Library/PrivateFrameworks/GenerationalStorage.framework/Versions/A/GenerationalStorage
0x00007fff4e9e7000 	/System/Library/PrivateFrameworks/CoreSymbolication.framework/Versions/A/CoreSymbolication
0x00007fff65624000 	/System/Library/PrivateFrameworks/SymptomDiagnosticReporter.framework/Versions/A/SymptomDiagnosticReporter
0x00007fff481f6000 	/System/Library/PrivateFrameworks/AppContainer.framework/Versions/A/AppContainer
0x00007fff6dffd000 	/usr/lib/libsandbox.1.dylib
0x00007fff66f68000 	/System/Library/PrivateFrameworks/UserManagement.framework/Versions/A/UserManagement
0x00007fff4af93000 	/System/Library/PrivateFrameworks/ChunkingLibrary.framework/Versions/A/ChunkingLibrary
0x00007fff4f166000 	/System/Library/PrivateFrameworks/DebugSymbols.framework/Versions/A/DebugSymbols
0x00007fff48268000 	/System/Library/PrivateFrameworks/AppSandbox.framework/Versions/A/AppSandbox
0x00007fff62bf1000 	/System/Library/PrivateFrameworks/SecCodeWrapper.framework/Versions/A/SecCodeWrapper
0x00007fff6beb4000 	/usr/lib/libMatch.1.dylib
0x00007fff30d61000 	/System/Library/Frameworks/Accelerate.framework/Versions/A/Frameworks/vImage.framework/Versions/A/Libraries/libCGInterfaces.dylib
0x00007fff518a8000 	/System/Library/PrivateFrameworks/FontServices.framework/libTrueTypeScaler.dylib
0x00007fff2b589000 	/System/Library/Extensions/AppleIntelHD5000GraphicsMTLDriver.bundle/Contents/MacOS/AppleIntelHD5000GraphicsMTLDriver


VM Arguments:
jvm_args: -Dfile.encoding=UTF-8 
java_command: main.engine.MAIN_TEST
java_class_path (initial): /Users/erwin/Downloads/lwjgl-release-3.2.3-custom-2/lwjgl-assimp-natives-macos.jar:/Users/erwin/Downloads/lwjgl-release-3.2.3-custom-2/lwjgl-assimp-sources.jar:/Users/erwin/Downloads/lwjgl-release-3.2.3-custom-2/lwjgl-assimp.jar:/Users/erwin/Downloads/lwjgl-release-3.2.3-custom-2/lwjgl-glfw-natives-macos.jar:/Users/erwin/Downloads/lwjgl-release-3.2.3-custom-2/lwjgl-glfw-sources.jar:/Users/erwin/Downloads/lwjgl-release-3.2.3-custom-2/lwjgl-glfw.jar:/Users/erwin/Downloads/lwjgl-release-3.2.3-custom-2/lwjgl-natives-macos.jar:/Users/erwin/Downloads/lwjgl-release-3.2.3-custom-2/lwjgl-openal-natives-macos.jar:/Users/erwin/Downloads/lwjgl-release-3.2.3-custom-2/lwjgl-openal-sources.jar:/Users/erwin/Downloads/lwjgl-release-3.2.3-custom-2/lwjgl-openal.jar:/Users/erwin/Downloads/lwjgl-release-3.2.3-custom-2/lwjgl-opengl-natives-macos.jar:/Users/erwin/Downloads/lwjgl-release-3.2.3-custom-2/lwjgl-opengl-sources.jar:/Users/erwin/Downloads/lwjgl-release-3.2.3-custom-2/lwjgl-opengl.jar:/Users/erwin/Downloads/lwjgl-release-3.2.3-custom-2/lwjgl-sources.jar:/Users/erwin/Downloads/lwjgl-release-3.2.3-custom-2/lwjgl-stb-natives-macos.jar:/Users/erwin/Downloads/lwjgl-release-3.2.3-custom-2/lwjgl-stb-sources.jar:/Users/erwin/Downloads/lwjgl-release-3.2.3-custom-2/lwjgl-stb.jar:/Users/erwin/Downloads/lwjgl-release-3.2.3-custom-2/lwjgl.jar:/Users/erwin/Documents/GitHub/InformaticaEindproject5V/Workspace/Eindproject/bin
Launcher Type: SUN_STANDARD

[Global flags]
     intx CICompilerCount                          = 3                                         {product} {ergonomic}
     uint ConcGCThreads                            = 1                                         {product} {ergonomic}
     uint G1ConcRefinementThreads                  = 4                                         {product} {ergonomic}
   size_t G1HeapRegionSize                         = 1048576                                   {product} {ergonomic}
    uintx GCDrainStackTargetSize                   = 64                                        {product} {ergonomic}
   size_t InitialHeapSize                          = 134217728                                 {product} {ergonomic}
   size_t MarkStackSize                            = 4194304                                   {product} {ergonomic}
   size_t MaxHeapSize                              = 2147483648                                {product} {ergonomic}
   size_t MaxNewSize                               = 1287651328                                {product} {ergonomic}
   size_t MinHeapDeltaBytes                        = 1048576                                   {product} {ergonomic}
   size_t MinHeapSize                              = 8388608                                   {product} {ergonomic}
    uintx NonNMethodCodeHeapSize                   = 5832780                                {pd product} {ergonomic}
    uintx NonProfiledCodeHeapSize                  = 122912730                              {pd product} {ergonomic}
    uintx ProfiledCodeHeapSize                     = 122912730                              {pd product} {ergonomic}
    uintx ReservedCodeCacheSize                    = 251658240                              {pd product} {ergonomic}
     bool SegmentedCodeCache                       = true                                      {product} {ergonomic}
   size_t SoftMaxHeapSize                          = 2147483648                             {manageable} {ergonomic}
     bool UseCompressedClassPointers               = true                                 {lp64_product} {ergonomic}
     bool UseCompressedOops                        = true                                 {lp64_product} {ergonomic}
     bool UseG1GC                                  = true                                      {product} {ergonomic}

Logging:
Log output configuration:
 #0: stdout all=warning uptime,level,tags
 #1: stderr all=off uptime,level,tags

Environment Variables:
PATH=/usr/bin:/bin:/usr/sbin:/sbin
SHELL=/bin/bash

Signal Handlers:
SIGSEGV: [libjvm.dylib+0x77ba40], sa_mask[0]=11111111011111110111111111111111, sa_flags=SA_ONSTACK|SA_RESTART|SA_SIGINFO
SIGBUS: [libjvm.dylib+0x77ba40], sa_mask[0]=11111111011111110111111111111111, sa_flags=SA_RESTART|SA_SIGINFO
SIGFPE: [libjvm.dylib+0x77ba40], sa_mask[0]=11111111011111110111111111111111, sa_flags=SA_RESTART|SA_SIGINFO
SIGPIPE: [libjvm.dylib+0x6221fd], sa_mask[0]=11111111011111110111111111111111, sa_flags=SA_RESTART|SA_SIGINFO
SIGXFSZ: [libjvm.dylib+0x6221fd], sa_mask[0]=11111111011111110111111111111111, sa_flags=SA_RESTART|SA_SIGINFO
SIGILL: [libjvm.dylib+0x77ba40], sa_mask[0]=11111111011111110111111111111111, sa_flags=SA_RESTART|SA_SIGINFO
SIGUSR2: [libjvm.dylib+0x6227e7], sa_mask[0]=00100000000000000000000000000000, sa_flags=SA_RESTART|SA_SIGINFO
SIGHUP: [libjvm.dylib+0x6217d5], sa_mask[0]=11111111011111110111111111111111, sa_flags=SA_RESTART|SA_SIGINFO
SIGINT: [libjvm.dylib+0x6217d5], sa_mask[0]=11111111011111110111111111111111, sa_flags=SA_RESTART|SA_SIGINFO
SIGTERM: [libjvm.dylib+0x6217d5], sa_mask[0]=11111111011111110111111111111111, sa_flags=SA_RESTART|SA_SIGINFO
SIGQUIT: [libjvm.dylib+0x6217d5], sa_mask[0]=11111111011111110111111111111111, sa_flags=SA_RESTART|SA_SIGINFO


---------------  S Y S T E M  ---------------

OS:uname:Darwin 19.4.0 Darwin Kernel Version 19.4.0: Wed Mar  4 22:28:40 PST 2020; root:xnu-6153.101.6~15/RELEASE_X86_64 x86_64
rlimit: STACK 8192k, CORE 0k, NPROC 1392, NOFILE 10240, AS infinity, DATA infinity, FSIZE infinity
load average:37.19 17.61 7.19

CPU:total 4 (initial active 4) (2 cores per cpu, 2 threads per core) family 6 model 69 stepping 1, cmov, cx8, fxsr, mmx, sse, sse2, sse3, ssse3, sse4.1, sse4.2, popcnt, avx, avx2, aes, clmul, erms, lzcnt, ht, tsc, tscinvbit, bmi1, bmi2, fma

Memory: 4k page, physical 8388608k(1144052k free), swap 0k(0k free)

vm_info: Java HotSpot(TM) 64-Bit Server VM (13.0.2+8) for bsd-amd64 JRE (13.0.2+8), built on Dec 11 2019 09:27:08 by "mach5one" with clang 4.2.1 Compatible Apple LLVM 10.0.0 (clang-1000.11.45.5)

END.
