#
# A fatal error has been detected by the Java Runtime Environment:
#
#  EXCEPTION_ACCESS_VIOLATION (0xc0000005) at pc=0x00007ffa3f6484be, pid=29596, tid=28856
#
# JRE version: Java(TM) SE Runtime Environment (13.0.2+8) (build 13.0.2+8)
# Java VM: Java HotSpot(TM) 64-Bit Server VM (13.0.2+8, mixed mode, sharing, tiered, compressed oops, g1 gc, windows-amd64)
# Problematic frame:
# C  [nvoglv64.dll+0xfe84be]
#
# No core dump will be written. Minidumps are not enabled by default on client versions of Windows
#
# If you would like to submit a bug report, please visit:
#   http://bugreport.java.com/bugreport/crash.jsp
# The crash happened outside the Java Virtual Machine in native code.
# See problematic frame for where to report the bug.
#

---------------  S U M M A R Y ------------

Command Line: -Dfile.encoding=Cp1252 main.engine.MAIN_TEST

Host: Intel(R) Core(TM) i7-3770 CPU @ 3.40GHz, 8 cores, 17G,  Windows 10 , 64 bit Build 18362 (10.0.18362.778)
Time: Thu May 28 11:39:10 2020 W. Europe Daylight Time elapsed time: 1 seconds (0d 0h 0m 1s)

---------------  T H R E A D  ---------------

Current thread (0x000001ea27242000):  JavaThread "main" [_thread_in_native, id=28856, stack(0x000000e4ed300000,0x000000e4ed400000)]

Stack: [0x000000e4ed300000,0x000000e4ed400000],  sp=0x000000e4ed3febc8,  free space=1018k
Native frames: (J=compiled Java code, j=interpreted, Vv=VM code, C=native code)
C  [nvoglv64.dll+0xfe84be]

Java frames: (J=compiled Java code, j=interpreted, Vv=VM code)
j  org.lwjgl.opengl.GL11C.nglTexImage2D(IIIIIIIIJ)V+0
j  org.lwjgl.opengl.GL11C.glTexImage2D(IIIIIIIILjava/nio/ByteBuffer;)V+17
j  org.lwjgl.opengl.GL11.glTexImage2D(IIIIIIIILjava/nio/ByteBuffer;)V+14
j  main.engine.renderer.graphics.Renderer.prepMesh(Lmain/engine/renderer/graphics/Mesh;)V+110
j  main.engine.renderer.graphics.Renderer.render(Ljava/util/Map;)V+27
j  main.engine.renderer.graphics.MasterRenderer.render(Lmain/engine/objects/Camera;Lmain/engine/math/Vector3;)V+61
j  main.engine.MAIN_TEST.main([Ljava/lang/String;)V+302
v  ~StubRoutines::call_stub

siginfo: EXCEPTION_ACCESS_VIOLATION (0xc0000005), reading address 0x000001ea550c3000


Register to memory mapping:

RIP=0x00007ffa3f6484be nvoglv64.dll
RAX=0x000001ea5510b850 points into unknown readable memory: ae c3 58 76 92 22 c5 d5
RBX=0x000001ea5510b850 points into unknown readable memory: ae c3 58 76 92 22 c5 d5
RCX=0x000000000000af40 is an unknown value
RDX=0xfffffffffff826f0 is an unknown value
RSP=0x000000e4ed3febc8 is pointing into the stack for thread: 0x000001ea27242000
RBP=0x000001ea5508df40 points into unknown readable memory: ae c3 58 76 92 22 c5 d5
RSI=0x000001ea550c3000 is an unknown value
RDI=0x000001ea55140910 points into unknown readable memory: 00 00 80 03 00 00 00 00
R8 =0x0000000000040000 is an unknown value
R9 =0x000001ea5508df40 points into unknown readable memory: ae c3 58 76 92 22 c5 d5
R10=0x000001ea5508df40 points into unknown readable memory: ae c3 58 76 92 22 c5 d5
R11=0x000001ea5510b850 points into unknown readable memory: ae c3 58 76 92 22 c5 d5
R12=0x0000000000001908 is an unknown value
R13=0x0 is NULL
R14=0x0000000000000100 is an unknown value
R15=0x0000000000001401 is an unknown value


Registers:
RAX=0x000001ea5510b850, RBX=0x000001ea5510b850, RCX=0x000000000000af40, RDX=0xfffffffffff826f0
RSP=0x000000e4ed3febc8, RBP=0x000001ea5508df40, RSI=0x000001ea550c3000, RDI=0x000001ea55140910
R8 =0x0000000000040000, R9 =0x000001ea5508df40, R10=0x000001ea5508df40, R11=0x000001ea5510b850
R12=0x0000000000001908, R13=0x0000000000000000, R14=0x0000000000000100, R15=0x0000000000001401
RIP=0x00007ffa3f6484be, EFLAGS=0x0000000000010202

Top of Stack: (sp=0x000000e4ed3febc8)
0x000000e4ed3febc8:   0000000000040000 000001ea4e4fa080
0x000000e4ed3febd8:   00007ffa3ed48b40 0000000000000100
0x000000e4ed3febe8:   000001ea4d3f199c 000001ea4cf51300
0x000000e4ed3febf8:   00007ffa473c8205 0000000000001908
0x000000e4ed3fec08:   0000000000001401 000001ea5508df40
0x000000e4ed3fec18:   0000000000000000 0000000000040000
0x000000e4ed3fec28:   0000000000000000 000001ea27242000
0x000000e4ed3fec38:   000000e4ed3fee58 000001ea4c9df808
0x000000e4ed3fec48:   0000000000000000 0000000000001908
0x000000e4ed3fec58:   0000000000000000 0000000000000de1
0x000000e4ed3fec68:   00007ffa868e02f4 0000000000000de1
0x000000e4ed3fec78:   0000000000000000 000000e400001908
0x000000e4ed3fec88:   0000000000000100 000000e400000100
0x000000e4ed3fec98:   00007ffa00000000 0000000000001908
0x000000e4ed3feca8:   000000e400001401 000001ea5508df40
0x000000e4ed3fecb8:   00007ffa470b48d5 000001ea2f74a273 

Instructions: (pc=0x00007ffa3f6484be)
0x00007ffa3f6483be:   cc cc cc cc cc cc cc cc 66 66 0f 1f 84 00 00 00
0x00007ffa3f6483ce:   00 00 48 2b d1 49 83 f8 08 72 22 f6 c1 07 74 14
0x00007ffa3f6483de:   66 90 8a 01 3a 04 11 75 2c 48 ff c1 49 ff c8 f6
0x00007ffa3f6483ee:   c1 07 75 ee 4d 8b c8 49 c1 e9 03 75 1f 4d 85 c0
0x00007ffa3f6483fe:   74 0f 8a 01 3a 04 11 75 0c 48 ff c1 49 ff c8 75
0x00007ffa3f64840e:   f1 48 33 c0 c3 1b c0 83 d8 ff c3 90 49 c1 e9 02
0x00007ffa3f64841e:   74 37 48 8b 01 48 3b 04 11 75 5b 48 8b 41 08 48
0x00007ffa3f64842e:   3b 44 11 08 75 4c 48 8b 41 10 48 3b 44 11 10 75
0x00007ffa3f64843e:   3d 48 8b 41 18 48 3b 44 11 18 75 2e 48 83 c1 20
0x00007ffa3f64844e:   49 ff c9 75 cd 49 83 e0 1f 4d 8b c8 49 c1 e9 03
0x00007ffa3f64845e:   74 9b 48 8b 01 48 3b 04 11 75 1b 48 83 c1 08 49
0x00007ffa3f64846e:   ff c9 75 ee 49 83 e0 07 eb 83 48 83 c1 08 48 83
0x00007ffa3f64847e:   c1 08 48 83 c1 08 48 8b 0c 0a 48 0f c8 48 0f c9
0x00007ffa3f64848e:   48 3b c1 1b c0 83 d8 ff c3 cc cc cc cc cc cc cc
0x00007ffa3f64849e:   cc cc cc cc cc cc cc cc 66 66 0f 1f 84 00 00 00
0x00007ffa3f6484ae:   00 00 57 56 49 8b c3 48 8b f9 49 8b c8 49 8b f2
0x00007ffa3f6484be:   f3 a4 5e 5f c3 cc cc cc cc cc cc 0f 1f 80 00 00
0x00007ffa3f6484ce:   00 00 4c 8b d9 4c 8b d2 49 83 f8 10 76 54 49 83
0x00007ffa3f6484de:   f8 20 76 2e 48 2b d1 73 0d 4b 8d 04 10 48 3b c8
0x00007ffa3f6484ee:   0f 82 dc 02 00 00 49 81 f8 80 00 00 00 0f 86 0f
0x00007ffa3f6484fe:   02 00 00 f6 05 58 14 5a 01 02 0f 84 52 01 00 00
0x00007ffa3f64850e:   eb a0 0f 10 02 42 0f 10 4c 02 f0 0f 11 01 42 0f
0x00007ffa3f64851e:   11 4c 01 f0 48 8b c1 c3 66 66 0f 1f 84 00 00 00
0x00007ffa3f64852e:   00 00 48 8b c1 4c 8d 0d c6 7a 01 ff 43 8b 8c 81
0x00007ffa3f64853e:   60 ea 6c 02 49 03 c9 ff e1 66 0f 1f 84 00 00 00
0x00007ffa3f64854e:   00 00 c3 0f b7 0a 66 89 08 c3 48 8b 0a 48 89 08
0x00007ffa3f64855e:   c3 0f b7 0a 44 0f b6 42 02 66 89 08 44 88 40 02
0x00007ffa3f64856e:   c3 0f b6 0a 88 08 c3 f3 0f 6f 02 f3 0f 7f 00 c3
0x00007ffa3f64857e:   66 90 4c 8b 02 0f b7 4a 08 44 0f b6 4a 0a 4c 89
0x00007ffa3f64858e:   00 66 89 48 08 44 88 48 0a c3 8b 0a 89 08 c3 0f
0x00007ffa3f64859e:   1f 00 8b 0a 44 0f b6 42 04 89 08 44 88 40 04 c3
0x00007ffa3f6485ae:   66 90 8b 0a 44 0f b7 42 04 89 08 66 44 89 40 04 


Stack slot to memory mapping:
stack at sp + 0 slots: 0x0000000000040000 is an unknown value
stack at sp + 1 slots: 0x000001ea4e4fa080 points into unknown readable memory: 00 00 00 00 00 00 00 00
stack at sp + 2 slots: 0x00007ffa3ed48b40 nvoglv64.dll
stack at sp + 3 slots: 0x0000000000000100 is an unknown value
stack at sp + 4 slots: 0x000001ea4d3f199c points into unknown readable memory: 00 10 00 00
stack at sp + 5 slots: 0x000001ea4cf51300 points into unknown readable memory: 43 00 3a 00 5c 00 57 00
stack at sp + 6 slots: 0x00007ffa473c8205 jvm.dll
stack at sp + 7 slots: 0x0000000000001908 is an unknown value


---------------  P R O C E S S  ---------------

Threads class SMR info:
_java_thread_list=0x000001ea54efe4a0, length=12, elements={
0x000001ea27242000, 0x000001ea4c1a5800, 0x000001ea4c1a9000, 0x000001ea4c1c1000,
0x000001ea4c1c3800, 0x000001ea4c1c9000, 0x000001ea4c1cf800, 0x000001ea4c1d9000,
0x000001ea4cc01800, 0x000001ea4cc07800, 0x000001ea54dc0000, 0x000001ea54f32000
}

Java Threads: ( => current thread )
=>0x000001ea27242000 JavaThread "main" [_thread_in_native, id=28856, stack(0x000000e4ed300000,0x000000e4ed400000)]
  0x000001ea4c1a5800 JavaThread "Reference Handler" daemon [_thread_blocked, id=25116, stack(0x000000e4eda00000,0x000000e4edb00000)]
  0x000001ea4c1a9000 JavaThread "Finalizer" daemon [_thread_blocked, id=16448, stack(0x000000e4edb00000,0x000000e4edc00000)]
  0x000001ea4c1c1000 JavaThread "Signal Dispatcher" daemon [_thread_blocked, id=26200, stack(0x000000e4edc00000,0x000000e4edd00000)]
  0x000001ea4c1c3800 JavaThread "Attach Listener" daemon [_thread_blocked, id=25780, stack(0x000000e4edd00000,0x000000e4ede00000)]
  0x000001ea4c1c9000 JavaThread "C2 CompilerThread0" daemon [_thread_blocked, id=11148, stack(0x000000e4ede00000,0x000000e4edf00000)]
  0x000001ea4c1cf800 JavaThread "C1 CompilerThread0" daemon [_thread_blocked, id=20704, stack(0x000000e4edf00000,0x000000e4ee000000)]
  0x000001ea4c1d9000 JavaThread "Sweeper thread" daemon [_thread_blocked, id=5376, stack(0x000000e4ee000000,0x000000e4ee100000)]
  0x000001ea4cc01800 JavaThread "Service Thread" daemon [_thread_blocked, id=6840, stack(0x000000e4ee100000,0x000000e4ee200000)]
  0x000001ea4cc07800 JavaThread "Common-Cleaner" daemon [_thread_blocked, id=24208, stack(0x000000e4ee300000,0x000000e4ee400000)]
  0x000001ea54dc0000 JavaThread "C2 CompilerThread1" daemon [_thread_blocked, id=22804, stack(0x000000e4eeb00000,0x000000e4eec00000)]
  0x000001ea54f32000 JavaThread "Java2D Disposer" daemon [_thread_blocked, id=21616, stack(0x000000e4ef100000,0x000000e4ef200000)]

Other Threads:
  0x000001ea4c1a3800 VMThread "VM Thread" [stack: 0x000000e4ed900000,0x000000e4eda00000] [id=24080]
  0x000001ea4cc06800 WatcherThread [stack: 0x000000e4ee200000,0x000000e4ee300000] [id=24908]
  0x000001ea272b4800 GCTaskThread "GC Thread#0" [stack: 0x000000e4ed400000,0x000000e4ed500000] [id=20208]
  0x000001ea54eac000 GCTaskThread "GC Thread#1" [stack: 0x000000e4eec00000,0x000000e4eed00000] [id=5504]
  0x000001ea54e4d800 GCTaskThread "GC Thread#2" [stack: 0x000000e4eed00000,0x000000e4eee00000] [id=20752]
  0x000001ea54e4e800 GCTaskThread "GC Thread#3" [stack: 0x000000e4eee00000,0x000000e4eef00000] [id=3716]
  0x000001ea54e50000 GCTaskThread "GC Thread#4" [stack: 0x000000e4eef00000,0x000000e4ef000000] [id=568]
  0x000001ea54e51000 GCTaskThread "GC Thread#5" [stack: 0x000000e4ef000000,0x000000e4ef100000] [id=12448]
  0x000001ea272db800 ConcurrentGCThread "G1 Main Marker" [stack: 0x000000e4ed500000,0x000000e4ed600000] [id=6820]
  0x000001ea272dd800 ConcurrentGCThread "G1 Conc#0" [stack: 0x000000e4ed600000,0x000000e4ed700000] [id=26504]
  0x000001ea4c0f8800 ConcurrentGCThread "G1 Refine#0" [stack: 0x000000e4ed700000,0x000000e4ed800000] [id=16840]
  0x000001ea4c0fa800 ConcurrentGCThread "G1 Young RemSet Sampling" [stack: 0x000000e4ed800000,0x000000e4ed900000] [id=9876]

Threads with active compile tasks:

VM state:not at safepoint (normal execution)

VM Mutex/Monitor currently owned by a thread: None

Heap address: 0x00000006e0c00000, size: 4596 MB, Compressed Oops mode: Zero based, Oop shift amount: 3
Narrow klass base: 0x0000000800000000, Narrow klass shift: 3
Compressed class space size: 1073741824 Address: 0x0000000800b40000

Heap:
 garbage-first heap   total 294912K, used 57556K [0x00000006e0c00000, 0x0000000800000000)
  region size 1024K, 46 young (47104K), 3 survivors (3072K)
 Metaspace       used 7389K, capacity 9114K, committed 9472K, reserved 1058816K
  class space    used 453K, capacity 662K, committed 768K, reserved 1048576K
Heap Regions: E=young(eden), S=young(survivor), O=old, HS=humongous(starts), HC=humongous(continues), CS=collection set, F=free, A=archive, TAMS=top-at-mark-start (previous, next)
|   0|0x00000006e0c00000, 0x00000006e0d00000, 0x00000006e0d00000|100%|HS|  |TAMS 0x00000006e0c00000, 0x00000006e0c00000| Complete 
|   1|0x00000006e0d00000, 0x00000006e0e00000, 0x00000006e0e00000|100%|HC|  |TAMS 0x00000006e0d00000, 0x00000006e0d00000| Complete 
|   2|0x00000006e0e00000, 0x00000006e0f00000, 0x00000006e0f00000|100%|HC|  |TAMS 0x00000006e0e00000, 0x00000006e0e00000| Complete 
|   3|0x00000006e0f00000, 0x00000006e1000000, 0x00000006e1000000|100%|HC|  |TAMS 0x00000006e0f00000, 0x00000006e0f00000| Complete 
|   4|0x00000006e1000000, 0x00000006e1100000, 0x00000006e1100000|100%|HC|  |TAMS 0x00000006e1000000, 0x00000006e1000000| Complete 
|   5|0x00000006e1100000, 0x00000006e1200000, 0x00000006e1200000|100%|HC|  |TAMS 0x00000006e1100000, 0x00000006e1100000| Complete 
|   6|0x00000006e1200000, 0x00000006e1300000, 0x00000006e1300000|100%|HS|  |TAMS 0x00000006e1200000, 0x00000006e1200000| Complete 
|   7|0x00000006e1300000, 0x00000006e1400000, 0x00000006e1400000|100%|HC|  |TAMS 0x00000006e1300000, 0x00000006e1300000| Complete 
|   8|0x00000006e1400000, 0x00000006e1500000, 0x00000006e1500000|100%|HC|  |TAMS 0x00000006e1400000, 0x00000006e1400000| Complete 
|   9|0x00000006e1500000, 0x00000006e1600000, 0x00000006e1600000|100%|HC|  |TAMS 0x00000006e1500000, 0x00000006e1500000| Complete 
|  10|0x00000006e1600000, 0x00000006e1700000, 0x00000006e1700000|100%|HC|  |TAMS 0x00000006e1600000, 0x00000006e1600000| Complete 
|  11|0x00000006e1700000, 0x00000006e1800000, 0x00000006e1800000|100%|HC|  |TAMS 0x00000006e1700000, 0x00000006e1700000| Complete 
|  12|0x00000006e1800000, 0x00000006e1800000, 0x00000006e1900000|  0%| F|  |TAMS 0x00000006e1800000, 0x00000006e1800000| Untracked 
|  13|0x00000006e1900000, 0x00000006e1900000, 0x00000006e1a00000|  0%| F|  |TAMS 0x00000006e1900000, 0x00000006e1900000| Untracked 
|  14|0x00000006e1a00000, 0x00000006e1a00000, 0x00000006e1b00000|  0%| F|  |TAMS 0x00000006e1a00000, 0x00000006e1a00000| Untracked 
|  15|0x00000006e1b00000, 0x00000006e1b00000, 0x00000006e1c00000|  0%| F|  |TAMS 0x00000006e1b00000, 0x00000006e1b00000| Untracked 
|  16|0x00000006e1c00000, 0x00000006e1c00000, 0x00000006e1d00000|  0%| F|  |TAMS 0x00000006e1c00000, 0x00000006e1c00000| Untracked 
|  17|0x00000006e1d00000, 0x00000006e1d00000, 0x00000006e1e00000|  0%| F|  |TAMS 0x00000006e1d00000, 0x00000006e1d00000| Untracked 
|  18|0x00000006e1e00000, 0x00000006e1e00000, 0x00000006e1f00000|  0%| F|  |TAMS 0x00000006e1e00000, 0x00000006e1e00000| Untracked 
|  19|0x00000006e1f00000, 0x00000006e1f00000, 0x00000006e2000000|  0%| F|  |TAMS 0x00000006e1f00000, 0x00000006e1f00000| Untracked 
|  20|0x00000006e2000000, 0x00000006e2000000, 0x00000006e2100000|  0%| F|  |TAMS 0x00000006e2000000, 0x00000006e2000000| Untracked 
|  21|0x00000006e2100000, 0x00000006e2100000, 0x00000006e2200000|  0%| F|  |TAMS 0x00000006e2100000, 0x00000006e2100000| Untracked 
|  22|0x00000006e2200000, 0x00000006e2200000, 0x00000006e2300000|  0%| F|  |TAMS 0x00000006e2200000, 0x00000006e2200000| Untracked 
|  23|0x00000006e2300000, 0x00000006e2300000, 0x00000006e2400000|  0%| F|  |TAMS 0x00000006e2300000, 0x00000006e2300000| Untracked 
|  24|0x00000006e2400000, 0x00000006e2400000, 0x00000006e2500000|  0%| F|  |TAMS 0x00000006e2400000, 0x00000006e2400000| Untracked 
|  25|0x00000006e2500000, 0x00000006e2500000, 0x00000006e2600000|  0%| F|  |TAMS 0x00000006e2500000, 0x00000006e2500000| Untracked 
|  26|0x00000006e2600000, 0x00000006e2600000, 0x00000006e2700000|  0%| F|  |TAMS 0x00000006e2600000, 0x00000006e2600000| Untracked 
|  27|0x00000006e2700000, 0x00000006e2700000, 0x00000006e2800000|  0%| F|  |TAMS 0x00000006e2700000, 0x00000006e2700000| Untracked 
|  28|0x00000006e2800000, 0x00000006e2800000, 0x00000006e2900000|  0%| F|  |TAMS 0x00000006e2800000, 0x00000006e2800000| Untracked 
|  29|0x00000006e2900000, 0x00000006e2900000, 0x00000006e2a00000|  0%| F|  |TAMS 0x00000006e2900000, 0x00000006e2900000| Untracked 
|  30|0x00000006e2a00000, 0x00000006e2a00000, 0x00000006e2b00000|  0%| F|  |TAMS 0x00000006e2a00000, 0x00000006e2a00000| Untracked 
|  31|0x00000006e2b00000, 0x00000006e2b00000, 0x00000006e2c00000|  0%| F|  |TAMS 0x00000006e2b00000, 0x00000006e2b00000| Untracked 
|  32|0x00000006e2c00000, 0x00000006e2c00000, 0x00000006e2d00000|  0%| F|  |TAMS 0x00000006e2c00000, 0x00000006e2c00000| Untracked 
|  33|0x00000006e2d00000, 0x00000006e2d00000, 0x00000006e2e00000|  0%| F|  |TAMS 0x00000006e2d00000, 0x00000006e2d00000| Untracked 
|  34|0x00000006e2e00000, 0x00000006e2e00000, 0x00000006e2f00000|  0%| F|  |TAMS 0x00000006e2e00000, 0x00000006e2e00000| Untracked 
|  35|0x00000006e2f00000, 0x00000006e2f00000, 0x00000006e3000000|  0%| F|  |TAMS 0x00000006e2f00000, 0x00000006e2f00000| Untracked 
|  36|0x00000006e3000000, 0x00000006e3000000, 0x00000006e3100000|  0%| F|  |TAMS 0x00000006e3000000, 0x00000006e3000000| Untracked 
|  37|0x00000006e3100000, 0x00000006e3100000, 0x00000006e3200000|  0%| F|  |TAMS 0x00000006e3100000, 0x00000006e3100000| Untracked 
|  38|0x00000006e3200000, 0x00000006e3200000, 0x00000006e3300000|  0%| F|  |TAMS 0x00000006e3200000, 0x00000006e3200000| Untracked 
|  39|0x00000006e3300000, 0x00000006e3300000, 0x00000006e3400000|  0%| F|  |TAMS 0x00000006e3300000, 0x00000006e3300000| Untracked 
|  40|0x00000006e3400000, 0x00000006e3400000, 0x00000006e3500000|  0%| F|  |TAMS 0x00000006e3400000, 0x00000006e3400000| Untracked 
|  41|0x00000006e3500000, 0x00000006e3500000, 0x00000006e3600000|  0%| F|  |TAMS 0x00000006e3500000, 0x00000006e3500000| Untracked 
|  42|0x00000006e3600000, 0x00000006e3600000, 0x00000006e3700000|  0%| F|  |TAMS 0x00000006e3600000, 0x00000006e3600000| Untracked 
|  43|0x00000006e3700000, 0x00000006e3700000, 0x00000006e3800000|  0%| F|  |TAMS 0x00000006e3700000, 0x00000006e3700000| Untracked 
|  44|0x00000006e3800000, 0x00000006e3800000, 0x00000006e3900000|  0%| F|  |TAMS 0x00000006e3800000, 0x00000006e3800000| Untracked 
|  45|0x00000006e3900000, 0x00000006e3900000, 0x00000006e3a00000|  0%| F|  |TAMS 0x00000006e3900000, 0x00000006e3900000| Untracked 
|  46|0x00000006e3a00000, 0x00000006e3a00000, 0x00000006e3b00000|  0%| F|  |TAMS 0x00000006e3a00000, 0x00000006e3a00000| Untracked 
|  47|0x00000006e3b00000, 0x00000006e3b00000, 0x00000006e3c00000|  0%| F|  |TAMS 0x00000006e3b00000, 0x00000006e3b00000| Untracked 
|  48|0x00000006e3c00000, 0x00000006e3c00000, 0x00000006e3d00000|  0%| F|  |TAMS 0x00000006e3c00000, 0x00000006e3c00000| Untracked 
|  49|0x00000006e3d00000, 0x00000006e3d00000, 0x00000006e3e00000|  0%| F|  |TAMS 0x00000006e3d00000, 0x00000006e3d00000| Untracked 
|  50|0x00000006e3e00000, 0x00000006e3e00000, 0x00000006e3f00000|  0%| F|  |TAMS 0x00000006e3e00000, 0x00000006e3e00000| Untracked 
|  51|0x00000006e3f00000, 0x00000006e3f00000, 0x00000006e4000000|  0%| F|  |TAMS 0x00000006e3f00000, 0x00000006e3f00000| Untracked 
|  52|0x00000006e4000000, 0x00000006e4000000, 0x00000006e4100000|  0%| F|  |TAMS 0x00000006e4000000, 0x00000006e4000000| Untracked 
|  53|0x00000006e4100000, 0x00000006e4100000, 0x00000006e4200000|  0%| F|  |TAMS 0x00000006e4100000, 0x00000006e4100000| Untracked 
|  54|0x00000006e4200000, 0x00000006e4200000, 0x00000006e4300000|  0%| F|  |TAMS 0x00000006e4200000, 0x00000006e4200000| Untracked 
|  55|0x00000006e4300000, 0x00000006e4300000, 0x00000006e4400000|  0%| F|  |TAMS 0x00000006e4300000, 0x00000006e4300000| Untracked 
|  56|0x00000006e4400000, 0x00000006e4400000, 0x00000006e4500000|  0%| F|  |TAMS 0x00000006e4400000, 0x00000006e4400000| Untracked 
|  57|0x00000006e4500000, 0x00000006e4500000, 0x00000006e4600000|  0%| F|  |TAMS 0x00000006e4500000, 0x00000006e4500000| Untracked 
|  58|0x00000006e4600000, 0x00000006e4600000, 0x00000006e4700000|  0%| F|  |TAMS 0x00000006e4600000, 0x00000006e4600000| Untracked 
|  59|0x00000006e4700000, 0x00000006e4700000, 0x00000006e4800000|  0%| F|  |TAMS 0x00000006e4700000, 0x00000006e4700000| Untracked 
|  60|0x00000006e4800000, 0x00000006e4800000, 0x00000006e4900000|  0%| F|  |TAMS 0x00000006e4800000, 0x00000006e4800000| Untracked 
|  61|0x00000006e4900000, 0x00000006e4900000, 0x00000006e4a00000|  0%| F|  |TAMS 0x00000006e4900000, 0x00000006e4900000| Untracked 
|  62|0x00000006e4a00000, 0x00000006e4a00000, 0x00000006e4b00000|  0%| F|  |TAMS 0x00000006e4a00000, 0x00000006e4a00000| Untracked 
|  63|0x00000006e4b00000, 0x00000006e4b00000, 0x00000006e4c00000|  0%| F|  |TAMS 0x00000006e4b00000, 0x00000006e4b00000| Untracked 
|  64|0x00000006e4c00000, 0x00000006e4c00000, 0x00000006e4d00000|  0%| F|  |TAMS 0x00000006e4c00000, 0x00000006e4c00000| Untracked 
|  65|0x00000006e4d00000, 0x00000006e4d00000, 0x00000006e4e00000|  0%| F|  |TAMS 0x00000006e4d00000, 0x00000006e4d00000| Untracked 
|  66|0x00000006e4e00000, 0x00000006e4e00000, 0x00000006e4f00000|  0%| F|  |TAMS 0x00000006e4e00000, 0x00000006e4e00000| Untracked 
|  67|0x00000006e4f00000, 0x00000006e4f00000, 0x00000006e5000000|  0%| F|  |TAMS 0x00000006e4f00000, 0x00000006e4f00000| Untracked 
|  68|0x00000006e5000000, 0x00000006e5000000, 0x00000006e5100000|  0%| F|  |TAMS 0x00000006e5000000, 0x00000006e5000000| Untracked 
|  69|0x00000006e5100000, 0x00000006e5100000, 0x00000006e5200000|  0%| F|  |TAMS 0x00000006e5100000, 0x00000006e5100000| Untracked 
|  70|0x00000006e5200000, 0x00000006e5200000, 0x00000006e5300000|  0%| F|  |TAMS 0x00000006e5200000, 0x00000006e5200000| Untracked 
|  71|0x00000006e5300000, 0x00000006e5300000, 0x00000006e5400000|  0%| F|  |TAMS 0x00000006e5300000, 0x00000006e5300000| Untracked 
|  72|0x00000006e5400000, 0x00000006e5400000, 0x00000006e5500000|  0%| F|  |TAMS 0x00000006e5400000, 0x00000006e5400000| Untracked 
|  73|0x00000006e5500000, 0x00000006e5500000, 0x00000006e5600000|  0%| F|  |TAMS 0x00000006e5500000, 0x00000006e5500000| Untracked 
|  74|0x00000006e5600000, 0x00000006e5600000, 0x00000006e5700000|  0%| F|  |TAMS 0x00000006e5600000, 0x00000006e5600000| Untracked 
|  75|0x00000006e5700000, 0x00000006e5700000, 0x00000006e5800000|  0%| F|  |TAMS 0x00000006e5700000, 0x00000006e5700000| Untracked 
|  76|0x00000006e5800000, 0x00000006e5800000, 0x00000006e5900000|  0%| F|  |TAMS 0x00000006e5800000, 0x00000006e5800000| Untracked 
|  77|0x00000006e5900000, 0x00000006e5900000, 0x00000006e5a00000|  0%| F|  |TAMS 0x00000006e5900000, 0x00000006e5900000| Untracked 
|  78|0x00000006e5a00000, 0x00000006e5a00000, 0x00000006e5b00000|  0%| F|  |TAMS 0x00000006e5a00000, 0x00000006e5a00000| Untracked 
|  79|0x00000006e5b00000, 0x00000006e5b00000, 0x00000006e5c00000|  0%| F|  |TAMS 0x00000006e5b00000, 0x00000006e5b00000| Untracked 
|  80|0x00000006e5c00000, 0x00000006e5c00000, 0x00000006e5d00000|  0%| F|  |TAMS 0x00000006e5c00000, 0x00000006e5c00000| Untracked 
|  81|0x00000006e5d00000, 0x00000006e5d00000, 0x00000006e5e00000|  0%| F|  |TAMS 0x00000006e5d00000, 0x00000006e5d00000| Untracked 
|  82|0x00000006e5e00000, 0x00000006e5e00000, 0x00000006e5f00000|  0%| F|  |TAMS 0x00000006e5e00000, 0x00000006e5e00000| Untracked 
|  83|0x00000006e5f00000, 0x00000006e5f00000, 0x00000006e6000000|  0%| F|  |TAMS 0x00000006e5f00000, 0x00000006e5f00000| Untracked 
|  84|0x00000006e6000000, 0x00000006e6000000, 0x00000006e6100000|  0%| F|  |TAMS 0x00000006e6000000, 0x00000006e6000000| Untracked 
|  85|0x00000006e6100000, 0x00000006e6100000, 0x00000006e6200000|  0%| F|  |TAMS 0x00000006e6100000, 0x00000006e6100000| Untracked 
|  86|0x00000006e6200000, 0x00000006e6200000, 0x00000006e6300000|  0%| F|  |TAMS 0x00000006e6200000, 0x00000006e6200000| Untracked 
|  87|0x00000006e6300000, 0x00000006e6300000, 0x00000006e6400000|  0%| F|  |TAMS 0x00000006e6300000, 0x00000006e6300000| Untracked 
|  88|0x00000006e6400000, 0x00000006e6400000, 0x00000006e6500000|  0%| F|  |TAMS 0x00000006e6400000, 0x00000006e6400000| Untracked 
|  89|0x00000006e6500000, 0x00000006e6500000, 0x00000006e6600000|  0%| F|  |TAMS 0x00000006e6500000, 0x00000006e6500000| Untracked 
|  90|0x00000006e6600000, 0x00000006e6600000, 0x00000006e6700000|  0%| F|  |TAMS 0x00000006e6600000, 0x00000006e6600000| Untracked 
|  91|0x00000006e6700000, 0x00000006e6700000, 0x00000006e6800000|  0%| F|  |TAMS 0x00000006e6700000, 0x00000006e6700000| Untracked 
|  92|0x00000006e6800000, 0x00000006e6800000, 0x00000006e6900000|  0%| F|  |TAMS 0x00000006e6800000, 0x00000006e6800000| Untracked 
|  93|0x00000006e6900000, 0x00000006e6900000, 0x00000006e6a00000|  0%| F|  |TAMS 0x00000006e6900000, 0x00000006e6900000| Untracked 
|  94|0x00000006e6a00000, 0x00000006e6a00000, 0x00000006e6b00000|  0%| F|  |TAMS 0x00000006e6a00000, 0x00000006e6a00000| Untracked 
|  95|0x00000006e6b00000, 0x00000006e6b00000, 0x00000006e6c00000|  0%| F|  |TAMS 0x00000006e6b00000, 0x00000006e6b00000| Untracked 
|  96|0x00000006e6c00000, 0x00000006e6c00000, 0x00000006e6d00000|  0%| F|  |TAMS 0x00000006e6c00000, 0x00000006e6c00000| Untracked 
|  97|0x00000006e6d00000, 0x00000006e6d00000, 0x00000006e6e00000|  0%| F|  |TAMS 0x00000006e6d00000, 0x00000006e6d00000| Untracked 
|  98|0x00000006e6e00000, 0x00000006e6e00000, 0x00000006e6f00000|  0%| F|  |TAMS 0x00000006e6e00000, 0x00000006e6e00000| Untracked 
|  99|0x00000006e6f00000, 0x00000006e6f00000, 0x00000006e7000000|  0%| F|  |TAMS 0x00000006e6f00000, 0x00000006e6f00000| Untracked 
| 100|0x00000006e7000000, 0x00000006e7000000, 0x00000006e7100000|  0%| F|  |TAMS 0x00000006e7000000, 0x00000006e7000000| Untracked 
| 101|0x00000006e7100000, 0x00000006e7100000, 0x00000006e7200000|  0%| F|  |TAMS 0x00000006e7100000, 0x00000006e7100000| Untracked 
| 102|0x00000006e7200000, 0x00000006e7200000, 0x00000006e7300000|  0%| F|  |TAMS 0x00000006e7200000, 0x00000006e7200000| Untracked 
| 103|0x00000006e7300000, 0x00000006e7300000, 0x00000006e7400000|  0%| F|  |TAMS 0x00000006e7300000, 0x00000006e7300000| Untracked 
| 104|0x00000006e7400000, 0x00000006e7400000, 0x00000006e7500000|  0%| F|  |TAMS 0x00000006e7400000, 0x00000006e7400000| Untracked 
| 105|0x00000006e7500000, 0x00000006e7500000, 0x00000006e7600000|  0%| F|  |TAMS 0x00000006e7500000, 0x00000006e7500000| Untracked 
| 106|0x00000006e7600000, 0x00000006e7600000, 0x00000006e7700000|  0%| F|  |TAMS 0x00000006e7600000, 0x00000006e7600000| Untracked 
| 107|0x00000006e7700000, 0x00000006e7700000, 0x00000006e7800000|  0%| F|  |TAMS 0x00000006e7700000, 0x00000006e7700000| Untracked 
| 108|0x00000006e7800000, 0x00000006e7800000, 0x00000006e7900000|  0%| F|  |TAMS 0x00000006e7800000, 0x00000006e7800000| Untracked 
| 109|0x00000006e7900000, 0x00000006e7900000, 0x00000006e7a00000|  0%| F|  |TAMS 0x00000006e7900000, 0x00000006e7900000| Untracked 
| 110|0x00000006e7a00000, 0x00000006e7a00000, 0x00000006e7b00000|  0%| F|  |TAMS 0x00000006e7a00000, 0x00000006e7a00000| Untracked 
| 111|0x00000006e7b00000, 0x00000006e7b00000, 0x00000006e7c00000|  0%| F|  |TAMS 0x00000006e7b00000, 0x00000006e7b00000| Untracked 
| 112|0x00000006e7c00000, 0x00000006e7c00000, 0x00000006e7d00000|  0%| F|  |TAMS 0x00000006e7c00000, 0x00000006e7c00000| Untracked 
| 113|0x00000006e7d00000, 0x00000006e7d00000, 0x00000006e7e00000|  0%| F|  |TAMS 0x00000006e7d00000, 0x00000006e7d00000| Untracked 
| 114|0x00000006e7e00000, 0x00000006e7e00000, 0x00000006e7f00000|  0%| F|  |TAMS 0x00000006e7e00000, 0x00000006e7e00000| Untracked 
| 115|0x00000006e7f00000, 0x00000006e7f00000, 0x00000006e8000000|  0%| F|  |TAMS 0x00000006e7f00000, 0x00000006e7f00000| Untracked 
| 116|0x00000006e8000000, 0x00000006e8000000, 0x00000006e8100000|  0%| F|  |TAMS 0x00000006e8000000, 0x00000006e8000000| Untracked 
| 117|0x00000006e8100000, 0x00000006e8100000, 0x00000006e8200000|  0%| F|  |TAMS 0x00000006e8100000, 0x00000006e8100000| Untracked 
| 118|0x00000006e8200000, 0x00000006e8200000, 0x00000006e8300000|  0%| F|  |TAMS 0x00000006e8200000, 0x00000006e8200000| Untracked 
| 119|0x00000006e8300000, 0x00000006e8300000, 0x00000006e8400000|  0%| F|  |TAMS 0x00000006e8300000, 0x00000006e8300000| Untracked 
| 120|0x00000006e8400000, 0x00000006e8400000, 0x00000006e8500000|  0%| F|  |TAMS 0x00000006e8400000, 0x00000006e8400000| Untracked 
| 121|0x00000006e8500000, 0x00000006e8500000, 0x00000006e8600000|  0%| F|  |TAMS 0x00000006e8500000, 0x00000006e8500000| Untracked 
| 122|0x00000006e8600000, 0x00000006e8600000, 0x00000006e8700000|  0%| F|  |TAMS 0x00000006e8600000, 0x00000006e8600000| Untracked 
| 123|0x00000006e8700000, 0x00000006e8700000, 0x00000006e8800000|  0%| F|  |TAMS 0x00000006e8700000, 0x00000006e8700000| Untracked 
| 124|0x00000006e8800000, 0x00000006e8800000, 0x00000006e8900000|  0%| F|  |TAMS 0x00000006e8800000, 0x00000006e8800000| Untracked 
| 125|0x00000006e8900000, 0x00000006e8900000, 0x00000006e8a00000|  0%| F|  |TAMS 0x00000006e8900000, 0x00000006e8900000| Untracked 
| 126|0x00000006e8a00000, 0x00000006e8a00000, 0x00000006e8b00000|  0%| F|  |TAMS 0x00000006e8a00000, 0x00000006e8a00000| Untracked 
| 127|0x00000006e8b00000, 0x00000006e8b00000, 0x00000006e8c00000|  0%| F|  |TAMS 0x00000006e8b00000, 0x00000006e8b00000| Untracked 
| 128|0x00000006e8c00000, 0x00000006e8c00000, 0x00000006e8d00000|  0%| F|  |TAMS 0x00000006e8c00000, 0x00000006e8c00000| Untracked 
| 129|0x00000006e8d00000, 0x00000006e8d00000, 0x00000006e8e00000|  0%| F|  |TAMS 0x00000006e8d00000, 0x00000006e8d00000| Untracked 
| 130|0x00000006e8e00000, 0x00000006e8e00000, 0x00000006e8f00000|  0%| F|  |TAMS 0x00000006e8e00000, 0x00000006e8e00000| Untracked 
| 131|0x00000006e8f00000, 0x00000006e8f00000, 0x00000006e9000000|  0%| F|  |TAMS 0x00000006e8f00000, 0x00000006e8f00000| Untracked 
| 132|0x00000006e9000000, 0x00000006e9000000, 0x00000006e9100000|  0%| F|  |TAMS 0x00000006e9000000, 0x00000006e9000000| Untracked 
| 133|0x00000006e9100000, 0x00000006e9100000, 0x00000006e9200000|  0%| F|  |TAMS 0x00000006e9100000, 0x00000006e9100000| Untracked 
| 134|0x00000006e9200000, 0x00000006e9200000, 0x00000006e9300000|  0%| F|  |TAMS 0x00000006e9200000, 0x00000006e9200000| Untracked 
| 135|0x00000006e9300000, 0x00000006e9300000, 0x00000006e9400000|  0%| F|  |TAMS 0x00000006e9300000, 0x00000006e9300000| Untracked 
| 136|0x00000006e9400000, 0x00000006e9400000, 0x00000006e9500000|  0%| F|  |TAMS 0x00000006e9400000, 0x00000006e9400000| Untracked 
| 137|0x00000006e9500000, 0x00000006e9500000, 0x00000006e9600000|  0%| F|  |TAMS 0x00000006e9500000, 0x00000006e9500000| Untracked 
| 138|0x00000006e9600000, 0x00000006e9600000, 0x00000006e9700000|  0%| F|  |TAMS 0x00000006e9600000, 0x00000006e9600000| Untracked 
| 139|0x00000006e9700000, 0x00000006e9700000, 0x00000006e9800000|  0%| F|  |TAMS 0x00000006e9700000, 0x00000006e9700000| Untracked 
| 140|0x00000006e9800000, 0x00000006e9800000, 0x00000006e9900000|  0%| F|  |TAMS 0x00000006e9800000, 0x00000006e9800000| Untracked 
| 141|0x00000006e9900000, 0x00000006e9900000, 0x00000006e9a00000|  0%| F|  |TAMS 0x00000006e9900000, 0x00000006e9900000| Untracked 
| 142|0x00000006e9a00000, 0x00000006e9a00000, 0x00000006e9b00000|  0%| F|  |TAMS 0x00000006e9a00000, 0x00000006e9a00000| Untracked 
| 143|0x00000006e9b00000, 0x00000006e9b00000, 0x00000006e9c00000|  0%| F|  |TAMS 0x00000006e9b00000, 0x00000006e9b00000| Untracked 
| 144|0x00000006e9c00000, 0x00000006e9c00000, 0x00000006e9d00000|  0%| F|  |TAMS 0x00000006e9c00000, 0x00000006e9c00000| Untracked 
| 145|0x00000006e9d00000, 0x00000006e9d00000, 0x00000006e9e00000|  0%| F|  |TAMS 0x00000006e9d00000, 0x00000006e9d00000| Untracked 
| 146|0x00000006e9e00000, 0x00000006e9e00000, 0x00000006e9f00000|  0%| F|  |TAMS 0x00000006e9e00000, 0x00000006e9e00000| Untracked 
| 147|0x00000006e9f00000, 0x00000006e9f00000, 0x00000006ea000000|  0%| F|  |TAMS 0x00000006e9f00000, 0x00000006e9f00000| Untracked 
| 148|0x00000006ea000000, 0x00000006ea000000, 0x00000006ea100000|  0%| F|  |TAMS 0x00000006ea000000, 0x00000006ea000000| Untracked 
| 149|0x00000006ea100000, 0x00000006ea100000, 0x00000006ea200000|  0%| F|  |TAMS 0x00000006ea100000, 0x00000006ea100000| Untracked 
| 150|0x00000006ea200000, 0x00000006ea200000, 0x00000006ea300000|  0%| F|  |TAMS 0x00000006ea200000, 0x00000006ea200000| Untracked 
| 151|0x00000006ea300000, 0x00000006ea300000, 0x00000006ea400000|  0%| F|  |TAMS 0x00000006ea300000, 0x00000006ea300000| Untracked 
| 152|0x00000006ea400000, 0x00000006ea400000, 0x00000006ea500000|  0%| F|  |TAMS 0x00000006ea400000, 0x00000006ea400000| Untracked 
| 153|0x00000006ea500000, 0x00000006ea500000, 0x00000006ea600000|  0%| F|  |TAMS 0x00000006ea500000, 0x00000006ea500000| Untracked 
| 154|0x00000006ea600000, 0x00000006ea600000, 0x00000006ea700000|  0%| F|  |TAMS 0x00000006ea600000, 0x00000006ea600000| Untracked 
| 155|0x00000006ea700000, 0x00000006ea700000, 0x00000006ea800000|  0%| F|  |TAMS 0x00000006ea700000, 0x00000006ea700000| Untracked 
| 156|0x00000006ea800000, 0x00000006ea800000, 0x00000006ea900000|  0%| F|  |TAMS 0x00000006ea800000, 0x00000006ea800000| Untracked 
| 157|0x00000006ea900000, 0x00000006ea900000, 0x00000006eaa00000|  0%| F|  |TAMS 0x00000006ea900000, 0x00000006ea900000| Untracked 
| 158|0x00000006eaa00000, 0x00000006eaa00000, 0x00000006eab00000|  0%| F|  |TAMS 0x00000006eaa00000, 0x00000006eaa00000| Untracked 
| 159|0x00000006eab00000, 0x00000006eab00000, 0x00000006eac00000|  0%| F|  |TAMS 0x00000006eab00000, 0x00000006eab00000| Untracked 
| 160|0x00000006eac00000, 0x00000006eac00000, 0x00000006ead00000|  0%| F|  |TAMS 0x00000006eac00000, 0x00000006eac00000| Untracked 
| 161|0x00000006ead00000, 0x00000006ead00000, 0x00000006eae00000|  0%| F|  |TAMS 0x00000006ead00000, 0x00000006ead00000| Untracked 
| 162|0x00000006eae00000, 0x00000006eae00000, 0x00000006eaf00000|  0%| F|  |TAMS 0x00000006eae00000, 0x00000006eae00000| Untracked 
| 163|0x00000006eaf00000, 0x00000006eaf00000, 0x00000006eb000000|  0%| F|  |TAMS 0x00000006eaf00000, 0x00000006eaf00000| Untracked 
| 164|0x00000006eb000000, 0x00000006eb000000, 0x00000006eb100000|  0%| F|  |TAMS 0x00000006eb000000, 0x00000006eb000000| Untracked 
| 165|0x00000006eb100000, 0x00000006eb100000, 0x00000006eb200000|  0%| F|  |TAMS 0x00000006eb100000, 0x00000006eb100000| Untracked 
| 166|0x00000006eb200000, 0x00000006eb200000, 0x00000006eb300000|  0%| F|  |TAMS 0x00000006eb200000, 0x00000006eb200000| Untracked 
| 167|0x00000006eb300000, 0x00000006eb300000, 0x00000006eb400000|  0%| F|  |TAMS 0x00000006eb300000, 0x00000006eb300000| Untracked 
| 168|0x00000006eb400000, 0x00000006eb400000, 0x00000006eb500000|  0%| F|  |TAMS 0x00000006eb400000, 0x00000006eb400000| Untracked 
| 169|0x00000006eb500000, 0x00000006eb500000, 0x00000006eb600000|  0%| F|  |TAMS 0x00000006eb500000, 0x00000006eb500000| Untracked 
| 170|0x00000006eb600000, 0x00000006eb600000, 0x00000006eb700000|  0%| F|  |TAMS 0x00000006eb600000, 0x00000006eb600000| Untracked 
| 171|0x00000006eb700000, 0x00000006eb700000, 0x00000006eb800000|  0%| F|  |TAMS 0x00000006eb700000, 0x00000006eb700000| Untracked 
| 172|0x00000006eb800000, 0x00000006eb800000, 0x00000006eb900000|  0%| F|  |TAMS 0x00000006eb800000, 0x00000006eb800000| Untracked 
| 173|0x00000006eb900000, 0x00000006eb900000, 0x00000006eba00000|  0%| F|  |TAMS 0x00000006eb900000, 0x00000006eb900000| Untracked 
| 174|0x00000006eba00000, 0x00000006eba00000, 0x00000006ebb00000|  0%| F|  |TAMS 0x00000006eba00000, 0x00000006eba00000| Untracked 
| 175|0x00000006ebb00000, 0x00000006ebb00000, 0x00000006ebc00000|  0%| F|  |TAMS 0x00000006ebb00000, 0x00000006ebb00000| Untracked 
| 176|0x00000006ebc00000, 0x00000006ebc00000, 0x00000006ebd00000|  0%| F|  |TAMS 0x00000006ebc00000, 0x00000006ebc00000| Untracked 
| 177|0x00000006ebd00000, 0x00000006ebd00000, 0x00000006ebe00000|  0%| F|  |TAMS 0x00000006ebd00000, 0x00000006ebd00000| Untracked 
| 178|0x00000006ebe00000, 0x00000006ebe00000, 0x00000006ebf00000|  0%| F|  |TAMS 0x00000006ebe00000, 0x00000006ebe00000| Untracked 
| 179|0x00000006ebf00000, 0x00000006ebf00000, 0x00000006ec000000|  0%| F|  |TAMS 0x00000006ebf00000, 0x00000006ebf00000| Untracked 
| 180|0x00000006ec000000, 0x00000006ec000000, 0x00000006ec100000|  0%| F|  |TAMS 0x00000006ec000000, 0x00000006ec000000| Untracked 
| 181|0x00000006ec100000, 0x00000006ec100000, 0x00000006ec200000|  0%| F|  |TAMS 0x00000006ec100000, 0x00000006ec100000| Untracked 
| 182|0x00000006ec200000, 0x00000006ec200000, 0x00000006ec300000|  0%| F|  |TAMS 0x00000006ec200000, 0x00000006ec200000| Untracked 
| 183|0x00000006ec300000, 0x00000006ec300000, 0x00000006ec400000|  0%| F|  |TAMS 0x00000006ec300000, 0x00000006ec300000| Untracked 
| 184|0x00000006ec400000, 0x00000006ec400000, 0x00000006ec500000|  0%| F|  |TAMS 0x00000006ec400000, 0x00000006ec400000| Untracked 
| 185|0x00000006ec500000, 0x00000006ec500000, 0x00000006ec600000|  0%| F|  |TAMS 0x00000006ec500000, 0x00000006ec500000| Untracked 
| 186|0x00000006ec600000, 0x00000006ec600000, 0x00000006ec700000|  0%| F|  |TAMS 0x00000006ec600000, 0x00000006ec600000| Untracked 
| 187|0x00000006ec700000, 0x00000006ec700000, 0x00000006ec800000|  0%| F|  |TAMS 0x00000006ec700000, 0x00000006ec700000| Untracked 
| 188|0x00000006ec800000, 0x00000006ec800000, 0x00000006ec900000|  0%| F|  |TAMS 0x00000006ec800000, 0x00000006ec800000| Untracked 
| 189|0x00000006ec900000, 0x00000006ec900000, 0x00000006eca00000|  0%| F|  |TAMS 0x00000006ec900000, 0x00000006ec900000| Untracked 
| 190|0x00000006eca00000, 0x00000006eca00000, 0x00000006ecb00000|  0%| F|  |TAMS 0x00000006eca00000, 0x00000006eca00000| Untracked 
| 191|0x00000006ecb00000, 0x00000006ecb00000, 0x00000006ecc00000|  0%| F|  |TAMS 0x00000006ecb00000, 0x00000006ecb00000| Untracked 
| 192|0x00000006ecc00000, 0x00000006ecc00000, 0x00000006ecd00000|  0%| F|  |TAMS 0x00000006ecc00000, 0x00000006ecc00000| Untracked 
| 193|0x00000006ecd00000, 0x00000006ecd00000, 0x00000006ece00000|  0%| F|  |TAMS 0x00000006ecd00000, 0x00000006ecd00000| Untracked 
| 194|0x00000006ece00000, 0x00000006ece00000, 0x00000006ecf00000|  0%| F|  |TAMS 0x00000006ece00000, 0x00000006ece00000| Untracked 
| 195|0x00000006ecf00000, 0x00000006ecf00000, 0x00000006ed000000|  0%| F|  |TAMS 0x00000006ecf00000, 0x00000006ecf00000| Untracked 
| 196|0x00000006ed000000, 0x00000006ed000000, 0x00000006ed100000|  0%| F|  |TAMS 0x00000006ed000000, 0x00000006ed000000| Untracked 
| 197|0x00000006ed100000, 0x00000006ed100000, 0x00000006ed200000|  0%| F|  |TAMS 0x00000006ed100000, 0x00000006ed100000| Untracked 
| 198|0x00000006ed200000, 0x00000006ed200000, 0x00000006ed300000|  0%| F|  |TAMS 0x00000006ed200000, 0x00000006ed200000| Untracked 
| 199|0x00000006ed300000, 0x00000006ed300000, 0x00000006ed400000|  0%| F|  |TAMS 0x00000006ed300000, 0x00000006ed300000| Untracked 
| 200|0x00000006ed400000, 0x00000006ed400000, 0x00000006ed500000|  0%| F|  |TAMS 0x00000006ed400000, 0x00000006ed400000| Untracked 
| 201|0x00000006ed500000, 0x00000006ed500000, 0x00000006ed600000|  0%| F|  |TAMS 0x00000006ed500000, 0x00000006ed500000| Untracked 
| 202|0x00000006ed600000, 0x00000006ed600000, 0x00000006ed700000|  0%| F|  |TAMS 0x00000006ed600000, 0x00000006ed600000| Untracked 
| 203|0x00000006ed700000, 0x00000006ed700000, 0x00000006ed800000|  0%| F|  |TAMS 0x00000006ed700000, 0x00000006ed700000| Untracked 
| 204|0x00000006ed800000, 0x00000006ed800000, 0x00000006ed900000|  0%| F|  |TAMS 0x00000006ed800000, 0x00000006ed800000| Untracked 
| 205|0x00000006ed900000, 0x00000006ed900000, 0x00000006eda00000|  0%| F|  |TAMS 0x00000006ed900000, 0x00000006ed900000| Untracked 
| 206|0x00000006eda00000, 0x00000006eda00000, 0x00000006edb00000|  0%| F|  |TAMS 0x00000006eda00000, 0x00000006eda00000| Untracked 
| 207|0x00000006edb00000, 0x00000006edb00000, 0x00000006edc00000|  0%| F|  |TAMS 0x00000006edb00000, 0x00000006edb00000| Untracked 
| 208|0x00000006edc00000, 0x00000006edc00000, 0x00000006edd00000|  0%| F|  |TAMS 0x00000006edc00000, 0x00000006edc00000| Untracked 
| 209|0x00000006edd00000, 0x00000006edd00000, 0x00000006ede00000|  0%| F|  |TAMS 0x00000006edd00000, 0x00000006edd00000| Untracked 
| 210|0x00000006ede00000, 0x00000006ede00000, 0x00000006edf00000|  0%| F|  |TAMS 0x00000006ede00000, 0x00000006ede00000| Untracked 
| 211|0x00000006edf00000, 0x00000006edf00000, 0x00000006ee000000|  0%| F|  |TAMS 0x00000006edf00000, 0x00000006edf00000| Untracked 
| 212|0x00000006ee000000, 0x00000006ee000000, 0x00000006ee100000|  0%| F|  |TAMS 0x00000006ee000000, 0x00000006ee000000| Untracked 
| 213|0x00000006ee100000, 0x00000006ee100000, 0x00000006ee200000|  0%| F|  |TAMS 0x00000006ee100000, 0x00000006ee100000| Untracked 
| 214|0x00000006ee200000, 0x00000006ee200000, 0x00000006ee300000|  0%| F|  |TAMS 0x00000006ee200000, 0x00000006ee200000| Untracked 
| 215|0x00000006ee300000, 0x00000006ee300000, 0x00000006ee400000|  0%| F|  |TAMS 0x00000006ee300000, 0x00000006ee300000| Untracked 
| 216|0x00000006ee400000, 0x00000006ee400000, 0x00000006ee500000|  0%| F|  |TAMS 0x00000006ee400000, 0x00000006ee400000| Untracked 
| 217|0x00000006ee500000, 0x00000006ee500000, 0x00000006ee600000|  0%| F|  |TAMS 0x00000006ee500000, 0x00000006ee500000| Untracked 
| 218|0x00000006ee600000, 0x00000006ee600000, 0x00000006ee700000|  0%| F|  |TAMS 0x00000006ee600000, 0x00000006ee600000| Untracked 
| 219|0x00000006ee700000, 0x00000006ee700000, 0x00000006ee800000|  0%| F|  |TAMS 0x00000006ee700000, 0x00000006ee700000| Untracked 
| 220|0x00000006ee800000, 0x00000006ee800000, 0x00000006ee900000|  0%| F|  |TAMS 0x00000006ee800000, 0x00000006ee800000| Untracked 
| 221|0x00000006ee900000, 0x00000006ee900000, 0x00000006eea00000|  0%| F|  |TAMS 0x00000006ee900000, 0x00000006ee900000| Untracked 
| 222|0x00000006eea00000, 0x00000006eea00000, 0x00000006eeb00000|  0%| F|  |TAMS 0x00000006eea00000, 0x00000006eea00000| Untracked 
| 223|0x00000006eeb00000, 0x00000006eeb00000, 0x00000006eec00000|  0%| F|  |TAMS 0x00000006eeb00000, 0x00000006eeb00000| Untracked 
| 224|0x00000006eec00000, 0x00000006eec00000, 0x00000006eed00000|  0%| F|  |TAMS 0x00000006eec00000, 0x00000006eec00000| Untracked 
| 225|0x00000006eed00000, 0x00000006eed00000, 0x00000006eee00000|  0%| F|  |TAMS 0x00000006eed00000, 0x00000006eed00000| Untracked 
| 226|0x00000006eee00000, 0x00000006eee00000, 0x00000006eef00000|  0%| F|  |TAMS 0x00000006eee00000, 0x00000006eee00000| Untracked 
| 227|0x00000006eef00000, 0x00000006eef00000, 0x00000006ef000000|  0%| F|  |TAMS 0x00000006eef00000, 0x00000006eef00000| Untracked 
| 228|0x00000006ef000000, 0x00000006ef000000, 0x00000006ef100000|  0%| F|  |TAMS 0x00000006ef000000, 0x00000006ef000000| Untracked 
| 229|0x00000006ef100000, 0x00000006ef100000, 0x00000006ef200000|  0%| F|  |TAMS 0x00000006ef100000, 0x00000006ef100000| Untracked 
| 230|0x00000006ef200000, 0x00000006ef200000, 0x00000006ef300000|  0%| F|  |TAMS 0x00000006ef200000, 0x00000006ef200000| Untracked 
| 231|0x00000006ef300000, 0x00000006ef300000, 0x00000006ef400000|  0%| F|  |TAMS 0x00000006ef300000, 0x00000006ef300000| Untracked 
| 232|0x00000006ef400000, 0x00000006ef400000, 0x00000006ef500000|  0%| F|  |TAMS 0x00000006ef400000, 0x00000006ef400000| Untracked 
| 233|0x00000006ef500000, 0x00000006ef500000, 0x00000006ef600000|  0%| F|  |TAMS 0x00000006ef500000, 0x00000006ef500000| Untracked 
| 234|0x00000006ef600000, 0x00000006ef600000, 0x00000006ef700000|  0%| F|  |TAMS 0x00000006ef600000, 0x00000006ef600000| Untracked 
| 235|0x00000006ef700000, 0x00000006ef700000, 0x00000006ef800000|  0%| F|  |TAMS 0x00000006ef700000, 0x00000006ef700000| Untracked 
| 236|0x00000006ef800000, 0x00000006ef800000, 0x00000006ef900000|  0%| F|  |TAMS 0x00000006ef800000, 0x00000006ef800000| Untracked 
| 237|0x00000006ef900000, 0x00000006ef900000, 0x00000006efa00000|  0%| F|  |TAMS 0x00000006ef900000, 0x00000006ef900000| Untracked 
| 238|0x00000006efa00000, 0x00000006efa00000, 0x00000006efb00000|  0%| F|  |TAMS 0x00000006efa00000, 0x00000006efa00000| Untracked 
| 239|0x00000006efb00000, 0x00000006efb00000, 0x00000006efc00000|  0%| F|  |TAMS 0x00000006efb00000, 0x00000006efb00000| Untracked 
| 240|0x00000006efc00000, 0x00000006efc00000, 0x00000006efd00000|  0%| F|  |TAMS 0x00000006efc00000, 0x00000006efc00000| Untracked 
| 241|0x00000006efd00000, 0x00000006efd00000, 0x00000006efe00000|  0%| F|  |TAMS 0x00000006efd00000, 0x00000006efd00000| Untracked 
| 242|0x00000006efe00000, 0x00000006efe80800, 0x00000006eff00000| 50%| E|  |TAMS 0x00000006efe00000, 0x00000006efe00000| Complete 
| 243|0x00000006eff00000, 0x00000006f0000000, 0x00000006f0000000|100%| E|CS|TAMS 0x00000006eff00000, 0x00000006eff00000| Complete 
| 244|0x00000006f0000000, 0x00000006f0100000, 0x00000006f0100000|100%| E|CS|TAMS 0x00000006f0000000, 0x00000006f0000000| Complete 
| 245|0x00000006f0100000, 0x00000006f0200000, 0x00000006f0200000|100%| E|CS|TAMS 0x00000006f0100000, 0x00000006f0100000| Complete 
| 246|0x00000006f0200000, 0x00000006f0300000, 0x00000006f0300000|100%| E|CS|TAMS 0x00000006f0200000, 0x00000006f0200000| Complete 
| 247|0x00000006f0300000, 0x00000006f0400000, 0x00000006f0400000|100%| E|CS|TAMS 0x00000006f0300000, 0x00000006f0300000| Complete 
| 248|0x00000006f0400000, 0x00000006f0500000, 0x00000006f0500000|100%| E|CS|TAMS 0x00000006f0400000, 0x00000006f0400000| Complete 
| 249|0x00000006f0500000, 0x00000006f0600000, 0x00000006f0600000|100%| E|CS|TAMS 0x00000006f0500000, 0x00000006f0500000| Complete 
| 250|0x00000006f0600000, 0x00000006f0700000, 0x00000006f0700000|100%| E|CS|TAMS 0x00000006f0600000, 0x00000006f0600000| Complete 
| 251|0x00000006f0700000, 0x00000006f0800000, 0x00000006f0800000|100%| E|CS|TAMS 0x00000006f0700000, 0x00000006f0700000| Complete 
| 252|0x00000006f0800000, 0x00000006f0900000, 0x00000006f0900000|100%| E|CS|TAMS 0x00000006f0800000, 0x00000006f0800000| Complete 
| 253|0x00000006f0900000, 0x00000006f0a00000, 0x00000006f0a00000|100%| E|CS|TAMS 0x00000006f0900000, 0x00000006f0900000| Complete 
| 254|0x00000006f0a00000, 0x00000006f0b00000, 0x00000006f0b00000|100%| E|CS|TAMS 0x00000006f0a00000, 0x00000006f0a00000| Complete 
| 255|0x00000006f0b00000, 0x00000006f0c00000, 0x00000006f0c00000|100%| E|CS|TAMS 0x00000006f0b00000, 0x00000006f0b00000| Complete 
| 256|0x00000006f0c00000, 0x00000006f0d00000, 0x00000006f0d00000|100%| E|CS|TAMS 0x00000006f0c00000, 0x00000006f0c00000| Complete 
| 257|0x00000006f0d00000, 0x00000006f0e00000, 0x00000006f0e00000|100%| E|CS|TAMS 0x00000006f0d00000, 0x00000006f0d00000| Complete 
| 258|0x00000006f0e00000, 0x00000006f0f00000, 0x00000006f0f00000|100%| E|CS|TAMS 0x00000006f0e00000, 0x00000006f0e00000| Complete 
| 259|0x00000006f0f00000, 0x00000006f1000000, 0x00000006f1000000|100%| E|CS|TAMS 0x00000006f0f00000, 0x00000006f0f00000| Complete 
| 260|0x00000006f1000000, 0x00000006f1100000, 0x00000006f1100000|100%| E|CS|TAMS 0x00000006f1000000, 0x00000006f1000000| Complete 
| 261|0x00000006f1100000, 0x00000006f1135118, 0x00000006f1200000| 20%| S|CS|TAMS 0x00000006f1100000, 0x00000006f1100000| Complete 
| 262|0x00000006f1200000, 0x00000006f1300000, 0x00000006f1300000|100%| S|CS|TAMS 0x00000006f1200000, 0x00000006f1200000| Complete 
| 263|0x00000006f1300000, 0x00000006f1400000, 0x00000006f1400000|100%| S|CS|TAMS 0x00000006f1300000, 0x00000006f1300000| Complete 
| 264|0x00000006f1400000, 0x00000006f1500000, 0x00000006f1500000|100%| E|CS|TAMS 0x00000006f1400000, 0x00000006f1400000| Complete 
| 265|0x00000006f1500000, 0x00000006f1600000, 0x00000006f1600000|100%| E|CS|TAMS 0x00000006f1500000, 0x00000006f1500000| Complete 
| 266|0x00000006f1600000, 0x00000006f1700000, 0x00000006f1700000|100%| E|CS|TAMS 0x00000006f1600000, 0x00000006f1600000| Complete 
| 267|0x00000006f1700000, 0x00000006f1800000, 0x00000006f1800000|100%| E|CS|TAMS 0x00000006f1700000, 0x00000006f1700000| Complete 
| 268|0x00000006f1800000, 0x00000006f1900000, 0x00000006f1900000|100%| E|CS|TAMS 0x00000006f1800000, 0x00000006f1800000| Complete 
| 269|0x00000006f1900000, 0x00000006f1a00000, 0x00000006f1a00000|100%| E|CS|TAMS 0x00000006f1900000, 0x00000006f1900000| Complete 
| 270|0x00000006f1a00000, 0x00000006f1b00000, 0x00000006f1b00000|100%| E|CS|TAMS 0x00000006f1a00000, 0x00000006f1a00000| Complete 
| 271|0x00000006f1b00000, 0x00000006f1c00000, 0x00000006f1c00000|100%| E|CS|TAMS 0x00000006f1b00000, 0x00000006f1b00000| Complete 
| 272|0x00000006f1c00000, 0x00000006f1d00000, 0x00000006f1d00000|100%| E|CS|TAMS 0x00000006f1c00000, 0x00000006f1c00000| Complete 
| 273|0x00000006f1d00000, 0x00000006f1e00000, 0x00000006f1e00000|100%| E|CS|TAMS 0x00000006f1d00000, 0x00000006f1d00000| Complete 
| 274|0x00000006f1e00000, 0x00000006f1f00000, 0x00000006f1f00000|100%| E|CS|TAMS 0x00000006f1e00000, 0x00000006f1e00000| Complete 
| 275|0x00000006f1f00000, 0x00000006f2000000, 0x00000006f2000000|100%| E|CS|TAMS 0x00000006f1f00000, 0x00000006f1f00000| Complete 
| 276|0x00000006f2000000, 0x00000006f2100000, 0x00000006f2100000|100%| E|CS|TAMS 0x00000006f2000000, 0x00000006f2000000| Complete 
| 277|0x00000006f2100000, 0x00000006f2200000, 0x00000006f2200000|100%| E|CS|TAMS 0x00000006f2100000, 0x00000006f2100000| Complete 
| 278|0x00000006f2200000, 0x00000006f2300000, 0x00000006f2300000|100%| E|CS|TAMS 0x00000006f2200000, 0x00000006f2200000| Complete 
| 279|0x00000006f2300000, 0x00000006f2400000, 0x00000006f2400000|100%| E|CS|TAMS 0x00000006f2300000, 0x00000006f2300000| Complete 
| 280|0x00000006f2400000, 0x00000006f2500000, 0x00000006f2500000|100%| E|CS|TAMS 0x00000006f2400000, 0x00000006f2400000| Complete 
| 281|0x00000006f2500000, 0x00000006f2600000, 0x00000006f2600000|100%| E|CS|TAMS 0x00000006f2500000, 0x00000006f2500000| Complete 
| 282|0x00000006f2600000, 0x00000006f2700000, 0x00000006f2700000|100%| E|CS|TAMS 0x00000006f2600000, 0x00000006f2600000| Complete 
| 283|0x00000006f2700000, 0x00000006f2800000, 0x00000006f2800000|100%| E|CS|TAMS 0x00000006f2700000, 0x00000006f2700000| Complete 
| 284|0x00000006f2800000, 0x00000006f2900000, 0x00000006f2900000|100%| E|CS|TAMS 0x00000006f2800000, 0x00000006f2800000| Complete 
| 285|0x00000006f2900000, 0x00000006f2a00000, 0x00000006f2a00000|100%| E|CS|TAMS 0x00000006f2900000, 0x00000006f2900000| Complete 
| 286|0x00000006f2a00000, 0x00000006f2b00000, 0x00000006f2b00000|100%| E|CS|TAMS 0x00000006f2a00000, 0x00000006f2a00000| Complete 
| 287|0x00000006f2b00000, 0x00000006f2c00000, 0x00000006f2c00000|100%| E|CS|TAMS 0x00000006f2b00000, 0x00000006f2b00000| Complete 

Card table byte_map: [0x000001ea3f490000,0x000001ea3fd90000] _byte_map_base: 0x000001ea3bd8a000

Marking Bits (Prev, Next): (CMBitMap*) 0x000001ea272b5468, (CMBitMap*) 0x000001ea272b54a8
 Prev Bits: [0x000001ea40690000, 0x000001ea44e60000)
 Next Bits: [0x000001ea44e60000, 0x000001ea49630000)

Polling page: 0x000001ea25150000

Metaspace:

Usage:
  Non-class:      8.25 MB capacity,     6.77 MB ( 82%) used,     1.47 MB ( 18%) free+waste,    12.06 KB ( <1%) overhead. 
      Class:    662.00 KB capacity,   453.14 KB ( 68%) used,   203.36 KB ( 31%) free+waste,     5.50 KB ( <1%) overhead. 
       Both:      8.90 MB capacity,     7.22 MB ( 81%) used,     1.67 MB ( 19%) free+waste,    17.56 KB ( <1%) overhead. 

Virtual space:
  Non-class space:       10.00 MB reserved,       8.50 MB ( 85%) committed 
      Class space:        1.00 GB reserved,     768.00 KB ( <1%) committed 
             Both:        1.01 GB reserved,       9.25 MB ( <1%) committed 

Chunk freelists:
   Non-Class:  60.00 KB
       Class:  10.00 KB
        Both:  70.00 KB

MaxMetaspaceSize: 17179869184.00 GB
CompressedClassSpaceSize: 1.00 GB

CodeHeap 'non-profiled nmethods': size=120000Kb used=444Kb max_used=444Kb free=119555Kb
 bounds [0x000001ea37210000, 0x000001ea37480000, 0x000001ea3e740000]
CodeHeap 'profiled nmethods': size=120000Kb used=1783Kb max_used=1783Kb free=118216Kb
 bounds [0x000001ea2fce0000, 0x000001ea2ff50000, 0x000001ea37210000]
CodeHeap 'non-nmethods': size=5760Kb used=1626Kb max_used=1653Kb free=4133Kb
 bounds [0x000001ea2f740000, 0x000001ea2f9b0000, 0x000001ea2fce0000]
 total_blobs=2614 nmethods=1044 adapters=923
 compilation: enabled
              stopped_count=0, restarted_count=0
 full_count=0

Compilation events (20 events):
Event: 1.363 Thread 0x000001ea4c1c9000 1035   !   4       java.nio.DirectFloatBufferU::put (188 bytes)
Event: 1.366 Thread 0x000001ea4c1c9000 nmethod 1035 0x000001ea3726e210 code [0x000001ea3726e3a0, 0x000001ea3726e758]
Event: 1.366 Thread 0x000001ea4c1c9000 1036       4       main.engine.renderer.graphics.Shader::SetUniform (42 bytes)
Event: 1.372 Thread 0x000001ea54dc0000 nmethod 1030 0x000001ea3726ec10 code [0x000001ea3726ee60, 0x000001ea3726ff00]
Event: 1.372 Thread 0x000001ea54dc0000 1037   !   4       org.lwjgl.opengl.GL20C::glGetUniformLocation (48 bytes)
Event: 1.378 Thread 0x000001ea54dc0000 nmethod 1037 0x000001ea37270810 code [0x000001ea37270a00, 0x000001ea37270ee0]
Event: 1.378 Thread 0x000001ea54dc0000 1038       4       main.engine.math.Matrix::translate (104 bytes)
Event: 1.383 Thread 0x000001ea54dc0000 nmethod 1038 0x000001ea37271510 code [0x000001ea372716c0, 0x000001ea37271d18]
Event: 1.383 Thread 0x000001ea54dc0000 1039       4       main.engine.renderer.graphics.Renderer::prepInstance (25 bytes)
Event: 1.386 Thread 0x000001ea4c1cf800 1043       3       java.util.ArrayList::grow (60 bytes)
Event: 1.387 Thread 0x000001ea4c1cf800 nmethod 1043 0x000001ea2fe9cd10 code [0x000001ea2fe9cf20, 0x000001ea2fe9d760]
Event: 1.388 Thread 0x000001ea4c1c9000 nmethod 1036 0x000001ea37271f10 code [0x000001ea37272140, 0x000001ea37272da0]
Event: 1.388 Thread 0x000001ea4c1c9000 1040       4       main.engine.math.Matrix::transform (94 bytes)
Event: 1.403 Thread 0x000001ea4c1cf800 1044       3       java.util.ArrayList::grow (11 bytes)
Event: 1.403 Thread 0x000001ea4c1cf800 nmethod 1044 0x000001ea2fe9da10 code [0x000001ea2fe9dbc0, 0x000001ea2fe9dd70]
Event: 1.502 Thread 0x000001ea4c1c9000 nmethod 1040 0x000001ea37273b90 code [0x000001ea37273ea0, 0x000001ea37277328]
Event: 1.502 Thread 0x000001ea4c1c9000 1042       4       org.lwjgl.opengl.GL11::glDrawElements (8 bytes)
Event: 1.503 Thread 0x000001ea4c1c9000 nmethod 1042 0x000001ea37278610 code [0x000001ea372787a0, 0x000001ea37278808]
Event: 1.503 Thread 0x000001ea4c1c9000 1041       4       main.engine.math.Matrix::scale (104 bytes)
Event: 1.507 Thread 0x000001ea4c1c9000 nmethod 1041 0x000001ea37278910 code [0x000001ea37278ac0, 0x000001ea372790f8]

GC Heap History (2 events):
Event: 1.037 GC heap before
{Heap before GC invocations=0 (full 0):
 garbage-first heap   total 294912K, used 24576K [0x00000006e0c00000, 0x0000000800000000)
  region size 1024K, 24 young (24576K), 0 survivors (0K)
 Metaspace       used 6022K, capacity 8785K, committed 9088K, reserved 1058816K
  class space    used 339K, capacity 615K, committed 640K, reserved 1048576K
}
Event: 1.039 GC heap after
{Heap after GC invocations=1 (full 0):
 garbage-first heap   total 294912K, used 2260K [0x00000006e0c00000, 0x0000000800000000)
  region size 1024K, 3 young (3072K), 3 survivors (3072K)
 Metaspace       used 6022K, capacity 8785K, committed 9088K, reserved 1058816K
  class space    used 339K, capacity 615K, committed 640K, reserved 1048576K
}

Deoptimization events (20 events):
Event: 1.204 Thread 0x000001ea27242000 DEOPT PACKING pc=0x000001ea2fe76944 sp=0x000000e4ed3fe890
Event: 1.204 Thread 0x000001ea27242000 DEOPT UNPACKING pc=0x000001ea2f78964e sp=0x000000e4ed3fddb8 mode 0
Event: 1.204 Thread 0x000001ea27242000 DEOPT PACKING pc=0x000001ea2fe76944 sp=0x000000e4ed3fe890
Event: 1.204 Thread 0x000001ea27242000 DEOPT UNPACKING pc=0x000001ea2f78964e sp=0x000000e4ed3fddb8 mode 0
Event: 1.204 Thread 0x000001ea27242000 DEOPT PACKING pc=0x000001ea2fe76944 sp=0x000000e4ed3fe890
Event: 1.204 Thread 0x000001ea27242000 DEOPT UNPACKING pc=0x000001ea2f78964e sp=0x000000e4ed3fddb8 mode 0
Event: 1.214 Thread 0x000001ea27242000 Uncommon trap: trap_request=0xffffff45 fr.pc=0x000001ea37264e58 relative=0x0000000000000318
Event: 1.214 Thread 0x000001ea27242000 Uncommon trap: reason=unstable_if action=reinterpret pc=0x000001ea37264e58 method=main.engine.renderer.graphics.Material.LoadTexture(Ljava/lang/String;)V @ 165 c2
Event: 1.214 Thread 0x000001ea27242000 DEOPT PACKING pc=0x000001ea37264e58 sp=0x000000e4ed3fe910
Event: 1.214 Thread 0x000001ea27242000 DEOPT UNPACKING pc=0x000001ea2f78912f sp=0x000000e4ed3fe8c8 mode 2
Event: 1.233 Thread 0x000001ea27242000 DEOPT PACKING pc=0x000001ea2fe8d114 sp=0x000000e4ed3fee80
Event: 1.233 Thread 0x000001ea27242000 DEOPT UNPACKING pc=0x000001ea2f78964e sp=0x000000e4ed3fe300 mode 0
Event: 1.234 Thread 0x000001ea27242000 DEOPT PACKING pc=0x000001ea2fe8d114 sp=0x000000e4ed3fee70
Event: 1.234 Thread 0x000001ea27242000 DEOPT UNPACKING pc=0x000001ea2f78964e sp=0x000000e4ed3fe2f0 mode 0
Event: 1.235 Thread 0x000001ea27242000 DEOPT PACKING pc=0x000001ea2fe8d114 sp=0x000000e4ed3fee80
Event: 1.235 Thread 0x000001ea27242000 DEOPT UNPACKING pc=0x000001ea2f78964e sp=0x000000e4ed3fe300 mode 0
Event: 1.235 Thread 0x000001ea27242000 DEOPT PACKING pc=0x000001ea2fe8d114 sp=0x000000e4ed3fee70
Event: 1.235 Thread 0x000001ea27242000 DEOPT UNPACKING pc=0x000001ea2f78964e sp=0x000000e4ed3fe2f0 mode 0
Event: 1.235 Thread 0x000001ea27242000 DEOPT PACKING pc=0x000001ea2fe8d114 sp=0x000000e4ed3fee80
Event: 1.235 Thread 0x000001ea27242000 DEOPT UNPACKING pc=0x000001ea2f78964e sp=0x000000e4ed3fe300 mode 0

Classes unloaded (0 events):
No events

Classes redefined (0 events):
No events

Internal exceptions (13 events):
Event: 0.221 Thread 0x000001ea27242000 Exception <a 'java/lang/NoSuchMethodError'{0x00000006f27a85f0}: 'void java.lang.invoke.DelegatingMethodHandle$Holder.delegate(java.lang.Object, java.lang.Object, int, java.lang.Object)'> (0x00000006f27a85f0) 
thrown [t:/workspace/open/src/hotspot/share/interpreter/linkResolver.cpp, line 767]
Event: 0.223 Thread 0x000001ea27242000 Exception <a 'java/lang/NoSuchMethodError'{0x00000006f27af348}: 'java.lang.Object java.lang.invoke.DirectMethodHandle$Holder.invokeStaticInit(java.lang.Object, java.lang.Object, java.lang.Object)'> (0x00000006f27af348) 
thrown [t:/workspace/open/src/hotspot/share/interpreter/linkResolver.cpp, line 767]
Event: 0.281 Thread 0x000001ea27242000 Exception <a 'sun/nio/fs/WindowsException'{0x00000006f26a93d0}> (0x00000006f26a93d0) 
thrown [t:/workspace/open/src/hotspot/share/prims/jni.cpp, line 598]
Event: 0.282 Thread 0x000001ea27242000 Exception <a 'sun/nio/fs/WindowsException'{0x00000006f26a9928}> (0x00000006f26a9928) 
thrown [t:/workspace/open/src/hotspot/share/prims/jni.cpp, line 598]
Event: 0.310 Thread 0x000001ea27242000 Exception <a 'sun/nio/fs/WindowsException'{0x00000006f2529e08}> (0x00000006f2529e08) 
thrown [t:/workspace/open/src/hotspot/share/prims/jni.cpp, line 598]
Event: 0.310 Thread 0x000001ea27242000 Exception <a 'sun/nio/fs/WindowsException'{0x00000006f252a178}> (0x00000006f252a178) 
thrown [t:/workspace/open/src/hotspot/share/prims/jni.cpp, line 598]
Event: 0.818 Thread 0x000001ea27242000 Exception <a 'sun/nio/fs/WindowsException'{0x00000006f2288cd8}> (0x00000006f2288cd8) 
thrown [t:/workspace/open/src/hotspot/share/prims/jni.cpp, line 598]
Event: 0.818 Thread 0x000001ea27242000 Exception <a 'sun/nio/fs/WindowsException'{0x00000006f2289088}> (0x00000006f2289088) 
thrown [t:/workspace/open/src/hotspot/share/prims/jni.cpp, line 598]
Event: 0.821 Thread 0x000001ea27242000 Exception <a 'sun/nio/fs/WindowsException'{0x00000006f22b0ba8}> (0x00000006f22b0ba8) 
thrown [t:/workspace/open/src/hotspot/share/prims/jni.cpp, line 598]
Event: 0.821 Thread 0x000001ea27242000 Exception <a 'sun/nio/fs/WindowsException'{0x00000006f22b0e90}> (0x00000006f22b0e90) 
thrown [t:/workspace/open/src/hotspot/share/prims/jni.cpp, line 598]
Event: 1.019 Thread 0x000001ea27242000 Exception <a 'java/lang/ClassNotFoundException'{0x00000006f14ac2d0}: sun/awt/resources/spi/awtProvider> (0x00000006f14ac2d0) 
thrown [t:/workspace/open/src/hotspot/share/classfile/systemDictionary.cpp, line 232]
Event: 1.035 Thread 0x000001ea27242000 Exception <a 'java/io/FileNotFoundException'{0x00000006f14f0958}> (0x00000006f14f0958) 
thrown [t:/workspace/open/src/hotspot/share/prims/jni.cpp, line 598]
Event: 1.048 Thread 0x000001ea27242000 Exception <a 'java/io/FileNotFoundException'{0x00000006f2b178a8}> (0x00000006f2b178a8) 
thrown [t:/workspace/open/src/hotspot/share/prims/jni.cpp, line 598]

Events (20 events):
Event: 1.108 loading class main/engine/objects/GameObject
Event: 1.108 loading class main/engine/objects/GameObject done
Event: 1.214 loading class main/engine/physics/Rigidbody
Event: 1.214 loading class main/engine/physics/Rigidbody done
Event: 1.229 Loaded shared library C:\Users\luukv\AppData\Local\Temp\lwjglluukv\3.2.3-build-13\lwjgl.dll
Event: 1.230 Loaded shared library C:\Users\luukv\AppData\Local\Temp\lwjglluukv\3.2.3-build-13\lwjgl.dll
Event: 1.230 Loaded shared library C:\Users\luukv\AppData\Local\Temp\lwjglluukv\3.2.3-build-13\lwjgl.dll
Event: 1.231 Loaded shared library C:\Users\luukv\AppData\Local\Temp\lwjglluukv\3.2.3-build-13\lwjgl.dll
Event: 1.237 Loaded shared library C:\Users\luukv\AppData\Local\Temp\lwjglluukv\3.2.3-build-13\lwjgl_opengl.dll
Event: 1.239 Loaded shared library C:\Users\luukv\AppData\Local\Temp\lwjglluukv\3.2.3-build-13\lwjgl_opengl.dll
Event: 1.240 Loaded shared library C:\Users\luukv\AppData\Local\Temp\lwjglluukv\3.2.3-build-13\lwjgl_opengl.dll
Event: 1.241 Loaded shared library C:\Users\luukv\AppData\Local\Temp\lwjglluukv\3.2.3-build-13\lwjgl_opengl.dll
Event: 1.243 Loaded shared library C:\Users\luukv\AppData\Local\Temp\lwjglluukv\3.2.3-build-13\lwjgl_opengl.dll
Event: 1.245 Loaded shared library C:\Users\luukv\AppData\Local\Temp\lwjglluukv\3.2.3-build-13\lwjgl_opengl.dll
Event: 1.246 Loaded shared library C:\Users\luukv\AppData\Local\Temp\lwjglluukv\3.2.3-build-13\lwjgl_opengl.dll
Event: 1.248 Loaded shared library C:\Users\luukv\AppData\Local\Temp\lwjglluukv\3.2.3-build-13\lwjgl_opengl.dll
Event: 1.249 Loaded shared library C:\Users\luukv\AppData\Local\Temp\lwjglluukv\3.2.3-build-13\lwjgl_opengl.dll
Event: 1.250 Loaded shared library C:\Users\luukv\AppData\Local\Temp\lwjglluukv\3.2.3-build-13\lwjgl_opengl.dll
Event: 1.251 Loaded shared library C:\Users\luukv\AppData\Local\Temp\lwjglluukv\3.2.3-build-13\lwjgl_opengl.dll
Event: 1.253 Loaded shared library C:\Users\luukv\AppData\Local\Temp\lwjglluukv\3.2.3-build-13\lwjgl_opengl.dll


Dynamic libraries:
0x00007ff7505c0000 - 0x00007ff7505cf000 	C:\Program Files\Java\jdk-13.0.2\bin\javaw.exe
0x00007ffab91e0000 - 0x00007ffab93d0000 	C:\WINDOWS\SYSTEM32\ntdll.dll
0x00007ffab7290000 - 0x00007ffab7342000 	C:\WINDOWS\System32\KERNEL32.DLL
0x00007ffab6c00000 - 0x00007ffab6ea4000 	C:\WINDOWS\System32\KERNELBASE.dll
0x00007ffab6eb0000 - 0x00007ffab6faa000 	C:\WINDOWS\System32\ucrtbase.dll
0x00007ffaa26d0000 - 0x00007ffaa26e5000 	C:\Program Files\Java\jdk-13.0.2\bin\VCRUNTIME140.dll
0x00007ffaa26f0000 - 0x00007ffaa2708000 	C:\Program Files\Java\jdk-13.0.2\bin\jli.dll
0x00007ffab7550000 - 0x00007ffab75f3000 	C:\WINDOWS\System32\ADVAPI32.dll
0x00007ffab84c0000 - 0x00007ffab855e000 	C:\WINDOWS\System32\msvcrt.dll
0x00007ffab74b0000 - 0x00007ffab7547000 	C:\WINDOWS\System32\sechost.dll
0x00007ffab8560000 - 0x00007ffab8680000 	C:\WINDOWS\System32\RPCRT4.dll
0x00007ffab7ca0000 - 0x00007ffab7e34000 	C:\WINDOWS\System32\USER32.dll
0x00007ffab6fb0000 - 0x00007ffab6fd1000 	C:\WINDOWS\System32\win32u.dll
0x00007ffab9170000 - 0x00007ffab9196000 	C:\WINDOWS\System32\GDI32.dll
0x00007ffab68f0000 - 0x00007ffab6a84000 	C:\WINDOWS\System32\gdi32full.dll
0x00007ffab7110000 - 0x00007ffab71ae000 	C:\WINDOWS\System32\msvcp_win.dll
0x00007ffaaacd0000 - 0x00007ffaaaf54000 	C:\WINDOWS\WinSxS\amd64_microsoft.windows.common-controls_6595b64144ccf1df_6.0.18362.836_none_e6c4b943130f18ed\COMCTL32.dll
0x00007ffab7780000 - 0x00007ffab7ab6000 	C:\WINDOWS\System32\combase.dll
0x00007ffab71b0000 - 0x00007ffab7230000 	C:\WINDOWS\System32\bcryptPrimitives.dll
0x00007ffab17b0000 - 0x00007ffab17ba000 	C:\WINDOWS\SYSTEM32\VERSION.dll
0x00007ffab7350000 - 0x00007ffab737e000 	C:\WINDOWS\System32\IMM32.DLL
0x00007ffa890e0000 - 0x00007ffa8917b000 	C:\Program Files\Java\jdk-13.0.2\bin\msvcp140.dll
0x00007ffa46ec0000 - 0x00007ffa47a1d000 	C:\Program Files\Java\jdk-13.0.2\bin\server\jvm.dll
0x00007ffab7c90000 - 0x00007ffab7c98000 	C:\WINDOWS\System32\PSAPI.DLL
0x00007ffab0590000 - 0x00007ffab0599000 	C:\WINDOWS\SYSTEM32\WSOCK32.dll
0x00007ffab9080000 - 0x00007ffab90ef000 	C:\WINDOWS\System32\WS2_32.dll
0x00007ffaaaa10000 - 0x00007ffaaaa34000 	C:\WINDOWS\SYSTEM32\WINMM.dll
0x00007ffaaaa70000 - 0x00007ffaaaa9d000 	C:\WINDOWS\SYSTEM32\winmmbase.dll
0x00007ffab70c0000 - 0x00007ffab710a000 	C:\WINDOWS\System32\cfgmgr32.dll
0x00007ffab60b0000 - 0x00007ffab60c1000 	C:\WINDOWS\System32\kernel.appcore.dll
0x00007ffaafe90000 - 0x00007ffaafea0000 	C:\Program Files\Java\jdk-13.0.2\bin\verify.dll
0x00007ffab0f80000 - 0x00007ffab1174000 	C:\WINDOWS\SYSTEM32\DBGHELP.DLL
0x00007ffab0ba0000 - 0x00007ffab0bca000 	C:\WINDOWS\SYSTEM32\dbgcore.DLL
0x00007ffaa1180000 - 0x00007ffaa11a6000 	C:\Program Files\Java\jdk-13.0.2\bin\java.dll
0x00007ffaa6490000 - 0x00007ffaa64a7000 	C:\Program Files\Java\jdk-13.0.2\bin\zip.dll
0x00007ffaafaf0000 - 0x00007ffaafafa000 	C:\Program Files\Java\jdk-13.0.2\bin\jimage.dll
0x00007ffab8680000 - 0x00007ffab8d64000 	C:\WINDOWS\System32\SHELL32.dll
0x00007ffab7380000 - 0x00007ffab7429000 	C:\WINDOWS\System32\shcore.dll
0x00007ffab6170000 - 0x00007ffab68ee000 	C:\WINDOWS\System32\windows.storage.dll
0x00007ffab6120000 - 0x00007ffab6143000 	C:\WINDOWS\System32\profapi.dll
0x00007ffab60d0000 - 0x00007ffab611a000 	C:\WINDOWS\System32\powrprof.dll
0x00007ffab60a0000 - 0x00007ffab60b0000 	C:\WINDOWS\System32\UMPDC.dll
0x00007ffab7720000 - 0x00007ffab7772000 	C:\WINDOWS\System32\shlwapi.dll
0x00007ffab6a90000 - 0x00007ffab6aa7000 	C:\WINDOWS\System32\cryptsp.dll
0x00007ffaa4070000 - 0x00007ffaa4089000 	C:\Program Files\Java\jdk-13.0.2\bin\net.dll
0x00007ffab0780000 - 0x00007ffab0870000 	C:\WINDOWS\SYSTEM32\WINHTTP.dll
0x00007ffab5910000 - 0x00007ffab5977000 	C:\WINDOWS\system32\mswsock.dll
0x00007ffaa1680000 - 0x00007ffaa1693000 	C:\Program Files\Java\jdk-13.0.2\bin\nio.dll
0x00007ffa88ff0000 - 0x00007ffa89054000 	C:\Users\luukv\AppData\Local\Temp\lwjglluukv\3.2.3-build-13\lwjgl.dll
0x00007ffa88f80000 - 0x00007ffa88fe2000 	C:\Users\luukv\AppData\Local\Temp\lwjglluukv\3.2.3-build-13\glfw.dll
0x00007ffab4410000 - 0x00007ffab44a9000 	C:\WINDOWS\system32\uxtheme.dll
0x00007ffa87f70000 - 0x00007ffa87fb3000 	C:\WINDOWS\SYSTEM32\dinput8.dll
0x00007ffa85a60000 - 0x00007ffa85a71000 	C:\WINDOWS\SYSTEM32\xinput1_4.dll
0x00007ffab5ea0000 - 0x00007ffab5eca000 	C:\WINDOWS\SYSTEM32\DEVOBJ.dll
0x00007ffab4950000 - 0x00007ffab497d000 	C:\WINDOWS\SYSTEM32\dwmapi.dll
0x00007ffaa32b0000 - 0x00007ffaa33cb000 	C:\WINDOWS\SYSTEM32\inputhost.dll
0x00007ffab3d70000 - 0x00007ffab3e44000 	C:\WINDOWS\SYSTEM32\CoreMessaging.dll
0x00007ffaa2970000 - 0x00007ffaa2c9a000 	C:\WINDOWS\SYSTEM32\CoreUIComponents.dll
0x00007ffab1660000 - 0x00007ffab1750000 	C:\WINDOWS\SYSTEM32\PROPSYS.dll
0x00007ffab26c0000 - 0x00007ffab2813000 	C:\WINDOWS\SYSTEM32\wintypes.dll
0x00007ffab8310000 - 0x00007ffab83d4000 	C:\WINDOWS\System32\OLEAUT32.dll
0x00007ffab5100000 - 0x00007ffab5131000 	C:\WINDOWS\SYSTEM32\ntmarta.dll
0x00007ffab7ac0000 - 0x00007ffab7bf6000 	C:\WINDOWS\System32\MSCTF.dll
0x00007ffab4cb0000 - 0x00007ffab4cbe000 	C:\WINDOWS\SYSTEM32\HID.DLL
0x00007ffab7ea0000 - 0x00007ffab8310000 	C:\WINDOWS\System32\SETUPAPI.DLL
0x00007ffab6fe0000 - 0x00007ffab7006000 	C:\WINDOWS\System32\bcrypt.dll
0x00007ffab7230000 - 0x00007ffab728c000 	C:\WINDOWS\System32\WINTRUST.dll
0x00007ffab6150000 - 0x00007ffab6162000 	C:\WINDOWS\System32\MSASN1.dll
0x00007ffab6ab0000 - 0x00007ffab6bf9000 	C:\WINDOWS\System32\CRYPT32.dll
0x00007ffa868b0000 - 0x00007ffa86a06000 	C:\WINDOWS\SYSTEM32\opengl32.dll
0x00007ffa87030000 - 0x00007ffa8705c000 	C:\WINDOWS\SYSTEM32\GLU32.dll
0x00007ffab4d80000 - 0x00007ffab4da0000 	C:\WINDOWS\SYSTEM32\dxcore.dll
0x00007ffa3e660000 - 0x00007ffa40d84000 	C:\WINDOWS\System32\DriverStore\FileRepository\nvddi.inf_amd64_40bd92f8ba25084c\nvoglv64.dll
0x00007ffab8d70000 - 0x00007ffab8ec7000 	C:\WINDOWS\System32\ole32.dll
0x00007ffab2b40000 - 0x00007ffab2b53000 	C:\WINDOWS\SYSTEM32\WTSAPI32.dll
0x00007ffa8b250000 - 0x00007ffa8b507000 	C:\WINDOWS\system32\nvspcap64.dll
0x00007ffab5170000 - 0x00007ffab51c6000 	C:\WINDOWS\SYSTEM32\WINSTA.dll
0x00007ffaafb20000 - 0x00007ffaafbbe000 	C:\WINDOWS\System32\TextInputFramework.dll
0x00007ffaac3d0000 - 0x00007ffaac676000 	C:\WINDOWS\System32\iertutil.dll
0x00007ffa87f10000 - 0x00007ffa87f69000 	C:\Users\luukv\AppData\Local\Temp\lwjglluukv\3.2.3-build-13\lwjgl_opengl.dll
0x00007ffa4b0c0000 - 0x00007ffa4b259000 	C:\Program Files\Java\jdk-13.0.2\bin\awt.dll
0x00007ffab4320000 - 0x00007ffab43af000 	C:\WINDOWS\SYSTEM32\apphelp.dll

dbghelp: loaded successfully - version: 4.0.5 - missing functions: none
symbol engine: initialized successfully - sym options: 0x614 - pdb path: .;C:\Program Files\Java\jdk-13.0.2\bin;C:\WINDOWS\SYSTEM32;C:\WINDOWS\WinSxS\amd64_microsoft.windows.common-controls_6595b64144ccf1df_6.0.18362.836_none_e6c4b943130f18ed;C:\Program Files\Java\jdk-13.0.2\bin\server;C:\Users\luukv\AppData\Local\Temp\lwjglluukv\3.2.3-build-13;C:\WINDOWS\System32\DriverStore\FileRepository\nvddi.inf_amd64_40bd92f8ba25084c

VM Arguments:
jvm_args: -Dfile.encoding=Cp1252 
java_command: main.engine.MAIN_TEST
java_class_path (initial): E:\Informatica\Eindproject\InformaticaEindproject5V\Workspace\Eindproject\lib\lwjgl-assimp-natives-windows.jar;E:\Informatica\Eindproject\InformaticaEindproject5V\Workspace\Eindproject\lib\lwjgl-assimp.jar;E:\Informatica\Eindproject\InformaticaEindproject5V\Workspace\Eindproject\lib\lwjgl-bgfx-natives-windows.jar;E:\Informatica\Eindproject\InformaticaEindproject5V\Workspace\Eindproject\lib\lwjgl-bgfx.jar;E:\Informatica\Eindproject\InformaticaEindproject5V\Workspace\Eindproject\lib\lwjgl-glfw-natives-windows.jar;E:\Informatica\Eindproject\InformaticaEindproject5V\Workspace\Eindproject\lib\lwjgl-glfw.jar;E:\Informatica\Eindproject\InformaticaEindproject5V\Workspace\Eindproject\lib\lwjgl-nanovg-natives-windows.jar;E:\Informatica\Eindproject\InformaticaEindproject5V\Workspace\Eindproject\lib\lwjgl-nanovg.jar;E:\Informatica\Eindproject\InformaticaEindproject5V\Workspace\Eindproject\lib\lwjgl-natives-windows.jar;E:\Informatica\Eindproject\InformaticaEindproject5V\Workspace\Eindproject\lib\lwjgl-nuklear-natives-windows.jar;E:\Informatica\Eindproject\InformaticaEindproject5V\Workspace\Eindproject\lib\lwjgl-nuklear.jar;E:\Informatica\Eindproject\InformaticaEindproject5V\Workspace\Eindproject\lib\lwjgl-openal-natives-windows.jar;E:\Informatica\Eindproject\InformaticaEindproject5V\Workspace\Eindproject\lib\lwjgl-openal.jar;E:\Informatica\Eindproject\InformaticaEindproject5V\Workspace\Eindproject\lib\lwjgl-opengl-natives-windows.jar;E:\Informatica\Eindproject\InformaticaEindproject5V\Workspace\Eindproject\lib\lwjgl-opengl.jar;E:\Informatica\Eindproject\InformaticaEindproject5V\Workspace\Eindproject\lib\lwjgl-par-natives-windows.jar;E:\Informatica\Eindproject\InformaticaEindproject5V\Workspace\Eindproject\lib\lwjgl-par.jar;E:\Informatica\Eindproject\InformaticaEindproject5V\Workspace\Eindproject\lib\lwjgl-stb-natives-windows.jar;E:\Informatica\Eindproject\InformaticaEindproject5V\Workspace\Eindproject\lib\lwjgl-stb.jar;E:\Informatica\Eindproject\Info
Launcher Type: SUN_STANDARD

[Global flags]
     intx CICompilerCount                          = 4                                         {product} {ergonomic}
     uint ConcGCThreads                            = 2                                         {product} {ergonomic}
     uint G1ConcRefinementThreads                  = 8                                         {product} {ergonomic}
   size_t G1HeapRegionSize                         = 1048576                                   {product} {ergonomic}
    uintx GCDrainStackTargetSize                   = 64                                        {product} {ergonomic}
   size_t InitialHeapSize                          = 301989888                                 {product} {ergonomic}
   size_t MarkStackSize                            = 4194304                                   {product} {ergonomic}
   size_t MaxHeapSize                              = 4819255296                                {product} {ergonomic}
   size_t MaxNewSize                               = 2890924032                                {product} {ergonomic}
   size_t MinHeapDeltaBytes                        = 1048576                                   {product} {ergonomic}
   size_t MinHeapSize                              = 8388608                                   {product} {ergonomic}
    uintx NonNMethodCodeHeapSize                   = 5839372                                {pd product} {ergonomic}
    uintx NonProfiledCodeHeapSize                  = 122909434                              {pd product} {ergonomic}
    uintx ProfiledCodeHeapSize                     = 122909434                              {pd product} {ergonomic}
    uintx ReservedCodeCacheSize                    = 251658240                              {pd product} {ergonomic}
     bool SegmentedCodeCache                       = true                                      {product} {ergonomic}
   size_t SoftMaxHeapSize                          = 4819255296                             {manageable} {ergonomic}
     bool UseCompressedClassPointers               = true                                 {lp64_product} {ergonomic}
     bool UseCompressedOops                        = true                                 {lp64_product} {ergonomic}
     bool UseG1GC                                  = true                                      {product} {ergonomic}
     bool UseLargePagesIndividualAllocation        = false                                  {pd product} {ergonomic}

Logging:
Log output configuration:
 #0: stdout all=warning uptime,level,tags
 #1: stderr all=off uptime,level,tags

Environment Variables:
PATH=C:/Program Files/Java/jdk-13.0.2/bin/server;C:/Program Files/Java/jdk-13.0.2/bin;C:\Program Files\NVIDIA GPU Computing Toolkit\CUDA\v10.2\bin;C:\Program Files\NVIDIA GPU Computing Toolkit\CUDA\v10.2\libnvvp;C:\Program Files (x86)\Common Files\Oracle\Java\javapath;C:\WINDOWS\system32;C:\WINDOWS;C:\WINDOWS\System32\Wbem;C:\WINDOWS\System32\WindowsPowerShell\v1.0\;C:\WINDOWS\System32\OpenSSH\;C:\Program Files\NVIDIA Corporation\NVIDIA NvDLISR;C:\Program Files (x86)\NVIDIA Corporation\PhysX\Common;C:\Program Files\dotnet\;C:\mingw-w64\x86_64-8.1.0-posix-seh-rt_v6-rev0\mingw64\bin;C:\CMake\bin;C:\Program Files\Git\cmd;C:\Program Files\NVIDIA Corporation\Nsight Compute 2019.5.0\;C:\OpenCV\Builds\install\x64\vc16\bin;C:\Program Files\nodejs\;C:\Users\luukv\AppData\Local\Programs\Python\Python38-32\Scripts\;C:\Users\luukv\AppData\Local\Programs\Python\Python38-32\;C:\Users\luukv\AppData\Local\Microsoft\WindowsApps;C:\Users\luukv\AppData\Local\Programs\Microsoft VS Code\bin;C:\Users\luukv\AppData\Local\GitHubDesktop\bin;C:\Users\luukv\AppData\Roaming\npm;C:\WINDOWS\System32;
USERNAME=luukv
OS=Windows_NT
PROCESSOR_IDENTIFIER=Intel64 Family 6 Model 58 Stepping 9, GenuineIntel



---------------  S Y S T E M  ---------------

OS: Windows 10 , 64 bit Build 18362 (10.0.18362.778)

CPU:total 8 (initial active 8) (4 cores per cpu, 2 threads per core) family 6 model 58 stepping 9, cmov, cx8, fxsr, mmx, sse, sse2, sse3, ssse3, sse4.1, sse4.2, popcnt, avx, aes, clmul, erms, ht, tsc, tscinvbit, tscinv

Memory: 4k page, system-wide physical 18377M (9870M free)
TotalPageFile size 30153M (AvailPageFile size 17487M)
current process WorkingSet (physical memory assigned to process): 164M, peak: 168M
current process commit charge ("private bytes"): 456M, peak: 460M

vm_info: Java HotSpot(TM) 64-Bit Server VM (13.0.2+8) for windows-amd64 JRE (13.0.2+8), built on Dec 11 2019 09:20:33 by "mach5one" with unknown MS VC++:1916

END.
