#
# A fatal error has been detected by the Java Runtime Environment:
#
#  SIGSEGV (0xb) at pc=0x00007fff3242f7c7, pid=12014, tid=9731
#
# JRE version: Java(TM) SE Runtime Environment (13.0.2+8) (build 13.0.2+8)
# Java VM: Java HotSpot(TM) 64-Bit Server VM (13.0.2+8, mixed mode, sharing, tiered, compressed oops, g1 gc, bsd-amd64)
# Problematic frame:
# C  [HIToolbox+0x257c7]  HIMenuBarView::MeasureAppMenus()+0xcf
#
# No core dump will be written. Core dumps have been disabled. To enable core dumping, try "ulimit -c unlimited" before starting Java again
#
# If you would like to submit a bug report, please visit:
#   http://bugreport.java.com/bugreport/crash.jsp
# The crash happened outside the Java Virtual Machine in native code.
# See problematic frame for where to report the bug.
#

---------------  S U M M A R Y ------------

Command Line: -Dfile.encoding=UTF-8 main.engine.MAIN_TEST

Host: MacBookPro11,1 x86_64 2400 MHz, 4 cores, 8G, Darwin 19.4.0
Time: Fri Apr 17 11:21:15 2020 CEST elapsed time: 0 seconds (0d 0h 0m 0s)

---------------  T H R E A D  ---------------

Current thread (0x00007fc5bc00a000):  JavaThread "main" [_thread_in_native, id=9731, stack(0x0000700006b75000,0x0000700006c75000)]

Stack: [0x0000700006b75000,0x0000700006c75000],  sp=0x0000700006c73120,  free space=1016k
Native frames: (J=compiled Java code, A=aot compiled Java code, j=interpreted, Vv=VM code, C=native code)
C  [HIToolbox+0x257c7]  HIMenuBarView::MeasureAppMenus()+0xcf
C  [HIToolbox+0x25367]  HIMenuBarView::EnsureBarLayout()+0x1a3
C  [HIToolbox+0x24c77]  HIMenuBarView::DrawOnce(CGRect, CGRect, bool, bool, CGContext*)+0x243
C  [HIToolbox+0x2494e]  HIMenuBarView::DrawSelf(short, __HIShape const*, CGContext*)+0x23a
C  [HIToolbox+0x243b6]  HIMenuBarView::DrawWithoutCustomization(short, __HIShape const*, CGContext*)+0x52
C  [HIToolbox+0x2434e]  HIMenuBarView::DrawingDelegateHandler(OpaqueEventHandlerCallRef*, OpaqueEventRef*, void*)+0x102
C  [HIToolbox+0x88ff]  DispatchEventToHandlers(EventTargetRec*, OpaqueEventRef*, HandlerCallRec*)+0x4e6
C  [HIToolbox+0x7d8d]  SendEventToEventTargetInternal(OpaqueEventRef*, OpaqueEventTargetRef*, HandlerCallRec*)+0x149
C  [HIToolbox+0x7c3d]  SendEventToEventTargetWithOptions+0x2d
C  [HIToolbox+0x23ecd]  HIView::SendDraw(short, OpaqueGrafPtr*, __HIShape const*, CGContext*)+0x145
C  [HIToolbox+0x23967]  HIView::RecursiveDrawComposited(__HIShape const*, __HIShape const*, unsigned int, HIView*, CGContext*, unsigned char, double)+0x23f
C  [HIToolbox+0x23b61]  HIView::RecursiveDrawComposited(__HIShape const*, __HIShape const*, unsigned int, HIView*, CGContext*, unsigned char, double)+0x439
C  [HIToolbox+0x23399]  HIView::DrawComposited(short, OpaqueGrafPtr*, __HIShape const*, unsigned int, HIView*, CGContext*)+0x32f
C  [HIToolbox+0x2305b]  HIView::Render(unsigned int, CGContext*)+0x33
C  [HIToolbox+0x22783]  WindowData::PrepareForVisibility()+0x99
C  [HIToolbox+0x789c8]  _ShowHideWindows+0x11e
C  [HIToolbox+0x221b4]  ShowHide+0x23
C  [HIToolbox+0x12217]  MBWindows::GetWindowOnDisplay(unsigned int, unsigned char)+0x127
C  [HIToolbox+0x11ff7]  MenuBarInstance::ForEachWindowDo(unsigned char, bool (OpaqueWindowPtr*, unsigned int) block_pointer)+0xb7
C  [HIToolbox+0x11efb]  MenuBarInstance::SetBoundsAndUpdateResolution()+0x67
C  [HIToolbox+0x11a72]  MenuBarInstance::Show(MenuBarAnimationStyle, unsigned char, unsigned char, unsigned char, unsigned char)+0x118
C  [HIToolbox+0x114aa]  MenuBarInstance::UpdateAggregateUIMode(MenuBarAnimationStyle, unsigned char, unsigned char, unsigned char)+0x324
C  [HIToolbox+0x110aa]  MenuBarInstance::ForEachMenuBarDo(void (MenuBarInstance*) block_pointer)+0x2e
C  [HIToolbox+0x11042]  UpdateAllAggregateUIModes(MenuBarAnimationStyle, unsigned char)+0x7e
C  [HIToolbox+0x10fae]  SetSystemUIMode+0xa5
C  [AppKit+0x3165b]  -[NSApplication finishLaunching]+0x2dc
C  [AppKit+0x31050]  -[NSApplication run]+0xf4
C  [libglfw.dylib+0x10a85]
[error occurred during error reporting (printing native stack), id 0xe0000000, Internal Error (/scratch/mesos/slaves/d65fa3d4-10de-46aa-a2db-52cc9981537a-S157/frameworks/1735e8a2-a1db-478c-8104-60c8b0af87dd-0196/executors/cd04c109-7866-4c89-a9cb-580d1b4b0057/runs/bdf96710-70fa-465f-a6db-19a171d6559f/workspace/open/src/hotspot/os/bsd/decoder_machO.hpp:43)]

Java frames: (J=compiled Java code, j=interpreted, Vv=VM code)
j  org.lwjgl.system.JNI.invokePPPP(IIJJJJ)J+0
j  org.lwjgl.glfw.GLFW.nglfwCreateWindow(IIJJJ)J+14
j  org.lwjgl.glfw.GLFW.glfwCreateWindow(IILjava/lang/CharSequence;JJ)J+37
j  main.engine.io.Window.create()V+58
j  main.engine.MAIN_TEST.main([Ljava/lang/String;)V+3
v  ~StubRoutines::call_stub

siginfo: si_signo: 11 (SIGSEGV), si_code: 1 (SEGV_MAPERR), si_addr: 0x0000000000000008

Register to memory mapping:

RAX=0x0 is NULL
RBX=0x0000000000000002 is an unknown value
RCX=0x00007fc5bb47d720 points into unknown readable memory: 10 bf 06 8b ff 7f 00 00
RDX=0x0 is NULL
RSP=0x0000700006c73120 is pointing into the stack for thread: 0x00007fc5bc00a000
RBP=0x0000700006c73150 is pointing into the stack for thread: 0x00007fc5bc00a000
RSI=0x00007fc5bb47cf80 points into unknown readable memory: 20 d7 47 bb c5 7f 00 00
RDI=0x0000700006c73040 is pointing into the stack for thread: 0x00007fc5bc00a000
R8 =0x0000000000000008 is an unknown value
R9 =0x0000700006c73040 is pointing into the stack for thread: 0x00007fc5bc00a000
R10=0x0000700006c73040 is pointing into the stack for thread: 0x00007fc5bc00a000
R11=0xfffff03a4b7f60c0 is an unknown value
R12=0x00007fc5bb47d720 points into unknown readable memory: 10 bf 06 8b ff 7f 00 00
R13=0x0 is NULL
R14=0x0 is NULL
R15=0x00007fc5bb483610 points into unknown readable memory: b8 e9 05 8b ff 7f 00 00


Registers:
RAX=0x0000000000000000, RBX=0x0000000000000002, RCX=0x00007fc5bb47d720, RDX=0x0000000000000000
RSP=0x0000700006c73120, RBP=0x0000700006c73150, RSI=0x00007fc5bb47cf80, RDI=0x0000700006c73040
R8 =0x0000000000000008, R9 =0x0000700006c73040, R10=0x0000700006c73040, R11=0xfffff03a4b7f60c0
R12=0x00007fc5bb47d720, R13=0x0000000000000000, R14=0x0000000000000000, R15=0x00007fc5bb483610
RIP=0x00007fff3242f7c7, EFLAGS=0x0000000000010202, ERR=0x0000000000000004
  TRAPNO=0x000000000000000e

Top of Stack: (sp=0x0000700006c73120)
0x0000700006c73120:   0000000000000003 42e60000428c0000
0x0000700006c73130:   0000700006c73101 00007fc5bb483610
0x0000700006c73140:   0000000000000000 0000000000000060
0x0000700006c73150:   0000700006c731c0 00007fff3242f367
0x0000700006c73160:   0000700006c73180 44a0000000000000
0x0000700006c73170:   0000000000000000 0000000000000000
0x0000700006c73180:   0000700006c731a0 0000000000000000
0x0000700006c73190:   00007fff8b4d97b0 00007fc5bb483610
0x0000700006c731a0:   00007fc5bb483610 0000000000000000
0x0000700006c731b0:   0000000000000000 0000700006c73301
0x0000700006c731c0:   0000700006c73320 00007fff3242ec77
0x0000700006c731d0:   0000128000049ce3 0000002400000000
0x0000700006c731e0:   00007fc5bb48a600 406c349a2db10023
0x0000700006c731f0:   ffffffffffffffff 00007fff33c1819e
0x0000700006c73200:   406c349a2db10023 0000000000000000
0x0000700006c73210:   0000000000001280 0000000000049ce3
0x0000700006c73220:   00007fc5bb48a6b0 0000000000000000
0x0000700006c73230:   0000700006c73300 00007fff629baaee
0x0000700006c73240:   0000700006c733e0 0000000000000000
0x0000700006c73250:   0000000000000114 0000000000000000
0x0000700006c73260:   00007fff94265500 0000000040000000
0x0000700006c73270:   00007fff629bab6e 00007fff92a52968
0x0000700006c73280:   0000000000000000 00007fc5bb48a6b0
0x0000700006c73290:   00007fc5bb773640 0000128000049ce3
0x0000700006c732a0:   0000700000000000 00007fff33c07afb
0x0000700006c732b0:   0000000000000000 0000000000000000
0x0000700006c732c0:   4094000000000000 0005000200000000
0x0000700006c732d0:   ffffffffffff0000 00007fff33c1819e
0x0000700006c732e0:   406c349a2db10023 00007fc5bb763650
0x0000700006c732f0:   00007fc5bb483610 0000000000000008
0x0000700006c73300:   00007fc5bb483610 00007fc5bb763650
0x0000700006c73310:   0000000000000001 0000700006c733d0 

Instructions: (pc=0x00007fff3242f7c7)
0x00007fff3242f6c7:   c3 72 04 eb 07 31 db ff c3 41 89 de 48 8b 7d d8
0x00007fff3242f6d7:   e8 46 9f fe ff 44 89 f0 48 83 c4 18 5b 41 5e 41
0x00007fff3242f6e7:   5f 5d c3 90 90 90 90 90 90 90 90 90 90 90 90 90
0x00007fff3242f6f7:   90 55 48 89 e5 41 57 41 56 41 54 53 48 83 ec 10
0x00007fff3242f707:   49 89 ff 48 8b 87 78 02 00 00 48 63 30 48 85 f6
0x00007fff3242f717:   74 18 49 8b bf 50 02 00 00 e8 e2 8f 05 00 49 89
0x00007fff3242f727:   c6 49 8b 87 78 02 00 00 eb 03 45 31 f6 31 db 41
0x00007fff3242f737:   f6 87 a8 02 00 00 20 0f 94 c3 4c 8d 25 08 aa 28
0x00007fff3242f747:   00 48 83 78 08 00 75 2e 8b 00 85 c0 7e 04 ff c8
0x00007fff3242f757:   eb 0c 49 8b bf 50 02 00 00 e8 6c fd ff ff 48 63
0x00007fff3242f767:   f8 be 04 00 00 00 e8 a0 74 27 00 49 8b 8f 78 02
0x00007fff3242f777:   00 00 48 89 41 08 f3 41 0f 10 04 9c f3 0f 11 45
0x00007fff3242f787:   dc 49 8b bf 50 02 00 00 e8 ec 00 00 00 49 8b bf
0x00007fff3242f797:   50 02 00 00 e8 f9 9a fe ff 4c 39 f0 74 7e 49 89
0x00007fff3242f7a7:   c4 31 db f3 0f 10 45 dc 49 8b 87 58 02 00 00 f3
0x00007fff3242f7b7:   0f 11 45 dc f3 0f 11 04 98 49 8b 87 78 02 00 00
0x00007fff3242f7c7:   48 8b 48 08 4c 89 ff 4c 89 e6 ba 01 00 00 00 41
0x00007fff3242f7d7:   89 d8 e8 c8 00 00 00 f3 0f 11 45 d8 4c 89 e7 e8
0x00007fff3242f7e7:   45 b1 fe ff 84 c0 74 07 41 89 9f 6c 02 00 00 f3
0x00007fff3242f7f7:   0f 10 45 dc f3 0f 58 45 d8 f3 0f 11 45 dc 49 8b
0x00007fff3242f807:   bf 50 02 00 00 e8 88 9a fe ff f3 0f 10 45 dc 49
0x00007fff3242f817:   89 c4 48 ff c3 4c 39 f0 75 8e eb 07 31 db f3 0f
0x00007fff3242f827:   10 45 dc 41 8b 87 68 02 00 00 39 c3 7d 1b 89 d9
0x00007fff3242f837:   48 c1 e1 02 49 03 8f 58 02 00 00 f3 0f 11 01 48
0x00007fff3242f847:   83 c1 04 ff c3 39 d8 7f f2 f3 41 0f 11 87 70 02
0x00007fff3242f857:   00 00 49 8b 87 78 02 00 00 f3 0f 11 40 28 48 83
0x00007fff3242f867:   c4 10 5b 41 5c 41 5e 41 5f 5d c3 90 90 90 90 90
0x00007fff3242f877:   90 90 90 90 90 90 90 90 90 55 48 89 e5 31 c0 88
0x00007fff3242f887:   47 4c 38 47 48 b9 06 00 00 00 0f 45 c8 89 4f 38
0x00007fff3242f897:   48 c7 47 40 00 00 00 00 31 c0 5d c3 90 90 90 55
0x00007fff3242f8a7:   48 89 e5 41 57 41 56 41 55 41 54 53 48 83 ec 58
0x00007fff3242f8b7:   49 89 cc 41 89 d5 48 89 f3 49 89 fe 31 c0 48 89 


Stack slot to memory mapping:
stack at sp + 0 slots: 0x0000000000000003 is an unknown value
stack at sp + 1 slots: 0x42e60000428c0000 is an unknown value
stack at sp + 2 slots: 0x0000700006c73101 is pointing into the stack for thread: 0x00007fc5bc00a000
stack at sp + 3 slots: 0x00007fc5bb483610 points into unknown readable memory: b8 e9 05 8b ff 7f 00 00
stack at sp + 4 slots: 0x0 is NULL
stack at sp + 5 slots: 0x0000000000000060 is an unknown value
stack at sp + 6 slots: 0x0000700006c731c0 is pointing into the stack for thread: 0x00007fc5bc00a000
stack at sp + 7 slots: 0x00007fff3242f367: _ZN13HIMenuBarView15EnsureBarLayoutEv+0x1a3 in /System/Library/Frameworks/Carbon.framework/Versions/A/Frameworks/HIToolbox.framework/Versions/A/HIToolbox at 0x00007fff3240a000


---------------  P R O C E S S  ---------------

Threads class SMR info:
_java_thread_list=0x00007fc5bb73cbf0, length=9, elements={
0x00007fc5bc00a000, 0x00007fc5bc822000, 0x00007fc5bc825000, 0x00007fc5bc030000,
0x00007fc5bb817000, 0x00007fc5bd066800, 0x00007fc5bd068000, 0x00007fc5bd09a000,
0x00007fc5bc02b800
}

Java Threads: ( => current thread )
=>0x00007fc5bc00a000 JavaThread "main" [_thread_in_native, id=9731, stack(0x0000700006b75000,0x0000700006c75000)]
  0x00007fc5bc822000 JavaThread "Reference Handler" daemon [_thread_blocked, id=14339, stack(0x000070000728a000,0x000070000738a000)]
  0x00007fc5bc825000 JavaThread "Finalizer" daemon [_thread_blocked, id=14851, stack(0x000070000738d000,0x000070000748d000)]
  0x00007fc5bc030000 JavaThread "Signal Dispatcher" daemon [_thread_blocked, id=21763, stack(0x0000700007596000,0x0000700007696000)]
  0x00007fc5bb817000 JavaThread "C2 CompilerThread0" daemon [_thread_blocked, id=43011, stack(0x0000700007699000,0x0000700007799000)]
  0x00007fc5bd066800 JavaThread "C1 CompilerThread0" daemon [_thread_blocked, id=42499, stack(0x000070000779c000,0x000070000789c000)]
  0x00007fc5bd068000 JavaThread "Sweeper thread" daemon [_thread_blocked, id=41987, stack(0x000070000789f000,0x000070000799f000)]
  0x00007fc5bd09a000 JavaThread "Service Thread" daemon [_thread_blocked, id=41219, stack(0x00007000079a2000,0x0000700007aa2000)]
  0x00007fc5bc02b800 JavaThread "Common-Cleaner" daemon [_thread_blocked, id=23299, stack(0x0000700007ba8000,0x0000700007ca8000)]

Other Threads:
  0x00007fc5bc821800 VMThread "VM Thread" [stack: 0x0000700007187000,0x0000700007287000] [id=13827]
  0x00007fc5bc02f000 WatcherThread [stack: 0x0000700007aa5000,0x0000700007ba5000] [id=22787]
  0x00007fc5bc029000 GCTaskThread "GC Thread#0" [stack: 0x0000700006c78000,0x0000700006d78000] [id=20739]
  0x00007fc5bb80d000 ConcurrentGCThread "G1 Main Marker" [stack: 0x0000700006d7b000,0x0000700006e7b000] [id=11779]
  0x00007fc5bb825000 ConcurrentGCThread "G1 Conc#0" [stack: 0x0000700006e7e000,0x0000700006f7e000] [id=12291]
  0x00007fc5bd048800 ConcurrentGCThread "G1 Refine#0" [stack: 0x0000700006f81000,0x0000700007081000] [id=19971]
  0x00007fc5bc814000 ConcurrentGCThread "G1 Young RemSet Sampling" [stack: 0x0000700007084000,0x0000700007184000] [id=12803]

Threads with active compile tasks:

VM state:not at safepoint (normal execution)

VM Mutex/Monitor currently owned by a thread: None

Heap address: 0x0000000780000000, size: 2048 MB, Compressed Oops mode: Zero based, Oop shift amount: 3
Narrow klass base: 0x0000000800000000, Narrow klass shift: 3
Compressed class space size: 1073741824 Address: 0x0000000800ae0000

Heap:
 garbage-first heap   total 133120K, used 6904K [0x0000000780000000, 0x0000000800000000)
  region size 1024K, 7 young (7168K), 0 survivors (0K)
 Metaspace       used 2344K, capacity 5638K, committed 5888K, reserved 1056768K
  class space    used 194K, capacity 497K, committed 512K, reserved 1048576K
Heap Regions: E=young(eden), S=young(survivor), O=old, HS=humongous(starts), HC=humongous(continues), CS=collection set, F=free, A=archive, TAMS=top-at-mark-start (previous, next)
|   0|0x0000000780000000, 0x0000000780000000, 0x0000000780100000|  0%| F|  |TAMS 0x0000000780000000, 0x0000000780000000| Untracked 
|   1|0x0000000780100000, 0x0000000780100000, 0x0000000780200000|  0%| F|  |TAMS 0x0000000780100000, 0x0000000780100000| Untracked 
|   2|0x0000000780200000, 0x0000000780200000, 0x0000000780300000|  0%| F|  |TAMS 0x0000000780200000, 0x0000000780200000| Untracked 
|   3|0x0000000780300000, 0x0000000780300000, 0x0000000780400000|  0%| F|  |TAMS 0x0000000780300000, 0x0000000780300000| Untracked 
|   4|0x0000000780400000, 0x0000000780400000, 0x0000000780500000|  0%| F|  |TAMS 0x0000000780400000, 0x0000000780400000| Untracked 
|   5|0x0000000780500000, 0x0000000780500000, 0x0000000780600000|  0%| F|  |TAMS 0x0000000780500000, 0x0000000780500000| Untracked 
|   6|0x0000000780600000, 0x0000000780600000, 0x0000000780700000|  0%| F|  |TAMS 0x0000000780600000, 0x0000000780600000| Untracked 
|   7|0x0000000780700000, 0x0000000780700000, 0x0000000780800000|  0%| F|  |TAMS 0x0000000780700000, 0x0000000780700000| Untracked 
|   8|0x0000000780800000, 0x0000000780800000, 0x0000000780900000|  0%| F|  |TAMS 0x0000000780800000, 0x0000000780800000| Untracked 
|   9|0x0000000780900000, 0x0000000780900000, 0x0000000780a00000|  0%| F|  |TAMS 0x0000000780900000, 0x0000000780900000| Untracked 
|  10|0x0000000780a00000, 0x0000000780a00000, 0x0000000780b00000|  0%| F|  |TAMS 0x0000000780a00000, 0x0000000780a00000| Untracked 
|  11|0x0000000780b00000, 0x0000000780b00000, 0x0000000780c00000|  0%| F|  |TAMS 0x0000000780b00000, 0x0000000780b00000| Untracked 
|  12|0x0000000780c00000, 0x0000000780c00000, 0x0000000780d00000|  0%| F|  |TAMS 0x0000000780c00000, 0x0000000780c00000| Untracked 
|  13|0x0000000780d00000, 0x0000000780d00000, 0x0000000780e00000|  0%| F|  |TAMS 0x0000000780d00000, 0x0000000780d00000| Untracked 
|  14|0x0000000780e00000, 0x0000000780e00000, 0x0000000780f00000|  0%| F|  |TAMS 0x0000000780e00000, 0x0000000780e00000| Untracked 
|  15|0x0000000780f00000, 0x0000000780f00000, 0x0000000781000000|  0%| F|  |TAMS 0x0000000780f00000, 0x0000000780f00000| Untracked 
|  16|0x0000000781000000, 0x0000000781000000, 0x0000000781100000|  0%| F|  |TAMS 0x0000000781000000, 0x0000000781000000| Untracked 
|  17|0x0000000781100000, 0x0000000781100000, 0x0000000781200000|  0%| F|  |TAMS 0x0000000781100000, 0x0000000781100000| Untracked 
|  18|0x0000000781200000, 0x0000000781200000, 0x0000000781300000|  0%| F|  |TAMS 0x0000000781200000, 0x0000000781200000| Untracked 
|  19|0x0000000781300000, 0x0000000781300000, 0x0000000781400000|  0%| F|  |TAMS 0x0000000781300000, 0x0000000781300000| Untracked 
|  20|0x0000000781400000, 0x0000000781400000, 0x0000000781500000|  0%| F|  |TAMS 0x0000000781400000, 0x0000000781400000| Untracked 
|  21|0x0000000781500000, 0x0000000781500000, 0x0000000781600000|  0%| F|  |TAMS 0x0000000781500000, 0x0000000781500000| Untracked 
|  22|0x0000000781600000, 0x0000000781600000, 0x0000000781700000|  0%| F|  |TAMS 0x0000000781600000, 0x0000000781600000| Untracked 
|  23|0x0000000781700000, 0x0000000781700000, 0x0000000781800000|  0%| F|  |TAMS 0x0000000781700000, 0x0000000781700000| Untracked 
|  24|0x0000000781800000, 0x0000000781800000, 0x0000000781900000|  0%| F|  |TAMS 0x0000000781800000, 0x0000000781800000| Untracked 
|  25|0x0000000781900000, 0x0000000781900000, 0x0000000781a00000|  0%| F|  |TAMS 0x0000000781900000, 0x0000000781900000| Untracked 
|  26|0x0000000781a00000, 0x0000000781a00000, 0x0000000781b00000|  0%| F|  |TAMS 0x0000000781a00000, 0x0000000781a00000| Untracked 
|  27|0x0000000781b00000, 0x0000000781b00000, 0x0000000781c00000|  0%| F|  |TAMS 0x0000000781b00000, 0x0000000781b00000| Untracked 
|  28|0x0000000781c00000, 0x0000000781c00000, 0x0000000781d00000|  0%| F|  |TAMS 0x0000000781c00000, 0x0000000781c00000| Untracked 
|  29|0x0000000781d00000, 0x0000000781d00000, 0x0000000781e00000|  0%| F|  |TAMS 0x0000000781d00000, 0x0000000781d00000| Untracked 
|  30|0x0000000781e00000, 0x0000000781e00000, 0x0000000781f00000|  0%| F|  |TAMS 0x0000000781e00000, 0x0000000781e00000| Untracked 
|  31|0x0000000781f00000, 0x0000000781f00000, 0x0000000782000000|  0%| F|  |TAMS 0x0000000781f00000, 0x0000000781f00000| Untracked 
|  32|0x0000000782000000, 0x0000000782000000, 0x0000000782100000|  0%| F|  |TAMS 0x0000000782000000, 0x0000000782000000| Untracked 
|  33|0x0000000782100000, 0x0000000782100000, 0x0000000782200000|  0%| F|  |TAMS 0x0000000782100000, 0x0000000782100000| Untracked 
|  34|0x0000000782200000, 0x0000000782200000, 0x0000000782300000|  0%| F|  |TAMS 0x0000000782200000, 0x0000000782200000| Untracked 
|  35|0x0000000782300000, 0x0000000782300000, 0x0000000782400000|  0%| F|  |TAMS 0x0000000782300000, 0x0000000782300000| Untracked 
|  36|0x0000000782400000, 0x0000000782400000, 0x0000000782500000|  0%| F|  |TAMS 0x0000000782400000, 0x0000000782400000| Untracked 
|  37|0x0000000782500000, 0x0000000782500000, 0x0000000782600000|  0%| F|  |TAMS 0x0000000782500000, 0x0000000782500000| Untracked 
|  38|0x0000000782600000, 0x0000000782600000, 0x0000000782700000|  0%| F|  |TAMS 0x0000000782600000, 0x0000000782600000| Untracked 
|  39|0x0000000782700000, 0x0000000782700000, 0x0000000782800000|  0%| F|  |TAMS 0x0000000782700000, 0x0000000782700000| Untracked 
|  40|0x0000000782800000, 0x0000000782800000, 0x0000000782900000|  0%| F|  |TAMS 0x0000000782800000, 0x0000000782800000| Untracked 
|  41|0x0000000782900000, 0x0000000782900000, 0x0000000782a00000|  0%| F|  |TAMS 0x0000000782900000, 0x0000000782900000| Untracked 
|  42|0x0000000782a00000, 0x0000000782a00000, 0x0000000782b00000|  0%| F|  |TAMS 0x0000000782a00000, 0x0000000782a00000| Untracked 
|  43|0x0000000782b00000, 0x0000000782b00000, 0x0000000782c00000|  0%| F|  |TAMS 0x0000000782b00000, 0x0000000782b00000| Untracked 
|  44|0x0000000782c00000, 0x0000000782c00000, 0x0000000782d00000|  0%| F|  |TAMS 0x0000000782c00000, 0x0000000782c00000| Untracked 
|  45|0x0000000782d00000, 0x0000000782d00000, 0x0000000782e00000|  0%| F|  |TAMS 0x0000000782d00000, 0x0000000782d00000| Untracked 
|  46|0x0000000782e00000, 0x0000000782e00000, 0x0000000782f00000|  0%| F|  |TAMS 0x0000000782e00000, 0x0000000782e00000| Untracked 
|  47|0x0000000782f00000, 0x0000000782f00000, 0x0000000783000000|  0%| F|  |TAMS 0x0000000782f00000, 0x0000000782f00000| Untracked 
|  48|0x0000000783000000, 0x0000000783000000, 0x0000000783100000|  0%| F|  |TAMS 0x0000000783000000, 0x0000000783000000| Untracked 
|  49|0x0000000783100000, 0x0000000783100000, 0x0000000783200000|  0%| F|  |TAMS 0x0000000783100000, 0x0000000783100000| Untracked 
|  50|0x0000000783200000, 0x0000000783200000, 0x0000000783300000|  0%| F|  |TAMS 0x0000000783200000, 0x0000000783200000| Untracked 
|  51|0x0000000783300000, 0x0000000783300000, 0x0000000783400000|  0%| F|  |TAMS 0x0000000783300000, 0x0000000783300000| Untracked 
|  52|0x0000000783400000, 0x0000000783400000, 0x0000000783500000|  0%| F|  |TAMS 0x0000000783400000, 0x0000000783400000| Untracked 
|  53|0x0000000783500000, 0x0000000783500000, 0x0000000783600000|  0%| F|  |TAMS 0x0000000783500000, 0x0000000783500000| Untracked 
|  54|0x0000000783600000, 0x0000000783600000, 0x0000000783700000|  0%| F|  |TAMS 0x0000000783600000, 0x0000000783600000| Untracked 
|  55|0x0000000783700000, 0x0000000783700000, 0x0000000783800000|  0%| F|  |TAMS 0x0000000783700000, 0x0000000783700000| Untracked 
|  56|0x0000000783800000, 0x0000000783800000, 0x0000000783900000|  0%| F|  |TAMS 0x0000000783800000, 0x0000000783800000| Untracked 
|  57|0x0000000783900000, 0x0000000783900000, 0x0000000783a00000|  0%| F|  |TAMS 0x0000000783900000, 0x0000000783900000| Untracked 
|  58|0x0000000783a00000, 0x0000000783a00000, 0x0000000783b00000|  0%| F|  |TAMS 0x0000000783a00000, 0x0000000783a00000| Untracked 
|  59|0x0000000783b00000, 0x0000000783b00000, 0x0000000783c00000|  0%| F|  |TAMS 0x0000000783b00000, 0x0000000783b00000| Untracked 
|  60|0x0000000783c00000, 0x0000000783c00000, 0x0000000783d00000|  0%| F|  |TAMS 0x0000000783c00000, 0x0000000783c00000| Untracked 
|  61|0x0000000783d00000, 0x0000000783d00000, 0x0000000783e00000|  0%| F|  |TAMS 0x0000000783d00000, 0x0000000783d00000| Untracked 
|  62|0x0000000783e00000, 0x0000000783e00000, 0x0000000783f00000|  0%| F|  |TAMS 0x0000000783e00000, 0x0000000783e00000| Untracked 
|  63|0x0000000783f00000, 0x0000000783f00000, 0x0000000784000000|  0%| F|  |TAMS 0x0000000783f00000, 0x0000000783f00000| Untracked 
|  64|0x0000000784000000, 0x0000000784000000, 0x0000000784100000|  0%| F|  |TAMS 0x0000000784000000, 0x0000000784000000| Untracked 
|  65|0x0000000784100000, 0x0000000784100000, 0x0000000784200000|  0%| F|  |TAMS 0x0000000784100000, 0x0000000784100000| Untracked 
|  66|0x0000000784200000, 0x0000000784200000, 0x0000000784300000|  0%| F|  |TAMS 0x0000000784200000, 0x0000000784200000| Untracked 
|  67|0x0000000784300000, 0x0000000784300000, 0x0000000784400000|  0%| F|  |TAMS 0x0000000784300000, 0x0000000784300000| Untracked 
|  68|0x0000000784400000, 0x0000000784400000, 0x0000000784500000|  0%| F|  |TAMS 0x0000000784400000, 0x0000000784400000| Untracked 
|  69|0x0000000784500000, 0x0000000784500000, 0x0000000784600000|  0%| F|  |TAMS 0x0000000784500000, 0x0000000784500000| Untracked 
|  70|0x0000000784600000, 0x0000000784600000, 0x0000000784700000|  0%| F|  |TAMS 0x0000000784600000, 0x0000000784600000| Untracked 
|  71|0x0000000784700000, 0x0000000784700000, 0x0000000784800000|  0%| F|  |TAMS 0x0000000784700000, 0x0000000784700000| Untracked 
|  72|0x0000000784800000, 0x0000000784800000, 0x0000000784900000|  0%| F|  |TAMS 0x0000000784800000, 0x0000000784800000| Untracked 
|  73|0x0000000784900000, 0x0000000784900000, 0x0000000784a00000|  0%| F|  |TAMS 0x0000000784900000, 0x0000000784900000| Untracked 
|  74|0x0000000784a00000, 0x0000000784a00000, 0x0000000784b00000|  0%| F|  |TAMS 0x0000000784a00000, 0x0000000784a00000| Untracked 
|  75|0x0000000784b00000, 0x0000000784b00000, 0x0000000784c00000|  0%| F|  |TAMS 0x0000000784b00000, 0x0000000784b00000| Untracked 
|  76|0x0000000784c00000, 0x0000000784c00000, 0x0000000784d00000|  0%| F|  |TAMS 0x0000000784c00000, 0x0000000784c00000| Untracked 
|  77|0x0000000784d00000, 0x0000000784d00000, 0x0000000784e00000|  0%| F|  |TAMS 0x0000000784d00000, 0x0000000784d00000| Untracked 
|  78|0x0000000784e00000, 0x0000000784e00000, 0x0000000784f00000|  0%| F|  |TAMS 0x0000000784e00000, 0x0000000784e00000| Untracked 
|  79|0x0000000784f00000, 0x0000000784f00000, 0x0000000785000000|  0%| F|  |TAMS 0x0000000784f00000, 0x0000000784f00000| Untracked 
|  80|0x0000000785000000, 0x0000000785000000, 0x0000000785100000|  0%| F|  |TAMS 0x0000000785000000, 0x0000000785000000| Untracked 
|  81|0x0000000785100000, 0x0000000785100000, 0x0000000785200000|  0%| F|  |TAMS 0x0000000785100000, 0x0000000785100000| Untracked 
|  82|0x0000000785200000, 0x0000000785200000, 0x0000000785300000|  0%| F|  |TAMS 0x0000000785200000, 0x0000000785200000| Untracked 
|  83|0x0000000785300000, 0x0000000785300000, 0x0000000785400000|  0%| F|  |TAMS 0x0000000785300000, 0x0000000785300000| Untracked 
|  84|0x0000000785400000, 0x0000000785400000, 0x0000000785500000|  0%| F|  |TAMS 0x0000000785400000, 0x0000000785400000| Untracked 
|  85|0x0000000785500000, 0x0000000785500000, 0x0000000785600000|  0%| F|  |TAMS 0x0000000785500000, 0x0000000785500000| Untracked 
|  86|0x0000000785600000, 0x0000000785600000, 0x0000000785700000|  0%| F|  |TAMS 0x0000000785600000, 0x0000000785600000| Untracked 
|  87|0x0000000785700000, 0x0000000785700000, 0x0000000785800000|  0%| F|  |TAMS 0x0000000785700000, 0x0000000785700000| Untracked 
|  88|0x0000000785800000, 0x0000000785800000, 0x0000000785900000|  0%| F|  |TAMS 0x0000000785800000, 0x0000000785800000| Untracked 
|  89|0x0000000785900000, 0x0000000785900000, 0x0000000785a00000|  0%| F|  |TAMS 0x0000000785900000, 0x0000000785900000| Untracked 
|  90|0x0000000785a00000, 0x0000000785a00000, 0x0000000785b00000|  0%| F|  |TAMS 0x0000000785a00000, 0x0000000785a00000| Untracked 
|  91|0x0000000785b00000, 0x0000000785b00000, 0x0000000785c00000|  0%| F|  |TAMS 0x0000000785b00000, 0x0000000785b00000| Untracked 
|  92|0x0000000785c00000, 0x0000000785c00000, 0x0000000785d00000|  0%| F|  |TAMS 0x0000000785c00000, 0x0000000785c00000| Untracked 
|  93|0x0000000785d00000, 0x0000000785d00000, 0x0000000785e00000|  0%| F|  |TAMS 0x0000000785d00000, 0x0000000785d00000| Untracked 
|  94|0x0000000785e00000, 0x0000000785e00000, 0x0000000785f00000|  0%| F|  |TAMS 0x0000000785e00000, 0x0000000785e00000| Untracked 
|  95|0x0000000785f00000, 0x0000000785f00000, 0x0000000786000000|  0%| F|  |TAMS 0x0000000785f00000, 0x0000000785f00000| Untracked 
|  96|0x0000000786000000, 0x0000000786000000, 0x0000000786100000|  0%| F|  |TAMS 0x0000000786000000, 0x0000000786000000| Untracked 
|  97|0x0000000786100000, 0x0000000786100000, 0x0000000786200000|  0%| F|  |TAMS 0x0000000786100000, 0x0000000786100000| Untracked 
|  98|0x0000000786200000, 0x0000000786200000, 0x0000000786300000|  0%| F|  |TAMS 0x0000000786200000, 0x0000000786200000| Untracked 
|  99|0x0000000786300000, 0x0000000786300000, 0x0000000786400000|  0%| F|  |TAMS 0x0000000786300000, 0x0000000786300000| Untracked 
| 100|0x0000000786400000, 0x0000000786400000, 0x0000000786500000|  0%| F|  |TAMS 0x0000000786400000, 0x0000000786400000| Untracked 
| 101|0x0000000786500000, 0x0000000786500000, 0x0000000786600000|  0%| F|  |TAMS 0x0000000786500000, 0x0000000786500000| Untracked 
| 102|0x0000000786600000, 0x0000000786600000, 0x0000000786700000|  0%| F|  |TAMS 0x0000000786600000, 0x0000000786600000| Untracked 
| 103|0x0000000786700000, 0x0000000786700000, 0x0000000786800000|  0%| F|  |TAMS 0x0000000786700000, 0x0000000786700000| Untracked 
| 104|0x0000000786800000, 0x0000000786800000, 0x0000000786900000|  0%| F|  |TAMS 0x0000000786800000, 0x0000000786800000| Untracked 
| 105|0x0000000786900000, 0x0000000786900000, 0x0000000786a00000|  0%| F|  |TAMS 0x0000000786900000, 0x0000000786900000| Untracked 
| 106|0x0000000786a00000, 0x0000000786a00000, 0x0000000786b00000|  0%| F|  |TAMS 0x0000000786a00000, 0x0000000786a00000| Untracked 
| 107|0x0000000786b00000, 0x0000000786b00000, 0x0000000786c00000|  0%| F|  |TAMS 0x0000000786b00000, 0x0000000786b00000| Untracked 
| 108|0x0000000786c00000, 0x0000000786c00000, 0x0000000786d00000|  0%| F|  |TAMS 0x0000000786c00000, 0x0000000786c00000| Untracked 
| 109|0x0000000786d00000, 0x0000000786d00000, 0x0000000786e00000|  0%| F|  |TAMS 0x0000000786d00000, 0x0000000786d00000| Untracked 
| 110|0x0000000786e00000, 0x0000000786e00000, 0x0000000786f00000|  0%| F|  |TAMS 0x0000000786e00000, 0x0000000786e00000| Untracked 
| 111|0x0000000786f00000, 0x0000000786f00000, 0x0000000787000000|  0%| F|  |TAMS 0x0000000786f00000, 0x0000000786f00000| Untracked 
| 112|0x0000000787000000, 0x0000000787000000, 0x0000000787100000|  0%| F|  |TAMS 0x0000000787000000, 0x0000000787000000| Untracked 
| 113|0x0000000787100000, 0x0000000787100000, 0x0000000787200000|  0%| F|  |TAMS 0x0000000787100000, 0x0000000787100000| Untracked 
| 114|0x0000000787200000, 0x0000000787200000, 0x0000000787300000|  0%| F|  |TAMS 0x0000000787200000, 0x0000000787200000| Untracked 
| 115|0x0000000787300000, 0x0000000787300000, 0x0000000787400000|  0%| F|  |TAMS 0x0000000787300000, 0x0000000787300000| Untracked 
| 116|0x0000000787400000, 0x0000000787400000, 0x0000000787500000|  0%| F|  |TAMS 0x0000000787400000, 0x0000000787400000| Untracked 
| 117|0x0000000787500000, 0x0000000787500000, 0x0000000787600000|  0%| F|  |TAMS 0x0000000787500000, 0x0000000787500000| Untracked 
| 118|0x0000000787600000, 0x0000000787600000, 0x0000000787700000|  0%| F|  |TAMS 0x0000000787600000, 0x0000000787600000| Untracked 
| 119|0x0000000787700000, 0x0000000787700000, 0x0000000787800000|  0%| F|  |TAMS 0x0000000787700000, 0x0000000787700000| Untracked 
| 120|0x0000000787800000, 0x0000000787800000, 0x0000000787900000|  0%| F|  |TAMS 0x0000000787800000, 0x0000000787800000| Untracked 
| 121|0x0000000787900000, 0x00000007879a2830, 0x0000000787a00000| 63%| E|  |TAMS 0x0000000787900000, 0x0000000787900000| Complete 
| 122|0x0000000787a00000, 0x0000000787b00000, 0x0000000787b00000|100%| E|CS|TAMS 0x0000000787a00000, 0x0000000787a00000| Complete 
| 123|0x0000000787b00000, 0x0000000787c00000, 0x0000000787c00000|100%| E|CS|TAMS 0x0000000787b00000, 0x0000000787b00000| Complete 
| 124|0x0000000787c00000, 0x0000000787d00000, 0x0000000787d00000|100%| E|CS|TAMS 0x0000000787c00000, 0x0000000787c00000| Complete 
| 125|0x0000000787d00000, 0x0000000787e00000, 0x0000000787e00000|100%| E|CS|TAMS 0x0000000787d00000, 0x0000000787d00000| Complete 
| 126|0x0000000787e00000, 0x0000000787f00000, 0x0000000787f00000|100%| E|CS|TAMS 0x0000000787e00000, 0x0000000787e00000| Complete 
| 127|0x0000000787f00000, 0x0000000788000000, 0x0000000788000000|100%| E|CS|TAMS 0x0000000787f00000, 0x0000000787f00000| Complete 
|1022|0x00000007bfe00000, 0x00000007bfe47000, 0x00000007bff00000| 27%|OA|  |TAMS 0x00000007bfe00000, 0x00000007bfe00000| Untracked 
|1023|0x00000007bff00000, 0x00000007bff77000, 0x00000007c0000000| 46%|CA|  |TAMS 0x00000007bff00000, 0x00000007bff00000| Untracked 

Card table byte_map: [0x000000010f8f9000,0x000000010fcf9000] _byte_map_base: 0x000000010bcf9000

Marking Bits (Prev, Next): (CMBitMap*) 0x00007fc5bb80ca18, (CMBitMap*) 0x00007fc5bb80ca58
 Prev Bits: [0x00000001100f9000, 0x00000001120f9000)
 Next Bits: [0x0000000121386000, 0x0000000123386000)

Polling page: 0x00000001053e9000

Metaspace:

Usage:
  Non-class:      5.02 MB capacity,     2.10 MB ( 42%) used,     2.92 MB ( 58%) free+waste,     5.19 KB ( <1%) overhead. 
      Class:    497.00 KB capacity,   194.41 KB ( 39%) used,   299.65 KB ( 60%) free+waste,     2.94 KB ( <1%) overhead. 
       Both:      5.51 MB capacity,     2.29 MB ( 42%) used,     3.21 MB ( 58%) free+waste,     8.12 KB ( <1%) overhead. 

Virtual space:
  Non-class space:        8.00 MB reserved,       5.25 MB ( 66%) committed 
      Class space:        1.00 GB reserved,     512.00 KB ( <1%) committed 
             Both:        1.01 GB reserved,       5.75 MB ( <1%) committed 

Chunk freelists:
   Non-Class:  19.00 KB
       Class:  15.00 KB
        Both:  34.00 KB

MaxMetaspaceSize: unlimited
CompressedClassSpaceSize: 1.00 GB

CodeHeap 'non-profiled nmethods': size=120032Kb used=136Kb max_used=136Kb free=119895Kb
 bounds [0x0000000119e4e000, 0x000000011a0be000, 0x0000000121386000]
CodeHeap 'profiled nmethods': size=120028Kb used=643Kb max_used=643Kb free=119384Kb
 bounds [0x0000000112917000, 0x0000000112b87000, 0x0000000119e4e000]
CodeHeap 'non-nmethods': size=5700Kb used=1500Kb max_used=1517Kb free=4199Kb
 bounds [0x0000000112386000, 0x00000001125f6000, 0x0000000112917000]
 total_blobs=1404 nmethods=430 adapters=768
 compilation: enabled
              stopped_count=0, restarted_count=0
 full_count=0

Compilation events (20 events):
Event: 0.549 Thread 0x00007fc5bd066800 nmethod 420 0x00000001129b1b10 code [0x00000001129b1ec0, 0x00000001129b3b38]
Event: 0.550 Thread 0x00007fc5bd066800  421       3       java.util.concurrent.ConcurrentHashMap$BaseIterator::hasNext (13 bytes)
Event: 0.550 Thread 0x00007fc5bd066800 nmethod 421 0x00000001129b4690 code [0x00000001129b4820, 0x00000001129b49f0]
Event: 0.550 Thread 0x00007fc5bd066800  422       3       java.util.concurrent.ConcurrentHashMap$ValueIterator::next (34 bytes)
Event: 0.550 Thread 0x00007fc5bd066800 nmethod 422 0x00000001129b4a90 code [0x00000001129b4c60, 0x00000001129b4f38]
Event: 0.551 Thread 0x00007fc5bd066800  423       3       jdk.internal.jimage.ImageStringsReader::charsFromByteBufferLength (47 bytes)
Event: 0.551 Thread 0x00007fc5bd066800 nmethod 423 0x00000001129b5090 code [0x00000001129b5260, 0x00000001129b5758]
Event: 0.551 Thread 0x00007fc5bd066800  424       3       jdk.internal.jimage.ImageStringsReader::charsFromByteBuffer (186 bytes)
Event: 0.553 Thread 0x00007fc5bd066800 nmethod 424 0x00000001129b5910 code [0x00000001129b5c80, 0x00000001129b7328]
Event: 0.553 Thread 0x00007fc5bd066800  425       1       java.util.Formatter$Flags::valueOf (5 bytes)
Event: 0.553 Thread 0x00007fc5bd066800 nmethod 425 0x0000000119e6d990 code [0x0000000119e6db20, 0x0000000119e6dc50]
Event: 0.559 Thread 0x00007fc5bb817000 nmethod 406 0x0000000119e6dc90 code [0x0000000119e6de60, 0x0000000119e6e9c8]
Event: 0.559 Thread 0x00007fc5bb817000  411       4       java.util.zip.ZipFile::ensureOpen (40 bytes)
Event: 0.560 Thread 0x00007fc5bd066800  428       3       java.nio.Buffer::remaining (10 bytes)
Event: 0.560 Thread 0x00007fc5bd066800 nmethod 428 0x00000001129b7b10 code [0x00000001129b7ca0, 0x00000001129b7e10]
Event: 0.560 Thread 0x00007fc5bd066800  427       1       org.lwjgl.system.Pointer$Default::address (5 bytes)
Event: 0.560 Thread 0x00007fc5bb817000 nmethod 411 0x0000000119e6f010 code [0x0000000119e6f180, 0x0000000119e6f238]
Event: 0.560 Thread 0x00007fc5bd066800 nmethod 427 0x0000000119e6f310 code [0x0000000119e6f4a0, 0x0000000119e6f5d0]
Event: 0.560 Thread 0x00007fc5bb817000  426       4       java.lang.StringCoding::encodeUTF8 (132 bytes)
Event: 0.562 Thread 0x00007fc5bb817000 nmethod 426 0x0000000119e6fe90 code [0x0000000119e70020, 0x0000000119e70258]

GC Heap History (0 events):
No events

Deoptimization events (10 events):
Event: 0.141 Thread 0x00007fc5bc00a000 DEOPT PACKING pc=0x0000000112943690 sp=0x0000700006c73940
Event: 0.141 Thread 0x00007fc5bc00a000 DEOPT UNPACKING pc=0x00000001123cf33a sp=0x0000700006c72db8 mode 0
Event: 0.149 Thread 0x00007fc5bc00a000 DEOPT PACKING pc=0x00000001129423a2 sp=0x0000700006c70970
Event: 0.149 Thread 0x00007fc5bc00a000 DEOPT UNPACKING pc=0x00000001123cf33a sp=0x0000700006c6fdf8 mode 0
Event: 0.167 Thread 0x00007fc5bc00a000 DEOPT PACKING pc=0x000000011292f84f sp=0x0000700006c70860
Event: 0.167 Thread 0x00007fc5bc00a000 DEOPT UNPACKING pc=0x00000001123cf33a sp=0x0000700006c6fd08 mode 0
Event: 0.348 Thread 0x00007fc5bc00a000 Uncommon trap: trap_request=0xffffff45 fr.pc=0x0000000119e533e8 relative=0x0000000000000068
Event: 0.348 Thread 0x00007fc5bc00a000 Uncommon trap: reason=unstable_if action=reinterpret pc=0x0000000119e533e8 method=java.lang.String.isLatin1()Z @ 10 c2
Event: 0.348 Thread 0x00007fc5bc00a000 DEOPT PACKING pc=0x0000000119e533e8 sp=0x0000700006c736f0
Event: 0.348 Thread 0x00007fc5bc00a000 DEOPT UNPACKING pc=0x00000001123cee25 sp=0x0000700006c736a0 mode 2

Classes unloaded (0 events):
No events

Classes redefined (0 events):
No events

Internal exceptions (5 events):
Event: 0.246 Thread 0x00007fc5bc00a000 Exception <a 'java/lang/NoSuchMethodError'{0x0000000787c0a470}: 'void java.lang.invoke.DelegatingMethodHandle$Holder.delegate(java.lang.Object, java.lang.Object, int, java.lang.Object)'> (0x0000000787c0a470) 
thrown [/scratch/mesos/slaves/d65fa3d4-10de-46aa-a2db-52cc9981537a-S157/frameworks/1735e8a2-a1db-478c-8104-60c8b0af87dd-0196/executors/cd04c109-7866-4c89-a9cb-580d1b4b0057/runs/bdf96710-70fa-465f-a6db-19a171d6559f/workspace/open/src/hotspot/share/interpreter/linkResolver.cpp, line 767]
Event: 0.249 Thread 0x00007fc5bc00a000 Exception <a 'java/lang/NoSuchMethodError'{0x0000000787c11178}: 'java.lang.Object java.lang.invoke.DirectMethodHandle$Holder.invokeStaticInit(java.lang.Object, java.lang.Object, java.lang.Object)'> (0x0000000787c11178) 
thrown [/scratch/mesos/slaves/d65fa3d4-10de-46aa-a2db-52cc9981537a-S157/frameworks/1735e8a2-a1db-478c-8104-60c8b0af87dd-0196/executors/cd04c109-7866-4c89-a9cb-580d1b4b0057/runs/bdf96710-70fa-465f-a6db-19a171d6559f/workspace/open/src/hotspot/share/interpreter/linkResolver.cpp, line 767]
Event: 0.311 Thread 0x00007fc5bc00a000 Exception <a 'sun/nio/fs/UnixException'{0x0000000787cb9650}> (0x0000000787cb9650) 
thrown [/scratch/mesos/slaves/d65fa3d4-10de-46aa-a2db-52cc9981537a-S157/frameworks/1735e8a2-a1db-478c-8104-60c8b0af87dd-0196/executors/cd04c109-7866-4c89-a9cb-580d1b4b0057/runs/bdf96710-70fa-465f-a6db-19a171d6559f/workspace/open/src/hotspot/share/prims/jni.cpp, line 598]
Event: 0.365 Thread 0x00007fc5bc00a000 Exception <a 'sun/nio/fs/UnixException'{0x0000000787b1cde8}> (0x0000000787b1cde8) 
thrown [/scratch/mesos/slaves/d65fa3d4-10de-46aa-a2db-52cc9981537a-S157/frameworks/1735e8a2-a1db-478c-8104-60c8b0af87dd-0196/executors/cd04c109-7866-4c89-a9cb-580d1b4b0057/runs/bdf96710-70fa-465f-a6db-19a171d6559f/workspace/open/src/hotspot/share/prims/jni.cpp, line 598]
Event: 0.551 Thread 0x00007fc5bc00a000 Exception <a 'sun/nio/fs/UnixException'{0x000000078796eb68}> (0x000000078796eb68) 
thrown [/scratch/mesos/slaves/d65fa3d4-10de-46aa-a2db-52cc9981537a-S157/frameworks/1735e8a2-a1db-478c-8104-60c8b0af87dd-0196/executors/cd04c109-7866-4c89-a9cb-580d1b4b0057/runs/bdf96710-70fa-465f-a6db-19a171d6559f/workspace/open/src/hotspot/share/prims/jni.cpp, line 598]

Events (20 events):
Event: 0.543 loading class org/lwjgl/glfw/GLFWCursorPosCallback$Container
Event: 0.543 loading class org/lwjgl/glfw/GLFWCursorPosCallback$Container done
Event: 0.544 loading class org/lwjgl/glfw/GLFWMouseButtonCallback$Container
Event: 0.544 loading class org/lwjgl/glfw/GLFWMouseButtonCallback$Container done
Event: 0.545 loading class org/lwjgl/glfw/GLFWScrollCallback$Container
Event: 0.545 loading class org/lwjgl/glfw/GLFWScrollCallback$Container done
Event: 0.545 loading class main/engine/math/Time
Event: 0.545 loading class main/engine/math/Time done
Event: 0.546 loading class org/lwjgl/glfw/EventLoop$OffScreen
Event: 0.546 loading class org/lwjgl/glfw/EventLoop$OffScreen done
Event: 0.547 loading class org/lwjgl/glfw/EventLoop
Event: 0.547 loading class org/lwjgl/glfw/EventLoop done
Event: 0.547 loading class org/lwjgl/system/macosx/ObjCRuntime
Event: 0.547 loading class org/lwjgl/system/macosx/ObjCRuntime done
Event: 0.552 loading class org/lwjgl/system/dyncall/DynLoad
Event: 0.552 loading class org/lwjgl/system/dyncall/DynLoad done
Event: 0.558 loading class org/lwjgl/system/macosx/ObjCRuntime$Functions
Event: 0.558 loading class org/lwjgl/system/macosx/ObjCRuntime$Functions done
Event: 0.561 loading class org/lwjgl/system/macosx/CoreFoundation
Event: 0.561 loading class org/lwjgl/system/macosx/CoreFoundation done


Dynamic libraries:
0x00007fff6cc70000 	/usr/lib/libz.1.dylib
0x0000000105384000 	/Library/Java/JavaVirtualMachines/jdk-13.0.2.jdk/Contents/Home/lib/libjli.dylib
0x00007fff328e9000 	/System/Library/Frameworks/Cocoa.framework/Versions/A/Cocoa
0x00007fff400c6000 	/System/Library/Frameworks/Security.framework/Versions/A/Security
0x00007fff31853000 	/System/Library/Frameworks/ApplicationServices.framework/Versions/A/ApplicationServices
0x00007fff6a734000 	/usr/lib/libSystem.B.dylib
0x00007fff6d530000 	/usr/lib/system/libcache.dylib
0x00007fff6d536000 	/usr/lib/system/libcommonCrypto.dylib
0x00007fff6d542000 	/usr/lib/system/libcompiler_rt.dylib
0x00007fff6d54a000 	/usr/lib/system/libcopyfile.dylib
0x00007fff6d554000 	/usr/lib/system/libcorecrypto.dylib
0x00007fff6d6f3000 	/usr/lib/system/libdispatch.dylib
0x00007fff6d734000 	/usr/lib/system/libdyld.dylib
0x00007fff6d76b000 	/usr/lib/system/libkeymgr.dylib
0x00007fff6d779000 	/usr/lib/system/liblaunch.dylib
0x00007fff6d77a000 	/usr/lib/system/libmacho.dylib
0x00007fff6d780000 	/usr/lib/system/libquarantine.dylib
0x00007fff6d783000 	/usr/lib/system/libremovefile.dylib
0x00007fff6d785000 	/usr/lib/system/libsystem_asl.dylib
0x00007fff6d79d000 	/usr/lib/system/libsystem_blocks.dylib
0x00007fff6d79e000 	/usr/lib/system/libsystem_c.dylib
0x00007fff6d826000 	/usr/lib/system/libsystem_configuration.dylib
0x00007fff6d82a000 	/usr/lib/system/libsystem_coreservices.dylib
0x00007fff6d82e000 	/usr/lib/system/libsystem_darwin.dylib
0x00007fff6d837000 	/usr/lib/system/libsystem_dnssd.dylib
0x00007fff6d83f000 	/usr/lib/system/libsystem_featureflags.dylib
0x00007fff6d841000 	/usr/lib/system/libsystem_info.dylib
0x00007fff6d8bc000 	/usr/lib/system/libsystem_m.dylib
0x00007fff6d904000 	/usr/lib/system/libsystem_malloc.dylib
0x00007fff6d92c000 	/usr/lib/system/libsystem_networkextension.dylib
0x00007fff6d93a000 	/usr/lib/system/libsystem_notify.dylib
0x00007fff6d958000 	/usr/lib/system/libsystem_sandbox.dylib
0x00007fff6d95d000 	/usr/lib/system/libsystem_secinit.dylib
0x00007fff6d88f000 	/usr/lib/system/libsystem_kernel.dylib
0x00007fff6d944000 	/usr/lib/system/libsystem_platform.dylib
0x00007fff6d94d000 	/usr/lib/system/libsystem_pthread.dylib
0x00007fff6d960000 	/usr/lib/system/libsystem_symptoms.dylib
0x00007fff6d968000 	/usr/lib/system/libsystem_trace.dylib
0x00007fff6d980000 	/usr/lib/system/libunwind.dylib
0x00007fff6d986000 	/usr/lib/system/libxpc.dylib
0x00007fff6c594000 	/usr/lib/libobjc.A.dylib
0x00007fff6aa6d000 	/usr/lib/libc++abi.dylib
0x00007fff6aa1a000 	/usr/lib/libc++.1.dylib
0x00007fff33784000 	/System/Library/Frameworks/CoreFoundation.framework/Versions/A/CoreFoundation
0x00007fff35e3a000 	/System/Library/Frameworks/Foundation.framework/Versions/C/Foundation
0x00007fff30a44000 	/System/Library/Frameworks/AppKit.framework/Versions/C/AppKit
0x00007fff3326d000 	/System/Library/Frameworks/CoreData.framework/Versions/A/CoreData
0x00007fff64755000 	/System/Library/PrivateFrameworks/UIFoundation.framework/Versions/A/UIFoundation
0x00007fff5f803000 	/System/Library/PrivateFrameworks/RemoteViewServices.framework/Versions/A/RemoteViewServices
0x00007fff672a9000 	/System/Library/PrivateFrameworks/XCTTargetBootstrap.framework/Versions/A/XCTTargetBootstrap
0x00007fff33658000 	/System/Library/Frameworks/CoreDisplay.framework/Versions/A/CoreDisplay
0x00007fff38cf3000 	/System/Library/Frameworks/Metal.framework/Versions/A/Metal
0x00007fff4d85c000 	/System/Library/PrivateFrameworks/DesktopServicesPriv.framework/Versions/A/DesktopServicesPriv
0x00007fff6b871000 	/usr/lib/liblangid.dylib
0x00007fff4caf5000 	/System/Library/PrivateFrameworks/CoreSVG.framework/Versions/A/CoreSVG
0x00007fff62959000 	/System/Library/PrivateFrameworks/SkyLight.framework/Versions/A/SkyLight
0x00007fff33c05000 	/System/Library/Frameworks/CoreGraphics.framework/Versions/A/CoreGraphics
0x00007fff2f418000 	/System/Library/Frameworks/Accelerate.framework/Versions/A/Accelerate
0x00007fff6cb61000 	/usr/lib/libxml2.2.dylib
0x00007fff587b5000 	/System/Library/PrivateFrameworks/IconServices.framework/Versions/A/IconServices
0x00007fff36619000 	/System/Library/Frameworks/IOSurface.framework/Versions/A/IOSurface
0x00007fff6a25e000 	/usr/lib/libDiagnosticMessagesClient.dylib
0x00007fff4d6b6000 	/System/Library/PrivateFrameworks/DFRFoundation.framework/Versions/A/DFRFoundation
0x00007fff6b600000 	/usr/lib/libicucore.A.dylib
0x00007fff31b85000 	/System/Library/Frameworks/AudioToolbox.framework/Versions/A/AudioToolbox
0x00007fff31c68000 	/System/Library/Frameworks/AudioUnit.framework/Versions/A/AudioUnit
0x00007fff6a936000 	/usr/lib/libauto.dylib
0x00007fff4d758000 	/System/Library/PrivateFrameworks/DataDetectorsCore.framework/Versions/A/DataDetectorsCore
0x00007fff3240a000 	/System/Library/Frameworks/Carbon.framework/Versions/A/Frameworks/HIToolbox.framework/Versions/A/HIToolbox
0x00007fff3f2c3000 	/System/Library/Frameworks/QuartzCore.framework/Versions/A/QuartzCore
0x00007fff32749000 	/System/Library/Frameworks/Carbon.framework/Versions/A/Frameworks/SpeechRecognition.framework/Versions/A/SpeechRecognition
0x00007fff4d1cd000 	/System/Library/PrivateFrameworks/CoreUI.framework/Versions/A/CoreUI
0x00007fff32cd8000 	/System/Library/Frameworks/CoreAudio.framework/Versions/A/CoreAudio
0x00007fff35aff000 	/System/Library/Frameworks/DiskArbitration.framework/Versions/A/DiskArbitration
0x00007fff5a802000 	/System/Library/PrivateFrameworks/MultitouchSupport.framework/Versions/A/MultitouchSupport
0x00007fff6b4c7000 	/usr/lib/libenergytrace.dylib
0x00007fff36573000 	/System/Library/Frameworks/IOKit.framework/Versions/A/IOKit
0x00007fff34b6c000 	/System/Library/Frameworks/CoreServices.framework/Versions/A/CoreServices
0x00007fff5c999000 	/System/Library/PrivateFrameworks/PerformanceAnalysis.framework/Versions/A/PerformanceAnalysis
0x00007fff3e2f6000 	/System/Library/Frameworks/OpenGL.framework/Versions/A/OpenGL
0x00007fff328f7000 	/System/Library/Frameworks/ColorSync.framework/Versions/A/ColorSync
0x00007fff34287000 	/System/Library/Frameworks/CoreImage.framework/Versions/A/CoreImage
0x00007fff355de000 	/System/Library/Frameworks/CoreText.framework/Versions/A/CoreText
0x00007fff366a9000 	/System/Library/Frameworks/ImageIO.framework/Versions/A/ImageIO
0x00007fff6aa96000 	/usr/lib/libcompression.dylib
0x00007fff6a5a2000 	/usr/lib/libMobileGestalt.dylib
0x00007fff644ce000 	/System/Library/PrivateFrameworks/TextureIO.framework/Versions/A/TextureIO
0x00007fff6a899000 	/usr/lib/libate.dylib
0x00007fff589be000 	/System/Library/PrivateFrameworks/InternationalSupport.framework/Versions/A/InternationalSupport
0x00007fff6b873000 	/usr/lib/liblzma.5.dylib
0x00007fff6b4ee000 	/usr/lib/libfakelink.dylib
0x00007fff6a826000 	/usr/lib/libarchive.2.dylib
0x00007fff41176000 	/System/Library/Frameworks/SystemConfiguration.framework/Versions/A/SystemConfiguration
0x00007fff6a191000 	/usr/lib/libCRFSuite.dylib
0x00007fff31ffb000 	/System/Library/Frameworks/CFNetwork.framework/Versions/A/CFNetwork
0x00007fff6a9fc000 	/usr/lib/libbsm.0.dylib
0x00007fff6d76c000 	/usr/lib/system/libkxld.dylib
0x00007fff4708b000 	/System/Library/PrivateFrameworks/AppleFSCompression.framework/Versions/A/AppleFSCompression
0x00007fff6ad87000 	/usr/lib/libcoretls.dylib
0x00007fff6ad9e000 	/usr/lib/libcoretls_cfhelpers.dylib
0x00007fff6c5da000 	/usr/lib/libpam.2.dylib
0x00007fff6c70f000 	/usr/lib/libsqlite3.dylib
0x00007fff6cb4e000 	/usr/lib/libxar.1.dylib
0x00007fff6aa0d000 	/usr/lib/libbz2.1.0.dylib
0x00007fff6b50f000 	/usr/lib/libiconv.2.dylib
0x00007fff6aa83000 	/usr/lib/libcharset.1.dylib
0x00007fff6c079000 	/usr/lib/libnetwork.dylib
0x00007fff6c5e1000 	/usr/lib/libpcap.A.dylib
0x00007fff6a7db000 	/usr/lib/libapple_nghttp2.dylib
0x00007fff34f23000 	/System/Library/Frameworks/CoreServices.framework/Versions/A/Frameworks/FSEvents.framework/Versions/A/FSEvents
0x00007fff34bf3000 	/System/Library/Frameworks/CoreServices.framework/Versions/A/Frameworks/CarbonCore.framework/Versions/A/CarbonCore
0x00007fff35166000 	/System/Library/Frameworks/CoreServices.framework/Versions/A/Frameworks/Metadata.framework/Versions/A/Metadata
0x00007fff351ff000 	/System/Library/Frameworks/CoreServices.framework/Versions/A/Frameworks/OSServices.framework/Versions/A/OSServices
0x00007fff3522d000 	/System/Library/Frameworks/CoreServices.framework/Versions/A/Frameworks/SearchKit.framework/Versions/A/SearchKit
0x00007fff34b6d000 	/System/Library/Frameworks/CoreServices.framework/Versions/A/Frameworks/AE.framework/Versions/A/AE
0x00007fff34f2c000 	/System/Library/Frameworks/CoreServices.framework/Versions/A/Frameworks/LaunchServices.framework/Versions/A/LaunchServices
0x00007fff34ed5000 	/System/Library/Frameworks/CoreServices.framework/Versions/A/Frameworks/DictionaryServices.framework/Versions/A/DictionaryServices
0x00007fff35295000 	/System/Library/Frameworks/CoreServices.framework/Versions/A/Frameworks/SharedFileList.framework/Versions/A/SharedFileList
0x00007fff3a116000 	/System/Library/Frameworks/NetFS.framework/Versions/A/NetFS
0x00007fff5ad31000 	/System/Library/PrivateFrameworks/NetAuth.framework/Versions/A/NetAuth
0x00007fff67676000 	/System/Library/PrivateFrameworks/login.framework/Versions/A/Frameworks/loginsupport.framework/Versions/A/loginsupport
0x00007fff63f9b000 	/System/Library/PrivateFrameworks/TCC.framework/Versions/A/TCC
0x00007fff4bc68000 	/System/Library/PrivateFrameworks/CoreNLP.framework/Versions/A/CoreNLP
0x00007fff5a230000 	/System/Library/PrivateFrameworks/MetadataUtilities.framework/Versions/A/MetadataUtilities
0x00007fff6b94b000 	/usr/lib/libmecabra.dylib
0x00007fff6b8a3000 	/usr/lib/libmecab.dylib
0x00007fff6b4ff000 	/usr/lib/libgermantok.dylib
0x00007fff6a7c2000 	/usr/lib/libThaiTokenizer.dylib
0x00007fff6a1c8000 	/usr/lib/libChineseTokenizer.dylib
0x00007fff2f430000 	/System/Library/Frameworks/Accelerate.framework/Versions/A/Frameworks/vImage.framework/Versions/A/vImage
0x00007fff3089a000 	/System/Library/Frameworks/Accelerate.framework/Versions/A/Frameworks/vecLib.framework/Versions/A/vecLib
0x00007fff307d7000 	/System/Library/Frameworks/Accelerate.framework/Versions/A/Frameworks/vecLib.framework/Versions/A/libvMisc.dylib
0x00007fff305ff000 	/System/Library/Frameworks/Accelerate.framework/Versions/A/Frameworks/vecLib.framework/Versions/A/libvDSP.dylib
0x00007fff2fa87000 	/System/Library/Frameworks/Accelerate.framework/Versions/A/Frameworks/vecLib.framework/Versions/A/libBLAS.dylib
0x00007fff301c3000 	/System/Library/Frameworks/Accelerate.framework/Versions/A/Frameworks/vecLib.framework/Versions/A/libLAPACK.dylib
0x00007fff3055f000 	/System/Library/Frameworks/Accelerate.framework/Versions/A/Frameworks/vecLib.framework/Versions/A/libLinearAlgebra.dylib
0x00007fff305ec000 	/System/Library/Frameworks/Accelerate.framework/Versions/A/Frameworks/vecLib.framework/Versions/A/libSparseBLAS.dylib
0x00007fff30575000 	/System/Library/Frameworks/Accelerate.framework/Versions/A/Frameworks/vecLib.framework/Versions/A/libQuadrature.dylib
0x00007fff2fcef000 	/System/Library/Frameworks/Accelerate.framework/Versions/A/Frameworks/vecLib.framework/Versions/A/libBNNS.dylib
0x00007fff3057b000 	/System/Library/Frameworks/Accelerate.framework/Versions/A/Frameworks/vecLib.framework/Versions/A/libSparse.dylib
0x00007fff58da6000 	/System/Library/PrivateFrameworks/LanguageModeling.framework/Versions/A/LanguageModeling
0x00007fff4b618000 	/System/Library/PrivateFrameworks/CoreEmoji.framework/Versions/A/CoreEmoji
0x00007fff58ec4000 	/System/Library/PrivateFrameworks/LinguisticData.framework/Versions/A/LinguisticData
0x00007fff58e75000 	/System/Library/PrivateFrameworks/Lexicon.framework/Versions/A/Lexicon
0x00007fff6aa84000 	/usr/lib/libcmph.dylib
0x00007fff3cd04000 	/System/Library/Frameworks/OpenDirectory.framework/Versions/A/Frameworks/CFOpenDirectory.framework/Versions/A/CFOpenDirectory
0x00007fff3cd21000 	/System/Library/Frameworks/OpenDirectory.framework/Versions/A/OpenDirectory
0x00007fff45141000 	/System/Library/PrivateFrameworks/APFS.framework/Versions/A/APFS
0x00007fff40410000 	/System/Library/Frameworks/SecurityFoundation.framework/Versions/A/SecurityFoundation
0x00007fff6cb4a000 	/usr/lib/libutil.dylib
0x00007fff4cb4d000 	/System/Library/PrivateFrameworks/CoreServicesStore.framework/Versions/A/CoreServicesStore
0x00007fff404c7000 	/System/Library/Frameworks/ServiceManagement.framework/Versions/A/ServiceManagement
0x00007fff48859000 	/System/Library/PrivateFrameworks/BackgroundTaskManagement.framework/Versions/A/BackgroundTaskManagement
0x00007fff6cc47000 	/usr/lib/libxslt.1.dylib
0x00007fff476fd000 	/System/Library/PrivateFrameworks/AppleSystemInfo.framework/Versions/A/AppleSystemInfo
0x00007fff368c4000 	/System/Library/Frameworks/ImageIO.framework/Versions/A/Resources/libJPEG.dylib
0x00007fff36b80000 	/System/Library/Frameworks/ImageIO.framework/Versions/A/Resources/libTIFF.dylib
0x00007fff36b63000 	/System/Library/Frameworks/ImageIO.framework/Versions/A/Resources/libPng.dylib
0x00007fff36806000 	/System/Library/Frameworks/ImageIO.framework/Versions/A/Resources/libGIF.dylib
0x00007fff3680a000 	/System/Library/Frameworks/ImageIO.framework/Versions/A/Resources/libJP2.dylib
0x00007fff36b7e000 	/System/Library/Frameworks/ImageIO.framework/Versions/A/Resources/libRadiance.dylib
0x00007fff6b4c8000 	/usr/lib/libexpat.1.dylib
0x00007fff471e6000 	/System/Library/PrivateFrameworks/AppleJPEG.framework/Versions/A/AppleJPEG
0x00007fff4fe28000 	/System/Library/PrivateFrameworks/FontServices.framework/libFontParser.dylib
0x00007fff6667c000 	/System/Library/PrivateFrameworks/WatchdogClient.framework/Versions/A/WatchdogClient
0x00007fff58402000 	/System/Library/PrivateFrameworks/IOAccelerator.framework/Versions/A/IOAccelerator
0x00007fff3908e000 	/System/Library/Frameworks/MetalPerformanceShaders.framework/Versions/A/MetalPerformanceShaders
0x00007fff54b9b000 	/System/Library/PrivateFrameworks/GPUWrangler.framework/Versions/A/GPUWrangler
0x00007fff58417000 	/System/Library/PrivateFrameworks/IOPresentment.framework/Versions/A/IOPresentment
0x00007fff4d6c9000 	/System/Library/PrivateFrameworks/DSExternalDisplay.framework/Versions/A/DSExternalDisplay
0x00007fff3d695000 	/System/Library/Frameworks/OpenGL.framework/Versions/A/Libraries/libCoreFSCache.dylib
0x00007fff38dda000 	/System/Library/Frameworks/MetalPerformanceShaders.framework/Frameworks/MPSCore.framework/Versions/A/MPSCore
0x00007fff38e18000 	/System/Library/Frameworks/MetalPerformanceShaders.framework/Frameworks/MPSImage.framework/Versions/A/MPSImage
0x00007fff38edf000 	/System/Library/Frameworks/MetalPerformanceShaders.framework/Frameworks/MPSNeuralNetwork.framework/Versions/A/MPSNeuralNetwork
0x00007fff38ea3000 	/System/Library/Frameworks/MetalPerformanceShaders.framework/Frameworks/MPSMatrix.framework/Versions/A/MPSMatrix
0x00007fff3903e000 	/System/Library/Frameworks/MetalPerformanceShaders.framework/Frameworks/MPSRayIntersector.framework/Versions/A/MPSRayIntersector
0x00007fff38ec9000 	/System/Library/Frameworks/MetalPerformanceShaders.framework/Frameworks/MPSNDArray.framework/Versions/A/MPSNDArray
0x00007fff5a27d000 	/System/Library/PrivateFrameworks/MetalTools.framework/Versions/A/MetalTools
0x00007fff46313000 	/System/Library/PrivateFrameworks/AggregateDictionary.framework/Versions/A/AggregateDictionary
0x00007fff4b072000 	/System/Library/PrivateFrameworks/CoreAnalytics.framework/Versions/A/CoreAnalytics
0x00007fff4761c000 	/System/Library/PrivateFrameworks/AppleSauce.framework/Versions/A/AppleSauce
0x00007fff6a484000 	/usr/lib/libIOReport.dylib
0x00007fff35796000 	/System/Library/Frameworks/CoreVideo.framework/Versions/A/CoreVideo
0x00007fff56015000 	/System/Library/PrivateFrameworks/GraphVisualizer.framework/Versions/A/GraphVisualizer
0x00007fff4f37c000 	/System/Library/PrivateFrameworks/FaceCore.framework/Versions/A/FaceCore
0x00007fff3ccab000 	/System/Library/Frameworks/OpenCL.framework/Versions/A/OpenCL
0x00007fff6a2a6000 	/usr/lib/libFosl_dynamic.dylib
0x00007fff5b746000 	/System/Library/PrivateFrameworks/OTSVG.framework/Versions/A/OTSVG
0x00007fff31958000 	/System/Library/Frameworks/ApplicationServices.framework/Versions/A/Frameworks/ATS.framework/Versions/A/Resources/libFontRegistry.dylib
0x00007fff4fff9000 	/System/Library/PrivateFrameworks/FontServices.framework/libhvf.dylib
0x00007fff3d6a0000 	/System/Library/Frameworks/OpenGL.framework/Versions/A/Libraries/libGFXShared.dylib
0x00007fff3d87e000 	/System/Library/Frameworks/OpenGL.framework/Versions/A/Libraries/libGLU.dylib
0x00007fff3d6a9000 	/System/Library/Frameworks/OpenGL.framework/Versions/A/Libraries/libGL.dylib
0x00007fff3d6b4000 	/System/Library/Frameworks/OpenGL.framework/Versions/A/Libraries/libGLImage.dylib
0x00007fff3d692000 	/System/Library/Frameworks/OpenGL.framework/Versions/A/Libraries/libCVMSPluginSupport.dylib
0x00007fff3d69b000 	/System/Library/Frameworks/OpenGL.framework/Versions/A/Libraries/libCoreVMClient.dylib
0x00007fff6bf1a000 	/usr/lib/libncurses.5.4.dylib
0x00007fff31854000 	/System/Library/Frameworks/ApplicationServices.framework/Versions/A/Frameworks/ATS.framework/Versions/A/ATS
0x00007fff31a21000 	/System/Library/Frameworks/ApplicationServices.framework/Versions/A/Frameworks/ColorSyncLegacy.framework/Versions/A/ColorSyncLegacy
0x00007fff31abf000 	/System/Library/Frameworks/ApplicationServices.framework/Versions/A/Frameworks/HIServices.framework/Versions/A/HIServices
0x00007fff31b17000 	/System/Library/Frameworks/ApplicationServices.framework/Versions/A/Frameworks/LangAnalysis.framework/Versions/A/LangAnalysis
0x00007fff31b26000 	/System/Library/Frameworks/ApplicationServices.framework/Versions/A/Frameworks/PrintCore.framework/Versions/A/PrintCore
0x00007fff31b6c000 	/System/Library/Frameworks/ApplicationServices.framework/Versions/A/Frameworks/QD.framework/Versions/A/QD
0x00007fff31b77000 	/System/Library/Frameworks/ApplicationServices.framework/Versions/A/Frameworks/SpeechSynthesis.framework/Versions/A/SpeechSynthesis
0x00007fff319f1000 	/System/Library/Frameworks/ApplicationServices.framework/Versions/A/Frameworks/ATSUI.framework/Versions/A/ATSUI
0x00007fff6b35c000 	/usr/lib/libcups.2.dylib
0x00007fff3812b000 	/System/Library/Frameworks/Kerberos.framework/Versions/A/Kerberos
0x00007fff3626c000 	/System/Library/Frameworks/GSS.framework/Versions/A/GSS
0x00007fff6c69b000 	/usr/lib/libresolv.9.dylib
0x00007fff561c3000 	/System/Library/PrivateFrameworks/Heimdal.framework/Versions/A/Heimdal
0x00007fff3813e000 	/System/Library/Frameworks/Kerberos.framework/Versions/A/Libraries/libHeimdalProxy.dylib
0x00007fff6b505000 	/usr/lib/libheimdal-asn1.dylib
0x00007fff4a50b000 	/System/Library/PrivateFrameworks/CommonAuth.framework/Versions/A/CommonAuth
0x00007fff4779a000 	/System/Library/PrivateFrameworks/AssertionServices.framework/Versions/A/AssertionServices
0x00007fff4833c000 	/System/Library/PrivateFrameworks/AudioToolboxCore.framework/Versions/A/AudioToolboxCore
0x00007fff67326000 	/System/Library/PrivateFrameworks/caulk.framework/Versions/A/caulk
0x00007fff48905000 	/System/Library/PrivateFrameworks/BaseBoard.framework/Versions/A/BaseBoard
0x00007fff5f991000 	/System/Library/PrivateFrameworks/RunningBoardServices.framework/Versions/A/RunningBoardServices
0x00007fff5c9a5000 	/System/Library/PrivateFrameworks/PersistentConnection.framework/Versions/A/PersistentConnection
0x00007fff5f38b000 	/System/Library/PrivateFrameworks/ProtocolBuffer.framework/Versions/A/ProtocolBuffer
0x00007fff4a52f000 	/System/Library/PrivateFrameworks/CommonUtilities.framework/Versions/A/CommonUtilities
0x00007fff48a93000 	/System/Library/PrivateFrameworks/Bom.framework/Versions/A/Bom
0x00007fff6a157000 	/usr/lib/libAudioToolboxUtility.dylib
0x00007fff48863000 	/System/Library/PrivateFrameworks/Backup.framework/Versions/A/Backup
0x00007fff4d5ea000 	/System/Library/PrivateFrameworks/CrashReporterSupport.framework/Versions/A/CrashReporterSupport
0x00007fff6141f000 	/System/Library/PrivateFrameworks/Sharing.framework/Versions/A/Sharing
0x00007fff46da9000 	/System/Library/PrivateFrameworks/Apple80211.framework/Versions/A/Apple80211
0x00007fff48580000 	/System/Library/PrivateFrameworks/AuthKit.framework/Versions/A/AuthKit
0x00007fff4d2fa000 	/System/Library/PrivateFrameworks/CoreUtils.framework/Versions/A/CoreUtils
0x00007fff357db000 	/System/Library/Frameworks/CoreWLAN.framework/Versions/A/CoreWLAN
0x00007fff363f9000 	/System/Library/Frameworks/IOBluetooth.framework/Versions/A/IOBluetooth
0x00007fff5a581000 	/System/Library/PrivateFrameworks/MobileKeyBag.framework/Versions/A/MobileKeyBag
0x00007fff4c100000 	/System/Library/PrivateFrameworks/CorePhoneNumbers.framework/Versions/A/CorePhoneNumbers
0x00007fff47199000 	/System/Library/PrivateFrameworks/AppleIDAuthSupport.framework/Versions/A/AppleIDAuthSupport
0x00007fff3a123000 	/System/Library/Frameworks/Network.framework/Versions/A/Network
0x00007fff58c52000 	/System/Library/PrivateFrameworks/KeychainCircle.framework/Versions/A/KeychainCircle
0x00007fff33234000 	/System/Library/Frameworks/CoreBluetooth.framework/Versions/A/CoreBluetooth
0x00007fff6349c000 	/System/Library/PrivateFrameworks/SpeechRecognitionCore.framework/Versions/A/SpeechRecognitionCore
0x0000000105c00000 	/Library/Java/JavaVirtualMachines/jdk-13.0.2.jdk/Contents/Home/lib/server/libjvm.dylib
0x00000001053a1000 	/Library/Java/JavaVirtualMachines/jdk-13.0.2.jdk/Contents/Home/lib/libverify.dylib
0x00000001053ad000 	/Library/Java/JavaVirtualMachines/jdk-13.0.2.jdk/Contents/Home/lib/libjava.dylib
0x00000001053f3000 	/Library/Java/JavaVirtualMachines/jdk-13.0.2.jdk/Contents/Home/lib/libzip.dylib
0x0000000106a15000 	/Library/Java/JavaVirtualMachines/jdk-13.0.2.jdk/Contents/Home/lib/libjimage.dylib
0x0000000127ad7000 	/Library/Java/JavaVirtualMachines/jdk-13.0.2.jdk/Contents/Home/lib/libnio.dylib
0x0000000127ae5000 	/Library/Java/JavaVirtualMachines/jdk-13.0.2.jdk/Contents/Home/lib/libnet.dylib
0x0000000127bd7000 	/private/var/folders/kq/0p6nv3m93lg09dvyh1lsvw5m0000gp/T/lwjglerwin/3.2.3-build-13/liblwjgl.dylib
0x0000000127bff000 	/private/var/folders/kq/0p6nv3m93lg09dvyh1lsvw5m0000gp/T/lwjglerwin/3.2.3-build-13/libglfw.dylib
0x00007fff4cb19000 	/System/Library/PrivateFrameworks/CoreServicesInternal.framework/Versions/A/CoreServicesInternal
0x00007fff35cf7000 	/System/Library/Frameworks/FileProvider.framework/Versions/A/FileProvider
0x00007fff3089b000 	/System/Library/Frameworks/Accounts.framework/Versions/A/Accounts
0x00007fff54ec0000 	/System/Library/PrivateFrameworks/GenerationalStorage.framework/Versions/A/GenerationalStorage
0x00007fff4d09f000 	/System/Library/PrivateFrameworks/CoreSymbolication.framework/Versions/A/CoreSymbolication
0x00007fff63cdc000 	/System/Library/PrivateFrameworks/SymptomDiagnosticReporter.framework/Versions/A/SymptomDiagnosticReporter
0x00007fff468ae000 	/System/Library/PrivateFrameworks/AppContainer.framework/Versions/A/AppContainer
0x00007fff6c6b5000 	/usr/lib/libsandbox.1.dylib
0x00007fff65620000 	/System/Library/PrivateFrameworks/UserManagement.framework/Versions/A/UserManagement
0x00007fff4964b000 	/System/Library/PrivateFrameworks/ChunkingLibrary.framework/Versions/A/ChunkingLibrary
0x00007fff4d81e000 	/System/Library/PrivateFrameworks/DebugSymbols.framework/Versions/A/DebugSymbols
0x00007fff46920000 	/System/Library/PrivateFrameworks/AppSandbox.framework/Versions/A/AppSandbox
0x00007fff612a9000 	/System/Library/PrivateFrameworks/SecCodeWrapper.framework/Versions/A/SecCodeWrapper
0x00007fff6a56c000 	/usr/lib/libMatch.1.dylib
0x00007fff2f419000 	/System/Library/Frameworks/Accelerate.framework/Versions/A/Frameworks/vImage.framework/Versions/A/Libraries/libCGInterfaces.dylib
0x00007fff4ff60000 	/System/Library/PrivateFrameworks/FontServices.framework/libTrueTypeScaler.dylib
0x00007fff29c41000 	/System/Library/Extensions/AppleIntelHD5000GraphicsMTLDriver.bundle/Contents/MacOS/AppleIntelHD5000GraphicsMTLDriver
0x00007fff534ea000 	/System/Library/PrivateFrameworks/GPUCompiler.framework/Versions/3902/Libraries/libmetal_timestamp.dylib


VM Arguments:
jvm_args: -Dfile.encoding=UTF-8 
java_command: main.engine.MAIN_TEST
java_class_path (initial): /Users/erwin/Downloads/lwjgl-release-3.2.3-custom-2/lwjgl-assimp-natives-macos.jar:/Users/erwin/Downloads/lwjgl-release-3.2.3-custom-2/lwjgl-assimp-sources.jar:/Users/erwin/Downloads/lwjgl-release-3.2.3-custom-2/lwjgl-assimp.jar:/Users/erwin/Downloads/lwjgl-release-3.2.3-custom-2/lwjgl-glfw-natives-macos.jar:/Users/erwin/Downloads/lwjgl-release-3.2.3-custom-2/lwjgl-glfw-sources.jar:/Users/erwin/Downloads/lwjgl-release-3.2.3-custom-2/lwjgl-glfw.jar:/Users/erwin/Downloads/lwjgl-release-3.2.3-custom-2/lwjgl-natives-macos.jar:/Users/erwin/Downloads/lwjgl-release-3.2.3-custom-2/lwjgl-openal-natives-macos.jar:/Users/erwin/Downloads/lwjgl-release-3.2.3-custom-2/lwjgl-openal-sources.jar:/Users/erwin/Downloads/lwjgl-release-3.2.3-custom-2/lwjgl-openal.jar:/Users/erwin/Downloads/lwjgl-release-3.2.3-custom-2/lwjgl-opengl-natives-macos.jar:/Users/erwin/Downloads/lwjgl-release-3.2.3-custom-2/lwjgl-opengl-sources.jar:/Users/erwin/Downloads/lwjgl-release-3.2.3-custom-2/lwjgl-opengl.jar:/Users/erwin/Downloads/lwjgl-release-3.2.3-custom-2/lwjgl-sources.jar:/Users/erwin/Downloads/lwjgl-release-3.2.3-custom-2/lwjgl-stb-natives-macos.jar:/Users/erwin/Downloads/lwjgl-release-3.2.3-custom-2/lwjgl-stb-sources.jar:/Users/erwin/Downloads/lwjgl-release-3.2.3-custom-2/lwjgl-stb.jar:/Users/erwin/Downloads/lwjgl-release-3.2.3-custom-2/lwjgl.jar:/Users/erwin/Documents/GitHub/InformaticaEindproject5V/Workspace/Eindproject/bin
Launcher Type: SUN_STANDARD

[Global flags]
     intx CICompilerCount                          = 3                                         {product} {ergonomic}
     uint ConcGCThreads                            = 1                                         {product} {ergonomic}
     uint G1ConcRefinementThreads                  = 4                                         {product} {ergonomic}
   size_t G1HeapRegionSize                         = 1048576                                   {product} {ergonomic}
    uintx GCDrainStackTargetSize                   = 64                                        {product} {ergonomic}
   size_t InitialHeapSize                          = 134217728                                 {product} {ergonomic}
   size_t MarkStackSize                            = 4194304                                   {product} {ergonomic}
   size_t MaxHeapSize                              = 2147483648                                {product} {ergonomic}
   size_t MaxNewSize                               = 1287651328                                {product} {ergonomic}
   size_t MinHeapDeltaBytes                        = 1048576                                   {product} {ergonomic}
   size_t MinHeapSize                              = 8388608                                   {product} {ergonomic}
    uintx NonNMethodCodeHeapSize                   = 5832780                                {pd product} {ergonomic}
    uintx NonProfiledCodeHeapSize                  = 122912730                              {pd product} {ergonomic}
    uintx ProfiledCodeHeapSize                     = 122912730                              {pd product} {ergonomic}
    uintx ReservedCodeCacheSize                    = 251658240                              {pd product} {ergonomic}
     bool SegmentedCodeCache                       = true                                      {product} {ergonomic}
   size_t SoftMaxHeapSize                          = 2147483648                             {manageable} {ergonomic}
     bool UseCompressedClassPointers               = true                                 {lp64_product} {ergonomic}
     bool UseCompressedOops                        = true                                 {lp64_product} {ergonomic}
     bool UseG1GC                                  = true                                      {product} {ergonomic}

Logging:
Log output configuration:
 #0: stdout all=warning uptime,level,tags
 #1: stderr all=off uptime,level,tags

Environment Variables:
PATH=/usr/bin:/bin:/usr/sbin:/sbin
SHELL=/bin/bash

Signal Handlers:
SIGSEGV: [libjvm.dylib+0x77ba40], sa_mask[0]=11111111011111110111111111111111, sa_flags=SA_ONSTACK|SA_RESTART|SA_SIGINFO
SIGBUS: [libjvm.dylib+0x77ba40], sa_mask[0]=11111111011111110111111111111111, sa_flags=SA_RESTART|SA_SIGINFO
SIGFPE: [libjvm.dylib+0x77ba40], sa_mask[0]=11111111011111110111111111111111, sa_flags=SA_RESTART|SA_SIGINFO
SIGPIPE: [libjvm.dylib+0x6221fd], sa_mask[0]=11111111011111110111111111111111, sa_flags=SA_RESTART|SA_SIGINFO
SIGXFSZ: [libjvm.dylib+0x6221fd], sa_mask[0]=11111111011111110111111111111111, sa_flags=SA_RESTART|SA_SIGINFO
SIGILL: [libjvm.dylib+0x77ba40], sa_mask[0]=11111111011111110111111111111111, sa_flags=SA_RESTART|SA_SIGINFO
SIGUSR2: [libjvm.dylib+0x6227e7], sa_mask[0]=00100000000000000000000000000000, sa_flags=SA_RESTART|SA_SIGINFO
SIGHUP: [libjvm.dylib+0x6217d5], sa_mask[0]=11111111011111110111111111111111, sa_flags=SA_RESTART|SA_SIGINFO
SIGINT: [libjvm.dylib+0x6217d5], sa_mask[0]=11111111011111110111111111111111, sa_flags=SA_RESTART|SA_SIGINFO
SIGTERM: [libjvm.dylib+0x6217d5], sa_mask[0]=11111111011111110111111111111111, sa_flags=SA_RESTART|SA_SIGINFO
SIGQUIT: [libjvm.dylib+0x6217d5], sa_mask[0]=11111111011111110111111111111111, sa_flags=SA_RESTART|SA_SIGINFO


---------------  S Y S T E M  ---------------

OS:uname:Darwin 19.4.0 Darwin Kernel Version 19.4.0: Wed Mar  4 22:28:40 PST 2020; root:xnu-6153.101.6~15/RELEASE_X86_64 x86_64
rlimit: STACK 8192k, CORE 0k, NPROC 1392, NOFILE 10240, AS infinity, DATA infinity, FSIZE infinity
load average:3.87 3.62 3.08

CPU:total 4 (initial active 4) (2 cores per cpu, 2 threads per core) family 6 model 69 stepping 1, cmov, cx8, fxsr, mmx, sse, sse2, sse3, ssse3, sse4.1, sse4.2, popcnt, avx, avx2, aes, clmul, erms, lzcnt, ht, tsc, tscinvbit, bmi1, bmi2, fma

Memory: 4k page, physical 8388608k(121680k free), swap 2097152k(1107456k free)

vm_info: Java HotSpot(TM) 64-Bit Server VM (13.0.2+8) for bsd-amd64 JRE (13.0.2+8), built on Dec 11 2019 09:27:08 by "mach5one" with clang 4.2.1 Compatible Apple LLVM 10.0.0 (clang-1000.11.45.5)

END.
