#
# A fatal error has been detected by the Java Runtime Environment:
#
#  SIGSEGV (0xb) at pc=0x00007fff33d777c7, pid=674, tid=9731
#
# JRE version: Java(TM) SE Runtime Environment (13.0.2+8) (build 13.0.2+8)
# Java VM: Java HotSpot(TM) 64-Bit Server VM (13.0.2+8, mixed mode, sharing, tiered, compressed oops, g1 gc, bsd-amd64)
# Problematic frame:
# C  [HIToolbox+0x257c7]  _ZN13HIMenuBarView15MeasureAppMenusEv+0xcf
#
# No core dump will be written. Core dumps have been disabled. To enable core dumping, try "ulimit -c unlimited" before starting Java again
#
# If you would like to submit a bug report, please visit:
#   http://bugreport.java.com/bugreport/crash.jsp
# The crash happened outside the Java Virtual Machine in native code.
# See problematic frame for where to report the bug.
#

---------------  S U M M A R Y ------------

Command Line: -Dfile.encoding=UTF-8 main.engine.MAIN_TEST

Host: MacBookPro11,1 x86_64 2400 MHz, 4 cores, 8G, Darwin 19.4.0
Time: Fri Apr 17 11:26:14 2020 CEST elapsed time: 0 seconds (0d 0h 0m 0s)

---------------  T H R E A D  ---------------

Current thread (0x00007fe23880c800):  JavaThread "main" [_thread_in_native, id=9731, stack(0x0000700002e01000,0x0000700002f01000)]

Stack: [0x0000700002e01000,0x0000700002f01000],  sp=0x0000700002eff120,  free space=1016k
Native frames: (J=compiled Java code, A=aot compiled Java code, j=interpreted, Vv=VM code, C=native code)
C  [HIToolbox+0x257c7]  _ZN13HIMenuBarView15MeasureAppMenusEv+0xcf
C  [HIToolbox+0x25367]  _ZN13HIMenuBarView15EnsureBarLayoutEv+0x1a3
C  [HIToolbox+0x24c77]  _ZN13HIMenuBarView8DrawOnceE6CGRectS0_bbP9CGContext+0x243
C  [HIToolbox+0x2494e]  _ZN13HIMenuBarView8DrawSelfEsPK9__HIShapeP9CGContext+0x23a
C  [HIToolbox+0x243b6]  _ZN13HIMenuBarView24DrawWithoutCustomizationEsPK9__HIShapeP9CGContext+0x52
C  [HIToolbox+0x2434e]  _ZN13HIMenuBarView22DrawingDelegateHandlerEP25OpaqueEventHandlerCallRefP14OpaqueEventRefPv+0x102
C  [HIToolbox+0x88ff]  _ZL23DispatchEventToHandlersP14EventTargetRecP14OpaqueEventRefP14HandlerCallRec+0x4e6
C  [HIToolbox+0x7d8d]  _ZL30SendEventToEventTargetInternalP14OpaqueEventRefP20OpaqueEventTargetRefP14HandlerCallRec+0x149
C  [HIToolbox+0x7c3d]  SendEventToEventTargetWithOptions+0x2d
C  [HIToolbox+0x23ecd]  _ZN6HIView8SendDrawEsP13OpaqueGrafPtrPK9__HIShapeP9CGContext+0x145
C  [HIToolbox+0x23967]  _ZN6HIView23RecursiveDrawCompositedEPK9__HIShapeS2_jPS_P9CGContexthd+0x23f
C  [HIToolbox+0x23b61]  _ZN6HIView23RecursiveDrawCompositedEPK9__HIShapeS2_jPS_P9CGContexthd+0x439
C  [HIToolbox+0x23399]  _ZN6HIView14DrawCompositedEsP13OpaqueGrafPtrPK9__HIShapejPS_P9CGContext+0x32f
C  [HIToolbox+0x2305b]  _ZN6HIView6RenderEjP9CGContext+0x33
C  [HIToolbox+0x22783]  _ZN10WindowData20PrepareForVisibilityEv+0x99
C  [HIToolbox+0x789c8]  _ShowHideWindows+0x11e
C  [HIToolbox+0x221b4]  ShowHide+0x23
C  [HIToolbox+0x12217]  _ZN9MBWindows18GetWindowOnDisplayEjh+0x127
C  [HIToolbox+0x11ff7]  _ZN15MenuBarInstance15ForEachWindowDoEhU13block_pointerFbP15OpaqueWindowPtrjE+0xb7
C  [HIToolbox+0x11efb]  _ZN15MenuBarInstance28SetBoundsAndUpdateResolutionEv+0x67
C  [HIToolbox+0x11a72]  _ZN15MenuBarInstance4ShowE21MenuBarAnimationStylehhhh+0x118
C  [HIToolbox+0x114aa]  _ZN15MenuBarInstance21UpdateAggregateUIModeE21MenuBarAnimationStylehhh+0x324
C  [HIToolbox+0x110aa]  _ZN15MenuBarInstance16ForEachMenuBarDoEU13block_pointerFvPS_E+0x2e
C  [HIToolbox+0x11042]  _ZL25UpdateAllAggregateUIModes21MenuBarAnimationStyleh+0x7e
C  [HIToolbox+0x10fae]  SetSystemUIMode+0xa5
C  [AppKit+0x3165b]  -[NSApplication finishLaunching]+0x2dc
C  [AppKit+0x31050]  -[NSApplication run]+0xf4
C  [libglfw.dylib+0x10a85]
C  [libglfw.dylib+0xa416]
j  org.lwjgl.system.JNI.invokePPPP(IIJJJJ)J+0
j  org.lwjgl.glfw.GLFW.nglfwCreateWindow(IIJJJ)J+14
j  org.lwjgl.glfw.GLFW.glfwCreateWindow(IILjava/lang/CharSequence;JJ)J+37
j  main.engine.io.Window.create()V+58
j  main.engine.MAIN_TEST.main([Ljava/lang/String;)V+3
v  ~StubRoutines::call_stub
V  [libjvm.dylib+0x3934f7]  _ZN9JavaCalls11call_helperEP9JavaValueRK12methodHandleP17JavaCallArgumentsP6Thread+0x285
V  [libjvm.dylib+0x3d4ba9]  _ZL17jni_invoke_staticP7JNIEnv_P9JavaValueP8_jobject11JNICallTypeP10_jmethodIDP18JNI_ArgumentPusherP6Thread+0x11c
V  [libjvm.dylib+0x3d836c]  jni_CallStaticVoidMethod+0x1c9
C  [libjli.dylib+0x4a66]  JavaMain+0xab4
C  [libjli.dylib+0x6d64]  ThreadJavaMain+0x9
C  [libsystem_pthread.dylib+0x6109]  _pthread_start+0x94
C  [libsystem_pthread.dylib+0x1b8b]  thread_start+0xf

Java frames: (J=compiled Java code, j=interpreted, Vv=VM code)
j  org.lwjgl.system.JNI.invokePPPP(IIJJJJ)J+0
j  org.lwjgl.glfw.GLFW.nglfwCreateWindow(IIJJJ)J+14
j  org.lwjgl.glfw.GLFW.glfwCreateWindow(IILjava/lang/CharSequence;JJ)J+37
j  main.engine.io.Window.create()V+58
j  main.engine.MAIN_TEST.main([Ljava/lang/String;)V+3
v  ~StubRoutines::call_stub

siginfo: si_signo: 11 (SIGSEGV), si_code: 1 (SEGV_MAPERR), si_addr: 0x0000000000000008

Register to memory mapping:

RAX=0x0 is NULL
RBX=0x0000000000000001 is an unknown value
RCX=0x00007fe2374b5f80 points into unknown readable memory: 10 3f 9b 8c ff 7f 00 00
RDX=0x0 is NULL
RSP=0x0000700002eff120 is pointing into the stack for thread: 0x00007fe23880c800
RBP=0x0000700002eff150 is pointing into the stack for thread: 0x00007fe23880c800
RSI=0x00007fe2374b5850 points into unknown readable memory: 80 5f 4b 37 e2 7f 00 00
RDI=0x0000700002eff040 is pointing into the stack for thread: 0x00007fe23880c800
R8 =0x0000000000000008 is an unknown value
R9 =0x0000700002eff040 is pointing into the stack for thread: 0x00007fe23880c800
R10=0x0000700002eff040 is pointing into the stack for thread: 0x00007fe23880c800
R11=0xfffff01dcba497f0 is an unknown value
R12=0x00007fe2374b5f80 points into unknown readable memory: 10 3f 9b 8c ff 7f 00 00
R13=0x0 is NULL
R14=0x0 is NULL
R15=0x00007fe2374bb390 points into unknown readable memory: b8 69 9a 8c ff 7f 00 00


Registers:
RAX=0x0000000000000000, RBX=0x0000000000000001, RCX=0x00007fe2374b5f80, RDX=0x0000000000000000
RSP=0x0000700002eff120, RBP=0x0000700002eff150, RSI=0x00007fe2374b5850, RDI=0x0000700002eff040
R8 =0x0000000000000008, R9 =0x0000700002eff040, R10=0x0000700002eff040, R11=0xfffff01dcba497f0
R12=0x00007fe2374b5f80, R13=0x0000000000000000, R14=0x0000000000000000, R15=0x00007fe2374bb390
RIP=0x00007fff33d777c7, EFLAGS=0x0000000000010202, ERR=0x0000000000000004
  TRAPNO=0x000000000000000e

Top of Stack: (sp=0x0000700002eff120)
0x0000700002eff120:   0000000000000003 42340000420c0000
0x0000700002eff130:   0000700002eff101 00007fe2374bb390
0x0000700002eff140:   0000000000000000 0000000000000060
0x0000700002eff150:   0000700002eff1c0 00007fff33d77367
0x0000700002eff160:   0000700002eff180 44a0000000000000
0x0000700002eff170:   00007fe237798350 0000000000000000
0x0000700002eff180:   0000700002eff1a0 0000000000000000
0x0000700002eff190:   0000000041200000 00007fe2374bb390
0x0000700002eff1a0:   00007fe2374bb390 0000000000000000
0x0000700002eff1b0:   0000000000000000 0000700002eff301
0x0000700002eff1c0:   0000700002eff320 00007fff33d76c77
0x0000700002eff1d0:   d928e7a34e22006a 00007fe23749d550
0x0000700002eff1e0:   000000000001ce83 00007fe23749d580
0x0000700002eff1f0:   0000700002eff220 00007fff642a4e92
0x0000700002eff200:   0000000000000000 00007fe2377606a0
0x0000700002eff210:   000000000001ce83 00007fff6c398585
0x0000700002eff220:   0000700002eff270 00007fff642a4db6
0x0000700002eff230:   0000000000000000 0001ce83377606a0
0x0000700002eff240:   000000000001ce83 00007fff6c398585
0x0000700002eff250:   d928e7a34e22006a 00007fff6f1d8170
0x0000700002eff260:   0000000000000000 0000700002eff340
0x0000700002eff270:   0000700002eff2b0 00007fff642a531c
0x0000700002eff280:   0000000000000000 00007fe237536740
0x0000700002eff290:   00007fe2374bb390 000000000001ce83
0x0000700002eff2a0:   0000000000000000 0000700002eff340
0x0000700002eff2b0:   0000700002eff310 00007fff642b0dce
0x0000700002eff2c0:   0000000000000000 0005000200000000
0x0000700002eff2d0:   aaaaaaaa00130000 0000000000009217
0x0000700002eff2e0:   0000733d00002203 00007fe2374beb20
0x0000700002eff2f0:   00007fe2374bb390 0000000000000008
0x0000700002eff300:   00007fe2374bb390 00007fe2374beb20
0x0000700002eff310:   0000000000000001 0000700002eff3d0 

Instructions: (pc=0x00007fff33d777c7)
0x00007fff33d776c7:   c3 72 04 eb 07 31 db ff c3 41 89 de 48 8b 7d d8
0x00007fff33d776d7:   e8 46 9f fe ff 44 89 f0 48 83 c4 18 5b 41 5e 41
0x00007fff33d776e7:   5f 5d c3 90 90 90 90 90 90 90 90 90 90 90 90 90
0x00007fff33d776f7:   90 55 48 89 e5 41 57 41 56 41 54 53 48 83 ec 10
0x00007fff33d77707:   49 89 ff 48 8b 87 78 02 00 00 48 63 30 48 85 f6
0x00007fff33d77717:   74 18 49 8b bf 50 02 00 00 e8 e2 8f 05 00 49 89
0x00007fff33d77727:   c6 49 8b 87 78 02 00 00 eb 03 45 31 f6 31 db 41
0x00007fff33d77737:   f6 87 a8 02 00 00 20 0f 94 c3 4c 8d 25 08 aa 28
0x00007fff33d77747:   00 48 83 78 08 00 75 2e 8b 00 85 c0 7e 04 ff c8
0x00007fff33d77757:   eb 0c 49 8b bf 50 02 00 00 e8 6c fd ff ff 48 63
0x00007fff33d77767:   f8 be 04 00 00 00 e8 a0 74 27 00 49 8b 8f 78 02
0x00007fff33d77777:   00 00 48 89 41 08 f3 41 0f 10 04 9c f3 0f 11 45
0x00007fff33d77787:   dc 49 8b bf 50 02 00 00 e8 ec 00 00 00 49 8b bf
0x00007fff33d77797:   50 02 00 00 e8 f9 9a fe ff 4c 39 f0 74 7e 49 89
0x00007fff33d777a7:   c4 31 db f3 0f 10 45 dc 49 8b 87 58 02 00 00 f3
0x00007fff33d777b7:   0f 11 45 dc f3 0f 11 04 98 49 8b 87 78 02 00 00
0x00007fff33d777c7:   48 8b 48 08 4c 89 ff 4c 89 e6 ba 01 00 00 00 41
0x00007fff33d777d7:   89 d8 e8 c8 00 00 00 f3 0f 11 45 d8 4c 89 e7 e8
0x00007fff33d777e7:   45 b1 fe ff 84 c0 74 07 41 89 9f 6c 02 00 00 f3
0x00007fff33d777f7:   0f 10 45 dc f3 0f 58 45 d8 f3 0f 11 45 dc 49 8b
0x00007fff33d77807:   bf 50 02 00 00 e8 88 9a fe ff f3 0f 10 45 dc 49
0x00007fff33d77817:   89 c4 48 ff c3 4c 39 f0 75 8e eb 07 31 db f3 0f
0x00007fff33d77827:   10 45 dc 41 8b 87 68 02 00 00 39 c3 7d 1b 89 d9
0x00007fff33d77837:   48 c1 e1 02 49 03 8f 58 02 00 00 f3 0f 11 01 48
0x00007fff33d77847:   83 c1 04 ff c3 39 d8 7f f2 f3 41 0f 11 87 70 02
0x00007fff33d77857:   00 00 49 8b 87 78 02 00 00 f3 0f 11 40 28 48 83
0x00007fff33d77867:   c4 10 5b 41 5c 41 5e 41 5f 5d c3 90 90 90 90 90
0x00007fff33d77877:   90 90 90 90 90 90 90 90 90 55 48 89 e5 31 c0 88
0x00007fff33d77887:   47 4c 38 47 48 b9 06 00 00 00 0f 45 c8 89 4f 38
0x00007fff33d77897:   48 c7 47 40 00 00 00 00 31 c0 5d c3 90 90 90 55
0x00007fff33d778a7:   48 89 e5 41 57 41 56 41 55 41 54 53 48 83 ec 58
0x00007fff33d778b7:   49 89 cc 41 89 d5 48 89 f3 49 89 fe 31 c0 48 89 


Stack slot to memory mapping:
stack at sp + 0 slots: 0x0000000000000003 is an unknown value
stack at sp + 1 slots: 0x42340000420c0000 is an unknown value
stack at sp + 2 slots: 0x0000700002eff101 is pointing into the stack for thread: 0x00007fe23880c800
stack at sp + 3 slots: 0x00007fe2374bb390 points into unknown readable memory: b8 69 9a 8c ff 7f 00 00
stack at sp + 4 slots: 0x0 is NULL
stack at sp + 5 slots: 0x0000000000000060 is an unknown value
stack at sp + 6 slots: 0x0000700002eff1c0 is pointing into the stack for thread: 0x00007fe23880c800
stack at sp + 7 slots: 0x00007fff33d77367: _ZN13HIMenuBarView15EnsureBarLayoutEv+0x1a3 in /System/Library/Frameworks/Carbon.framework/Versions/A/Frameworks/HIToolbox.framework/Versions/A/HIToolbox at 0x00007fff33d52000


---------------  P R O C E S S  ---------------

Threads class SMR info:
_java_thread_list=0x00007fe2377223d0, length=9, elements={
0x00007fe23880c800, 0x00007fe23789a800, 0x00007fe23789d800, 0x00007fe238819800,
0x00007fe23789e000, 0x00007fe237901800, 0x00007fe237902800, 0x00007fe237903800,
0x00007fe237904000
}

Java Threads: ( => current thread )
=>0x00007fe23880c800 JavaThread "main" [_thread_in_native, id=9731, stack(0x0000700002e01000,0x0000700002f01000)]
  0x00007fe23789a800 JavaThread "Reference Handler" daemon [_thread_blocked, id=14851, stack(0x0000700003516000,0x0000700003616000)]
  0x00007fe23789d800 JavaThread "Finalizer" daemon [_thread_blocked, id=18435, stack(0x0000700003619000,0x0000700003719000)]
  0x00007fe238819800 JavaThread "Signal Dispatcher" daemon [_thread_blocked, id=43267, stack(0x0000700003822000,0x0000700003922000)]
  0x00007fe23789e000 JavaThread "C2 CompilerThread0" daemon [_thread_blocked, id=22275, stack(0x0000700003925000,0x0000700003a25000)]
  0x00007fe237901800 JavaThread "C1 CompilerThread0" daemon [_thread_blocked, id=22787, stack(0x0000700003a28000,0x0000700003b28000)]
  0x00007fe237902800 JavaThread "Sweeper thread" daemon [_thread_blocked, id=23043, stack(0x0000700003b2b000,0x0000700003c2b000)]
  0x00007fe237903800 JavaThread "Service Thread" daemon [_thread_blocked, id=23811, stack(0x0000700003c2e000,0x0000700003d2e000)]
  0x00007fe237904000 JavaThread "Common-Cleaner" daemon [_thread_blocked, id=41219, stack(0x0000700003e34000,0x0000700003f34000)]

Other Threads:
  0x00007fe23900c000 VMThread "VM Thread" [stack: 0x0000700003413000,0x0000700003513000] [id=19459]
  0x00007fe238817800 WatcherThread [stack: 0x0000700003d31000,0x0000700003e31000] [id=41731]
  0x00007fe237837000 GCTaskThread "GC Thread#0" [stack: 0x0000700002f04000,0x0000700003004000] [id=20739]
  0x00007fe237848000 ConcurrentGCThread "G1 Main Marker" [stack: 0x0000700003007000,0x0000700003107000] [id=11779]
  0x00007fe237849000 ConcurrentGCThread "G1 Conc#0" [stack: 0x000070000310a000,0x000070000320a000] [id=20227]
  0x00007fe237899800 ConcurrentGCThread "G1 Refine#0" [stack: 0x000070000320d000,0x000070000330d000] [id=12547]
  0x00007fe23900b800 ConcurrentGCThread "G1 Young RemSet Sampling" [stack: 0x0000700003310000,0x0000700003410000] [id=13059]

Threads with active compile tasks:

VM state:not at safepoint (normal execution)

VM Mutex/Monitor currently owned by a thread: None

Heap address: 0x0000000780000000, size: 2048 MB, Compressed Oops mode: Zero based, Oop shift amount: 3
Narrow klass base: 0x0000000800000000, Narrow klass shift: 3
Compressed class space size: 1073741824 Address: 0x0000000800ae0000

Heap:
 garbage-first heap   total 133120K, used 6904K [0x0000000780000000, 0x0000000800000000)
  region size 1024K, 7 young (7168K), 0 survivors (0K)
 Metaspace       used 2329K, capacity 5638K, committed 5888K, reserved 1056768K
  class space    used 194K, capacity 497K, committed 512K, reserved 1048576K
Heap Regions: E=young(eden), S=young(survivor), O=old, HS=humongous(starts), HC=humongous(continues), CS=collection set, F=free, A=archive, TAMS=top-at-mark-start (previous, next)
|   0|0x0000000780000000, 0x0000000780000000, 0x0000000780100000|  0%| F|  |TAMS 0x0000000780000000, 0x0000000780000000| Untracked 
|   1|0x0000000780100000, 0x0000000780100000, 0x0000000780200000|  0%| F|  |TAMS 0x0000000780100000, 0x0000000780100000| Untracked 
|   2|0x0000000780200000, 0x0000000780200000, 0x0000000780300000|  0%| F|  |TAMS 0x0000000780200000, 0x0000000780200000| Untracked 
|   3|0x0000000780300000, 0x0000000780300000, 0x0000000780400000|  0%| F|  |TAMS 0x0000000780300000, 0x0000000780300000| Untracked 
|   4|0x0000000780400000, 0x0000000780400000, 0x0000000780500000|  0%| F|  |TAMS 0x0000000780400000, 0x0000000780400000| Untracked 
|   5|0x0000000780500000, 0x0000000780500000, 0x0000000780600000|  0%| F|  |TAMS 0x0000000780500000, 0x0000000780500000| Untracked 
|   6|0x0000000780600000, 0x0000000780600000, 0x0000000780700000|  0%| F|  |TAMS 0x0000000780600000, 0x0000000780600000| Untracked 
|   7|0x0000000780700000, 0x0000000780700000, 0x0000000780800000|  0%| F|  |TAMS 0x0000000780700000, 0x0000000780700000| Untracked 
|   8|0x0000000780800000, 0x0000000780800000, 0x0000000780900000|  0%| F|  |TAMS 0x0000000780800000, 0x0000000780800000| Untracked 
|   9|0x0000000780900000, 0x0000000780900000, 0x0000000780a00000|  0%| F|  |TAMS 0x0000000780900000, 0x0000000780900000| Untracked 
|  10|0x0000000780a00000, 0x0000000780a00000, 0x0000000780b00000|  0%| F|  |TAMS 0x0000000780a00000, 0x0000000780a00000| Untracked 
|  11|0x0000000780b00000, 0x0000000780b00000, 0x0000000780c00000|  0%| F|  |TAMS 0x0000000780b00000, 0x0000000780b00000| Untracked 
|  12|0x0000000780c00000, 0x0000000780c00000, 0x0000000780d00000|  0%| F|  |TAMS 0x0000000780c00000, 0x0000000780c00000| Untracked 
|  13|0x0000000780d00000, 0x0000000780d00000, 0x0000000780e00000|  0%| F|  |TAMS 0x0000000780d00000, 0x0000000780d00000| Untracked 
|  14|0x0000000780e00000, 0x0000000780e00000, 0x0000000780f00000|  0%| F|  |TAMS 0x0000000780e00000, 0x0000000780e00000| Untracked 
|  15|0x0000000780f00000, 0x0000000780f00000, 0x0000000781000000|  0%| F|  |TAMS 0x0000000780f00000, 0x0000000780f00000| Untracked 
|  16|0x0000000781000000, 0x0000000781000000, 0x0000000781100000|  0%| F|  |TAMS 0x0000000781000000, 0x0000000781000000| Untracked 
|  17|0x0000000781100000, 0x0000000781100000, 0x0000000781200000|  0%| F|  |TAMS 0x0000000781100000, 0x0000000781100000| Untracked 
|  18|0x0000000781200000, 0x0000000781200000, 0x0000000781300000|  0%| F|  |TAMS 0x0000000781200000, 0x0000000781200000| Untracked 
|  19|0x0000000781300000, 0x0000000781300000, 0x0000000781400000|  0%| F|  |TAMS 0x0000000781300000, 0x0000000781300000| Untracked 
|  20|0x0000000781400000, 0x0000000781400000, 0x0000000781500000|  0%| F|  |TAMS 0x0000000781400000, 0x0000000781400000| Untracked 
|  21|0x0000000781500000, 0x0000000781500000, 0x0000000781600000|  0%| F|  |TAMS 0x0000000781500000, 0x0000000781500000| Untracked 
|  22|0x0000000781600000, 0x0000000781600000, 0x0000000781700000|  0%| F|  |TAMS 0x0000000781600000, 0x0000000781600000| Untracked 
|  23|0x0000000781700000, 0x0000000781700000, 0x0000000781800000|  0%| F|  |TAMS 0x0000000781700000, 0x0000000781700000| Untracked 
|  24|0x0000000781800000, 0x0000000781800000, 0x0000000781900000|  0%| F|  |TAMS 0x0000000781800000, 0x0000000781800000| Untracked 
|  25|0x0000000781900000, 0x0000000781900000, 0x0000000781a00000|  0%| F|  |TAMS 0x0000000781900000, 0x0000000781900000| Untracked 
|  26|0x0000000781a00000, 0x0000000781a00000, 0x0000000781b00000|  0%| F|  |TAMS 0x0000000781a00000, 0x0000000781a00000| Untracked 
|  27|0x0000000781b00000, 0x0000000781b00000, 0x0000000781c00000|  0%| F|  |TAMS 0x0000000781b00000, 0x0000000781b00000| Untracked 
|  28|0x0000000781c00000, 0x0000000781c00000, 0x0000000781d00000|  0%| F|  |TAMS 0x0000000781c00000, 0x0000000781c00000| Untracked 
|  29|0x0000000781d00000, 0x0000000781d00000, 0x0000000781e00000|  0%| F|  |TAMS 0x0000000781d00000, 0x0000000781d00000| Untracked 
|  30|0x0000000781e00000, 0x0000000781e00000, 0x0000000781f00000|  0%| F|  |TAMS 0x0000000781e00000, 0x0000000781e00000| Untracked 
|  31|0x0000000781f00000, 0x0000000781f00000, 0x0000000782000000|  0%| F|  |TAMS 0x0000000781f00000, 0x0000000781f00000| Untracked 
|  32|0x0000000782000000, 0x0000000782000000, 0x0000000782100000|  0%| F|  |TAMS 0x0000000782000000, 0x0000000782000000| Untracked 
|  33|0x0000000782100000, 0x0000000782100000, 0x0000000782200000|  0%| F|  |TAMS 0x0000000782100000, 0x0000000782100000| Untracked 
|  34|0x0000000782200000, 0x0000000782200000, 0x0000000782300000|  0%| F|  |TAMS 0x0000000782200000, 0x0000000782200000| Untracked 
|  35|0x0000000782300000, 0x0000000782300000, 0x0000000782400000|  0%| F|  |TAMS 0x0000000782300000, 0x0000000782300000| Untracked 
|  36|0x0000000782400000, 0x0000000782400000, 0x0000000782500000|  0%| F|  |TAMS 0x0000000782400000, 0x0000000782400000| Untracked 
|  37|0x0000000782500000, 0x0000000782500000, 0x0000000782600000|  0%| F|  |TAMS 0x0000000782500000, 0x0000000782500000| Untracked 
|  38|0x0000000782600000, 0x0000000782600000, 0x0000000782700000|  0%| F|  |TAMS 0x0000000782600000, 0x0000000782600000| Untracked 
|  39|0x0000000782700000, 0x0000000782700000, 0x0000000782800000|  0%| F|  |TAMS 0x0000000782700000, 0x0000000782700000| Untracked 
|  40|0x0000000782800000, 0x0000000782800000, 0x0000000782900000|  0%| F|  |TAMS 0x0000000782800000, 0x0000000782800000| Untracked 
|  41|0x0000000782900000, 0x0000000782900000, 0x0000000782a00000|  0%| F|  |TAMS 0x0000000782900000, 0x0000000782900000| Untracked 
|  42|0x0000000782a00000, 0x0000000782a00000, 0x0000000782b00000|  0%| F|  |TAMS 0x0000000782a00000, 0x0000000782a00000| Untracked 
|  43|0x0000000782b00000, 0x0000000782b00000, 0x0000000782c00000|  0%| F|  |TAMS 0x0000000782b00000, 0x0000000782b00000| Untracked 
|  44|0x0000000782c00000, 0x0000000782c00000, 0x0000000782d00000|  0%| F|  |TAMS 0x0000000782c00000, 0x0000000782c00000| Untracked 
|  45|0x0000000782d00000, 0x0000000782d00000, 0x0000000782e00000|  0%| F|  |TAMS 0x0000000782d00000, 0x0000000782d00000| Untracked 
|  46|0x0000000782e00000, 0x0000000782e00000, 0x0000000782f00000|  0%| F|  |TAMS 0x0000000782e00000, 0x0000000782e00000| Untracked 
|  47|0x0000000782f00000, 0x0000000782f00000, 0x0000000783000000|  0%| F|  |TAMS 0x0000000782f00000, 0x0000000782f00000| Untracked 
|  48|0x0000000783000000, 0x0000000783000000, 0x0000000783100000|  0%| F|  |TAMS 0x0000000783000000, 0x0000000783000000| Untracked 
|  49|0x0000000783100000, 0x0000000783100000, 0x0000000783200000|  0%| F|  |TAMS 0x0000000783100000, 0x0000000783100000| Untracked 
|  50|0x0000000783200000, 0x0000000783200000, 0x0000000783300000|  0%| F|  |TAMS 0x0000000783200000, 0x0000000783200000| Untracked 
|  51|0x0000000783300000, 0x0000000783300000, 0x0000000783400000|  0%| F|  |TAMS 0x0000000783300000, 0x0000000783300000| Untracked 
|  52|0x0000000783400000, 0x0000000783400000, 0x0000000783500000|  0%| F|  |TAMS 0x0000000783400000, 0x0000000783400000| Untracked 
|  53|0x0000000783500000, 0x0000000783500000, 0x0000000783600000|  0%| F|  |TAMS 0x0000000783500000, 0x0000000783500000| Untracked 
|  54|0x0000000783600000, 0x0000000783600000, 0x0000000783700000|  0%| F|  |TAMS 0x0000000783600000, 0x0000000783600000| Untracked 
|  55|0x0000000783700000, 0x0000000783700000, 0x0000000783800000|  0%| F|  |TAMS 0x0000000783700000, 0x0000000783700000| Untracked 
|  56|0x0000000783800000, 0x0000000783800000, 0x0000000783900000|  0%| F|  |TAMS 0x0000000783800000, 0x0000000783800000| Untracked 
|  57|0x0000000783900000, 0x0000000783900000, 0x0000000783a00000|  0%| F|  |TAMS 0x0000000783900000, 0x0000000783900000| Untracked 
|  58|0x0000000783a00000, 0x0000000783a00000, 0x0000000783b00000|  0%| F|  |TAMS 0x0000000783a00000, 0x0000000783a00000| Untracked 
|  59|0x0000000783b00000, 0x0000000783b00000, 0x0000000783c00000|  0%| F|  |TAMS 0x0000000783b00000, 0x0000000783b00000| Untracked 
|  60|0x0000000783c00000, 0x0000000783c00000, 0x0000000783d00000|  0%| F|  |TAMS 0x0000000783c00000, 0x0000000783c00000| Untracked 
|  61|0x0000000783d00000, 0x0000000783d00000, 0x0000000783e00000|  0%| F|  |TAMS 0x0000000783d00000, 0x0000000783d00000| Untracked 
|  62|0x0000000783e00000, 0x0000000783e00000, 0x0000000783f00000|  0%| F|  |TAMS 0x0000000783e00000, 0x0000000783e00000| Untracked 
|  63|0x0000000783f00000, 0x0000000783f00000, 0x0000000784000000|  0%| F|  |TAMS 0x0000000783f00000, 0x0000000783f00000| Untracked 
|  64|0x0000000784000000, 0x0000000784000000, 0x0000000784100000|  0%| F|  |TAMS 0x0000000784000000, 0x0000000784000000| Untracked 
|  65|0x0000000784100000, 0x0000000784100000, 0x0000000784200000|  0%| F|  |TAMS 0x0000000784100000, 0x0000000784100000| Untracked 
|  66|0x0000000784200000, 0x0000000784200000, 0x0000000784300000|  0%| F|  |TAMS 0x0000000784200000, 0x0000000784200000| Untracked 
|  67|0x0000000784300000, 0x0000000784300000, 0x0000000784400000|  0%| F|  |TAMS 0x0000000784300000, 0x0000000784300000| Untracked 
|  68|0x0000000784400000, 0x0000000784400000, 0x0000000784500000|  0%| F|  |TAMS 0x0000000784400000, 0x0000000784400000| Untracked 
|  69|0x0000000784500000, 0x0000000784500000, 0x0000000784600000|  0%| F|  |TAMS 0x0000000784500000, 0x0000000784500000| Untracked 
|  70|0x0000000784600000, 0x0000000784600000, 0x0000000784700000|  0%| F|  |TAMS 0x0000000784600000, 0x0000000784600000| Untracked 
|  71|0x0000000784700000, 0x0000000784700000, 0x0000000784800000|  0%| F|  |TAMS 0x0000000784700000, 0x0000000784700000| Untracked 
|  72|0x0000000784800000, 0x0000000784800000, 0x0000000784900000|  0%| F|  |TAMS 0x0000000784800000, 0x0000000784800000| Untracked 
|  73|0x0000000784900000, 0x0000000784900000, 0x0000000784a00000|  0%| F|  |TAMS 0x0000000784900000, 0x0000000784900000| Untracked 
|  74|0x0000000784a00000, 0x0000000784a00000, 0x0000000784b00000|  0%| F|  |TAMS 0x0000000784a00000, 0x0000000784a00000| Untracked 
|  75|0x0000000784b00000, 0x0000000784b00000, 0x0000000784c00000|  0%| F|  |TAMS 0x0000000784b00000, 0x0000000784b00000| Untracked 
|  76|0x0000000784c00000, 0x0000000784c00000, 0x0000000784d00000|  0%| F|  |TAMS 0x0000000784c00000, 0x0000000784c00000| Untracked 
|  77|0x0000000784d00000, 0x0000000784d00000, 0x0000000784e00000|  0%| F|  |TAMS 0x0000000784d00000, 0x0000000784d00000| Untracked 
|  78|0x0000000784e00000, 0x0000000784e00000, 0x0000000784f00000|  0%| F|  |TAMS 0x0000000784e00000, 0x0000000784e00000| Untracked 
|  79|0x0000000784f00000, 0x0000000784f00000, 0x0000000785000000|  0%| F|  |TAMS 0x0000000784f00000, 0x0000000784f00000| Untracked 
|  80|0x0000000785000000, 0x0000000785000000, 0x0000000785100000|  0%| F|  |TAMS 0x0000000785000000, 0x0000000785000000| Untracked 
|  81|0x0000000785100000, 0x0000000785100000, 0x0000000785200000|  0%| F|  |TAMS 0x0000000785100000, 0x0000000785100000| Untracked 
|  82|0x0000000785200000, 0x0000000785200000, 0x0000000785300000|  0%| F|  |TAMS 0x0000000785200000, 0x0000000785200000| Untracked 
|  83|0x0000000785300000, 0x0000000785300000, 0x0000000785400000|  0%| F|  |TAMS 0x0000000785300000, 0x0000000785300000| Untracked 
|  84|0x0000000785400000, 0x0000000785400000, 0x0000000785500000|  0%| F|  |TAMS 0x0000000785400000, 0x0000000785400000| Untracked 
|  85|0x0000000785500000, 0x0000000785500000, 0x0000000785600000|  0%| F|  |TAMS 0x0000000785500000, 0x0000000785500000| Untracked 
|  86|0x0000000785600000, 0x0000000785600000, 0x0000000785700000|  0%| F|  |TAMS 0x0000000785600000, 0x0000000785600000| Untracked 
|  87|0x0000000785700000, 0x0000000785700000, 0x0000000785800000|  0%| F|  |TAMS 0x0000000785700000, 0x0000000785700000| Untracked 
|  88|0x0000000785800000, 0x0000000785800000, 0x0000000785900000|  0%| F|  |TAMS 0x0000000785800000, 0x0000000785800000| Untracked 
|  89|0x0000000785900000, 0x0000000785900000, 0x0000000785a00000|  0%| F|  |TAMS 0x0000000785900000, 0x0000000785900000| Untracked 
|  90|0x0000000785a00000, 0x0000000785a00000, 0x0000000785b00000|  0%| F|  |TAMS 0x0000000785a00000, 0x0000000785a00000| Untracked 
|  91|0x0000000785b00000, 0x0000000785b00000, 0x0000000785c00000|  0%| F|  |TAMS 0x0000000785b00000, 0x0000000785b00000| Untracked 
|  92|0x0000000785c00000, 0x0000000785c00000, 0x0000000785d00000|  0%| F|  |TAMS 0x0000000785c00000, 0x0000000785c00000| Untracked 
|  93|0x0000000785d00000, 0x0000000785d00000, 0x0000000785e00000|  0%| F|  |TAMS 0x0000000785d00000, 0x0000000785d00000| Untracked 
|  94|0x0000000785e00000, 0x0000000785e00000, 0x0000000785f00000|  0%| F|  |TAMS 0x0000000785e00000, 0x0000000785e00000| Untracked 
|  95|0x0000000785f00000, 0x0000000785f00000, 0x0000000786000000|  0%| F|  |TAMS 0x0000000785f00000, 0x0000000785f00000| Untracked 
|  96|0x0000000786000000, 0x0000000786000000, 0x0000000786100000|  0%| F|  |TAMS 0x0000000786000000, 0x0000000786000000| Untracked 
|  97|0x0000000786100000, 0x0000000786100000, 0x0000000786200000|  0%| F|  |TAMS 0x0000000786100000, 0x0000000786100000| Untracked 
|  98|0x0000000786200000, 0x0000000786200000, 0x0000000786300000|  0%| F|  |TAMS 0x0000000786200000, 0x0000000786200000| Untracked 
|  99|0x0000000786300000, 0x0000000786300000, 0x0000000786400000|  0%| F|  |TAMS 0x0000000786300000, 0x0000000786300000| Untracked 
| 100|0x0000000786400000, 0x0000000786400000, 0x0000000786500000|  0%| F|  |TAMS 0x0000000786400000, 0x0000000786400000| Untracked 
| 101|0x0000000786500000, 0x0000000786500000, 0x0000000786600000|  0%| F|  |TAMS 0x0000000786500000, 0x0000000786500000| Untracked 
| 102|0x0000000786600000, 0x0000000786600000, 0x0000000786700000|  0%| F|  |TAMS 0x0000000786600000, 0x0000000786600000| Untracked 
| 103|0x0000000786700000, 0x0000000786700000, 0x0000000786800000|  0%| F|  |TAMS 0x0000000786700000, 0x0000000786700000| Untracked 
| 104|0x0000000786800000, 0x0000000786800000, 0x0000000786900000|  0%| F|  |TAMS 0x0000000786800000, 0x0000000786800000| Untracked 
| 105|0x0000000786900000, 0x0000000786900000, 0x0000000786a00000|  0%| F|  |TAMS 0x0000000786900000, 0x0000000786900000| Untracked 
| 106|0x0000000786a00000, 0x0000000786a00000, 0x0000000786b00000|  0%| F|  |TAMS 0x0000000786a00000, 0x0000000786a00000| Untracked 
| 107|0x0000000786b00000, 0x0000000786b00000, 0x0000000786c00000|  0%| F|  |TAMS 0x0000000786b00000, 0x0000000786b00000| Untracked 
| 108|0x0000000786c00000, 0x0000000786c00000, 0x0000000786d00000|  0%| F|  |TAMS 0x0000000786c00000, 0x0000000786c00000| Untracked 
| 109|0x0000000786d00000, 0x0000000786d00000, 0x0000000786e00000|  0%| F|  |TAMS 0x0000000786d00000, 0x0000000786d00000| Untracked 
| 110|0x0000000786e00000, 0x0000000786e00000, 0x0000000786f00000|  0%| F|  |TAMS 0x0000000786e00000, 0x0000000786e00000| Untracked 
| 111|0x0000000786f00000, 0x0000000786f00000, 0x0000000787000000|  0%| F|  |TAMS 0x0000000786f00000, 0x0000000786f00000| Untracked 
| 112|0x0000000787000000, 0x0000000787000000, 0x0000000787100000|  0%| F|  |TAMS 0x0000000787000000, 0x0000000787000000| Untracked 
| 113|0x0000000787100000, 0x0000000787100000, 0x0000000787200000|  0%| F|  |TAMS 0x0000000787100000, 0x0000000787100000| Untracked 
| 114|0x0000000787200000, 0x0000000787200000, 0x0000000787300000|  0%| F|  |TAMS 0x0000000787200000, 0x0000000787200000| Untracked 
| 115|0x0000000787300000, 0x0000000787300000, 0x0000000787400000|  0%| F|  |TAMS 0x0000000787300000, 0x0000000787300000| Untracked 
| 116|0x0000000787400000, 0x0000000787400000, 0x0000000787500000|  0%| F|  |TAMS 0x0000000787400000, 0x0000000787400000| Untracked 
| 117|0x0000000787500000, 0x0000000787500000, 0x0000000787600000|  0%| F|  |TAMS 0x0000000787500000, 0x0000000787500000| Untracked 
| 118|0x0000000787600000, 0x0000000787600000, 0x0000000787700000|  0%| F|  |TAMS 0x0000000787600000, 0x0000000787600000| Untracked 
| 119|0x0000000787700000, 0x0000000787700000, 0x0000000787800000|  0%| F|  |TAMS 0x0000000787700000, 0x0000000787700000| Untracked 
| 120|0x0000000787800000, 0x0000000787800000, 0x0000000787900000|  0%| F|  |TAMS 0x0000000787800000, 0x0000000787800000| Untracked 
| 121|0x0000000787900000, 0x00000007879a2830, 0x0000000787a00000| 63%| E|  |TAMS 0x0000000787900000, 0x0000000787900000| Complete 
| 122|0x0000000787a00000, 0x0000000787b00000, 0x0000000787b00000|100%| E|CS|TAMS 0x0000000787a00000, 0x0000000787a00000| Complete 
| 123|0x0000000787b00000, 0x0000000787c00000, 0x0000000787c00000|100%| E|CS|TAMS 0x0000000787b00000, 0x0000000787b00000| Complete 
| 124|0x0000000787c00000, 0x0000000787d00000, 0x0000000787d00000|100%| E|CS|TAMS 0x0000000787c00000, 0x0000000787c00000| Complete 
| 125|0x0000000787d00000, 0x0000000787e00000, 0x0000000787e00000|100%| E|CS|TAMS 0x0000000787d00000, 0x0000000787d00000| Complete 
| 126|0x0000000787e00000, 0x0000000787f00000, 0x0000000787f00000|100%| E|CS|TAMS 0x0000000787e00000, 0x0000000787e00000| Complete 
| 127|0x0000000787f00000, 0x0000000788000000, 0x0000000788000000|100%| E|CS|TAMS 0x0000000787f00000, 0x0000000787f00000| Complete 
|1022|0x00000007bfe00000, 0x00000007bfe47000, 0x00000007bff00000| 27%|OA|  |TAMS 0x00000007bfe00000, 0x00000007bfe00000| Untracked 
|1023|0x00000007bff00000, 0x00000007bff77000, 0x00000007c0000000| 46%|CA|  |TAMS 0x00000007bff00000, 0x00000007bff00000| Untracked 

Card table byte_map: [0x0000000117896000,0x0000000117c96000] _byte_map_base: 0x0000000113c96000

Marking Bits (Prev, Next): (CMBitMap*) 0x00007fe237837818, (CMBitMap*) 0x00007fe237837858
 Prev Bits: [0x0000000118096000, 0x000000011a096000)
 Next Bits: [0x000000011a096000, 0x000000011c096000)

Polling page: 0x000000010d381000

Metaspace:

Usage:
  Non-class:      5.02 MB capacity,     2.08 MB ( 42%) used,     2.93 MB ( 58%) free+waste,     5.19 KB ( <1%) overhead. 
      Class:    497.00 KB capacity,   194.41 KB ( 39%) used,   299.65 KB ( 60%) free+waste,     2.94 KB ( <1%) overhead. 
       Both:      5.51 MB capacity,     2.27 MB ( 41%) used,     3.22 MB ( 59%) free+waste,     8.12 KB ( <1%) overhead. 

Virtual space:
  Non-class space:        8.00 MB reserved,       5.25 MB ( 66%) committed 
      Class space:        1.00 GB reserved,     512.00 KB ( <1%) committed 
             Both:        1.01 GB reserved,       5.75 MB ( <1%) committed 

Chunk freelists:
   Non-Class:  0 bytes
       Class:  15.00 KB
        Both:  15.00 KB

MaxMetaspaceSize: unlimited
CompressedClassSpaceSize: 1.00 GB

CodeHeap 'non-profiled nmethods': size=120032Kb used=135Kb max_used=135Kb free=119896Kb
 bounds [0x0000000124c1a000, 0x0000000124e8a000, 0x000000012c152000]
CodeHeap 'profiled nmethods': size=120028Kb used=589Kb max_used=589Kb free=119438Kb
 bounds [0x000000011d6e3000, 0x000000011d953000, 0x0000000124c1a000]
CodeHeap 'non-nmethods': size=5700Kb used=1503Kb max_used=1517Kb free=4197Kb
 bounds [0x000000011d152000, 0x000000011d3c2000, 0x000000011d6e3000]
 total_blobs=1391 nmethods=415 adapters=768
 compilation: enabled
              stopped_count=0, restarted_count=0
 full_count=0

Compilation events (20 events):
Event: 0.533 Thread 0x00007fe237901800  405   !   3       jdk.internal.loader.BuiltinClassLoader::loadClassOrNull (143 bytes)
Event: 0.535 Thread 0x00007fe237901800 nmethod 405 0x000000011d770390 code [0x000000011d770740, 0x000000011d7723d8]
Event: 0.539 Thread 0x00007fe237901800  407       3       java.util.concurrent.ConcurrentHashMap$Traverser::advance (188 bytes)
Event: 0.540 Thread 0x00007fe23789e000  410       4       jdk.internal.jimage.ImageStringsReader::unmaskedHashCode (173 bytes)
Event: 0.540 Thread 0x00007fe237901800 nmethod 407 0x000000011d772f90 code [0x000000011d7731e0, 0x000000011d7740b8]
Event: 0.540 Thread 0x00007fe237901800  411       3       jdk.internal.jimage.ImageStringsReader::charsFromByteBufferLength (47 bytes)
Event: 0.540 Thread 0x00007fe237901800 nmethod 411 0x000000011d774390 code [0x000000011d774560, 0x000000011d774a58]
Event: 0.540 Thread 0x00007fe237901800  406       3       java.util.concurrent.ConcurrentHashMap$BaseIterator::hasNext (13 bytes)
Event: 0.541 Thread 0x00007fe237901800 nmethod 406 0x000000011d774c10 code [0x000000011d774da0, 0x000000011d774f70]
Event: 0.541 Thread 0x00007fe237901800  408       3       java.util.concurrent.ConcurrentHashMap$ValueIterator::next (34 bytes)
Event: 0.541 Thread 0x00007fe237901800 nmethod 408 0x000000011d775010 code [0x000000011d7751e0, 0x000000011d7754b8]
Event: 0.541 Thread 0x00007fe237901800  409       3       java.lang.String::<init> (74 bytes)
Event: 0.542 Thread 0x00007fe237901800 nmethod 409 0x000000011d775610 code [0x000000011d775820, 0x000000011d775f38]
Event: 0.542 Thread 0x00007fe237901800  412       1       java.util.Formatter$Flags::valueOf (5 bytes)
Event: 0.542 Thread 0x00007fe237901800 nmethod 412 0x0000000124c3aa90 code [0x0000000124c3ac20, 0x0000000124c3ad50]
Event: 0.547 Thread 0x00007fe23789e000 nmethod 410 0x0000000124c3ad90 code [0x0000000124c3af20, 0x0000000124c3b1b8]
Event: 0.552 Thread 0x00007fe237901800  414       3       java.nio.Buffer::remaining (10 bytes)
Event: 0.552 Thread 0x00007fe237901800 nmethod 414 0x000000011d776210 code [0x000000011d7763a0, 0x000000011d776510]
Event: 0.552 Thread 0x00007fe237901800  413       1       org.lwjgl.system.Pointer$Default::address (5 bytes)
Event: 0.552 Thread 0x00007fe237901800 nmethod 413 0x0000000124c3b390 code [0x0000000124c3b520, 0x0000000124c3b650]

GC Heap History (0 events):
No events

Deoptimization events (10 events):
Event: 0.183 Thread 0x00007fe23880c800 DEOPT PACKING pc=0x000000011d713b10 sp=0x0000700002efc8e0
Event: 0.183 Thread 0x00007fe23880c800 DEOPT UNPACKING pc=0x000000011d19b33a sp=0x0000700002efbd58 mode 0
Event: 0.208 Thread 0x00007fe23880c800 DEOPT PACKING pc=0x000000011d710ca2 sp=0x0000700002efc870
Event: 0.208 Thread 0x00007fe23880c800 DEOPT UNPACKING pc=0x000000011d19b33a sp=0x0000700002efbcf8 mode 0
Event: 0.218 Thread 0x00007fe23880c800 DEOPT PACKING pc=0x000000011d6ffecf sp=0x0000700002eff520
Event: 0.218 Thread 0x00007fe23880c800 DEOPT UNPACKING pc=0x000000011d19b33a sp=0x0000700002efe9c8 mode 0
Event: 0.375 Thread 0x00007fe23880c800 Uncommon trap: trap_request=0xffffff45 fr.pc=0x0000000124c1f3e8 relative=0x0000000000000068
Event: 0.375 Thread 0x00007fe23880c800 Uncommon trap: reason=unstable_if action=reinterpret pc=0x0000000124c1f3e8 method=java.lang.String.isLatin1()Z @ 10 c2
Event: 0.375 Thread 0x00007fe23880c800 DEOPT PACKING pc=0x0000000124c1f3e8 sp=0x0000700002eff6f0
Event: 0.375 Thread 0x00007fe23880c800 DEOPT UNPACKING pc=0x000000011d19ae25 sp=0x0000700002eff6a0 mode 2

Classes unloaded (0 events):
No events

Classes redefined (0 events):
No events

Internal exceptions (5 events):
Event: 0.295 Thread 0x00007fe23880c800 Exception <a 'java/lang/NoSuchMethodError'{0x0000000787c0a470}: 'void java.lang.invoke.DelegatingMethodHandle$Holder.delegate(java.lang.Object, java.lang.Object, int, java.lang.Object)'> (0x0000000787c0a470) 
thrown [/scratch/mesos/slaves/d65fa3d4-10de-46aa-a2db-52cc9981537a-S157/frameworks/1735e8a2-a1db-478c-8104-60c8b0af87dd-0196/executors/cd04c109-7866-4c89-a9cb-580d1b4b0057/runs/bdf96710-70fa-465f-a6db-19a171d6559f/workspace/open/src/hotspot/share/interpreter/linkResolver.cpp, line 767]
Event: 0.297 Thread 0x00007fe23880c800 Exception <a 'java/lang/NoSuchMethodError'{0x0000000787c11178}: 'java.lang.Object java.lang.invoke.DirectMethodHandle$Holder.invokeStaticInit(java.lang.Object, java.lang.Object, java.lang.Object)'> (0x0000000787c11178) 
thrown [/scratch/mesos/slaves/d65fa3d4-10de-46aa-a2db-52cc9981537a-S157/frameworks/1735e8a2-a1db-478c-8104-60c8b0af87dd-0196/executors/cd04c109-7866-4c89-a9cb-580d1b4b0057/runs/bdf96710-70fa-465f-a6db-19a171d6559f/workspace/open/src/hotspot/share/interpreter/linkResolver.cpp, line 767]
Event: 0.352 Thread 0x00007fe23880c800 Exception <a 'sun/nio/fs/UnixException'{0x0000000787cb9650}> (0x0000000787cb9650) 
thrown [/scratch/mesos/slaves/d65fa3d4-10de-46aa-a2db-52cc9981537a-S157/frameworks/1735e8a2-a1db-478c-8104-60c8b0af87dd-0196/executors/cd04c109-7866-4c89-a9cb-580d1b4b0057/runs/bdf96710-70fa-465f-a6db-19a171d6559f/workspace/open/src/hotspot/share/prims/jni.cpp, line 598]
Event: 0.386 Thread 0x00007fe23880c800 Exception <a 'sun/nio/fs/UnixException'{0x0000000787b1cde8}> (0x0000000787b1cde8) 
thrown [/scratch/mesos/slaves/d65fa3d4-10de-46aa-a2db-52cc9981537a-S157/frameworks/1735e8a2-a1db-478c-8104-60c8b0af87dd-0196/executors/cd04c109-7866-4c89-a9cb-580d1b4b0057/runs/bdf96710-70fa-465f-a6db-19a171d6559f/workspace/open/src/hotspot/share/prims/jni.cpp, line 598]
Event: 0.540 Thread 0x00007fe23880c800 Exception <a 'sun/nio/fs/UnixException'{0x000000078796eb68}> (0x000000078796eb68) 
thrown [/scratch/mesos/slaves/d65fa3d4-10de-46aa-a2db-52cc9981537a-S157/frameworks/1735e8a2-a1db-478c-8104-60c8b0af87dd-0196/executors/cd04c109-7866-4c89-a9cb-580d1b4b0057/runs/bdf96710-70fa-465f-a6db-19a171d6559f/workspace/open/src/hotspot/share/prims/jni.cpp, line 598]

Events (20 events):
Event: 0.528 loading class org/lwjgl/glfw/GLFWCursorPosCallback$Container
Event: 0.528 loading class org/lwjgl/glfw/GLFWCursorPosCallback$Container done
Event: 0.529 loading class org/lwjgl/glfw/GLFWMouseButtonCallback$Container
Event: 0.529 loading class org/lwjgl/glfw/GLFWMouseButtonCallback$Container done
Event: 0.530 loading class org/lwjgl/glfw/GLFWScrollCallback$Container
Event: 0.530 loading class org/lwjgl/glfw/GLFWScrollCallback$Container done
Event: 0.531 loading class main/engine/math/Time
Event: 0.531 loading class main/engine/math/Time done
Event: 0.532 loading class org/lwjgl/glfw/EventLoop$OffScreen
Event: 0.532 loading class org/lwjgl/glfw/EventLoop$OffScreen done
Event: 0.532 loading class org/lwjgl/glfw/EventLoop
Event: 0.532 loading class org/lwjgl/glfw/EventLoop done
Event: 0.533 loading class org/lwjgl/system/macosx/ObjCRuntime
Event: 0.533 loading class org/lwjgl/system/macosx/ObjCRuntime done
Event: 0.541 loading class org/lwjgl/system/dyncall/DynLoad
Event: 0.541 loading class org/lwjgl/system/dyncall/DynLoad done
Event: 0.551 loading class org/lwjgl/system/macosx/ObjCRuntime$Functions
Event: 0.551 loading class org/lwjgl/system/macosx/ObjCRuntime$Functions done
Event: 0.554 loading class org/lwjgl/system/macosx/CoreFoundation
Event: 0.554 loading class org/lwjgl/system/macosx/CoreFoundation done


Dynamic libraries:
0x00007fff6e5b8000 	/usr/lib/libz.1.dylib
0x000000010d31a000 	/Library/Java/JavaVirtualMachines/jdk-13.0.2.jdk/Contents/Home/lib/libjli.dylib
0x00007fff34231000 	/System/Library/Frameworks/Cocoa.framework/Versions/A/Cocoa
0x00007fff41a0e000 	/System/Library/Frameworks/Security.framework/Versions/A/Security
0x00007fff3319b000 	/System/Library/Frameworks/ApplicationServices.framework/Versions/A/ApplicationServices
0x00007fff6c07c000 	/usr/lib/libSystem.B.dylib
0x00007fff6ee78000 	/usr/lib/system/libcache.dylib
0x00007fff6ee7e000 	/usr/lib/system/libcommonCrypto.dylib
0x00007fff6ee8a000 	/usr/lib/system/libcompiler_rt.dylib
0x00007fff6ee92000 	/usr/lib/system/libcopyfile.dylib
0x00007fff6ee9c000 	/usr/lib/system/libcorecrypto.dylib
0x00007fff6f03b000 	/usr/lib/system/libdispatch.dylib
0x00007fff6f07c000 	/usr/lib/system/libdyld.dylib
0x00007fff6f0b3000 	/usr/lib/system/libkeymgr.dylib
0x00007fff6f0c1000 	/usr/lib/system/liblaunch.dylib
0x00007fff6f0c2000 	/usr/lib/system/libmacho.dylib
0x00007fff6f0c8000 	/usr/lib/system/libquarantine.dylib
0x00007fff6f0cb000 	/usr/lib/system/libremovefile.dylib
0x00007fff6f0cd000 	/usr/lib/system/libsystem_asl.dylib
0x00007fff6f0e5000 	/usr/lib/system/libsystem_blocks.dylib
0x00007fff6f0e6000 	/usr/lib/system/libsystem_c.dylib
0x00007fff6f16e000 	/usr/lib/system/libsystem_configuration.dylib
0x00007fff6f172000 	/usr/lib/system/libsystem_coreservices.dylib
0x00007fff6f176000 	/usr/lib/system/libsystem_darwin.dylib
0x00007fff6f17f000 	/usr/lib/system/libsystem_dnssd.dylib
0x00007fff6f187000 	/usr/lib/system/libsystem_featureflags.dylib
0x00007fff6f189000 	/usr/lib/system/libsystem_info.dylib
0x00007fff6f204000 	/usr/lib/system/libsystem_m.dylib
0x00007fff6f24c000 	/usr/lib/system/libsystem_malloc.dylib
0x00007fff6f274000 	/usr/lib/system/libsystem_networkextension.dylib
0x00007fff6f282000 	/usr/lib/system/libsystem_notify.dylib
0x00007fff6f2a0000 	/usr/lib/system/libsystem_sandbox.dylib
0x00007fff6f2a5000 	/usr/lib/system/libsystem_secinit.dylib
0x00007fff6f1d7000 	/usr/lib/system/libsystem_kernel.dylib
0x00007fff6f28c000 	/usr/lib/system/libsystem_platform.dylib
0x00007fff6f295000 	/usr/lib/system/libsystem_pthread.dylib
0x00007fff6f2a8000 	/usr/lib/system/libsystem_symptoms.dylib
0x00007fff6f2b0000 	/usr/lib/system/libsystem_trace.dylib
0x00007fff6f2c8000 	/usr/lib/system/libunwind.dylib
0x00007fff6f2ce000 	/usr/lib/system/libxpc.dylib
0x00007fff6dedc000 	/usr/lib/libobjc.A.dylib
0x00007fff6c3b5000 	/usr/lib/libc++abi.dylib
0x00007fff6c362000 	/usr/lib/libc++.1.dylib
0x00007fff350cc000 	/System/Library/Frameworks/CoreFoundation.framework/Versions/A/CoreFoundation
0x00007fff37782000 	/System/Library/Frameworks/Foundation.framework/Versions/C/Foundation
0x00007fff3238c000 	/System/Library/Frameworks/AppKit.framework/Versions/C/AppKit
0x00007fff34bb5000 	/System/Library/Frameworks/CoreData.framework/Versions/A/CoreData
0x00007fff6609d000 	/System/Library/PrivateFrameworks/UIFoundation.framework/Versions/A/UIFoundation
0x00007fff6114b000 	/System/Library/PrivateFrameworks/RemoteViewServices.framework/Versions/A/RemoteViewServices
0x00007fff68bf1000 	/System/Library/PrivateFrameworks/XCTTargetBootstrap.framework/Versions/A/XCTTargetBootstrap
0x00007fff34fa0000 	/System/Library/Frameworks/CoreDisplay.framework/Versions/A/CoreDisplay
0x00007fff3a63b000 	/System/Library/Frameworks/Metal.framework/Versions/A/Metal
0x00007fff4f1a4000 	/System/Library/PrivateFrameworks/DesktopServicesPriv.framework/Versions/A/DesktopServicesPriv
0x00007fff6d1b9000 	/usr/lib/liblangid.dylib
0x00007fff4e43d000 	/System/Library/PrivateFrameworks/CoreSVG.framework/Versions/A/CoreSVG
0x00007fff642a1000 	/System/Library/PrivateFrameworks/SkyLight.framework/Versions/A/SkyLight
0x00007fff3554d000 	/System/Library/Frameworks/CoreGraphics.framework/Versions/A/CoreGraphics
0x00007fff30d60000 	/System/Library/Frameworks/Accelerate.framework/Versions/A/Accelerate
0x00007fff6e4a9000 	/usr/lib/libxml2.2.dylib
0x00007fff5a0fd000 	/System/Library/PrivateFrameworks/IconServices.framework/Versions/A/IconServices
0x00007fff37f61000 	/System/Library/Frameworks/IOSurface.framework/Versions/A/IOSurface
0x00007fff6bba6000 	/usr/lib/libDiagnosticMessagesClient.dylib
0x00007fff4effe000 	/System/Library/PrivateFrameworks/DFRFoundation.framework/Versions/A/DFRFoundation
0x00007fff6cf48000 	/usr/lib/libicucore.A.dylib
0x00007fff334cd000 	/System/Library/Frameworks/AudioToolbox.framework/Versions/A/AudioToolbox
0x00007fff335b0000 	/System/Library/Frameworks/AudioUnit.framework/Versions/A/AudioUnit
0x00007fff6c27e000 	/usr/lib/libauto.dylib
0x00007fff4f0a0000 	/System/Library/PrivateFrameworks/DataDetectorsCore.framework/Versions/A/DataDetectorsCore
0x00007fff33d52000 	/System/Library/Frameworks/Carbon.framework/Versions/A/Frameworks/HIToolbox.framework/Versions/A/HIToolbox
0x00007fff40c0b000 	/System/Library/Frameworks/QuartzCore.framework/Versions/A/QuartzCore
0x00007fff34091000 	/System/Library/Frameworks/Carbon.framework/Versions/A/Frameworks/SpeechRecognition.framework/Versions/A/SpeechRecognition
0x00007fff4eb15000 	/System/Library/PrivateFrameworks/CoreUI.framework/Versions/A/CoreUI
0x00007fff34620000 	/System/Library/Frameworks/CoreAudio.framework/Versions/A/CoreAudio
0x00007fff37447000 	/System/Library/Frameworks/DiskArbitration.framework/Versions/A/DiskArbitration
0x00007fff5c14a000 	/System/Library/PrivateFrameworks/MultitouchSupport.framework/Versions/A/MultitouchSupport
0x00007fff6ce0f000 	/usr/lib/libenergytrace.dylib
0x00007fff37ebb000 	/System/Library/Frameworks/IOKit.framework/Versions/A/IOKit
0x00007fff364b4000 	/System/Library/Frameworks/CoreServices.framework/Versions/A/CoreServices
0x00007fff5e2e1000 	/System/Library/PrivateFrameworks/PerformanceAnalysis.framework/Versions/A/PerformanceAnalysis
0x00007fff3fc3e000 	/System/Library/Frameworks/OpenGL.framework/Versions/A/OpenGL
0x00007fff3423f000 	/System/Library/Frameworks/ColorSync.framework/Versions/A/ColorSync
0x00007fff35bcf000 	/System/Library/Frameworks/CoreImage.framework/Versions/A/CoreImage
0x00007fff36f26000 	/System/Library/Frameworks/CoreText.framework/Versions/A/CoreText
0x00007fff37ff1000 	/System/Library/Frameworks/ImageIO.framework/Versions/A/ImageIO
0x00007fff6c3de000 	/usr/lib/libcompression.dylib
0x00007fff6beea000 	/usr/lib/libMobileGestalt.dylib
0x00007fff65e16000 	/System/Library/PrivateFrameworks/TextureIO.framework/Versions/A/TextureIO
0x00007fff6c1e1000 	/usr/lib/libate.dylib
0x00007fff5a306000 	/System/Library/PrivateFrameworks/InternationalSupport.framework/Versions/A/InternationalSupport
0x00007fff6d1bb000 	/usr/lib/liblzma.5.dylib
0x00007fff6ce36000 	/usr/lib/libfakelink.dylib
0x00007fff6c16e000 	/usr/lib/libarchive.2.dylib
0x00007fff42abe000 	/System/Library/Frameworks/SystemConfiguration.framework/Versions/A/SystemConfiguration
0x00007fff6bad9000 	/usr/lib/libCRFSuite.dylib
0x00007fff33943000 	/System/Library/Frameworks/CFNetwork.framework/Versions/A/CFNetwork
0x00007fff6c344000 	/usr/lib/libbsm.0.dylib
0x00007fff6f0b4000 	/usr/lib/system/libkxld.dylib
0x00007fff489d3000 	/System/Library/PrivateFrameworks/AppleFSCompression.framework/Versions/A/AppleFSCompression
0x00007fff6c6cf000 	/usr/lib/libcoretls.dylib
0x00007fff6c6e6000 	/usr/lib/libcoretls_cfhelpers.dylib
0x00007fff6df22000 	/usr/lib/libpam.2.dylib
0x00007fff6e057000 	/usr/lib/libsqlite3.dylib
0x00007fff6e496000 	/usr/lib/libxar.1.dylib
0x00007fff6c355000 	/usr/lib/libbz2.1.0.dylib
0x00007fff6ce57000 	/usr/lib/libiconv.2.dylib
0x00007fff6c3cb000 	/usr/lib/libcharset.1.dylib
0x00007fff6d9c1000 	/usr/lib/libnetwork.dylib
0x00007fff6df29000 	/usr/lib/libpcap.A.dylib
0x00007fff6c123000 	/usr/lib/libapple_nghttp2.dylib
0x00007fff3686b000 	/System/Library/Frameworks/CoreServices.framework/Versions/A/Frameworks/FSEvents.framework/Versions/A/FSEvents
0x00007fff3653b000 	/System/Library/Frameworks/CoreServices.framework/Versions/A/Frameworks/CarbonCore.framework/Versions/A/CarbonCore
0x00007fff36aae000 	/System/Library/Frameworks/CoreServices.framework/Versions/A/Frameworks/Metadata.framework/Versions/A/Metadata
0x00007fff36b47000 	/System/Library/Frameworks/CoreServices.framework/Versions/A/Frameworks/OSServices.framework/Versions/A/OSServices
0x00007fff36b75000 	/System/Library/Frameworks/CoreServices.framework/Versions/A/Frameworks/SearchKit.framework/Versions/A/SearchKit
0x00007fff364b5000 	/System/Library/Frameworks/CoreServices.framework/Versions/A/Frameworks/AE.framework/Versions/A/AE
0x00007fff36874000 	/System/Library/Frameworks/CoreServices.framework/Versions/A/Frameworks/LaunchServices.framework/Versions/A/LaunchServices
0x00007fff3681d000 	/System/Library/Frameworks/CoreServices.framework/Versions/A/Frameworks/DictionaryServices.framework/Versions/A/DictionaryServices
0x00007fff36bdd000 	/System/Library/Frameworks/CoreServices.framework/Versions/A/Frameworks/SharedFileList.framework/Versions/A/SharedFileList
0x00007fff3ba5e000 	/System/Library/Frameworks/NetFS.framework/Versions/A/NetFS
0x00007fff5c679000 	/System/Library/PrivateFrameworks/NetAuth.framework/Versions/A/NetAuth
0x00007fff68fbe000 	/System/Library/PrivateFrameworks/login.framework/Versions/A/Frameworks/loginsupport.framework/Versions/A/loginsupport
0x00007fff658e3000 	/System/Library/PrivateFrameworks/TCC.framework/Versions/A/TCC
0x00007fff4d5b0000 	/System/Library/PrivateFrameworks/CoreNLP.framework/Versions/A/CoreNLP
0x00007fff5bb78000 	/System/Library/PrivateFrameworks/MetadataUtilities.framework/Versions/A/MetadataUtilities
0x00007fff6d293000 	/usr/lib/libmecabra.dylib
0x00007fff6d1eb000 	/usr/lib/libmecab.dylib
0x00007fff6ce47000 	/usr/lib/libgermantok.dylib
0x00007fff6c10a000 	/usr/lib/libThaiTokenizer.dylib
0x00007fff6bb10000 	/usr/lib/libChineseTokenizer.dylib
0x00007fff30d78000 	/System/Library/Frameworks/Accelerate.framework/Versions/A/Frameworks/vImage.framework/Versions/A/vImage
0x00007fff321e2000 	/System/Library/Frameworks/Accelerate.framework/Versions/A/Frameworks/vecLib.framework/Versions/A/vecLib
0x00007fff3211f000 	/System/Library/Frameworks/Accelerate.framework/Versions/A/Frameworks/vecLib.framework/Versions/A/libvMisc.dylib
0x00007fff31f47000 	/System/Library/Frameworks/Accelerate.framework/Versions/A/Frameworks/vecLib.framework/Versions/A/libvDSP.dylib
0x00007fff313cf000 	/System/Library/Frameworks/Accelerate.framework/Versions/A/Frameworks/vecLib.framework/Versions/A/libBLAS.dylib
0x00007fff31b0b000 	/System/Library/Frameworks/Accelerate.framework/Versions/A/Frameworks/vecLib.framework/Versions/A/libLAPACK.dylib
0x00007fff31ea7000 	/System/Library/Frameworks/Accelerate.framework/Versions/A/Frameworks/vecLib.framework/Versions/A/libLinearAlgebra.dylib
0x00007fff31f34000 	/System/Library/Frameworks/Accelerate.framework/Versions/A/Frameworks/vecLib.framework/Versions/A/libSparseBLAS.dylib
0x00007fff31ebd000 	/System/Library/Frameworks/Accelerate.framework/Versions/A/Frameworks/vecLib.framework/Versions/A/libQuadrature.dylib
0x00007fff31637000 	/System/Library/Frameworks/Accelerate.framework/Versions/A/Frameworks/vecLib.framework/Versions/A/libBNNS.dylib
0x00007fff31ec3000 	/System/Library/Frameworks/Accelerate.framework/Versions/A/Frameworks/vecLib.framework/Versions/A/libSparse.dylib
0x00007fff5a6ee000 	/System/Library/PrivateFrameworks/LanguageModeling.framework/Versions/A/LanguageModeling
0x00007fff4cf60000 	/System/Library/PrivateFrameworks/CoreEmoji.framework/Versions/A/CoreEmoji
0x00007fff5a80c000 	/System/Library/PrivateFrameworks/LinguisticData.framework/Versions/A/LinguisticData
0x00007fff5a7bd000 	/System/Library/PrivateFrameworks/Lexicon.framework/Versions/A/Lexicon
0x00007fff6c3cc000 	/usr/lib/libcmph.dylib
0x00007fff3e64c000 	/System/Library/Frameworks/OpenDirectory.framework/Versions/A/Frameworks/CFOpenDirectory.framework/Versions/A/CFOpenDirectory
0x00007fff3e669000 	/System/Library/Frameworks/OpenDirectory.framework/Versions/A/OpenDirectory
0x00007fff46a89000 	/System/Library/PrivateFrameworks/APFS.framework/Versions/A/APFS
0x00007fff41d58000 	/System/Library/Frameworks/SecurityFoundation.framework/Versions/A/SecurityFoundation
0x00007fff6e492000 	/usr/lib/libutil.dylib
0x00007fff4e495000 	/System/Library/PrivateFrameworks/CoreServicesStore.framework/Versions/A/CoreServicesStore
0x00007fff41e0f000 	/System/Library/Frameworks/ServiceManagement.framework/Versions/A/ServiceManagement
0x00007fff4a1a1000 	/System/Library/PrivateFrameworks/BackgroundTaskManagement.framework/Versions/A/BackgroundTaskManagement
0x00007fff6e58f000 	/usr/lib/libxslt.1.dylib
0x00007fff49045000 	/System/Library/PrivateFrameworks/AppleSystemInfo.framework/Versions/A/AppleSystemInfo
0x00007fff3820c000 	/System/Library/Frameworks/ImageIO.framework/Versions/A/Resources/libJPEG.dylib
0x00007fff384c8000 	/System/Library/Frameworks/ImageIO.framework/Versions/A/Resources/libTIFF.dylib
0x00007fff384ab000 	/System/Library/Frameworks/ImageIO.framework/Versions/A/Resources/libPng.dylib
0x00007fff3814e000 	/System/Library/Frameworks/ImageIO.framework/Versions/A/Resources/libGIF.dylib
0x00007fff38152000 	/System/Library/Frameworks/ImageIO.framework/Versions/A/Resources/libJP2.dylib
0x00007fff384c6000 	/System/Library/Frameworks/ImageIO.framework/Versions/A/Resources/libRadiance.dylib
0x00007fff6ce10000 	/usr/lib/libexpat.1.dylib
0x00007fff48b2e000 	/System/Library/PrivateFrameworks/AppleJPEG.framework/Versions/A/AppleJPEG
0x00007fff51770000 	/System/Library/PrivateFrameworks/FontServices.framework/libFontParser.dylib
0x00007fff67fc4000 	/System/Library/PrivateFrameworks/WatchdogClient.framework/Versions/A/WatchdogClient
0x00007fff59d4a000 	/System/Library/PrivateFrameworks/IOAccelerator.framework/Versions/A/IOAccelerator
0x00007fff3a9d6000 	/System/Library/Frameworks/MetalPerformanceShaders.framework/Versions/A/MetalPerformanceShaders
0x00007fff564e3000 	/System/Library/PrivateFrameworks/GPUWrangler.framework/Versions/A/GPUWrangler
0x00007fff59d5f000 	/System/Library/PrivateFrameworks/IOPresentment.framework/Versions/A/IOPresentment
0x00007fff4f011000 	/System/Library/PrivateFrameworks/DSExternalDisplay.framework/Versions/A/DSExternalDisplay
0x00007fff3efdd000 	/System/Library/Frameworks/OpenGL.framework/Versions/A/Libraries/libCoreFSCache.dylib
0x00007fff3a722000 	/System/Library/Frameworks/MetalPerformanceShaders.framework/Frameworks/MPSCore.framework/Versions/A/MPSCore
0x00007fff3a760000 	/System/Library/Frameworks/MetalPerformanceShaders.framework/Frameworks/MPSImage.framework/Versions/A/MPSImage
0x00007fff3a827000 	/System/Library/Frameworks/MetalPerformanceShaders.framework/Frameworks/MPSNeuralNetwork.framework/Versions/A/MPSNeuralNetwork
0x00007fff3a7eb000 	/System/Library/Frameworks/MetalPerformanceShaders.framework/Frameworks/MPSMatrix.framework/Versions/A/MPSMatrix
0x00007fff3a986000 	/System/Library/Frameworks/MetalPerformanceShaders.framework/Frameworks/MPSRayIntersector.framework/Versions/A/MPSRayIntersector
0x00007fff3a811000 	/System/Library/Frameworks/MetalPerformanceShaders.framework/Frameworks/MPSNDArray.framework/Versions/A/MPSNDArray
0x00007fff5bbc5000 	/System/Library/PrivateFrameworks/MetalTools.framework/Versions/A/MetalTools
0x00007fff47c5b000 	/System/Library/PrivateFrameworks/AggregateDictionary.framework/Versions/A/AggregateDictionary
0x00007fff4c9ba000 	/System/Library/PrivateFrameworks/CoreAnalytics.framework/Versions/A/CoreAnalytics
0x00007fff48f64000 	/System/Library/PrivateFrameworks/AppleSauce.framework/Versions/A/AppleSauce
0x00007fff6bdcc000 	/usr/lib/libIOReport.dylib
0x00007fff370de000 	/System/Library/Frameworks/CoreVideo.framework/Versions/A/CoreVideo
0x00007fff5795d000 	/System/Library/PrivateFrameworks/GraphVisualizer.framework/Versions/A/GraphVisualizer
0x00007fff50cc4000 	/System/Library/PrivateFrameworks/FaceCore.framework/Versions/A/FaceCore
0x00007fff3e5f3000 	/System/Library/Frameworks/OpenCL.framework/Versions/A/OpenCL
0x00007fff6bbee000 	/usr/lib/libFosl_dynamic.dylib
0x00007fff5d08e000 	/System/Library/PrivateFrameworks/OTSVG.framework/Versions/A/OTSVG
0x00007fff332a0000 	/System/Library/Frameworks/ApplicationServices.framework/Versions/A/Frameworks/ATS.framework/Versions/A/Resources/libFontRegistry.dylib
0x00007fff51941000 	/System/Library/PrivateFrameworks/FontServices.framework/libhvf.dylib
0x00007fff3efe8000 	/System/Library/Frameworks/OpenGL.framework/Versions/A/Libraries/libGFXShared.dylib
0x00007fff3f1c6000 	/System/Library/Frameworks/OpenGL.framework/Versions/A/Libraries/libGLU.dylib
0x00007fff3eff1000 	/System/Library/Frameworks/OpenGL.framework/Versions/A/Libraries/libGL.dylib
0x00007fff3effc000 	/System/Library/Frameworks/OpenGL.framework/Versions/A/Libraries/libGLImage.dylib
0x00007fff3efda000 	/System/Library/Frameworks/OpenGL.framework/Versions/A/Libraries/libCVMSPluginSupport.dylib
0x00007fff3efe3000 	/System/Library/Frameworks/OpenGL.framework/Versions/A/Libraries/libCoreVMClient.dylib
0x00007fff6d862000 	/usr/lib/libncurses.5.4.dylib
0x00007fff3319c000 	/System/Library/Frameworks/ApplicationServices.framework/Versions/A/Frameworks/ATS.framework/Versions/A/ATS
0x00007fff33369000 	/System/Library/Frameworks/ApplicationServices.framework/Versions/A/Frameworks/ColorSyncLegacy.framework/Versions/A/ColorSyncLegacy
0x00007fff33407000 	/System/Library/Frameworks/ApplicationServices.framework/Versions/A/Frameworks/HIServices.framework/Versions/A/HIServices
0x00007fff3345f000 	/System/Library/Frameworks/ApplicationServices.framework/Versions/A/Frameworks/LangAnalysis.framework/Versions/A/LangAnalysis
0x00007fff3346e000 	/System/Library/Frameworks/ApplicationServices.framework/Versions/A/Frameworks/PrintCore.framework/Versions/A/PrintCore
0x00007fff334b4000 	/System/Library/Frameworks/ApplicationServices.framework/Versions/A/Frameworks/QD.framework/Versions/A/QD
0x00007fff334bf000 	/System/Library/Frameworks/ApplicationServices.framework/Versions/A/Frameworks/SpeechSynthesis.framework/Versions/A/SpeechSynthesis
0x00007fff33339000 	/System/Library/Frameworks/ApplicationServices.framework/Versions/A/Frameworks/ATSUI.framework/Versions/A/ATSUI
0x00007fff6cca4000 	/usr/lib/libcups.2.dylib
0x00007fff39a73000 	/System/Library/Frameworks/Kerberos.framework/Versions/A/Kerberos
0x00007fff37bb4000 	/System/Library/Frameworks/GSS.framework/Versions/A/GSS
0x00007fff6dfe3000 	/usr/lib/libresolv.9.dylib
0x00007fff57b0b000 	/System/Library/PrivateFrameworks/Heimdal.framework/Versions/A/Heimdal
0x00007fff39a86000 	/System/Library/Frameworks/Kerberos.framework/Versions/A/Libraries/libHeimdalProxy.dylib
0x00007fff6ce4d000 	/usr/lib/libheimdal-asn1.dylib
0x00007fff4be53000 	/System/Library/PrivateFrameworks/CommonAuth.framework/Versions/A/CommonAuth
0x00007fff490e2000 	/System/Library/PrivateFrameworks/AssertionServices.framework/Versions/A/AssertionServices
0x00007fff49c84000 	/System/Library/PrivateFrameworks/AudioToolboxCore.framework/Versions/A/AudioToolboxCore
0x00007fff68c6e000 	/System/Library/PrivateFrameworks/caulk.framework/Versions/A/caulk
0x00007fff4a24d000 	/System/Library/PrivateFrameworks/BaseBoard.framework/Versions/A/BaseBoard
0x00007fff612d9000 	/System/Library/PrivateFrameworks/RunningBoardServices.framework/Versions/A/RunningBoardServices
0x00007fff5e2ed000 	/System/Library/PrivateFrameworks/PersistentConnection.framework/Versions/A/PersistentConnection
0x00007fff60cd3000 	/System/Library/PrivateFrameworks/ProtocolBuffer.framework/Versions/A/ProtocolBuffer
0x00007fff4be77000 	/System/Library/PrivateFrameworks/CommonUtilities.framework/Versions/A/CommonUtilities
0x00007fff4a3db000 	/System/Library/PrivateFrameworks/Bom.framework/Versions/A/Bom
0x00007fff6ba9f000 	/usr/lib/libAudioToolboxUtility.dylib
0x00007fff4a1ab000 	/System/Library/PrivateFrameworks/Backup.framework/Versions/A/Backup
0x00007fff4ef32000 	/System/Library/PrivateFrameworks/CrashReporterSupport.framework/Versions/A/CrashReporterSupport
0x00007fff62d67000 	/System/Library/PrivateFrameworks/Sharing.framework/Versions/A/Sharing
0x00007fff486f1000 	/System/Library/PrivateFrameworks/Apple80211.framework/Versions/A/Apple80211
0x00007fff49ec8000 	/System/Library/PrivateFrameworks/AuthKit.framework/Versions/A/AuthKit
0x00007fff4ec42000 	/System/Library/PrivateFrameworks/CoreUtils.framework/Versions/A/CoreUtils
0x00007fff37123000 	/System/Library/Frameworks/CoreWLAN.framework/Versions/A/CoreWLAN
0x00007fff37d41000 	/System/Library/Frameworks/IOBluetooth.framework/Versions/A/IOBluetooth
0x00007fff5bec9000 	/System/Library/PrivateFrameworks/MobileKeyBag.framework/Versions/A/MobileKeyBag
0x00007fff4da48000 	/System/Library/PrivateFrameworks/CorePhoneNumbers.framework/Versions/A/CorePhoneNumbers
0x00007fff48ae1000 	/System/Library/PrivateFrameworks/AppleIDAuthSupport.framework/Versions/A/AppleIDAuthSupport
0x00007fff3ba6b000 	/System/Library/Frameworks/Network.framework/Versions/A/Network
0x00007fff5a59a000 	/System/Library/PrivateFrameworks/KeychainCircle.framework/Versions/A/KeychainCircle
0x00007fff34b7c000 	/System/Library/Frameworks/CoreBluetooth.framework/Versions/A/CoreBluetooth
0x00007fff64de4000 	/System/Library/PrivateFrameworks/SpeechRecognitionCore.framework/Versions/A/SpeechRecognitionCore
0x000000010dc00000 	/Library/Java/JavaVirtualMachines/jdk-13.0.2.jdk/Contents/Home/lib/server/libjvm.dylib
0x000000010d339000 	/Library/Java/JavaVirtualMachines/jdk-13.0.2.jdk/Contents/Home/lib/libverify.dylib
0x000000010d345000 	/Library/Java/JavaVirtualMachines/jdk-13.0.2.jdk/Contents/Home/lib/libjava.dylib
0x000000010d3cb000 	/Library/Java/JavaVirtualMachines/jdk-13.0.2.jdk/Contents/Home/lib/libzip.dylib
0x000000010d3d2000 	/Library/Java/JavaVirtualMachines/jdk-13.0.2.jdk/Contents/Home/lib/libjimage.dylib
0x000000011ce3a000 	/Library/Java/JavaVirtualMachines/jdk-13.0.2.jdk/Contents/Home/lib/libnio.dylib
0x000000011ce48000 	/Library/Java/JavaVirtualMachines/jdk-13.0.2.jdk/Contents/Home/lib/libnet.dylib
0x000000011cf3a000 	/private/var/folders/kq/0p6nv3m93lg09dvyh1lsvw5m0000gp/T/lwjglerwin/3.2.3-build-13/liblwjgl.dylib
0x000000012fc7d000 	/private/var/folders/kq/0p6nv3m93lg09dvyh1lsvw5m0000gp/T/lwjglerwin/3.2.3-build-13/libglfw.dylib
0x00007fff4e461000 	/System/Library/PrivateFrameworks/CoreServicesInternal.framework/Versions/A/CoreServicesInternal
0x00007fff3763f000 	/System/Library/Frameworks/FileProvider.framework/Versions/A/FileProvider
0x00007fff321e3000 	/System/Library/Frameworks/Accounts.framework/Versions/A/Accounts
0x00007fff56808000 	/System/Library/PrivateFrameworks/GenerationalStorage.framework/Versions/A/GenerationalStorage
0x00007fff4e9e7000 	/System/Library/PrivateFrameworks/CoreSymbolication.framework/Versions/A/CoreSymbolication
0x00007fff65624000 	/System/Library/PrivateFrameworks/SymptomDiagnosticReporter.framework/Versions/A/SymptomDiagnosticReporter
0x00007fff481f6000 	/System/Library/PrivateFrameworks/AppContainer.framework/Versions/A/AppContainer
0x00007fff6dffd000 	/usr/lib/libsandbox.1.dylib
0x00007fff66f68000 	/System/Library/PrivateFrameworks/UserManagement.framework/Versions/A/UserManagement
0x00007fff4af93000 	/System/Library/PrivateFrameworks/ChunkingLibrary.framework/Versions/A/ChunkingLibrary
0x00007fff4f166000 	/System/Library/PrivateFrameworks/DebugSymbols.framework/Versions/A/DebugSymbols
0x00007fff48268000 	/System/Library/PrivateFrameworks/AppSandbox.framework/Versions/A/AppSandbox
0x00007fff62bf1000 	/System/Library/PrivateFrameworks/SecCodeWrapper.framework/Versions/A/SecCodeWrapper
0x00007fff6beb4000 	/usr/lib/libMatch.1.dylib
0x00007fff30d61000 	/System/Library/Frameworks/Accelerate.framework/Versions/A/Frameworks/vImage.framework/Versions/A/Libraries/libCGInterfaces.dylib
0x00007fff2b589000 	/System/Library/Extensions/AppleIntelHD5000GraphicsMTLDriver.bundle/Contents/MacOS/AppleIntelHD5000GraphicsMTLDriver
0x00007fff54e32000 	/System/Library/PrivateFrameworks/GPUCompiler.framework/Versions/3902/Libraries/libmetal_timestamp.dylib


VM Arguments:
jvm_args: -Dfile.encoding=UTF-8 
java_command: main.engine.MAIN_TEST
java_class_path (initial): /Users/erwin/Downloads/lwjgl-release-3.2.3-custom-2/lwjgl-assimp-natives-macos.jar:/Users/erwin/Downloads/lwjgl-release-3.2.3-custom-2/lwjgl-assimp-sources.jar:/Users/erwin/Downloads/lwjgl-release-3.2.3-custom-2/lwjgl-assimp.jar:/Users/erwin/Downloads/lwjgl-release-3.2.3-custom-2/lwjgl-glfw-natives-macos.jar:/Users/erwin/Downloads/lwjgl-release-3.2.3-custom-2/lwjgl-glfw-sources.jar:/Users/erwin/Downloads/lwjgl-release-3.2.3-custom-2/lwjgl-glfw.jar:/Users/erwin/Downloads/lwjgl-release-3.2.3-custom-2/lwjgl-natives-macos.jar:/Users/erwin/Downloads/lwjgl-release-3.2.3-custom-2/lwjgl-openal-natives-macos.jar:/Users/erwin/Downloads/lwjgl-release-3.2.3-custom-2/lwjgl-openal-sources.jar:/Users/erwin/Downloads/lwjgl-release-3.2.3-custom-2/lwjgl-openal.jar:/Users/erwin/Downloads/lwjgl-release-3.2.3-custom-2/lwjgl-opengl-natives-macos.jar:/Users/erwin/Downloads/lwjgl-release-3.2.3-custom-2/lwjgl-opengl-sources.jar:/Users/erwin/Downloads/lwjgl-release-3.2.3-custom-2/lwjgl-opengl.jar:/Users/erwin/Downloads/lwjgl-release-3.2.3-custom-2/lwjgl-sources.jar:/Users/erwin/Downloads/lwjgl-release-3.2.3-custom-2/lwjgl-stb-natives-macos.jar:/Users/erwin/Downloads/lwjgl-release-3.2.3-custom-2/lwjgl-stb-sources.jar:/Users/erwin/Downloads/lwjgl-release-3.2.3-custom-2/lwjgl-stb.jar:/Users/erwin/Downloads/lwjgl-release-3.2.3-custom-2/lwjgl.jar:/Users/erwin/Documents/GitHub/InformaticaEindproject5V/Workspace/Eindproject/bin
Launcher Type: SUN_STANDARD

[Global flags]
     intx CICompilerCount                          = 3                                         {product} {ergonomic}
     uint ConcGCThreads                            = 1                                         {product} {ergonomic}
     uint G1ConcRefinementThreads                  = 4                                         {product} {ergonomic}
   size_t G1HeapRegionSize                         = 1048576                                   {product} {ergonomic}
    uintx GCDrainStackTargetSize                   = 64                                        {product} {ergonomic}
   size_t InitialHeapSize                          = 134217728                                 {product} {ergonomic}
   size_t MarkStackSize                            = 4194304                                   {product} {ergonomic}
   size_t MaxHeapSize                              = 2147483648                                {product} {ergonomic}
   size_t MaxNewSize                               = 1287651328                                {product} {ergonomic}
   size_t MinHeapDeltaBytes                        = 1048576                                   {product} {ergonomic}
   size_t MinHeapSize                              = 8388608                                   {product} {ergonomic}
    uintx NonNMethodCodeHeapSize                   = 5832780                                {pd product} {ergonomic}
    uintx NonProfiledCodeHeapSize                  = 122912730                              {pd product} {ergonomic}
    uintx ProfiledCodeHeapSize                     = 122912730                              {pd product} {ergonomic}
    uintx ReservedCodeCacheSize                    = 251658240                              {pd product} {ergonomic}
     bool SegmentedCodeCache                       = true                                      {product} {ergonomic}
   size_t SoftMaxHeapSize                          = 2147483648                             {manageable} {ergonomic}
     bool UseCompressedClassPointers               = true                                 {lp64_product} {ergonomic}
     bool UseCompressedOops                        = true                                 {lp64_product} {ergonomic}
     bool UseG1GC                                  = true                                      {product} {ergonomic}

Logging:
Log output configuration:
 #0: stdout all=warning uptime,level,tags
 #1: stderr all=off uptime,level,tags

Environment Variables:
PATH=/usr/bin:/bin:/usr/sbin:/sbin
SHELL=/bin/bash

Signal Handlers:
SIGSEGV: [libjvm.dylib+0x77ba40], sa_mask[0]=11111111011111110111111111111111, sa_flags=SA_ONSTACK|SA_RESTART|SA_SIGINFO
SIGBUS: [libjvm.dylib+0x77ba40], sa_mask[0]=11111111011111110111111111111111, sa_flags=SA_RESTART|SA_SIGINFO
SIGFPE: [libjvm.dylib+0x77ba40], sa_mask[0]=11111111011111110111111111111111, sa_flags=SA_RESTART|SA_SIGINFO
SIGPIPE: [libjvm.dylib+0x6221fd], sa_mask[0]=11111111011111110111111111111111, sa_flags=SA_RESTART|SA_SIGINFO
SIGXFSZ: [libjvm.dylib+0x6221fd], sa_mask[0]=11111111011111110111111111111111, sa_flags=SA_RESTART|SA_SIGINFO
SIGILL: [libjvm.dylib+0x77ba40], sa_mask[0]=11111111011111110111111111111111, sa_flags=SA_RESTART|SA_SIGINFO
SIGUSR2: [libjvm.dylib+0x6227e7], sa_mask[0]=00100000000000000000000000000000, sa_flags=SA_RESTART|SA_SIGINFO
SIGHUP: [libjvm.dylib+0x6217d5], sa_mask[0]=11111111011111110111111111111111, sa_flags=SA_RESTART|SA_SIGINFO
SIGINT: [libjvm.dylib+0x6217d5], sa_mask[0]=11111111011111110111111111111111, sa_flags=SA_RESTART|SA_SIGINFO
SIGTERM: [libjvm.dylib+0x6217d5], sa_mask[0]=11111111011111110111111111111111, sa_flags=SA_RESTART|SA_SIGINFO
SIGQUIT: [libjvm.dylib+0x6217d5], sa_mask[0]=11111111011111110111111111111111, sa_flags=SA_RESTART|SA_SIGINFO


---------------  S Y S T E M  ---------------

OS:uname:Darwin 19.4.0 Darwin Kernel Version 19.4.0: Wed Mar  4 22:28:40 PST 2020; root:xnu-6153.101.6~15/RELEASE_X86_64 x86_64
rlimit: STACK 8192k, CORE 0k, NPROC 1392, NOFILE 10240, AS infinity, DATA infinity, FSIZE infinity
load average:17.04 15.17 6.88

CPU:total 4 (initial active 4) (2 cores per cpu, 2 threads per core) family 6 model 69 stepping 1, cmov, cx8, fxsr, mmx, sse, sse2, sse3, ssse3, sse4.1, sse4.2, popcnt, avx, avx2, aes, clmul, erms, lzcnt, ht, tsc, tscinvbit, bmi1, bmi2, fma

Memory: 4k page, physical 8388608k(1059884k free), swap 0k(0k free)

vm_info: Java HotSpot(TM) 64-Bit Server VM (13.0.2+8) for bsd-amd64 JRE (13.0.2+8), built on Dec 11 2019 09:27:08 by "mach5one" with clang 4.2.1 Compatible Apple LLVM 10.0.0 (clang-1000.11.45.5)

END.
