#
# A fatal error has been detected by the Java Runtime Environment:
#
#  EXCEPTION_ACCESS_VIOLATION (0xc0000005) at pc=0x00007ffa40674013, pid=13656, tid=19032
#
# JRE version: Java(TM) SE Runtime Environment (13.0.2+8) (build 13.0.2+8)
# Java VM: Java HotSpot(TM) 64-Bit Server VM (13.0.2+8, mixed mode, sharing, tiered, compressed oops, g1 gc, windows-amd64)
# Problematic frame:
# C  [nvoglv64.dll+0x6c4013]
#
# No core dump will be written. Minidumps are not enabled by default on client versions of Windows
#
# If you would like to submit a bug report, please visit:
#   http://bugreport.java.com/bugreport/crash.jsp
# The crash happened outside the Java Virtual Machine in native code.
# See problematic frame for where to report the bug.
#

---------------  S U M M A R Y ------------

Command Line: -Dfile.encoding=Cp1252 main.engine.MAIN_TEST

Host: Intel(R) Core(TM) i7-3770 CPU @ 3.40GHz, 8 cores, 17G,  Windows 10 , 64 bit Build 18362 (10.0.18362.778)
Time: Thu May 28 11:26:58 2020 W. Europe Daylight Time elapsed time: 1 seconds (0d 0h 0m 1s)

---------------  T H R E A D  ---------------

Current thread (0x000002aed9145000):  JavaThread "main" [_thread_in_native, id=19032, stack(0x000000f9e4400000,0x000000f9e4500000)]

Stack: [0x000000f9e4400000,0x000000f9e4500000],  sp=0x000000f9e44ff2f0,  free space=1020k
Native frames: (J=compiled Java code, j=interpreted, Vv=VM code, C=native code)
C  [nvoglv64.dll+0x6c4013]

Java frames: (J=compiled Java code, j=interpreted, Vv=VM code)
j  org.lwjgl.opengl.GL11C.nglDrawElements(IIIJ)V+0
j  org.lwjgl.opengl.GL11C.glDrawElements(IIIJ)V+4
j  org.lwjgl.opengl.GL11.glDrawElements(IIIJ)V+4
j  main.engine.renderer.graphics.skybox.SkyboxRenderer.render(Lmain/engine/objects/Camera;Lmain/engine/io/Window;)V+86
j  main.engine.MAIN_TEST.main([Ljava/lang/String;)V+469
v  ~StubRoutines::call_stub

siginfo: EXCEPTION_ACCESS_VIOLATION (0xc0000005), reading address 0x0000000000000000


Register to memory mapping:

RIP=0x00007ffa40674013 nvoglv64.dll
RAX=0x0 is NULL
RBX=0x0 is NULL
RCX=0x00000000fffffffc is an unknown value
RDX=0x000002aeff1a0c30 points into unknown readable memory: 00 00 00 00 00 00 00 00
RSP=0x000000f9e44ff2f0 is pointing into the stack for thread: 0x000002aed9145000
RBP=0x00000000000000bc is an unknown value
RSI=0x0000000000000024 is an unknown value
RDI=0x000002ae80344080 points into unknown readable memory: 00 00 00 00 00 00 00 00
R8 =0x0000000000000004 is an unknown value
R9 =0x000002aeff1a0c0c points into unknown readable memory: 06 e0 05 00
R10=0x0000000000000090 is an unknown value
R11=0x000002aeff1a0c24 points into unknown readable memory: 00 00 00 00
R12=0x000002aeff1a0c30 points into unknown readable memory: 00 00 00 00 00 00 00 00
R13=0x0000000000001405 is an unknown value
R14=0x0 is NULL
R15=0x0000000000000004 is an unknown value


Registers:
RAX=0x0000000000000000, RBX=0x0000000000000000, RCX=0x00000000fffffffc, RDX=0x000002aeff1a0c30
RSP=0x000000f9e44ff2f0, RBP=0x00000000000000bc, RSI=0x0000000000000024, RDI=0x000002ae80344080
R8 =0x0000000000000004, R9 =0x000002aeff1a0c0c, R10=0x0000000000000090, R11=0x000002aeff1a0c24
R12=0x000002aeff1a0c30, R13=0x0000000000001405, R14=0x0000000000000000, R15=0x0000000000000004
RIP=0x00007ffa40674013, EFLAGS=0x0000000000010297

Top of Stack: (sp=0x000000f9e44ff2f0)
0x000000f9e44ff2f0:   000002aed9145000 000000f9e44ff450
0x000000f9e44ff300:   000000f9e44ff410 00007ffa47fb9177
0x000000f9e44ff310:   000000f9e44ff330 000002aed6f836d0
0x000000f9e44ff320:   00000000014caabd 000002aee169fec6
0x000000f9e44ff330:   000002aefe7bd298 000002aed9145000
0x000000f9e44ff340:   0000000000000000 0000000000000000
0x000000f9e44ff350:   000000f9e44ff450 000002aefe7bd298
0x000000f9e44ff360:   0000000000000000 000002aee164a273
0x000000f9e44ff370:   000002ae86ed6020 000002aee164f477
0x000000f9e44ff380:   000000f9e44ff410 00007ffa00000090
0x000000f9e44ff390:   000002aed9145000 000002aefe7bd298
0x000000f9e44ff3a0:   000002ae00001405 0000000000000000
0x000000f9e44ff3b0:   000002aed9145000 00007ffa4821a74f
0x000000f9e44ff3c0:   000002aee164f116 000000f9e44ff3c8
0x000000f9e44ff3d0:   000002aefe7bd298 000000f9e44ff450
0x000000f9e44ff3e0:   000002ae87c37f40 0000000000000000 

Instructions: (pc=0x00007ffa40674013)
0x00007ffa40673f13:   50 38 00 48 8b ac 24 90 00 00 00 4c 8b bc 24 a0
0x00007ffa40673f23:   00 00 00 48 8b 9c 24 a8 00 00 00 48 83 c4 60 41
0x00007ffa40673f33:   5e 41 5d 41 5c 5f 5e c3 4c 8b 4f 40 8b c3 48 8b
0x00007ffa40673f43:   4f 50 49 2b c9 48 c1 f9 02 85 c9 0f 49 c1 c1 e0
0x00007ffa40673f53:   02 3b e8 72 16 8b d5 48 8b cf e8 9e 29 1f 00 4c
0x00007ffa40673f63:   8b 4f 40 44 8b 94 24 98 00 00 00 8b c5 45 89 61
0x00007ffa40673f73:   04 c1 e0 0b 83 c8 06 41 89 71 08 41 89 01 45 89
0x00007ffa40673f83:   69 0c 4d 89 71 10 45 84 ff 0f 84 07 01 00 00 4c
0x00007ffa40673f93:   8b 5f 40 41 8d 4e 0f 83 e1 f0 49 83 c3 18 41 2b
0x00007ffa40673fa3:   ce 0f 57 db d1 f9 49 8b c6 44 8b c6 66 0f 7f 5c
0x00007ffa40673fb3:   24 50 49 8d 53 04 03 ca 49 8d 53 04 f7 d9 83 e1
0x00007ffa40673fc3:   0f 48 03 d1 4c 8b e2 41 f6 c6 0f 74 1b 45 85 c0
0x00007ffa40673fd3:   74 16 8b 08 41 ff c8 66 89 0a 0b d9 48 83 c2 02
0x00007ffa40673fe3:   48 83 c0 04 a8 0f 75 e5 41 83 f8 08 7e 66 66 0f
0x00007ffa40673ff3:   6f 25 d7 07 5f 01 41 8d 48 f7 66 0f 6f 2d db 07
0x00007ffa40674003:   5f 01 c1 e9 03 ff c1 44 8b f9 f7 d9 45 8d 04 c8
0x00007ffa40674013:   f3 0f 6f 10 f3 0f 6f 48 10 66 0f 6f c2 66 0f eb
0x00007ffa40674023:   c3 48 83 c0 20 66 0f 6f d8 66 0f eb d9 0f 18 00
0x00007ffa40674033:   66 0f fe d4 66 0f fe cc 66 0f 6b d1 66 0f fd d5
0x00007ffa40674043:   f3 0f 7f 12 48 83 c2 10 49 83 ef 01 75 c2 66 0f
0x00007ffa40674053:   7f 5c 24 50 8b 4c 24 5c 0b 4c 24 58 0b 4c 24 54
0x00007ffa40674063:   0b 4c 24 50 0b d9 45 85 c0 74 17 66 90 8b 08 0b
0x00007ffa40674073:   d9 66 89 0a 48 8d 52 02 48 8d 40 04 41 83 e8 01
0x00007ffa40674083:   75 eb 45 2b e3 45 89 23 f7 c3 00 00 ff ff 74 46
0x00007ffa40674093:   ff 87 2c f0 55 00 48 8b 5f 40 49 8b d6 4d 63 c2
0x00007ffa406740a3:   48 8d 4b 1c e8 24 44 92 00 c7 43 18 04 00 00 00
0x00007ffa406740b3:   48 63 c5 48 83 e0 fc 48 01 47 40 48 8b 47 40 48
0x00007ffa406740c3:   3b 47 48 0f 82 4a fe ff ff 48 8b cf e8 6c 24 1f
0x00007ffa406740d3:   00 e9 3d fe ff ff 41 c7 41 0c 03 14 00 00 41 8b
0x00007ffa406740e3:   2b 48 8b 47 40 83 c5 03 8d 6c 75 00 83 e5 fc 83
0x00007ffa406740f3:   c5 18 8b cd c1 e1 0b 83 c9 06 89 08 8b 87 2c f0
0x00007ffa40674103:   55 00 85 c0 74 aa ff c8 89 87 2c f0 55 00 eb a0 


Stack slot to memory mapping:
stack at sp + 0 slots: 0x000002aed9145000 is a thread
stack at sp + 1 slots: 0x000000f9e44ff450 is pointing into the stack for thread: 0x000002aed9145000
stack at sp + 2 slots: 0x000000f9e44ff410 is pointing into the stack for thread: 0x000002aed9145000
stack at sp + 3 slots: 0x00007ffa47fb9177 jvm.dll
stack at sp + 4 slots: 0x000000f9e44ff330 is pointing into the stack for thread: 0x000002aed9145000
stack at sp + 5 slots: 0x000002aed6f836d0 points into unknown readable memory: 02 00 00 00 31 00 30 00
stack at sp + 6 slots: 0x00000000014caabd is an unknown value
stack at sp + 7 slots: 0x000002aee169fec6 is at code_begin+3782 in 
[CodeBlob (0x000002aee169ef90)]
Framesize: 0
BufferBlob (0x000002aee169ef90) used for native signature handlers


---------------  P R O C E S S  ---------------

Threads class SMR info:
_java_thread_list=0x000002ae86ea0580, length=12, elements={
0x000002aed9145000, 0x000002aefdf8f800, 0x000002aefdf93000, 0x000002aefdfa6000,
0x000002aefdfa9000, 0x000002aefdfaa000, 0x000002aefe8a5000, 0x000002aefdfb0800,
0x000002aefe9e6000, 0x000002aefe9f0800, 0x000002aeff256000, 0x000002ae86bfd000
}

Java Threads: ( => current thread )
=>0x000002aed9145000 JavaThread "main" [_thread_in_native, id=19032, stack(0x000000f9e4400000,0x000000f9e4500000)]
  0x000002aefdf8f800 JavaThread "Reference Handler" daemon [_thread_blocked, id=7860, stack(0x000000f9e4b00000,0x000000f9e4c00000)]
  0x000002aefdf93000 JavaThread "Finalizer" daemon [_thread_blocked, id=25104, stack(0x000000f9e4c00000,0x000000f9e4d00000)]
  0x000002aefdfa6000 JavaThread "Signal Dispatcher" daemon [_thread_blocked, id=21204, stack(0x000000f9e4d00000,0x000000f9e4e00000)]
  0x000002aefdfa9000 JavaThread "Attach Listener" daemon [_thread_blocked, id=31160, stack(0x000000f9e4e00000,0x000000f9e4f00000)]
  0x000002aefdfaa000 JavaThread "C2 CompilerThread0" daemon [_thread_blocked, id=4440, stack(0x000000f9e4f00000,0x000000f9e5000000)]
  0x000002aefe8a5000 JavaThread "C1 CompilerThread0" daemon [_thread_blocked, id=3504, stack(0x000000f9e5000000,0x000000f9e5100000)]
  0x000002aefdfb0800 JavaThread "Sweeper thread" daemon [_thread_blocked, id=14860, stack(0x000000f9e5100000,0x000000f9e5200000)]
  0x000002aefe9e6000 JavaThread "Service Thread" daemon [_thread_blocked, id=29832, stack(0x000000f9e5200000,0x000000f9e5300000)]
  0x000002aefe9f0800 JavaThread "Common-Cleaner" daemon [_thread_blocked, id=29180, stack(0x000000f9e5400000,0x000000f9e5500000)]
  0x000002aeff256000 JavaThread "C2 CompilerThread1" daemon [_thread_blocked, id=25960, stack(0x000000f9e5c00000,0x000000f9e5d00000)]
  0x000002ae86bfd000 JavaThread "Java2D Disposer" daemon [_thread_blocked, id=22636, stack(0x000000f9e6200000,0x000000f9e6300000)]

Other Threads:
  0x000002aefdf8e800 VMThread "VM Thread" [stack: 0x000000f9e4a00000,0x000000f9e4b00000] [id=3760]
  0x000002aefe9eb000 WatcherThread [stack: 0x000000f9e5300000,0x000000f9e5400000] [id=13320]
  0x000002aed91b7000 GCTaskThread "GC Thread#0" [stack: 0x000000f9e4500000,0x000000f9e4600000] [id=10952]
  0x000002ae86d6e800 GCTaskThread "GC Thread#1" [stack: 0x000000f9e5d00000,0x000000f9e5e00000] [id=18040]
  0x000002ae86c1e000 GCTaskThread "GC Thread#2" [stack: 0x000000f9e5e00000,0x000000f9e5f00000] [id=21776]
  0x000002ae86c1e800 GCTaskThread "GC Thread#3" [stack: 0x000000f9e5f00000,0x000000f9e6000000] [id=24024]
  0x000002aefecd9800 GCTaskThread "GC Thread#4" [stack: 0x000000f9e6000000,0x000000f9e6100000] [id=14928]
  0x000002aefecda000 GCTaskThread "GC Thread#5" [stack: 0x000000f9e6100000,0x000000f9e6200000] [id=25000]
  0x000002aed91df000 ConcurrentGCThread "G1 Main Marker" [stack: 0x000000f9e4600000,0x000000f9e4700000] [id=11416]
  0x000002aed91e0800 ConcurrentGCThread "G1 Conc#0" [stack: 0x000000f9e4700000,0x000000f9e4800000] [id=28668]
  0x000002aefdee1800 ConcurrentGCThread "G1 Refine#0" [stack: 0x000000f9e4800000,0x000000f9e4900000] [id=30640]
  0x000002aefdee5000 ConcurrentGCThread "G1 Young RemSet Sampling" [stack: 0x000000f9e4900000,0x000000f9e4a00000] [id=30912]

Threads with active compile tasks:

VM state:not at safepoint (normal execution)

VM Mutex/Monitor currently owned by a thread: None

Heap address: 0x00000006e0c00000, size: 4596 MB, Compressed Oops mode: Zero based, Oop shift amount: 3
Narrow klass base: 0x0000000800000000, Narrow klass shift: 3
Compressed class space size: 1073741824 Address: 0x0000000800b40000

Heap:
 garbage-first heap   total 294912K, used 23709K [0x00000006e0c00000, 0x0000000800000000)
  region size 1024K, 13 young (13312K), 3 survivors (3072K)
 Metaspace       used 7413K, capacity 9114K, committed 9472K, reserved 1058816K
  class space    used 457K, capacity 662K, committed 768K, reserved 1048576K
Heap Regions: E=young(eden), S=young(survivor), O=old, HS=humongous(starts), HC=humongous(continues), CS=collection set, F=free, A=archive, TAMS=top-at-mark-start (previous, next)
|   0|0x00000006e0c00000, 0x00000006e0d00000, 0x00000006e0d00000|100%|HS|  |TAMS 0x00000006e0c00000, 0x00000006e0c00000| Complete 
|   1|0x00000006e0d00000, 0x00000006e0e00000, 0x00000006e0e00000|100%|HC|  |TAMS 0x00000006e0d00000, 0x00000006e0d00000| Complete 
|   2|0x00000006e0e00000, 0x00000006e0f00000, 0x00000006e0f00000|100%|HC|  |TAMS 0x00000006e0e00000, 0x00000006e0e00000| Complete 
|   3|0x00000006e0f00000, 0x00000006e1000000, 0x00000006e1000000|100%|HC|  |TAMS 0x00000006e0f00000, 0x00000006e0f00000| Complete 
|   4|0x00000006e1000000, 0x00000006e1100000, 0x00000006e1100000|100%|HC|  |TAMS 0x00000006e1000000, 0x00000006e1000000| Complete 
|   5|0x00000006e1100000, 0x00000006e1200000, 0x00000006e1200000|100%|HC|  |TAMS 0x00000006e1100000, 0x00000006e1100000| Complete 
|   6|0x00000006e1200000, 0x00000006e1300000, 0x00000006e1300000|100%|HS|  |TAMS 0x00000006e1200000, 0x00000006e1200000| Complete 
|   7|0x00000006e1300000, 0x00000006e1400000, 0x00000006e1400000|100%|HC|  |TAMS 0x00000006e1300000, 0x00000006e1300000| Complete 
|   8|0x00000006e1400000, 0x00000006e1500000, 0x00000006e1500000|100%|HC|  |TAMS 0x00000006e1400000, 0x00000006e1400000| Complete 
|   9|0x00000006e1500000, 0x00000006e1600000, 0x00000006e1600000|100%|HC|  |TAMS 0x00000006e1500000, 0x00000006e1500000| Complete 
|  10|0x00000006e1600000, 0x00000006e1700000, 0x00000006e1700000|100%|HC|  |TAMS 0x00000006e1600000, 0x00000006e1600000| Complete 
|  11|0x00000006e1700000, 0x00000006e1800000, 0x00000006e1800000|100%|HC|  |TAMS 0x00000006e1700000, 0x00000006e1700000| Complete 
|  12|0x00000006e1800000, 0x00000006e1800000, 0x00000006e1900000|  0%| F|  |TAMS 0x00000006e1800000, 0x00000006e1800000| Untracked 
|  13|0x00000006e1900000, 0x00000006e1900000, 0x00000006e1a00000|  0%| F|  |TAMS 0x00000006e1900000, 0x00000006e1900000| Untracked 
|  14|0x00000006e1a00000, 0x00000006e1a00000, 0x00000006e1b00000|  0%| F|  |TAMS 0x00000006e1a00000, 0x00000006e1a00000| Untracked 
|  15|0x00000006e1b00000, 0x00000006e1b00000, 0x00000006e1c00000|  0%| F|  |TAMS 0x00000006e1b00000, 0x00000006e1b00000| Untracked 
|  16|0x00000006e1c00000, 0x00000006e1c00000, 0x00000006e1d00000|  0%| F|  |TAMS 0x00000006e1c00000, 0x00000006e1c00000| Untracked 
|  17|0x00000006e1d00000, 0x00000006e1d00000, 0x00000006e1e00000|  0%| F|  |TAMS 0x00000006e1d00000, 0x00000006e1d00000| Untracked 
|  18|0x00000006e1e00000, 0x00000006e1e00000, 0x00000006e1f00000|  0%| F|  |TAMS 0x00000006e1e00000, 0x00000006e1e00000| Untracked 
|  19|0x00000006e1f00000, 0x00000006e1f00000, 0x00000006e2000000|  0%| F|  |TAMS 0x00000006e1f00000, 0x00000006e1f00000| Untracked 
|  20|0x00000006e2000000, 0x00000006e2000000, 0x00000006e2100000|  0%| F|  |TAMS 0x00000006e2000000, 0x00000006e2000000| Untracked 
|  21|0x00000006e2100000, 0x00000006e2100000, 0x00000006e2200000|  0%| F|  |TAMS 0x00000006e2100000, 0x00000006e2100000| Untracked 
|  22|0x00000006e2200000, 0x00000006e2200000, 0x00000006e2300000|  0%| F|  |TAMS 0x00000006e2200000, 0x00000006e2200000| Untracked 
|  23|0x00000006e2300000, 0x00000006e2300000, 0x00000006e2400000|  0%| F|  |TAMS 0x00000006e2300000, 0x00000006e2300000| Untracked 
|  24|0x00000006e2400000, 0x00000006e2400000, 0x00000006e2500000|  0%| F|  |TAMS 0x00000006e2400000, 0x00000006e2400000| Untracked 
|  25|0x00000006e2500000, 0x00000006e2500000, 0x00000006e2600000|  0%| F|  |TAMS 0x00000006e2500000, 0x00000006e2500000| Untracked 
|  26|0x00000006e2600000, 0x00000006e2600000, 0x00000006e2700000|  0%| F|  |TAMS 0x00000006e2600000, 0x00000006e2600000| Untracked 
|  27|0x00000006e2700000, 0x00000006e2700000, 0x00000006e2800000|  0%| F|  |TAMS 0x00000006e2700000, 0x00000006e2700000| Untracked 
|  28|0x00000006e2800000, 0x00000006e2800000, 0x00000006e2900000|  0%| F|  |TAMS 0x00000006e2800000, 0x00000006e2800000| Untracked 
|  29|0x00000006e2900000, 0x00000006e2900000, 0x00000006e2a00000|  0%| F|  |TAMS 0x00000006e2900000, 0x00000006e2900000| Untracked 
|  30|0x00000006e2a00000, 0x00000006e2a00000, 0x00000006e2b00000|  0%| F|  |TAMS 0x00000006e2a00000, 0x00000006e2a00000| Untracked 
|  31|0x00000006e2b00000, 0x00000006e2b00000, 0x00000006e2c00000|  0%| F|  |TAMS 0x00000006e2b00000, 0x00000006e2b00000| Untracked 
|  32|0x00000006e2c00000, 0x00000006e2c00000, 0x00000006e2d00000|  0%| F|  |TAMS 0x00000006e2c00000, 0x00000006e2c00000| Untracked 
|  33|0x00000006e2d00000, 0x00000006e2d00000, 0x00000006e2e00000|  0%| F|  |TAMS 0x00000006e2d00000, 0x00000006e2d00000| Untracked 
|  34|0x00000006e2e00000, 0x00000006e2e00000, 0x00000006e2f00000|  0%| F|  |TAMS 0x00000006e2e00000, 0x00000006e2e00000| Untracked 
|  35|0x00000006e2f00000, 0x00000006e2f00000, 0x00000006e3000000|  0%| F|  |TAMS 0x00000006e2f00000, 0x00000006e2f00000| Untracked 
|  36|0x00000006e3000000, 0x00000006e3000000, 0x00000006e3100000|  0%| F|  |TAMS 0x00000006e3000000, 0x00000006e3000000| Untracked 
|  37|0x00000006e3100000, 0x00000006e3100000, 0x00000006e3200000|  0%| F|  |TAMS 0x00000006e3100000, 0x00000006e3100000| Untracked 
|  38|0x00000006e3200000, 0x00000006e3200000, 0x00000006e3300000|  0%| F|  |TAMS 0x00000006e3200000, 0x00000006e3200000| Untracked 
|  39|0x00000006e3300000, 0x00000006e3300000, 0x00000006e3400000|  0%| F|  |TAMS 0x00000006e3300000, 0x00000006e3300000| Untracked 
|  40|0x00000006e3400000, 0x00000006e3400000, 0x00000006e3500000|  0%| F|  |TAMS 0x00000006e3400000, 0x00000006e3400000| Untracked 
|  41|0x00000006e3500000, 0x00000006e3500000, 0x00000006e3600000|  0%| F|  |TAMS 0x00000006e3500000, 0x00000006e3500000| Untracked 
|  42|0x00000006e3600000, 0x00000006e3600000, 0x00000006e3700000|  0%| F|  |TAMS 0x00000006e3600000, 0x00000006e3600000| Untracked 
|  43|0x00000006e3700000, 0x00000006e3700000, 0x00000006e3800000|  0%| F|  |TAMS 0x00000006e3700000, 0x00000006e3700000| Untracked 
|  44|0x00000006e3800000, 0x00000006e3800000, 0x00000006e3900000|  0%| F|  |TAMS 0x00000006e3800000, 0x00000006e3800000| Untracked 
|  45|0x00000006e3900000, 0x00000006e3900000, 0x00000006e3a00000|  0%| F|  |TAMS 0x00000006e3900000, 0x00000006e3900000| Untracked 
|  46|0x00000006e3a00000, 0x00000006e3a00000, 0x00000006e3b00000|  0%| F|  |TAMS 0x00000006e3a00000, 0x00000006e3a00000| Untracked 
|  47|0x00000006e3b00000, 0x00000006e3b00000, 0x00000006e3c00000|  0%| F|  |TAMS 0x00000006e3b00000, 0x00000006e3b00000| Untracked 
|  48|0x00000006e3c00000, 0x00000006e3c00000, 0x00000006e3d00000|  0%| F|  |TAMS 0x00000006e3c00000, 0x00000006e3c00000| Untracked 
|  49|0x00000006e3d00000, 0x00000006e3d00000, 0x00000006e3e00000|  0%| F|  |TAMS 0x00000006e3d00000, 0x00000006e3d00000| Untracked 
|  50|0x00000006e3e00000, 0x00000006e3e00000, 0x00000006e3f00000|  0%| F|  |TAMS 0x00000006e3e00000, 0x00000006e3e00000| Untracked 
|  51|0x00000006e3f00000, 0x00000006e3f00000, 0x00000006e4000000|  0%| F|  |TAMS 0x00000006e3f00000, 0x00000006e3f00000| Untracked 
|  52|0x00000006e4000000, 0x00000006e4000000, 0x00000006e4100000|  0%| F|  |TAMS 0x00000006e4000000, 0x00000006e4000000| Untracked 
|  53|0x00000006e4100000, 0x00000006e4100000, 0x00000006e4200000|  0%| F|  |TAMS 0x00000006e4100000, 0x00000006e4100000| Untracked 
|  54|0x00000006e4200000, 0x00000006e4200000, 0x00000006e4300000|  0%| F|  |TAMS 0x00000006e4200000, 0x00000006e4200000| Untracked 
|  55|0x00000006e4300000, 0x00000006e4300000, 0x00000006e4400000|  0%| F|  |TAMS 0x00000006e4300000, 0x00000006e4300000| Untracked 
|  56|0x00000006e4400000, 0x00000006e4400000, 0x00000006e4500000|  0%| F|  |TAMS 0x00000006e4400000, 0x00000006e4400000| Untracked 
|  57|0x00000006e4500000, 0x00000006e4500000, 0x00000006e4600000|  0%| F|  |TAMS 0x00000006e4500000, 0x00000006e4500000| Untracked 
|  58|0x00000006e4600000, 0x00000006e4600000, 0x00000006e4700000|  0%| F|  |TAMS 0x00000006e4600000, 0x00000006e4600000| Untracked 
|  59|0x00000006e4700000, 0x00000006e4700000, 0x00000006e4800000|  0%| F|  |TAMS 0x00000006e4700000, 0x00000006e4700000| Untracked 
|  60|0x00000006e4800000, 0x00000006e4800000, 0x00000006e4900000|  0%| F|  |TAMS 0x00000006e4800000, 0x00000006e4800000| Untracked 
|  61|0x00000006e4900000, 0x00000006e4900000, 0x00000006e4a00000|  0%| F|  |TAMS 0x00000006e4900000, 0x00000006e4900000| Untracked 
|  62|0x00000006e4a00000, 0x00000006e4a00000, 0x00000006e4b00000|  0%| F|  |TAMS 0x00000006e4a00000, 0x00000006e4a00000| Untracked 
|  63|0x00000006e4b00000, 0x00000006e4b00000, 0x00000006e4c00000|  0%| F|  |TAMS 0x00000006e4b00000, 0x00000006e4b00000| Untracked 
|  64|0x00000006e4c00000, 0x00000006e4c00000, 0x00000006e4d00000|  0%| F|  |TAMS 0x00000006e4c00000, 0x00000006e4c00000| Untracked 
|  65|0x00000006e4d00000, 0x00000006e4d00000, 0x00000006e4e00000|  0%| F|  |TAMS 0x00000006e4d00000, 0x00000006e4d00000| Untracked 
|  66|0x00000006e4e00000, 0x00000006e4e00000, 0x00000006e4f00000|  0%| F|  |TAMS 0x00000006e4e00000, 0x00000006e4e00000| Untracked 
|  67|0x00000006e4f00000, 0x00000006e4f00000, 0x00000006e5000000|  0%| F|  |TAMS 0x00000006e4f00000, 0x00000006e4f00000| Untracked 
|  68|0x00000006e5000000, 0x00000006e5000000, 0x00000006e5100000|  0%| F|  |TAMS 0x00000006e5000000, 0x00000006e5000000| Untracked 
|  69|0x00000006e5100000, 0x00000006e5100000, 0x00000006e5200000|  0%| F|  |TAMS 0x00000006e5100000, 0x00000006e5100000| Untracked 
|  70|0x00000006e5200000, 0x00000006e5200000, 0x00000006e5300000|  0%| F|  |TAMS 0x00000006e5200000, 0x00000006e5200000| Untracked 
|  71|0x00000006e5300000, 0x00000006e5300000, 0x00000006e5400000|  0%| F|  |TAMS 0x00000006e5300000, 0x00000006e5300000| Untracked 
|  72|0x00000006e5400000, 0x00000006e5400000, 0x00000006e5500000|  0%| F|  |TAMS 0x00000006e5400000, 0x00000006e5400000| Untracked 
|  73|0x00000006e5500000, 0x00000006e5500000, 0x00000006e5600000|  0%| F|  |TAMS 0x00000006e5500000, 0x00000006e5500000| Untracked 
|  74|0x00000006e5600000, 0x00000006e5600000, 0x00000006e5700000|  0%| F|  |TAMS 0x00000006e5600000, 0x00000006e5600000| Untracked 
|  75|0x00000006e5700000, 0x00000006e5700000, 0x00000006e5800000|  0%| F|  |TAMS 0x00000006e5700000, 0x00000006e5700000| Untracked 
|  76|0x00000006e5800000, 0x00000006e5800000, 0x00000006e5900000|  0%| F|  |TAMS 0x00000006e5800000, 0x00000006e5800000| Untracked 
|  77|0x00000006e5900000, 0x00000006e5900000, 0x00000006e5a00000|  0%| F|  |TAMS 0x00000006e5900000, 0x00000006e5900000| Untracked 
|  78|0x00000006e5a00000, 0x00000006e5a00000, 0x00000006e5b00000|  0%| F|  |TAMS 0x00000006e5a00000, 0x00000006e5a00000| Untracked 
|  79|0x00000006e5b00000, 0x00000006e5b00000, 0x00000006e5c00000|  0%| F|  |TAMS 0x00000006e5b00000, 0x00000006e5b00000| Untracked 
|  80|0x00000006e5c00000, 0x00000006e5c00000, 0x00000006e5d00000|  0%| F|  |TAMS 0x00000006e5c00000, 0x00000006e5c00000| Untracked 
|  81|0x00000006e5d00000, 0x00000006e5d00000, 0x00000006e5e00000|  0%| F|  |TAMS 0x00000006e5d00000, 0x00000006e5d00000| Untracked 
|  82|0x00000006e5e00000, 0x00000006e5e00000, 0x00000006e5f00000|  0%| F|  |TAMS 0x00000006e5e00000, 0x00000006e5e00000| Untracked 
|  83|0x00000006e5f00000, 0x00000006e5f00000, 0x00000006e6000000|  0%| F|  |TAMS 0x00000006e5f00000, 0x00000006e5f00000| Untracked 
|  84|0x00000006e6000000, 0x00000006e6000000, 0x00000006e6100000|  0%| F|  |TAMS 0x00000006e6000000, 0x00000006e6000000| Untracked 
|  85|0x00000006e6100000, 0x00000006e6100000, 0x00000006e6200000|  0%| F|  |TAMS 0x00000006e6100000, 0x00000006e6100000| Untracked 
|  86|0x00000006e6200000, 0x00000006e6200000, 0x00000006e6300000|  0%| F|  |TAMS 0x00000006e6200000, 0x00000006e6200000| Untracked 
|  87|0x00000006e6300000, 0x00000006e6300000, 0x00000006e6400000|  0%| F|  |TAMS 0x00000006e6300000, 0x00000006e6300000| Untracked 
|  88|0x00000006e6400000, 0x00000006e6400000, 0x00000006e6500000|  0%| F|  |TAMS 0x00000006e6400000, 0x00000006e6400000| Untracked 
|  89|0x00000006e6500000, 0x00000006e6500000, 0x00000006e6600000|  0%| F|  |TAMS 0x00000006e6500000, 0x00000006e6500000| Untracked 
|  90|0x00000006e6600000, 0x00000006e6600000, 0x00000006e6700000|  0%| F|  |TAMS 0x00000006e6600000, 0x00000006e6600000| Untracked 
|  91|0x00000006e6700000, 0x00000006e6700000, 0x00000006e6800000|  0%| F|  |TAMS 0x00000006e6700000, 0x00000006e6700000| Untracked 
|  92|0x00000006e6800000, 0x00000006e6800000, 0x00000006e6900000|  0%| F|  |TAMS 0x00000006e6800000, 0x00000006e6800000| Untracked 
|  93|0x00000006e6900000, 0x00000006e6900000, 0x00000006e6a00000|  0%| F|  |TAMS 0x00000006e6900000, 0x00000006e6900000| Untracked 
|  94|0x00000006e6a00000, 0x00000006e6a00000, 0x00000006e6b00000|  0%| F|  |TAMS 0x00000006e6a00000, 0x00000006e6a00000| Untracked 
|  95|0x00000006e6b00000, 0x00000006e6b00000, 0x00000006e6c00000|  0%| F|  |TAMS 0x00000006e6b00000, 0x00000006e6b00000| Untracked 
|  96|0x00000006e6c00000, 0x00000006e6c00000, 0x00000006e6d00000|  0%| F|  |TAMS 0x00000006e6c00000, 0x00000006e6c00000| Untracked 
|  97|0x00000006e6d00000, 0x00000006e6d00000, 0x00000006e6e00000|  0%| F|  |TAMS 0x00000006e6d00000, 0x00000006e6d00000| Untracked 
|  98|0x00000006e6e00000, 0x00000006e6e00000, 0x00000006e6f00000|  0%| F|  |TAMS 0x00000006e6e00000, 0x00000006e6e00000| Untracked 
|  99|0x00000006e6f00000, 0x00000006e6f00000, 0x00000006e7000000|  0%| F|  |TAMS 0x00000006e6f00000, 0x00000006e6f00000| Untracked 
| 100|0x00000006e7000000, 0x00000006e7000000, 0x00000006e7100000|  0%| F|  |TAMS 0x00000006e7000000, 0x00000006e7000000| Untracked 
| 101|0x00000006e7100000, 0x00000006e7100000, 0x00000006e7200000|  0%| F|  |TAMS 0x00000006e7100000, 0x00000006e7100000| Untracked 
| 102|0x00000006e7200000, 0x00000006e7200000, 0x00000006e7300000|  0%| F|  |TAMS 0x00000006e7200000, 0x00000006e7200000| Untracked 
| 103|0x00000006e7300000, 0x00000006e7300000, 0x00000006e7400000|  0%| F|  |TAMS 0x00000006e7300000, 0x00000006e7300000| Untracked 
| 104|0x00000006e7400000, 0x00000006e7400000, 0x00000006e7500000|  0%| F|  |TAMS 0x00000006e7400000, 0x00000006e7400000| Untracked 
| 105|0x00000006e7500000, 0x00000006e7500000, 0x00000006e7600000|  0%| F|  |TAMS 0x00000006e7500000, 0x00000006e7500000| Untracked 
| 106|0x00000006e7600000, 0x00000006e7600000, 0x00000006e7700000|  0%| F|  |TAMS 0x00000006e7600000, 0x00000006e7600000| Untracked 
| 107|0x00000006e7700000, 0x00000006e7700000, 0x00000006e7800000|  0%| F|  |TAMS 0x00000006e7700000, 0x00000006e7700000| Untracked 
| 108|0x00000006e7800000, 0x00000006e7800000, 0x00000006e7900000|  0%| F|  |TAMS 0x00000006e7800000, 0x00000006e7800000| Untracked 
| 109|0x00000006e7900000, 0x00000006e7900000, 0x00000006e7a00000|  0%| F|  |TAMS 0x00000006e7900000, 0x00000006e7900000| Untracked 
| 110|0x00000006e7a00000, 0x00000006e7a00000, 0x00000006e7b00000|  0%| F|  |TAMS 0x00000006e7a00000, 0x00000006e7a00000| Untracked 
| 111|0x00000006e7b00000, 0x00000006e7b00000, 0x00000006e7c00000|  0%| F|  |TAMS 0x00000006e7b00000, 0x00000006e7b00000| Untracked 
| 112|0x00000006e7c00000, 0x00000006e7c00000, 0x00000006e7d00000|  0%| F|  |TAMS 0x00000006e7c00000, 0x00000006e7c00000| Untracked 
| 113|0x00000006e7d00000, 0x00000006e7d00000, 0x00000006e7e00000|  0%| F|  |TAMS 0x00000006e7d00000, 0x00000006e7d00000| Untracked 
| 114|0x00000006e7e00000, 0x00000006e7e00000, 0x00000006e7f00000|  0%| F|  |TAMS 0x00000006e7e00000, 0x00000006e7e00000| Untracked 
| 115|0x00000006e7f00000, 0x00000006e7f00000, 0x00000006e8000000|  0%| F|  |TAMS 0x00000006e7f00000, 0x00000006e7f00000| Untracked 
| 116|0x00000006e8000000, 0x00000006e8000000, 0x00000006e8100000|  0%| F|  |TAMS 0x00000006e8000000, 0x00000006e8000000| Untracked 
| 117|0x00000006e8100000, 0x00000006e8100000, 0x00000006e8200000|  0%| F|  |TAMS 0x00000006e8100000, 0x00000006e8100000| Untracked 
| 118|0x00000006e8200000, 0x00000006e8200000, 0x00000006e8300000|  0%| F|  |TAMS 0x00000006e8200000, 0x00000006e8200000| Untracked 
| 119|0x00000006e8300000, 0x00000006e8300000, 0x00000006e8400000|  0%| F|  |TAMS 0x00000006e8300000, 0x00000006e8300000| Untracked 
| 120|0x00000006e8400000, 0x00000006e8400000, 0x00000006e8500000|  0%| F|  |TAMS 0x00000006e8400000, 0x00000006e8400000| Untracked 
| 121|0x00000006e8500000, 0x00000006e8500000, 0x00000006e8600000|  0%| F|  |TAMS 0x00000006e8500000, 0x00000006e8500000| Untracked 
| 122|0x00000006e8600000, 0x00000006e8600000, 0x00000006e8700000|  0%| F|  |TAMS 0x00000006e8600000, 0x00000006e8600000| Untracked 
| 123|0x00000006e8700000, 0x00000006e8700000, 0x00000006e8800000|  0%| F|  |TAMS 0x00000006e8700000, 0x00000006e8700000| Untracked 
| 124|0x00000006e8800000, 0x00000006e8800000, 0x00000006e8900000|  0%| F|  |TAMS 0x00000006e8800000, 0x00000006e8800000| Untracked 
| 125|0x00000006e8900000, 0x00000006e8900000, 0x00000006e8a00000|  0%| F|  |TAMS 0x00000006e8900000, 0x00000006e8900000| Untracked 
| 126|0x00000006e8a00000, 0x00000006e8a00000, 0x00000006e8b00000|  0%| F|  |TAMS 0x00000006e8a00000, 0x00000006e8a00000| Untracked 
| 127|0x00000006e8b00000, 0x00000006e8b00000, 0x00000006e8c00000|  0%| F|  |TAMS 0x00000006e8b00000, 0x00000006e8b00000| Untracked 
| 128|0x00000006e8c00000, 0x00000006e8c00000, 0x00000006e8d00000|  0%| F|  |TAMS 0x00000006e8c00000, 0x00000006e8c00000| Untracked 
| 129|0x00000006e8d00000, 0x00000006e8d00000, 0x00000006e8e00000|  0%| F|  |TAMS 0x00000006e8d00000, 0x00000006e8d00000| Untracked 
| 130|0x00000006e8e00000, 0x00000006e8e00000, 0x00000006e8f00000|  0%| F|  |TAMS 0x00000006e8e00000, 0x00000006e8e00000| Untracked 
| 131|0x00000006e8f00000, 0x00000006e8f00000, 0x00000006e9000000|  0%| F|  |TAMS 0x00000006e8f00000, 0x00000006e8f00000| Untracked 
| 132|0x00000006e9000000, 0x00000006e9000000, 0x00000006e9100000|  0%| F|  |TAMS 0x00000006e9000000, 0x00000006e9000000| Untracked 
| 133|0x00000006e9100000, 0x00000006e9100000, 0x00000006e9200000|  0%| F|  |TAMS 0x00000006e9100000, 0x00000006e9100000| Untracked 
| 134|0x00000006e9200000, 0x00000006e9200000, 0x00000006e9300000|  0%| F|  |TAMS 0x00000006e9200000, 0x00000006e9200000| Untracked 
| 135|0x00000006e9300000, 0x00000006e9300000, 0x00000006e9400000|  0%| F|  |TAMS 0x00000006e9300000, 0x00000006e9300000| Untracked 
| 136|0x00000006e9400000, 0x00000006e9400000, 0x00000006e9500000|  0%| F|  |TAMS 0x00000006e9400000, 0x00000006e9400000| Untracked 
| 137|0x00000006e9500000, 0x00000006e9500000, 0x00000006e9600000|  0%| F|  |TAMS 0x00000006e9500000, 0x00000006e9500000| Untracked 
| 138|0x00000006e9600000, 0x00000006e9600000, 0x00000006e9700000|  0%| F|  |TAMS 0x00000006e9600000, 0x00000006e9600000| Untracked 
| 139|0x00000006e9700000, 0x00000006e9700000, 0x00000006e9800000|  0%| F|  |TAMS 0x00000006e9700000, 0x00000006e9700000| Untracked 
| 140|0x00000006e9800000, 0x00000006e9800000, 0x00000006e9900000|  0%| F|  |TAMS 0x00000006e9800000, 0x00000006e9800000| Untracked 
| 141|0x00000006e9900000, 0x00000006e9900000, 0x00000006e9a00000|  0%| F|  |TAMS 0x00000006e9900000, 0x00000006e9900000| Untracked 
| 142|0x00000006e9a00000, 0x00000006e9a00000, 0x00000006e9b00000|  0%| F|  |TAMS 0x00000006e9a00000, 0x00000006e9a00000| Untracked 
| 143|0x00000006e9b00000, 0x00000006e9b00000, 0x00000006e9c00000|  0%| F|  |TAMS 0x00000006e9b00000, 0x00000006e9b00000| Untracked 
| 144|0x00000006e9c00000, 0x00000006e9c00000, 0x00000006e9d00000|  0%| F|  |TAMS 0x00000006e9c00000, 0x00000006e9c00000| Untracked 
| 145|0x00000006e9d00000, 0x00000006e9d00000, 0x00000006e9e00000|  0%| F|  |TAMS 0x00000006e9d00000, 0x00000006e9d00000| Untracked 
| 146|0x00000006e9e00000, 0x00000006e9e00000, 0x00000006e9f00000|  0%| F|  |TAMS 0x00000006e9e00000, 0x00000006e9e00000| Untracked 
| 147|0x00000006e9f00000, 0x00000006e9f00000, 0x00000006ea000000|  0%| F|  |TAMS 0x00000006e9f00000, 0x00000006e9f00000| Untracked 
| 148|0x00000006ea000000, 0x00000006ea000000, 0x00000006ea100000|  0%| F|  |TAMS 0x00000006ea000000, 0x00000006ea000000| Untracked 
| 149|0x00000006ea100000, 0x00000006ea100000, 0x00000006ea200000|  0%| F|  |TAMS 0x00000006ea100000, 0x00000006ea100000| Untracked 
| 150|0x00000006ea200000, 0x00000006ea200000, 0x00000006ea300000|  0%| F|  |TAMS 0x00000006ea200000, 0x00000006ea200000| Untracked 
| 151|0x00000006ea300000, 0x00000006ea300000, 0x00000006ea400000|  0%| F|  |TAMS 0x00000006ea300000, 0x00000006ea300000| Untracked 
| 152|0x00000006ea400000, 0x00000006ea400000, 0x00000006ea500000|  0%| F|  |TAMS 0x00000006ea400000, 0x00000006ea400000| Untracked 
| 153|0x00000006ea500000, 0x00000006ea500000, 0x00000006ea600000|  0%| F|  |TAMS 0x00000006ea500000, 0x00000006ea500000| Untracked 
| 154|0x00000006ea600000, 0x00000006ea600000, 0x00000006ea700000|  0%| F|  |TAMS 0x00000006ea600000, 0x00000006ea600000| Untracked 
| 155|0x00000006ea700000, 0x00000006ea700000, 0x00000006ea800000|  0%| F|  |TAMS 0x00000006ea700000, 0x00000006ea700000| Untracked 
| 156|0x00000006ea800000, 0x00000006ea800000, 0x00000006ea900000|  0%| F|  |TAMS 0x00000006ea800000, 0x00000006ea800000| Untracked 
| 157|0x00000006ea900000, 0x00000006ea900000, 0x00000006eaa00000|  0%| F|  |TAMS 0x00000006ea900000, 0x00000006ea900000| Untracked 
| 158|0x00000006eaa00000, 0x00000006eaa00000, 0x00000006eab00000|  0%| F|  |TAMS 0x00000006eaa00000, 0x00000006eaa00000| Untracked 
| 159|0x00000006eab00000, 0x00000006eab00000, 0x00000006eac00000|  0%| F|  |TAMS 0x00000006eab00000, 0x00000006eab00000| Untracked 
| 160|0x00000006eac00000, 0x00000006eac00000, 0x00000006ead00000|  0%| F|  |TAMS 0x00000006eac00000, 0x00000006eac00000| Untracked 
| 161|0x00000006ead00000, 0x00000006ead00000, 0x00000006eae00000|  0%| F|  |TAMS 0x00000006ead00000, 0x00000006ead00000| Untracked 
| 162|0x00000006eae00000, 0x00000006eae00000, 0x00000006eaf00000|  0%| F|  |TAMS 0x00000006eae00000, 0x00000006eae00000| Untracked 
| 163|0x00000006eaf00000, 0x00000006eaf00000, 0x00000006eb000000|  0%| F|  |TAMS 0x00000006eaf00000, 0x00000006eaf00000| Untracked 
| 164|0x00000006eb000000, 0x00000006eb000000, 0x00000006eb100000|  0%| F|  |TAMS 0x00000006eb000000, 0x00000006eb000000| Untracked 
| 165|0x00000006eb100000, 0x00000006eb100000, 0x00000006eb200000|  0%| F|  |TAMS 0x00000006eb100000, 0x00000006eb100000| Untracked 
| 166|0x00000006eb200000, 0x00000006eb200000, 0x00000006eb300000|  0%| F|  |TAMS 0x00000006eb200000, 0x00000006eb200000| Untracked 
| 167|0x00000006eb300000, 0x00000006eb300000, 0x00000006eb400000|  0%| F|  |TAMS 0x00000006eb300000, 0x00000006eb300000| Untracked 
| 168|0x00000006eb400000, 0x00000006eb400000, 0x00000006eb500000|  0%| F|  |TAMS 0x00000006eb400000, 0x00000006eb400000| Untracked 
| 169|0x00000006eb500000, 0x00000006eb500000, 0x00000006eb600000|  0%| F|  |TAMS 0x00000006eb500000, 0x00000006eb500000| Untracked 
| 170|0x00000006eb600000, 0x00000006eb600000, 0x00000006eb700000|  0%| F|  |TAMS 0x00000006eb600000, 0x00000006eb600000| Untracked 
| 171|0x00000006eb700000, 0x00000006eb700000, 0x00000006eb800000|  0%| F|  |TAMS 0x00000006eb700000, 0x00000006eb700000| Untracked 
| 172|0x00000006eb800000, 0x00000006eb800000, 0x00000006eb900000|  0%| F|  |TAMS 0x00000006eb800000, 0x00000006eb800000| Untracked 
| 173|0x00000006eb900000, 0x00000006eb900000, 0x00000006eba00000|  0%| F|  |TAMS 0x00000006eb900000, 0x00000006eb900000| Untracked 
| 174|0x00000006eba00000, 0x00000006eba00000, 0x00000006ebb00000|  0%| F|  |TAMS 0x00000006eba00000, 0x00000006eba00000| Untracked 
| 175|0x00000006ebb00000, 0x00000006ebb00000, 0x00000006ebc00000|  0%| F|  |TAMS 0x00000006ebb00000, 0x00000006ebb00000| Untracked 
| 176|0x00000006ebc00000, 0x00000006ebc00000, 0x00000006ebd00000|  0%| F|  |TAMS 0x00000006ebc00000, 0x00000006ebc00000| Untracked 
| 177|0x00000006ebd00000, 0x00000006ebd00000, 0x00000006ebe00000|  0%| F|  |TAMS 0x00000006ebd00000, 0x00000006ebd00000| Untracked 
| 178|0x00000006ebe00000, 0x00000006ebe00000, 0x00000006ebf00000|  0%| F|  |TAMS 0x00000006ebe00000, 0x00000006ebe00000| Untracked 
| 179|0x00000006ebf00000, 0x00000006ebf00000, 0x00000006ec000000|  0%| F|  |TAMS 0x00000006ebf00000, 0x00000006ebf00000| Untracked 
| 180|0x00000006ec000000, 0x00000006ec000000, 0x00000006ec100000|  0%| F|  |TAMS 0x00000006ec000000, 0x00000006ec000000| Untracked 
| 181|0x00000006ec100000, 0x00000006ec100000, 0x00000006ec200000|  0%| F|  |TAMS 0x00000006ec100000, 0x00000006ec100000| Untracked 
| 182|0x00000006ec200000, 0x00000006ec200000, 0x00000006ec300000|  0%| F|  |TAMS 0x00000006ec200000, 0x00000006ec200000| Untracked 
| 183|0x00000006ec300000, 0x00000006ec300000, 0x00000006ec400000|  0%| F|  |TAMS 0x00000006ec300000, 0x00000006ec300000| Untracked 
| 184|0x00000006ec400000, 0x00000006ec400000, 0x00000006ec500000|  0%| F|  |TAMS 0x00000006ec400000, 0x00000006ec400000| Untracked 
| 185|0x00000006ec500000, 0x00000006ec500000, 0x00000006ec600000|  0%| F|  |TAMS 0x00000006ec500000, 0x00000006ec500000| Untracked 
| 186|0x00000006ec600000, 0x00000006ec600000, 0x00000006ec700000|  0%| F|  |TAMS 0x00000006ec600000, 0x00000006ec600000| Untracked 
| 187|0x00000006ec700000, 0x00000006ec700000, 0x00000006ec800000|  0%| F|  |TAMS 0x00000006ec700000, 0x00000006ec700000| Untracked 
| 188|0x00000006ec800000, 0x00000006ec800000, 0x00000006ec900000|  0%| F|  |TAMS 0x00000006ec800000, 0x00000006ec800000| Untracked 
| 189|0x00000006ec900000, 0x00000006ec900000, 0x00000006eca00000|  0%| F|  |TAMS 0x00000006ec900000, 0x00000006ec900000| Untracked 
| 190|0x00000006eca00000, 0x00000006eca00000, 0x00000006ecb00000|  0%| F|  |TAMS 0x00000006eca00000, 0x00000006eca00000| Untracked 
| 191|0x00000006ecb00000, 0x00000006ecb00000, 0x00000006ecc00000|  0%| F|  |TAMS 0x00000006ecb00000, 0x00000006ecb00000| Untracked 
| 192|0x00000006ecc00000, 0x00000006ecc00000, 0x00000006ecd00000|  0%| F|  |TAMS 0x00000006ecc00000, 0x00000006ecc00000| Untracked 
| 193|0x00000006ecd00000, 0x00000006ecd00000, 0x00000006ece00000|  0%| F|  |TAMS 0x00000006ecd00000, 0x00000006ecd00000| Untracked 
| 194|0x00000006ece00000, 0x00000006ece00000, 0x00000006ecf00000|  0%| F|  |TAMS 0x00000006ece00000, 0x00000006ece00000| Untracked 
| 195|0x00000006ecf00000, 0x00000006ecf00000, 0x00000006ed000000|  0%| F|  |TAMS 0x00000006ecf00000, 0x00000006ecf00000| Untracked 
| 196|0x00000006ed000000, 0x00000006ed000000, 0x00000006ed100000|  0%| F|  |TAMS 0x00000006ed000000, 0x00000006ed000000| Untracked 
| 197|0x00000006ed100000, 0x00000006ed100000, 0x00000006ed200000|  0%| F|  |TAMS 0x00000006ed100000, 0x00000006ed100000| Untracked 
| 198|0x00000006ed200000, 0x00000006ed200000, 0x00000006ed300000|  0%| F|  |TAMS 0x00000006ed200000, 0x00000006ed200000| Untracked 
| 199|0x00000006ed300000, 0x00000006ed300000, 0x00000006ed400000|  0%| F|  |TAMS 0x00000006ed300000, 0x00000006ed300000| Untracked 
| 200|0x00000006ed400000, 0x00000006ed400000, 0x00000006ed500000|  0%| F|  |TAMS 0x00000006ed400000, 0x00000006ed400000| Untracked 
| 201|0x00000006ed500000, 0x00000006ed500000, 0x00000006ed600000|  0%| F|  |TAMS 0x00000006ed500000, 0x00000006ed500000| Untracked 
| 202|0x00000006ed600000, 0x00000006ed600000, 0x00000006ed700000|  0%| F|  |TAMS 0x00000006ed600000, 0x00000006ed600000| Untracked 
| 203|0x00000006ed700000, 0x00000006ed700000, 0x00000006ed800000|  0%| F|  |TAMS 0x00000006ed700000, 0x00000006ed700000| Untracked 
| 204|0x00000006ed800000, 0x00000006ed800000, 0x00000006ed900000|  0%| F|  |TAMS 0x00000006ed800000, 0x00000006ed800000| Untracked 
| 205|0x00000006ed900000, 0x00000006ed900000, 0x00000006eda00000|  0%| F|  |TAMS 0x00000006ed900000, 0x00000006ed900000| Untracked 
| 206|0x00000006eda00000, 0x00000006eda00000, 0x00000006edb00000|  0%| F|  |TAMS 0x00000006eda00000, 0x00000006eda00000| Untracked 
| 207|0x00000006edb00000, 0x00000006edb00000, 0x00000006edc00000|  0%| F|  |TAMS 0x00000006edb00000, 0x00000006edb00000| Untracked 
| 208|0x00000006edc00000, 0x00000006edc00000, 0x00000006edd00000|  0%| F|  |TAMS 0x00000006edc00000, 0x00000006edc00000| Untracked 
| 209|0x00000006edd00000, 0x00000006edd00000, 0x00000006ede00000|  0%| F|  |TAMS 0x00000006edd00000, 0x00000006edd00000| Untracked 
| 210|0x00000006ede00000, 0x00000006ede00000, 0x00000006edf00000|  0%| F|  |TAMS 0x00000006ede00000, 0x00000006ede00000| Untracked 
| 211|0x00000006edf00000, 0x00000006edf00000, 0x00000006ee000000|  0%| F|  |TAMS 0x00000006edf00000, 0x00000006edf00000| Untracked 
| 212|0x00000006ee000000, 0x00000006ee000000, 0x00000006ee100000|  0%| F|  |TAMS 0x00000006ee000000, 0x00000006ee000000| Untracked 
| 213|0x00000006ee100000, 0x00000006ee100000, 0x00000006ee200000|  0%| F|  |TAMS 0x00000006ee100000, 0x00000006ee100000| Untracked 
| 214|0x00000006ee200000, 0x00000006ee200000, 0x00000006ee300000|  0%| F|  |TAMS 0x00000006ee200000, 0x00000006ee200000| Untracked 
| 215|0x00000006ee300000, 0x00000006ee300000, 0x00000006ee400000|  0%| F|  |TAMS 0x00000006ee300000, 0x00000006ee300000| Untracked 
| 216|0x00000006ee400000, 0x00000006ee400000, 0x00000006ee500000|  0%| F|  |TAMS 0x00000006ee400000, 0x00000006ee400000| Untracked 
| 217|0x00000006ee500000, 0x00000006ee500000, 0x00000006ee600000|  0%| F|  |TAMS 0x00000006ee500000, 0x00000006ee500000| Untracked 
| 218|0x00000006ee600000, 0x00000006ee600000, 0x00000006ee700000|  0%| F|  |TAMS 0x00000006ee600000, 0x00000006ee600000| Untracked 
| 219|0x00000006ee700000, 0x00000006ee700000, 0x00000006ee800000|  0%| F|  |TAMS 0x00000006ee700000, 0x00000006ee700000| Untracked 
| 220|0x00000006ee800000, 0x00000006ee800000, 0x00000006ee900000|  0%| F|  |TAMS 0x00000006ee800000, 0x00000006ee800000| Untracked 
| 221|0x00000006ee900000, 0x00000006ee900000, 0x00000006eea00000|  0%| F|  |TAMS 0x00000006ee900000, 0x00000006ee900000| Untracked 
| 222|0x00000006eea00000, 0x00000006eea00000, 0x00000006eeb00000|  0%| F|  |TAMS 0x00000006eea00000, 0x00000006eea00000| Untracked 
| 223|0x00000006eeb00000, 0x00000006eeb00000, 0x00000006eec00000|  0%| F|  |TAMS 0x00000006eeb00000, 0x00000006eeb00000| Untracked 
| 224|0x00000006eec00000, 0x00000006eec00000, 0x00000006eed00000|  0%| F|  |TAMS 0x00000006eec00000, 0x00000006eec00000| Untracked 
| 225|0x00000006eed00000, 0x00000006eed00000, 0x00000006eee00000|  0%| F|  |TAMS 0x00000006eed00000, 0x00000006eed00000| Untracked 
| 226|0x00000006eee00000, 0x00000006eee00000, 0x00000006eef00000|  0%| F|  |TAMS 0x00000006eee00000, 0x00000006eee00000| Untracked 
| 227|0x00000006eef00000, 0x00000006eef00000, 0x00000006ef000000|  0%| F|  |TAMS 0x00000006eef00000, 0x00000006eef00000| Untracked 
| 228|0x00000006ef000000, 0x00000006ef000000, 0x00000006ef100000|  0%| F|  |TAMS 0x00000006ef000000, 0x00000006ef000000| Untracked 
| 229|0x00000006ef100000, 0x00000006ef100000, 0x00000006ef200000|  0%| F|  |TAMS 0x00000006ef100000, 0x00000006ef100000| Untracked 
| 230|0x00000006ef200000, 0x00000006ef200000, 0x00000006ef300000|  0%| F|  |TAMS 0x00000006ef200000, 0x00000006ef200000| Untracked 
| 231|0x00000006ef300000, 0x00000006ef300000, 0x00000006ef400000|  0%| F|  |TAMS 0x00000006ef300000, 0x00000006ef300000| Untracked 
| 232|0x00000006ef400000, 0x00000006ef400000, 0x00000006ef500000|  0%| F|  |TAMS 0x00000006ef400000, 0x00000006ef400000| Untracked 
| 233|0x00000006ef500000, 0x00000006ef500000, 0x00000006ef600000|  0%| F|  |TAMS 0x00000006ef500000, 0x00000006ef500000| Untracked 
| 234|0x00000006ef600000, 0x00000006ef600000, 0x00000006ef700000|  0%| F|  |TAMS 0x00000006ef600000, 0x00000006ef600000| Untracked 
| 235|0x00000006ef700000, 0x00000006ef700000, 0x00000006ef800000|  0%| F|  |TAMS 0x00000006ef700000, 0x00000006ef700000| Untracked 
| 236|0x00000006ef800000, 0x00000006ef800000, 0x00000006ef900000|  0%| F|  |TAMS 0x00000006ef800000, 0x00000006ef800000| Untracked 
| 237|0x00000006ef900000, 0x00000006ef900000, 0x00000006efa00000|  0%| F|  |TAMS 0x00000006ef900000, 0x00000006ef900000| Untracked 
| 238|0x00000006efa00000, 0x00000006efa00000, 0x00000006efb00000|  0%| F|  |TAMS 0x00000006efa00000, 0x00000006efa00000| Untracked 
| 239|0x00000006efb00000, 0x00000006efb00000, 0x00000006efc00000|  0%| F|  |TAMS 0x00000006efb00000, 0x00000006efb00000| Untracked 
| 240|0x00000006efc00000, 0x00000006efc00000, 0x00000006efd00000|  0%| F|  |TAMS 0x00000006efc00000, 0x00000006efc00000| Untracked 
| 241|0x00000006efd00000, 0x00000006efd00000, 0x00000006efe00000|  0%| F|  |TAMS 0x00000006efd00000, 0x00000006efd00000| Untracked 
| 242|0x00000006efe00000, 0x00000006efe00000, 0x00000006eff00000|  0%| F|  |TAMS 0x00000006efe00000, 0x00000006efe00000| Untracked 
| 243|0x00000006eff00000, 0x00000006eff00000, 0x00000006f0000000|  0%| F|  |TAMS 0x00000006eff00000, 0x00000006eff00000| Untracked 
| 244|0x00000006f0000000, 0x00000006f0000000, 0x00000006f0100000|  0%| F|  |TAMS 0x00000006f0000000, 0x00000006f0000000| Untracked 
| 245|0x00000006f0100000, 0x00000006f0100000, 0x00000006f0200000|  0%| F|  |TAMS 0x00000006f0100000, 0x00000006f0100000| Untracked 
| 246|0x00000006f0200000, 0x00000006f0200000, 0x00000006f0300000|  0%| F|  |TAMS 0x00000006f0200000, 0x00000006f0200000| Untracked 
| 247|0x00000006f0300000, 0x00000006f0300000, 0x00000006f0400000|  0%| F|  |TAMS 0x00000006f0300000, 0x00000006f0300000| Untracked 
| 248|0x00000006f0400000, 0x00000006f0400000, 0x00000006f0500000|  0%| F|  |TAMS 0x00000006f0400000, 0x00000006f0400000| Untracked 
| 249|0x00000006f0500000, 0x00000006f0500000, 0x00000006f0600000|  0%| F|  |TAMS 0x00000006f0500000, 0x00000006f0500000| Untracked 
| 250|0x00000006f0600000, 0x00000006f0600000, 0x00000006f0700000|  0%| F|  |TAMS 0x00000006f0600000, 0x00000006f0600000| Untracked 
| 251|0x00000006f0700000, 0x00000006f0700000, 0x00000006f0800000|  0%| F|  |TAMS 0x00000006f0700000, 0x00000006f0700000| Untracked 
| 252|0x00000006f0800000, 0x00000006f0800000, 0x00000006f0900000|  0%| F|  |TAMS 0x00000006f0800000, 0x00000006f0800000| Untracked 
| 253|0x00000006f0900000, 0x00000006f0900000, 0x00000006f0a00000|  0%| F|  |TAMS 0x00000006f0900000, 0x00000006f0900000| Untracked 
| 254|0x00000006f0a00000, 0x00000006f0a00000, 0x00000006f0b00000|  0%| F|  |TAMS 0x00000006f0a00000, 0x00000006f0a00000| Untracked 
| 255|0x00000006f0b00000, 0x00000006f0b00000, 0x00000006f0c00000|  0%| F|  |TAMS 0x00000006f0b00000, 0x00000006f0b00000| Untracked 
| 256|0x00000006f0c00000, 0x00000006f0c00000, 0x00000006f0d00000|  0%| F|  |TAMS 0x00000006f0c00000, 0x00000006f0c00000| Untracked 
| 257|0x00000006f0d00000, 0x00000006f0d00000, 0x00000006f0e00000|  0%| F|  |TAMS 0x00000006f0d00000, 0x00000006f0d00000| Untracked 
| 258|0x00000006f0e00000, 0x00000006f0e00000, 0x00000006f0f00000|  0%| F|  |TAMS 0x00000006f0e00000, 0x00000006f0e00000| Untracked 
| 259|0x00000006f0f00000, 0x00000006f0f00000, 0x00000006f1000000|  0%| F|  |TAMS 0x00000006f0f00000, 0x00000006f0f00000| Untracked 
| 260|0x00000006f1000000, 0x00000006f1000000, 0x00000006f1100000|  0%| F|  |TAMS 0x00000006f1000000, 0x00000006f1000000| Untracked 
| 261|0x00000006f1100000, 0x00000006f11274e0, 0x00000006f1200000| 15%| S|CS|TAMS 0x00000006f1100000, 0x00000006f1100000| Complete 
| 262|0x00000006f1200000, 0x00000006f1300000, 0x00000006f1300000|100%| S|CS|TAMS 0x00000006f1200000, 0x00000006f1200000| Complete 
| 263|0x00000006f1300000, 0x00000006f1400000, 0x00000006f1400000|100%| S|CS|TAMS 0x00000006f1300000, 0x00000006f1300000| Complete 
| 264|0x00000006f1400000, 0x00000006f1400000, 0x00000006f1500000|  0%| F|  |TAMS 0x00000006f1400000, 0x00000006f1400000| Untracked 
| 265|0x00000006f1500000, 0x00000006f1500000, 0x00000006f1600000|  0%| F|  |TAMS 0x00000006f1500000, 0x00000006f1500000| Untracked 
| 266|0x00000006f1600000, 0x00000006f1600000, 0x00000006f1700000|  0%| F|  |TAMS 0x00000006f1600000, 0x00000006f1600000| Untracked 
| 267|0x00000006f1700000, 0x00000006f1700000, 0x00000006f1800000|  0%| F|  |TAMS 0x00000006f1700000, 0x00000006f1700000| Untracked 
| 268|0x00000006f1800000, 0x00000006f1800000, 0x00000006f1900000|  0%| F|  |TAMS 0x00000006f1800000, 0x00000006f1800000| Untracked 
| 269|0x00000006f1900000, 0x00000006f1900000, 0x00000006f1a00000|  0%| F|  |TAMS 0x00000006f1900000, 0x00000006f1900000| Untracked 
| 270|0x00000006f1a00000, 0x00000006f1a00000, 0x00000006f1b00000|  0%| F|  |TAMS 0x00000006f1a00000, 0x00000006f1a00000| Untracked 
| 271|0x00000006f1b00000, 0x00000006f1b00000, 0x00000006f1c00000|  0%| F|  |TAMS 0x00000006f1b00000, 0x00000006f1b00000| Untracked 
| 272|0x00000006f1c00000, 0x00000006f1c00000, 0x00000006f1d00000|  0%| F|  |TAMS 0x00000006f1c00000, 0x00000006f1c00000| Untracked 
| 273|0x00000006f1d00000, 0x00000006f1d00000, 0x00000006f1e00000|  0%| F|  |TAMS 0x00000006f1d00000, 0x00000006f1d00000| Untracked 
| 274|0x00000006f1e00000, 0x00000006f1e00000, 0x00000006f1f00000|  0%| F|  |TAMS 0x00000006f1e00000, 0x00000006f1e00000| Untracked 
| 275|0x00000006f1f00000, 0x00000006f1f00000, 0x00000006f2000000|  0%| F|  |TAMS 0x00000006f1f00000, 0x00000006f1f00000| Untracked 
| 276|0x00000006f2000000, 0x00000006f2000000, 0x00000006f2100000|  0%| F|  |TAMS 0x00000006f2000000, 0x00000006f2000000| Untracked 
| 277|0x00000006f2100000, 0x00000006f2100000, 0x00000006f2200000|  0%| F|  |TAMS 0x00000006f2100000, 0x00000006f2100000| Untracked 
| 278|0x00000006f2200000, 0x00000006f2280800, 0x00000006f2300000| 50%| E|  |TAMS 0x00000006f2200000, 0x00000006f2200000| Complete 
| 279|0x00000006f2300000, 0x00000006f2400000, 0x00000006f2400000|100%| E|CS|TAMS 0x00000006f2300000, 0x00000006f2300000| Complete 
| 280|0x00000006f2400000, 0x00000006f2500000, 0x00000006f2500000|100%| E|CS|TAMS 0x00000006f2400000, 0x00000006f2400000| Complete 
| 281|0x00000006f2500000, 0x00000006f2600000, 0x00000006f2600000|100%| E|CS|TAMS 0x00000006f2500000, 0x00000006f2500000| Complete 
| 282|0x00000006f2600000, 0x00000006f2700000, 0x00000006f2700000|100%| E|CS|TAMS 0x00000006f2600000, 0x00000006f2600000| Complete 
| 283|0x00000006f2700000, 0x00000006f2800000, 0x00000006f2800000|100%| E|CS|TAMS 0x00000006f2700000, 0x00000006f2700000| Complete 
| 284|0x00000006f2800000, 0x00000006f2900000, 0x00000006f2900000|100%| E|CS|TAMS 0x00000006f2800000, 0x00000006f2800000| Complete 
| 285|0x00000006f2900000, 0x00000006f2a00000, 0x00000006f2a00000|100%| E|CS|TAMS 0x00000006f2900000, 0x00000006f2900000| Complete 
| 286|0x00000006f2a00000, 0x00000006f2b00000, 0x00000006f2b00000|100%| E|CS|TAMS 0x00000006f2a00000, 0x00000006f2a00000| Complete 
| 287|0x00000006f2b00000, 0x00000006f2c00000, 0x00000006f2c00000|100%| E|CS|TAMS 0x00000006f2b00000, 0x00000006f2b00000| Complete 

Card table byte_map: [0x000002aef1270000,0x000002aef1b70000] _byte_map_base: 0x000002aeedb6a000

Marking Bits (Prev, Next): (CMBitMap*) 0x000002aed91b8bb8, (CMBitMap*) 0x000002aed91b8bf8
 Prev Bits: [0x000002aef2470000, 0x000002aef6c40000)
 Next Bits: [0x000002aef6c40000, 0x000002aefb410000)

Polling page: 0x000002aed6f20000

Metaspace:

Usage:
  Non-class:      8.25 MB capacity,     6.79 MB ( 82%) used,     1.45 MB ( 18%) free+waste,    12.06 KB ( <1%) overhead. 
      Class:    662.00 KB capacity,   457.37 KB ( 69%) used,   199.13 KB ( 30%) free+waste,     5.50 KB ( <1%) overhead. 
       Both:      8.90 MB capacity,     7.24 MB ( 81%) used,     1.64 MB ( 18%) free+waste,    17.56 KB ( <1%) overhead. 

Virtual space:
  Non-class space:       10.00 MB reserved,       8.50 MB ( 85%) committed 
      Class space:        1.00 GB reserved,     768.00 KB ( <1%) committed 
             Both:        1.01 GB reserved,       9.25 MB ( <1%) committed 

Chunk freelists:
   Non-Class:  60.00 KB
       Class:  10.00 KB
        Both:  70.00 KB

MaxMetaspaceSize: 17179869184.00 GB
CompressedClassSpaceSize: 1.00 GB

CodeHeap 'non-profiled nmethods': size=120000Kb used=373Kb max_used=373Kb free=119626Kb
 bounds [0x000002aee9110000, 0x000002aee9380000, 0x000002aef0640000]
CodeHeap 'profiled nmethods': size=120000Kb used=1715Kb max_used=1715Kb free=118284Kb
 bounds [0x000002aee1be0000, 0x000002aee1e50000, 0x000002aee9110000]
CodeHeap 'non-nmethods': size=5760Kb used=1626Kb max_used=1648Kb free=4133Kb
 bounds [0x000002aee1640000, 0x000002aee18b0000, 0x000002aee1be0000]
 total_blobs=2527 nmethods=999 adapters=923
 compilation: enabled
              stopped_count=0, restarted_count=0
 full_count=0

Compilation events (20 events):
Event: 1.039 Thread 0x000002aefdfaa000 nmethod 987 0x000002aee9166610 code [0x000002aee91667a0, 0x000002aee9166838]
Event: 1.039 Thread 0x000002aefdfaa000  988       4       java.lang.StringUTF16::compress (50 bytes)
Event: 1.043 Thread 0x000002aefdfaa000 nmethod 988 0x000002aee9166910 code [0x000002aee9166aa0, 0x000002aee9166d98]
Event: 1.044 Thread 0x000002aefdfaa000  989   !   4       jdk.internal.loader.URLClassPath$JarLoader::getResource (65 bytes)
Event: 1.044 Thread 0x000002aefe8a5000  990       3       java.io.WinNTFileSystem::isLetter (30 bytes)
Event: 1.044 Thread 0x000002aefe8a5000 nmethod 990 0x000002aee1d88e10 code [0x000002aee1d88fc0, 0x000002aee1d89258]
Event: 1.045 Thread 0x000002aefe8a5000  992       3       java.nio.charset.CoderResult::isUnderflow (13 bytes)
Event: 1.045 Thread 0x000002aefe8a5000 nmethod 992 0x000002aee1d89310 code [0x000002aee1d894c0, 0x000002aee1d89698]
Event: 1.047 Thread 0x000002aefe8a5000  993       3       main.engine.math.Vector3::<init> (20 bytes)
Event: 1.047 Thread 0x000002aefe8a5000 nmethod 993 0x000002aee1d89710 code [0x000002aee1d898c0, 0x000002aee1d89ab8]
Event: 1.047 Thread 0x000002aefe8a5000  994       3       main.engine.math.Vector3::<init> (20 bytes)
Event: 1.047 Thread 0x000002aefe8a5000 nmethod 994 0x000002aee1d89b90 code [0x000002aee1d89d40, 0x000002aee1d89f38]
Event: 1.047 Thread 0x000002aefe8a5000  995       3       main.engine.objects.GameObject::<init> (51 bytes)
Event: 1.047 Thread 0x000002aefe8a5000 nmethod 995 0x000002aee1d8a010 code [0x000002aee1d8a1e0, 0x000002aee1d8a738]
Event: 1.047 Thread 0x000002aefe8a5000  996       3       main.engine.physics.Rigidbody::<init> (10 bytes)
Event: 1.048 Thread 0x000002aefe8a5000 nmethod 996 0x000002aee1d8a890 code [0x000002aee1d8aa40, 0x000002aee1d8ac18]
Event: 1.050 Thread 0x000002aefe8a5000  997       3       main.engine.physics.Collider::<init> (229 bytes)
Event: 1.050 Thread 0x000002aefe8a5000 nmethod 997 0x000002aee1d8ad10 code [0x000002aee1d8aee0, 0x000002aee1d8b538]
Event: 1.050 Thread 0x000002aefe8a5000  998       3       main.engine.renderer.graphics.MasterRenderer::processGameObject (132 bytes)
Event: 1.051 Thread 0x000002aefe8a5000 nmethod 998 0x000002aee1d8b710 code [0x000002aee1d8b9a0, 0x000002aee1d8cad0]

GC Heap History (2 events):
Event: 0.824 GC heap before
{Heap before GC invocations=0 (full 0):
 garbage-first heap   total 294912K, used 23552K [0x00000006e0c00000, 0x0000000800000000)
  region size 1024K, 24 young (24576K), 0 survivors (0K)
 Metaspace       used 5952K, capacity 8752K, committed 9088K, reserved 1058816K
  class space    used 328K, capacity 601K, committed 640K, reserved 1048576K
}
Event: 0.826 GC heap after
{Heap after GC invocations=1 (full 0):
 garbage-first heap   total 294912K, used 2205K [0x00000006e0c00000, 0x0000000800000000)
  region size 1024K, 3 young (3072K), 3 survivors (3072K)
 Metaspace       used 5952K, capacity 8752K, committed 9088K, reserved 1058816K
  class space    used 328K, capacity 601K, committed 640K, reserved 1048576K
}

Deoptimization events (20 events):
Event: 1.026 Thread 0x000002aed9145000 DEOPT PACKING pc=0x000002aee1d748c4 sp=0x000000f9e44fece0
Event: 1.026 Thread 0x000002aed9145000 DEOPT UNPACKING pc=0x000002aee168964e sp=0x000000f9e44fe208 mode 0
Event: 1.026 Thread 0x000002aed9145000 DEOPT PACKING pc=0x000002aee1d748c4 sp=0x000000f9e44fece0
Event: 1.026 Thread 0x000002aed9145000 DEOPT UNPACKING pc=0x000002aee168964e sp=0x000000f9e44fe208 mode 0
Event: 1.027 Thread 0x000002aed9145000 DEOPT PACKING pc=0x000002aee1d748c4 sp=0x000000f9e44fece0
Event: 1.027 Thread 0x000002aed9145000 DEOPT UNPACKING pc=0x000002aee168964e sp=0x000000f9e44fe208 mode 0
Event: 1.027 Thread 0x000002aed9145000 DEOPT PACKING pc=0x000002aee1d748c4 sp=0x000000f9e44fece0
Event: 1.027 Thread 0x000002aed9145000 DEOPT UNPACKING pc=0x000002aee168964e sp=0x000000f9e44fe208 mode 0
Event: 1.027 Thread 0x000002aed9145000 DEOPT PACKING pc=0x000002aee1d748c4 sp=0x000000f9e44fece0
Event: 1.027 Thread 0x000002aed9145000 DEOPT UNPACKING pc=0x000002aee168964e sp=0x000000f9e44fe208 mode 0
Event: 1.027 Thread 0x000002aed9145000 DEOPT PACKING pc=0x000002aee1d748c4 sp=0x000000f9e44fece0
Event: 1.027 Thread 0x000002aed9145000 DEOPT UNPACKING pc=0x000002aee168964e sp=0x000000f9e44fe208 mode 0
Event: 1.028 Thread 0x000002aed9145000 DEOPT PACKING pc=0x000002aee1d748c4 sp=0x000000f9e44fece0
Event: 1.028 Thread 0x000002aed9145000 DEOPT UNPACKING pc=0x000002aee168964e sp=0x000000f9e44fe208 mode 0
Event: 1.028 Thread 0x000002aed9145000 DEOPT PACKING pc=0x000002aee1d748c4 sp=0x000000f9e44fece0
Event: 1.028 Thread 0x000002aed9145000 DEOPT UNPACKING pc=0x000002aee168964e sp=0x000000f9e44fe208 mode 0
Event: 1.037 Thread 0x000002aed9145000 Uncommon trap: trap_request=0xffffff45 fr.pc=0x000002aee91651d8 relative=0x0000000000000318
Event: 1.037 Thread 0x000002aed9145000 Uncommon trap: reason=unstable_if action=reinterpret pc=0x000002aee91651d8 method=main.engine.renderer.graphics.Material.LoadTexture(Ljava/lang/String;)V @ 165 c2
Event: 1.037 Thread 0x000002aed9145000 DEOPT PACKING pc=0x000002aee91651d8 sp=0x000000f9e44fed60
Event: 1.037 Thread 0x000002aed9145000 DEOPT UNPACKING pc=0x000002aee168912f sp=0x000000f9e44fed18 mode 2

Classes unloaded (0 events):
No events

Classes redefined (0 events):
No events

Internal exceptions (13 events):
Event: 0.143 Thread 0x000002aed9145000 Exception <a 'java/lang/NoSuchMethodError'{0x00000006f27e6440}: 'void java.lang.invoke.DelegatingMethodHandle$Holder.delegate(java.lang.Object, java.lang.Object, int, java.lang.Object)'> (0x00000006f27e6440) 
thrown [t:/workspace/open/src/hotspot/share/interpreter/linkResolver.cpp, line 767]
Event: 0.147 Thread 0x000002aed9145000 Exception <a 'java/lang/NoSuchMethodError'{0x00000006f27ed198}: 'java.lang.Object java.lang.invoke.DirectMethodHandle$Holder.invokeStaticInit(java.lang.Object, java.lang.Object, java.lang.Object)'> (0x00000006f27ed198) 
thrown [t:/workspace/open/src/hotspot/share/interpreter/linkResolver.cpp, line 767]
Event: 0.193 Thread 0x000002aed9145000 Exception <a 'sun/nio/fs/WindowsException'{0x00000006f26e7300}> (0x00000006f26e7300) 
thrown [t:/workspace/open/src/hotspot/share/prims/jni.cpp, line 598]
Event: 0.193 Thread 0x000002aed9145000 Exception <a 'sun/nio/fs/WindowsException'{0x00000006f26e7858}> (0x00000006f26e7858) 
thrown [t:/workspace/open/src/hotspot/share/prims/jni.cpp, line 598]
Event: 0.213 Thread 0x000002aed9145000 Exception <a 'sun/nio/fs/WindowsException'{0x00000006f2567ee8}> (0x00000006f2567ee8) 
thrown [t:/workspace/open/src/hotspot/share/prims/jni.cpp, line 598]
Event: 0.213 Thread 0x000002aed9145000 Exception <a 'sun/nio/fs/WindowsException'{0x00000006f2568258}> (0x00000006f2568258) 
thrown [t:/workspace/open/src/hotspot/share/prims/jni.cpp, line 598]
Event: 0.636 Thread 0x000002aed9145000 Exception <a 'sun/nio/fs/WindowsException'{0x00000006f22c8b90}> (0x00000006f22c8b90) 
thrown [t:/workspace/open/src/hotspot/share/prims/jni.cpp, line 598]
Event: 0.636 Thread 0x000002aed9145000 Exception <a 'sun/nio/fs/WindowsException'{0x00000006f22c8f40}> (0x00000006f22c8f40) 
thrown [t:/workspace/open/src/hotspot/share/prims/jni.cpp, line 598]
Event: 0.639 Thread 0x000002aed9145000 Exception <a 'sun/nio/fs/WindowsException'{0x00000006f22f0a60}> (0x00000006f22f0a60) 
thrown [t:/workspace/open/src/hotspot/share/prims/jni.cpp, line 598]
Event: 0.639 Thread 0x000002aed9145000 Exception <a 'sun/nio/fs/WindowsException'{0x00000006f22f0d48}> (0x00000006f22f0d48) 
thrown [t:/workspace/open/src/hotspot/share/prims/jni.cpp, line 598]
Event: 0.819 Thread 0x000002aed9145000 Exception <a 'java/lang/ClassNotFoundException'{0x00000006f14ec438}: sun/awt/resources/spi/awtProvider> (0x00000006f14ec438) 
thrown [t:/workspace/open/src/hotspot/share/classfile/systemDictionary.cpp, line 232]
Event: 0.836 Thread 0x000002aed9145000 Exception <a 'java/io/FileNotFoundException'{0x00000006f2b31690}> (0x00000006f2b31690) 
thrown [t:/workspace/open/src/hotspot/share/prims/jni.cpp, line 598]
Event: 0.841 Thread 0x000002aed9145000 Exception <a 'java/io/FileNotFoundException'{0x00000006f2b57d60}> (0x00000006f2b57d60) 
thrown [t:/workspace/open/src/hotspot/share/prims/jni.cpp, line 598]

Events (20 events):
Event: 0.891 loading class org/lwjgl/system/APIUtil$Encoder
Event: 0.891 loading class org/lwjgl/system/APIUtil$Encoder done
Event: 0.891 loading class org/lwjgl/system/APIUtil$Encoder
Event: 0.891 loading class org/lwjgl/system/APIUtil$Encoder done
Event: 0.892 Executing VM operation: RevokeBias
Event: 0.892 Executing VM operation: RevokeBias done
Event: 0.933 loading class javax/imageio/IIOException
Event: 0.933 loading class javax/imageio/IIOException done
Event: 0.933 loading class java/lang/Throwable$WrappedPrintStream
Event: 0.933 loading class java/lang/Throwable$PrintStreamOrWriter
Event: 0.933 loading class java/lang/Throwable$PrintStreamOrWriter done
Event: 0.933 loading class java/lang/Throwable$WrappedPrintStream done
Event: 0.934 loading class java/lang/StackTraceElement$HashedModules
Event: 0.934 loading class java/lang/StackTraceElement$HashedModules done
Event: 1.037 loading class main/engine/physics/Rigidbody
Event: 1.037 loading class main/engine/physics/Rigidbody done
Event: 1.038 loading class main/engine/renderer/graphics/MasterRenderer
Event: 1.038 loading class main/engine/renderer/graphics/MasterRenderer done
Event: 1.046 loading class main/engine/renderer/graphics/Renderer
Event: 1.046 loading class main/engine/renderer/graphics/Renderer done


Dynamic libraries:
0x00007ff7505c0000 - 0x00007ff7505cf000 	C:\Program Files\Java\jdk-13.0.2\bin\javaw.exe
0x00007ffab91e0000 - 0x00007ffab93d0000 	C:\WINDOWS\SYSTEM32\ntdll.dll
0x00007ffab7290000 - 0x00007ffab7342000 	C:\WINDOWS\System32\KERNEL32.DLL
0x00007ffab6c00000 - 0x00007ffab6ea4000 	C:\WINDOWS\System32\KERNELBASE.dll
0x00007ffab6eb0000 - 0x00007ffab6faa000 	C:\WINDOWS\System32\ucrtbase.dll
0x00007ffab05b0000 - 0x00007ffab05c8000 	C:\Program Files\Java\jdk-13.0.2\bin\jli.dll
0x00007ffaa6490000 - 0x00007ffaa64a5000 	C:\Program Files\Java\jdk-13.0.2\bin\VCRUNTIME140.dll
0x00007ffab7550000 - 0x00007ffab75f3000 	C:\WINDOWS\System32\ADVAPI32.dll
0x00007ffab84c0000 - 0x00007ffab855e000 	C:\WINDOWS\System32\msvcrt.dll
0x00007ffab74b0000 - 0x00007ffab7547000 	C:\WINDOWS\System32\sechost.dll
0x00007ffab8560000 - 0x00007ffab8680000 	C:\WINDOWS\System32\RPCRT4.dll
0x00007ffab7ca0000 - 0x00007ffab7e34000 	C:\WINDOWS\System32\USER32.dll
0x00007ffab6fb0000 - 0x00007ffab6fd1000 	C:\WINDOWS\System32\win32u.dll
0x00007ffaaacd0000 - 0x00007ffaaaf54000 	C:\WINDOWS\WinSxS\amd64_microsoft.windows.common-controls_6595b64144ccf1df_6.0.18362.836_none_e6c4b943130f18ed\COMCTL32.dll
0x00007ffab9170000 - 0x00007ffab9196000 	C:\WINDOWS\System32\GDI32.dll
0x00007ffab7780000 - 0x00007ffab7ab6000 	C:\WINDOWS\System32\combase.dll
0x00007ffab68f0000 - 0x00007ffab6a84000 	C:\WINDOWS\System32\gdi32full.dll
0x00007ffab71b0000 - 0x00007ffab7230000 	C:\WINDOWS\System32\bcryptPrimitives.dll
0x00007ffab7110000 - 0x00007ffab71ae000 	C:\WINDOWS\System32\msvcp_win.dll
0x00007ffab17b0000 - 0x00007ffab17ba000 	C:\WINDOWS\SYSTEM32\VERSION.dll
0x00007ffab7350000 - 0x00007ffab737e000 	C:\WINDOWS\System32\IMM32.DLL
0x00007ffa890e0000 - 0x00007ffa8917b000 	C:\Program Files\Java\jdk-13.0.2\bin\msvcp140.dll
0x00007ffa47c40000 - 0x00007ffa4879d000 	C:\Program Files\Java\jdk-13.0.2\bin\server\jvm.dll
0x00007ffab7c90000 - 0x00007ffab7c98000 	C:\WINDOWS\System32\PSAPI.DLL
0x00007ffaaaa10000 - 0x00007ffaaaa34000 	C:\WINDOWS\SYSTEM32\WINMM.dll
0x00007ffaa51f0000 - 0x00007ffaa51f9000 	C:\WINDOWS\SYSTEM32\WSOCK32.dll
0x00007ffab9080000 - 0x00007ffab90ef000 	C:\WINDOWS\System32\WS2_32.dll
0x00007ffaaaa70000 - 0x00007ffaaaa9d000 	C:\WINDOWS\SYSTEM32\winmmbase.dll
0x00007ffab70c0000 - 0x00007ffab710a000 	C:\WINDOWS\System32\cfgmgr32.dll
0x00007ffab60b0000 - 0x00007ffab60c1000 	C:\WINDOWS\System32\kernel.appcore.dll
0x00007ffaa4080000 - 0x00007ffaa4090000 	C:\Program Files\Java\jdk-13.0.2\bin\verify.dll
0x00007ffab0f80000 - 0x00007ffab1174000 	C:\WINDOWS\SYSTEM32\DBGHELP.DLL
0x00007ffab0ba0000 - 0x00007ffab0bca000 	C:\WINDOWS\SYSTEM32\dbgcore.DLL
0x00007ffa97910000 - 0x00007ffa97936000 	C:\Program Files\Java\jdk-13.0.2\bin\java.dll
0x00007ffaa1680000 - 0x00007ffaa1697000 	C:\Program Files\Java\jdk-13.0.2\bin\zip.dll
0x00007ffaa4070000 - 0x00007ffaa407a000 	C:\Program Files\Java\jdk-13.0.2\bin\jimage.dll
0x00007ffab8680000 - 0x00007ffab8d64000 	C:\WINDOWS\System32\SHELL32.dll
0x00007ffab7380000 - 0x00007ffab7429000 	C:\WINDOWS\System32\shcore.dll
0x00007ffab6170000 - 0x00007ffab68ee000 	C:\WINDOWS\System32\windows.storage.dll
0x00007ffab6120000 - 0x00007ffab6143000 	C:\WINDOWS\System32\profapi.dll
0x00007ffab60d0000 - 0x00007ffab611a000 	C:\WINDOWS\System32\powrprof.dll
0x00007ffab60a0000 - 0x00007ffab60b0000 	C:\WINDOWS\System32\UMPDC.dll
0x00007ffab7720000 - 0x00007ffab7772000 	C:\WINDOWS\System32\shlwapi.dll
0x00007ffab6a90000 - 0x00007ffab6aa7000 	C:\WINDOWS\System32\cryptsp.dll
0x00007ffaa0c70000 - 0x00007ffaa0c89000 	C:\Program Files\Java\jdk-13.0.2\bin\net.dll
0x00007ffab0780000 - 0x00007ffab0870000 	C:\WINDOWS\SYSTEM32\WINHTTP.dll
0x00007ffab5910000 - 0x00007ffab5977000 	C:\WINDOWS\system32\mswsock.dll
0x00007ffa93030000 - 0x00007ffa93043000 	C:\Program Files\Java\jdk-13.0.2\bin\nio.dll
0x00007ffa88ff0000 - 0x00007ffa89054000 	C:\Users\luukv\AppData\Local\Temp\lwjglluukv\3.2.3-build-13\lwjgl.dll
0x00007ffa88f80000 - 0x00007ffa88fe2000 	C:\Users\luukv\AppData\Local\Temp\lwjglluukv\3.2.3-build-13\glfw.dll
0x00007ffab4410000 - 0x00007ffab44a9000 	C:\WINDOWS\system32\uxtheme.dll
0x00007ffaa26c0000 - 0x00007ffaa2703000 	C:\WINDOWS\SYSTEM32\dinput8.dll
0x00007ffa85a60000 - 0x00007ffa85a71000 	C:\WINDOWS\SYSTEM32\xinput1_4.dll
0x00007ffab5ea0000 - 0x00007ffab5eca000 	C:\WINDOWS\SYSTEM32\DEVOBJ.dll
0x00007ffab4950000 - 0x00007ffab497d000 	C:\WINDOWS\SYSTEM32\dwmapi.dll
0x00007ffaa32b0000 - 0x00007ffaa33cb000 	C:\WINDOWS\SYSTEM32\inputhost.dll
0x00007ffaa2970000 - 0x00007ffaa2c9a000 	C:\WINDOWS\SYSTEM32\CoreUIComponents.dll
0x00007ffab3d70000 - 0x00007ffab3e44000 	C:\WINDOWS\SYSTEM32\CoreMessaging.dll
0x00007ffab1660000 - 0x00007ffab1750000 	C:\WINDOWS\SYSTEM32\PROPSYS.dll
0x00007ffab26c0000 - 0x00007ffab2813000 	C:\WINDOWS\SYSTEM32\wintypes.dll
0x00007ffab5100000 - 0x00007ffab5131000 	C:\WINDOWS\SYSTEM32\ntmarta.dll
0x00007ffab8310000 - 0x00007ffab83d4000 	C:\WINDOWS\System32\OLEAUT32.dll
0x00007ffab7ac0000 - 0x00007ffab7bf6000 	C:\WINDOWS\System32\MSCTF.dll
0x00007ffab4cb0000 - 0x00007ffab4cbe000 	C:\WINDOWS\SYSTEM32\HID.DLL
0x00007ffab7ea0000 - 0x00007ffab8310000 	C:\WINDOWS\System32\SETUPAPI.DLL
0x00007ffab6fe0000 - 0x00007ffab7006000 	C:\WINDOWS\System32\bcrypt.dll
0x00007ffab7230000 - 0x00007ffab728c000 	C:\WINDOWS\System32\WINTRUST.dll
0x00007ffab6150000 - 0x00007ffab6162000 	C:\WINDOWS\System32\MSASN1.dll
0x00007ffab6ab0000 - 0x00007ffab6bf9000 	C:\WINDOWS\System32\CRYPT32.dll
0x00007ffa868b0000 - 0x00007ffa86a06000 	C:\WINDOWS\SYSTEM32\opengl32.dll
0x00007ffa87030000 - 0x00007ffa8705c000 	C:\WINDOWS\SYSTEM32\GLU32.dll
0x00007ffab4d80000 - 0x00007ffab4da0000 	C:\WINDOWS\SYSTEM32\dxcore.dll
0x00007ffa3ffb0000 - 0x00007ffa426d4000 	C:\WINDOWS\System32\DriverStore\FileRepository\nvddi.inf_amd64_40bd92f8ba25084c\nvoglv64.dll
0x00007ffab8d70000 - 0x00007ffab8ec7000 	C:\WINDOWS\System32\ole32.dll
0x00007ffab2b40000 - 0x00007ffab2b53000 	C:\WINDOWS\SYSTEM32\WTSAPI32.dll
0x00007ffa8b250000 - 0x00007ffa8b507000 	C:\WINDOWS\system32\nvspcap64.dll
0x00007ffab5170000 - 0x00007ffab51c6000 	C:\WINDOWS\SYSTEM32\WINSTA.dll
0x00007ffaafb20000 - 0x00007ffaafbbe000 	C:\WINDOWS\System32\TextInputFramework.dll
0x00007ffaac3d0000 - 0x00007ffaac676000 	C:\WINDOWS\System32\iertutil.dll
0x00007ffa87f60000 - 0x00007ffa87fb9000 	C:\Users\luukv\AppData\Local\Temp\lwjglluukv\3.2.3-build-13\lwjgl_opengl.dll
0x00007ffa4b0c0000 - 0x00007ffa4b259000 	C:\Program Files\Java\jdk-13.0.2\bin\awt.dll
0x00007ffab4320000 - 0x00007ffab43af000 	C:\WINDOWS\SYSTEM32\apphelp.dll

dbghelp: loaded successfully - version: 4.0.5 - missing functions: none
symbol engine: initialized successfully - sym options: 0x614 - pdb path: .;C:\Program Files\Java\jdk-13.0.2\bin;C:\WINDOWS\SYSTEM32;C:\WINDOWS\WinSxS\amd64_microsoft.windows.common-controls_6595b64144ccf1df_6.0.18362.836_none_e6c4b943130f18ed;C:\Program Files\Java\jdk-13.0.2\bin\server;C:\Users\luukv\AppData\Local\Temp\lwjglluukv\3.2.3-build-13;C:\WINDOWS\System32\DriverStore\FileRepository\nvddi.inf_amd64_40bd92f8ba25084c

VM Arguments:
jvm_args: -Dfile.encoding=Cp1252 
java_command: main.engine.MAIN_TEST
java_class_path (initial): E:\Informatica\Eindproject\InformaticaEindproject5V\Workspace\Eindproject\lib\lwjgl-assimp-natives-windows.jar;E:\Informatica\Eindproject\InformaticaEindproject5V\Workspace\Eindproject\lib\lwjgl-assimp.jar;E:\Informatica\Eindproject\InformaticaEindproject5V\Workspace\Eindproject\lib\lwjgl-bgfx-natives-windows.jar;E:\Informatica\Eindproject\InformaticaEindproject5V\Workspace\Eindproject\lib\lwjgl-bgfx.jar;E:\Informatica\Eindproject\InformaticaEindproject5V\Workspace\Eindproject\lib\lwjgl-glfw-natives-windows.jar;E:\Informatica\Eindproject\InformaticaEindproject5V\Workspace\Eindproject\lib\lwjgl-glfw.jar;E:\Informatica\Eindproject\InformaticaEindproject5V\Workspace\Eindproject\lib\lwjgl-nanovg-natives-windows.jar;E:\Informatica\Eindproject\InformaticaEindproject5V\Workspace\Eindproject\lib\lwjgl-nanovg.jar;E:\Informatica\Eindproject\InformaticaEindproject5V\Workspace\Eindproject\lib\lwjgl-natives-windows.jar;E:\Informatica\Eindproject\InformaticaEindproject5V\Workspace\Eindproject\lib\lwjgl-nuklear-natives-windows.jar;E:\Informatica\Eindproject\InformaticaEindproject5V\Workspace\Eindproject\lib\lwjgl-nuklear.jar;E:\Informatica\Eindproject\InformaticaEindproject5V\Workspace\Eindproject\lib\lwjgl-openal-natives-windows.jar;E:\Informatica\Eindproject\InformaticaEindproject5V\Workspace\Eindproject\lib\lwjgl-openal.jar;E:\Informatica\Eindproject\InformaticaEindproject5V\Workspace\Eindproject\lib\lwjgl-opengl-natives-windows.jar;E:\Informatica\Eindproject\InformaticaEindproject5V\Workspace\Eindproject\lib\lwjgl-opengl.jar;E:\Informatica\Eindproject\InformaticaEindproject5V\Workspace\Eindproject\lib\lwjgl-par-natives-windows.jar;E:\Informatica\Eindproject\InformaticaEindproject5V\Workspace\Eindproject\lib\lwjgl-par.jar;E:\Informatica\Eindproject\InformaticaEindproject5V\Workspace\Eindproject\lib\lwjgl-stb-natives-windows.jar;E:\Informatica\Eindproject\InformaticaEindproject5V\Workspace\Eindproject\lib\lwjgl-stb.jar;E:\Informatica\Eindproject\Info
Launcher Type: SUN_STANDARD

[Global flags]
     intx CICompilerCount                          = 4                                         {product} {ergonomic}
     uint ConcGCThreads                            = 2                                         {product} {ergonomic}
     uint G1ConcRefinementThreads                  = 8                                         {product} {ergonomic}
   size_t G1HeapRegionSize                         = 1048576                                   {product} {ergonomic}
    uintx GCDrainStackTargetSize                   = 64                                        {product} {ergonomic}
   size_t InitialHeapSize                          = 301989888                                 {product} {ergonomic}
   size_t MarkStackSize                            = 4194304                                   {product} {ergonomic}
   size_t MaxHeapSize                              = 4819255296                                {product} {ergonomic}
   size_t MaxNewSize                               = 2890924032                                {product} {ergonomic}
   size_t MinHeapDeltaBytes                        = 1048576                                   {product} {ergonomic}
   size_t MinHeapSize                              = 8388608                                   {product} {ergonomic}
    uintx NonNMethodCodeHeapSize                   = 5839372                                {pd product} {ergonomic}
    uintx NonProfiledCodeHeapSize                  = 122909434                              {pd product} {ergonomic}
    uintx ProfiledCodeHeapSize                     = 122909434                              {pd product} {ergonomic}
    uintx ReservedCodeCacheSize                    = 251658240                              {pd product} {ergonomic}
     bool SegmentedCodeCache                       = true                                      {product} {ergonomic}
   size_t SoftMaxHeapSize                          = 4819255296                             {manageable} {ergonomic}
     bool UseCompressedClassPointers               = true                                 {lp64_product} {ergonomic}
     bool UseCompressedOops                        = true                                 {lp64_product} {ergonomic}
     bool UseG1GC                                  = true                                      {product} {ergonomic}
     bool UseLargePagesIndividualAllocation        = false                                  {pd product} {ergonomic}

Logging:
Log output configuration:
 #0: stdout all=warning uptime,level,tags
 #1: stderr all=off uptime,level,tags

Environment Variables:
PATH=C:/Program Files/Java/jdk-13.0.2/bin/server;C:/Program Files/Java/jdk-13.0.2/bin;C:\Program Files\NVIDIA GPU Computing Toolkit\CUDA\v10.2\bin;C:\Program Files\NVIDIA GPU Computing Toolkit\CUDA\v10.2\libnvvp;C:\Program Files (x86)\Common Files\Oracle\Java\javapath;C:\WINDOWS\system32;C:\WINDOWS;C:\WINDOWS\System32\Wbem;C:\WINDOWS\System32\WindowsPowerShell\v1.0\;C:\WINDOWS\System32\OpenSSH\;C:\Program Files\NVIDIA Corporation\NVIDIA NvDLISR;C:\Program Files (x86)\NVIDIA Corporation\PhysX\Common;C:\Program Files\dotnet\;C:\mingw-w64\x86_64-8.1.0-posix-seh-rt_v6-rev0\mingw64\bin;C:\CMake\bin;C:\Program Files\Git\cmd;C:\Program Files\NVIDIA Corporation\Nsight Compute 2019.5.0\;C:\OpenCV\Builds\install\x64\vc16\bin;C:\Program Files\nodejs\;C:\Users\luukv\AppData\Local\Programs\Python\Python38-32\Scripts\;C:\Users\luukv\AppData\Local\Programs\Python\Python38-32\;C:\Users\luukv\AppData\Local\Microsoft\WindowsApps;C:\Users\luukv\AppData\Local\Programs\Microsoft VS Code\bin;C:\Users\luukv\AppData\Local\GitHubDesktop\bin;C:\Users\luukv\AppData\Roaming\npm;C:\WINDOWS\System32;
USERNAME=luukv
OS=Windows_NT
PROCESSOR_IDENTIFIER=Intel64 Family 6 Model 58 Stepping 9, GenuineIntel



---------------  S Y S T E M  ---------------

OS: Windows 10 , 64 bit Build 18362 (10.0.18362.778)

CPU:total 8 (initial active 8) (4 cores per cpu, 2 threads per core) family 6 model 58 stepping 9, cmov, cx8, fxsr, mmx, sse, sse2, sse3, ssse3, sse4.1, sse4.2, popcnt, avx, aes, clmul, erms, ht, tsc, tscinvbit, tscinv

Memory: 4k page, system-wide physical 18377M (9979M free)
TotalPageFile size 30153M (AvailPageFile size 17677M)
current process WorkingSet (physical memory assigned to process): 165M, peak: 165M
current process commit charge ("private bytes"): 470M, peak: 471M

vm_info: Java HotSpot(TM) 64-Bit Server VM (13.0.2+8) for windows-amd64 JRE (13.0.2+8), built on Dec 11 2019 09:20:33 by "mach5one" with unknown MS VC++:1916

END.
