#
# A fatal error has been detected by the Java Runtime Environment:
#
#  EXCEPTION_ACCESS_VIOLATION (0xc0000005) at pc=0x00007ff90b68f390, pid=2980, tid=7328
#
# JRE version: Java(TM) SE Runtime Environment (13.0.2+8) (build 13.0.2+8)
# Java VM: Java HotSpot(TM) 64-Bit Server VM (13.0.2+8, mixed mode, sharing, tiered, compressed oops, g1 gc, windows-amd64)
# Problematic frame:
# C  [nvoglv64.dll+0xf9f390]
#
# No core dump will be written. Minidumps are not enabled by default on client versions of Windows
#
# If you would like to submit a bug report, please visit:
#   http://bugreport.java.com/bugreport/crash.jsp
# The crash happened outside the Java Virtual Machine in native code.
# See problematic frame for where to report the bug.
#

---------------  S U M M A R Y ------------

Command Line: -Dfile.encoding=Cp1252 main.engine.MAIN_TEST

Host: Intel(R) Core(TM) i7-3770 CPU @ 3.40GHz, 8 cores, 7G,  Windows 10 , 64 bit Build 18362 (10.0.18362.329)
Time: Fri Mar 13 12:00:02 2020 W. Europe Standard Time elapsed time: 0 seconds (0d 0h 0m 0s)

---------------  T H R E A D  ---------------

Current thread (0x0000024a66e66800):  JavaThread "main" [_thread_in_native, id=7328, stack(0x000000da64700000,0x000000da64800000)]

Stack: [0x000000da64700000,0x000000da64800000],  sp=0x000000da647ff018,  free space=1020k
Native frames: (J=compiled Java code, j=interpreted, Vv=VM code, C=native code)
C  [nvoglv64.dll+0xf9f390]

Java frames: (J=compiled Java code, j=interpreted, Vv=VM code)
j  org.lwjgl.opengl.GL11C.nglDrawElements(IIIJ)V+0
j  org.lwjgl.opengl.GL11C.glDrawElements(IIIJ)V+4
j  org.lwjgl.opengl.GL11.glDrawElements(IIIJ)V+4
j  main.engine.renderer.graphics.renderer.renderMesh(Lmain/engine/renderer/graphics/Mesh;)V+36
j  main.engine.MAIN_TEST.main([Ljava/lang/String;)V+68
v  ~StubRoutines::call_stub

siginfo: EXCEPTION_ACCESS_VIOLATION (0xc0000005), reading address 0x0000000000000000


Register to memory mapping:

RIP=0x00007ff90b68f390 nvoglv64.dll
RAX=0x0000000000022006 is an unknown value
RBX=0x0000024a06f514ec points into unknown readable memory: 06 20 02 00
RCX=0x0000024a06f51508 points into unknown readable memory: 00 00 00 00 00 00 00 00
RDX=0x0 is NULL
RSP=0x000000da647ff018 is pointing into the stack for thread: 0x0000024a66e66800
RBP=0x0000000000000044 is an unknown value
RSI=0x0000000000000006 is an unknown value
RDI=0x0000024a081c9080 points into unknown readable memory: 00 00 00 00 00 00 00 00
R8 =0x0000000000000018 is an unknown value
R9 =0x0000024a06f514ec points into unknown readable memory: 06 20 02 00
R10=0x0 is NULL
R11=0x0000024a06f51508 points into unknown readable memory: 00 00 00 00 00 00 00 00
R12=0x0000000000000004 is an unknown value
R13=0x0000000000001405 is an unknown value
R14=0x0 is NULL
R15=0x0000024a66e66800 is a thread


Registers:
RAX=0x0000000000022006, RBX=0x0000024a06f514ec, RCX=0x0000024a06f51508, RDX=0x0000000000000000
RSP=0x000000da647ff018, RBP=0x0000000000000044, RSI=0x0000000000000006, RDI=0x0000024a081c9080
R8 =0x0000000000000018, R9 =0x0000024a06f514ec, R10=0x0000000000000000, R11=0x0000024a06f51508
R12=0x0000000000000004, R13=0x0000000000001405, R14=0x0000000000000000, R15=0x0000024a66e66800
RIP=0x00007ff90b68f390, EFLAGS=0x0000000000010283

Top of Stack: (sp=0x000000da647ff018)
0x000000da647ff018:   00007ff90ada87cc 0000024a66e66800
0x000000da647ff028:   000000da647ff188 000000da647ff148
0x000000da647ff038:   00007ff91b5c9177 000000da647ff060
0x000000da647ff048:   0000024a64c33740 00000000014caabd
0x000000da647ff058:   0000024a6f3bfd56 0000024a0fa854e0
0x000000da647ff068:   0000024a66e66800 0000024a6f36a273
0x000000da647ff078:   0000024a6f36f2c0 000000da647ff188
0x000000da647ff088:   0000024a0fa854e0 0000000000000000
0x000000da647ff098:   0000024a6f36a273 0000000000000148
0x000000da647ff0a8:   0000024a6f36f477 000000da647ff148
0x000000da647ff0b8:   00007ff900000018 0000024a66e66800
0x000000da647ff0c8:   0000024a0fa854e0 0000024a00001405
0x000000da647ff0d8:   0000000000000000 0000024a66e66800
0x000000da647ff0e8:   00007ff91b82a74f 3ff0000000000000
0x000000da647ff0f8:   0000024a6f36f116 000000da647ff100
0x000000da647ff108:   0000024a0fa854e0 000000da647ff188 

Instructions: (pc=0x00007ff90b68f390)
0x00007ff90b68f290:   48 8b 01 48 3b 04 11 75 5b 48 8b 41 08 48 3b 44
0x00007ff90b68f2a0:   11 08 75 4c 48 8b 41 10 48 3b 44 11 10 75 3d 48
0x00007ff90b68f2b0:   8b 41 18 48 3b 44 11 18 75 2e 48 83 c1 20 49 ff
0x00007ff90b68f2c0:   c9 75 cd 49 83 e0 1f 4d 8b c8 49 c1 e9 03 74 9b
0x00007ff90b68f2d0:   48 8b 01 48 3b 04 11 75 1b 48 83 c1 08 49 ff c9
0x00007ff90b68f2e0:   75 ee 49 83 e0 07 eb 83 48 83 c1 08 48 83 c1 08
0x00007ff90b68f2f0:   48 83 c1 08 48 8b 0c 0a 48 0f c8 48 0f c9 48 3b
0x00007ff90b68f300:   c1 1b c0 83 d8 ff c3 cc cc cc cc cc cc cc cc cc
0x00007ff90b68f310:   cc cc cc cc cc cc 66 66 0f 1f 84 00 00 00 00 00
0x00007ff90b68f320:   57 56 49 8b c3 48 8b f9 49 8b c8 49 8b f2 f3 a4
0x00007ff90b68f330:   5e 5f c3 cc cc cc cc cc cc 0f 1f 80 00 00 00 00
0x00007ff90b68f340:   4c 8b d9 4c 8b d2 49 83 f8 10 76 64 49 83 f8 20
0x00007ff90b68f350:   76 3e 48 2b d1 73 0d 4b 8d 04 10 48 3b c8 0f 82
0x00007ff90b68f360:   3c 03 00 00 49 81 f8 80 00 00 00 0f 86 5f 02 00
0x00007ff90b68f370:   00 0f ba 25 97 cb 5a 01 01 0f 83 a1 01 00 00 eb
0x00007ff90b68f380:   9f 66 66 66 66 66 66 66 0f 1f 84 00 00 00 00 00
0x00007ff90b68f390:   0f 10 02 42 0f 10 4c 02 f0 0f 11 01 42 0f 11 4c
0x00007ff90b68f3a0:   01 f0 48 8b c1 c3 66 66 0f 1f 84 00 00 00 00 00
0x00007ff90b68f3b0:   48 8b c1 4c 8d 0d 46 0c 06 ff 43 8b 8c 81 c7 f3
0x00007ff90b68f3c0:   f9 00 49 03 c9 ff e1 10 f4 f9 00 2f f4 f9 00 11
0x00007ff90b68f3d0:   f4 f9 00 1f f4 f9 00 58 f4 f9 00 60 f4 f9 00 70
0x00007ff90b68f3e0:   f4 f9 00 80 f4 f9 00 18 f4 f9 00 b0 f4 f9 00 c0
0x00007ff90b68f3f0:   f4 f9 00 40 f4 f9 00 d0 f4 f9 00 98 f4 f9 00 e0
0x00007ff90b68f400:   f4 f9 00 00 f5 f9 00 35 f4 f9 00 0f 1f 44 00 00
0x00007ff90b68f410:   c3 0f b7 0a 66 89 08 c3 48 8b 0a 48 89 08 c3 0f
0x00007ff90b68f420:   b7 0a 44 0f b6 42 02 66 89 08 44 88 40 02 c3 0f
0x00007ff90b68f430:   b6 0a 88 08 c3 f3 0f 6f 02 f3 0f 7f 00 c3 66 90
0x00007ff90b68f440:   4c 8b 02 0f b7 4a 08 44 0f b6 4a 0a 4c 89 00 66
0x00007ff90b68f450:   89 48 08 44 88 48 0a c3 8b 0a 89 08 c3 0f 1f 00
0x00007ff90b68f460:   8b 0a 44 0f b6 42 04 89 08 44 88 40 04 c3 66 90
0x00007ff90b68f470:   8b 0a 44 0f b7 42 04 89 08 66 44 89 40 04 c3 90
0x00007ff90b68f480:   8b 0a 44 0f b7 42 04 44 0f b6 4a 06 89 08 66 44 


Stack slot to memory mapping:
stack at sp + 0 slots: 0x00007ff90ada87cc nvoglv64.dll
stack at sp + 1 slots: 0x0000024a66e66800 is a thread
stack at sp + 2 slots: 0x000000da647ff188 is pointing into the stack for thread: 0x0000024a66e66800
stack at sp + 3 slots: 0x000000da647ff148 is pointing into the stack for thread: 0x0000024a66e66800
stack at sp + 4 slots: 0x00007ff91b5c9177 jvm.dll
stack at sp + 5 slots: 0x000000da647ff060 is pointing into the stack for thread: 0x0000024a66e66800
stack at sp + 6 slots: 0x0000024a64c33740 points into unknown readable memory: 02 00 00 00 72 6f 67 72
stack at sp + 7 slots: 0x00000000014caabd is an unknown value


---------------  P R O C E S S  ---------------

Threads class SMR info:
_java_thread_list=0x0000024a0eadea00, length=11, elements={
0x0000024a66e66800, 0x0000024a7fe70800, 0x0000024a7fe86000, 0x0000024a7fe9c800,
0x0000024a7fea0000, 0x0000024a7fea2000, 0x0000024a7feb6000, 0x0000024a067c9000,
0x0000024a068eb000, 0x0000024a06908800, 0x0000024a7feb4000
}

Java Threads: ( => current thread )
=>0x0000024a66e66800 JavaThread "main" [_thread_in_native, id=7328, stack(0x000000da64700000,0x000000da64800000)]
  0x0000024a7fe70800 JavaThread "Reference Handler" daemon [_thread_blocked, id=9440, stack(0x000000da64e00000,0x000000da64f00000)]
  0x0000024a7fe86000 JavaThread "Finalizer" daemon [_thread_blocked, id=11068, stack(0x000000da64f00000,0x000000da65000000)]
  0x0000024a7fe9c800 JavaThread "Signal Dispatcher" daemon [_thread_blocked, id=7800, stack(0x000000da65000000,0x000000da65100000)]
  0x0000024a7fea0000 JavaThread "Attach Listener" daemon [_thread_blocked, id=5088, stack(0x000000da65100000,0x000000da65200000)]
  0x0000024a7fea2000 JavaThread "C2 CompilerThread0" daemon [_thread_blocked, id=14324, stack(0x000000da65200000,0x000000da65300000)]
  0x0000024a7feb6000 JavaThread "C1 CompilerThread0" daemon [_thread_blocked, id=13720, stack(0x000000da65300000,0x000000da65400000)]
  0x0000024a067c9000 JavaThread "Sweeper thread" daemon [_thread_blocked, id=9828, stack(0x000000da65400000,0x000000da65500000)]
  0x0000024a068eb000 JavaThread "Service Thread" daemon [_thread_blocked, id=7532, stack(0x000000da65500000,0x000000da65600000)]
  0x0000024a06908800 JavaThread "Common-Cleaner" daemon [_thread_blocked, id=15024, stack(0x000000da65700000,0x000000da65800000)]
  0x0000024a7feb4000 JavaThread "C2 CompilerThread1" daemon [_thread_blocked, id=7128, stack(0x000000da65f00000,0x000000da66000000)]

Other Threads:
  0x0000024a7fe6f000 VMThread "VM Thread" [stack: 0x000000da64d00000,0x000000da64e00000] [id=12584]
  0x0000024a068f0000 WatcherThread [stack: 0x000000da65600000,0x000000da65700000] [id=12892]
  0x0000024a66ea8000 GCTaskThread "GC Thread#0" [stack: 0x000000da64800000,0x000000da64900000] [id=16112]
  0x0000024a66ebc000 ConcurrentGCThread "G1 Main Marker" [stack: 0x000000da64900000,0x000000da64a00000] [id=8848]
  0x0000024a66ebe000 ConcurrentGCThread "G1 Conc#0" [stack: 0x000000da64a00000,0x000000da64b00000] [id=12312]
  0x0000024a66f2d800 ConcurrentGCThread "G1 Refine#0" [stack: 0x000000da64b00000,0x000000da64c00000] [id=6612]
  0x0000024a7fcef800 ConcurrentGCThread "G1 Young RemSet Sampling" [stack: 0x000000da64c00000,0x000000da64d00000] [id=504]

Threads with active compile tasks:

VM state:not at safepoint (normal execution)

VM Mutex/Monitor currently owned by a thread: None

Heap address: 0x0000000080c00000, size: 2036 MB, Compressed Oops mode: 32-bit
Narrow klass base: 0x0000000800000000, Narrow klass shift: 3
Compressed class space size: 1073741824 Address: 0x0000000800b40000

Heap:
 garbage-first heap   total 131072K, used 22528K [0x0000000080c00000, 0x0000000100000000)
  region size 1024K, 24 young (24576K), 0 survivors (0K)
 Metaspace       used 5690K, capacity 8865K, committed 9088K, reserved 1058816K
  class space    used 274K, capacity 596K, committed 640K, reserved 1048576K
Heap Regions: E=young(eden), S=young(survivor), O=old, HS=humongous(starts), HC=humongous(continues), CS=collection set, F=free, A=archive, TAMS=top-at-mark-start (previous, next)
|   0|0x0000000080c00000, 0x0000000080c00000, 0x0000000080d00000|  0%| F|  |TAMS 0x0000000080c00000, 0x0000000080c00000| Untracked 
|   1|0x0000000080d00000, 0x0000000080d00000, 0x0000000080e00000|  0%| F|  |TAMS 0x0000000080d00000, 0x0000000080d00000| Untracked 
|   2|0x0000000080e00000, 0x0000000080e00000, 0x0000000080f00000|  0%| F|  |TAMS 0x0000000080e00000, 0x0000000080e00000| Untracked 
|   3|0x0000000080f00000, 0x0000000080f00000, 0x0000000081000000|  0%| F|  |TAMS 0x0000000080f00000, 0x0000000080f00000| Untracked 
|   4|0x0000000081000000, 0x0000000081000000, 0x0000000081100000|  0%| F|  |TAMS 0x0000000081000000, 0x0000000081000000| Untracked 
|   5|0x0000000081100000, 0x0000000081100000, 0x0000000081200000|  0%| F|  |TAMS 0x0000000081100000, 0x0000000081100000| Untracked 
|   6|0x0000000081200000, 0x0000000081200000, 0x0000000081300000|  0%| F|  |TAMS 0x0000000081200000, 0x0000000081200000| Untracked 
|   7|0x0000000081300000, 0x0000000081300000, 0x0000000081400000|  0%| F|  |TAMS 0x0000000081300000, 0x0000000081300000| Untracked 
|   8|0x0000000081400000, 0x0000000081400000, 0x0000000081500000|  0%| F|  |TAMS 0x0000000081400000, 0x0000000081400000| Untracked 
|   9|0x0000000081500000, 0x0000000081500000, 0x0000000081600000|  0%| F|  |TAMS 0x0000000081500000, 0x0000000081500000| Untracked 
|  10|0x0000000081600000, 0x0000000081600000, 0x0000000081700000|  0%| F|  |TAMS 0x0000000081600000, 0x0000000081600000| Untracked 
|  11|0x0000000081700000, 0x0000000081700000, 0x0000000081800000|  0%| F|  |TAMS 0x0000000081700000, 0x0000000081700000| Untracked 
|  12|0x0000000081800000, 0x0000000081800000, 0x0000000081900000|  0%| F|  |TAMS 0x0000000081800000, 0x0000000081800000| Untracked 
|  13|0x0000000081900000, 0x0000000081900000, 0x0000000081a00000|  0%| F|  |TAMS 0x0000000081900000, 0x0000000081900000| Untracked 
|  14|0x0000000081a00000, 0x0000000081a00000, 0x0000000081b00000|  0%| F|  |TAMS 0x0000000081a00000, 0x0000000081a00000| Untracked 
|  15|0x0000000081b00000, 0x0000000081b00000, 0x0000000081c00000|  0%| F|  |TAMS 0x0000000081b00000, 0x0000000081b00000| Untracked 
|  16|0x0000000081c00000, 0x0000000081c00000, 0x0000000081d00000|  0%| F|  |TAMS 0x0000000081c00000, 0x0000000081c00000| Untracked 
|  17|0x0000000081d00000, 0x0000000081d00000, 0x0000000081e00000|  0%| F|  |TAMS 0x0000000081d00000, 0x0000000081d00000| Untracked 
|  18|0x0000000081e00000, 0x0000000081e00000, 0x0000000081f00000|  0%| F|  |TAMS 0x0000000081e00000, 0x0000000081e00000| Untracked 
|  19|0x0000000081f00000, 0x0000000081f00000, 0x0000000082000000|  0%| F|  |TAMS 0x0000000081f00000, 0x0000000081f00000| Untracked 
|  20|0x0000000082000000, 0x0000000082000000, 0x0000000082100000|  0%| F|  |TAMS 0x0000000082000000, 0x0000000082000000| Untracked 
|  21|0x0000000082100000, 0x0000000082100000, 0x0000000082200000|  0%| F|  |TAMS 0x0000000082100000, 0x0000000082100000| Untracked 
|  22|0x0000000082200000, 0x0000000082200000, 0x0000000082300000|  0%| F|  |TAMS 0x0000000082200000, 0x0000000082200000| Untracked 
|  23|0x0000000082300000, 0x0000000082300000, 0x0000000082400000|  0%| F|  |TAMS 0x0000000082300000, 0x0000000082300000| Untracked 
|  24|0x0000000082400000, 0x0000000082400000, 0x0000000082500000|  0%| F|  |TAMS 0x0000000082400000, 0x0000000082400000| Untracked 
|  25|0x0000000082500000, 0x0000000082500000, 0x0000000082600000|  0%| F|  |TAMS 0x0000000082500000, 0x0000000082500000| Untracked 
|  26|0x0000000082600000, 0x0000000082600000, 0x0000000082700000|  0%| F|  |TAMS 0x0000000082600000, 0x0000000082600000| Untracked 
|  27|0x0000000082700000, 0x0000000082700000, 0x0000000082800000|  0%| F|  |TAMS 0x0000000082700000, 0x0000000082700000| Untracked 
|  28|0x0000000082800000, 0x0000000082800000, 0x0000000082900000|  0%| F|  |TAMS 0x0000000082800000, 0x0000000082800000| Untracked 
|  29|0x0000000082900000, 0x0000000082900000, 0x0000000082a00000|  0%| F|  |TAMS 0x0000000082900000, 0x0000000082900000| Untracked 
|  30|0x0000000082a00000, 0x0000000082a00000, 0x0000000082b00000|  0%| F|  |TAMS 0x0000000082a00000, 0x0000000082a00000| Untracked 
|  31|0x0000000082b00000, 0x0000000082b00000, 0x0000000082c00000|  0%| F|  |TAMS 0x0000000082b00000, 0x0000000082b00000| Untracked 
|  32|0x0000000082c00000, 0x0000000082c00000, 0x0000000082d00000|  0%| F|  |TAMS 0x0000000082c00000, 0x0000000082c00000| Untracked 
|  33|0x0000000082d00000, 0x0000000082d00000, 0x0000000082e00000|  0%| F|  |TAMS 0x0000000082d00000, 0x0000000082d00000| Untracked 
|  34|0x0000000082e00000, 0x0000000082e00000, 0x0000000082f00000|  0%| F|  |TAMS 0x0000000082e00000, 0x0000000082e00000| Untracked 
|  35|0x0000000082f00000, 0x0000000082f00000, 0x0000000083000000|  0%| F|  |TAMS 0x0000000082f00000, 0x0000000082f00000| Untracked 
|  36|0x0000000083000000, 0x0000000083000000, 0x0000000083100000|  0%| F|  |TAMS 0x0000000083000000, 0x0000000083000000| Untracked 
|  37|0x0000000083100000, 0x0000000083100000, 0x0000000083200000|  0%| F|  |TAMS 0x0000000083100000, 0x0000000083100000| Untracked 
|  38|0x0000000083200000, 0x0000000083200000, 0x0000000083300000|  0%| F|  |TAMS 0x0000000083200000, 0x0000000083200000| Untracked 
|  39|0x0000000083300000, 0x0000000083300000, 0x0000000083400000|  0%| F|  |TAMS 0x0000000083300000, 0x0000000083300000| Untracked 
|  40|0x0000000083400000, 0x0000000083400000, 0x0000000083500000|  0%| F|  |TAMS 0x0000000083400000, 0x0000000083400000| Untracked 
|  41|0x0000000083500000, 0x0000000083500000, 0x0000000083600000|  0%| F|  |TAMS 0x0000000083500000, 0x0000000083500000| Untracked 
|  42|0x0000000083600000, 0x0000000083600000, 0x0000000083700000|  0%| F|  |TAMS 0x0000000083600000, 0x0000000083600000| Untracked 
|  43|0x0000000083700000, 0x0000000083700000, 0x0000000083800000|  0%| F|  |TAMS 0x0000000083700000, 0x0000000083700000| Untracked 
|  44|0x0000000083800000, 0x0000000083800000, 0x0000000083900000|  0%| F|  |TAMS 0x0000000083800000, 0x0000000083800000| Untracked 
|  45|0x0000000083900000, 0x0000000083900000, 0x0000000083a00000|  0%| F|  |TAMS 0x0000000083900000, 0x0000000083900000| Untracked 
|  46|0x0000000083a00000, 0x0000000083a00000, 0x0000000083b00000|  0%| F|  |TAMS 0x0000000083a00000, 0x0000000083a00000| Untracked 
|  47|0x0000000083b00000, 0x0000000083b00000, 0x0000000083c00000|  0%| F|  |TAMS 0x0000000083b00000, 0x0000000083b00000| Untracked 
|  48|0x0000000083c00000, 0x0000000083c00000, 0x0000000083d00000|  0%| F|  |TAMS 0x0000000083c00000, 0x0000000083c00000| Untracked 
|  49|0x0000000083d00000, 0x0000000083d00000, 0x0000000083e00000|  0%| F|  |TAMS 0x0000000083d00000, 0x0000000083d00000| Untracked 
|  50|0x0000000083e00000, 0x0000000083e00000, 0x0000000083f00000|  0%| F|  |TAMS 0x0000000083e00000, 0x0000000083e00000| Untracked 
|  51|0x0000000083f00000, 0x0000000083f00000, 0x0000000084000000|  0%| F|  |TAMS 0x0000000083f00000, 0x0000000083f00000| Untracked 
|  52|0x0000000084000000, 0x0000000084000000, 0x0000000084100000|  0%| F|  |TAMS 0x0000000084000000, 0x0000000084000000| Untracked 
|  53|0x0000000084100000, 0x0000000084100000, 0x0000000084200000|  0%| F|  |TAMS 0x0000000084100000, 0x0000000084100000| Untracked 
|  54|0x0000000084200000, 0x0000000084200000, 0x0000000084300000|  0%| F|  |TAMS 0x0000000084200000, 0x0000000084200000| Untracked 
|  55|0x0000000084300000, 0x0000000084300000, 0x0000000084400000|  0%| F|  |TAMS 0x0000000084300000, 0x0000000084300000| Untracked 
|  56|0x0000000084400000, 0x0000000084400000, 0x0000000084500000|  0%| F|  |TAMS 0x0000000084400000, 0x0000000084400000| Untracked 
|  57|0x0000000084500000, 0x0000000084500000, 0x0000000084600000|  0%| F|  |TAMS 0x0000000084500000, 0x0000000084500000| Untracked 
|  58|0x0000000084600000, 0x0000000084600000, 0x0000000084700000|  0%| F|  |TAMS 0x0000000084600000, 0x0000000084600000| Untracked 
|  59|0x0000000084700000, 0x0000000084700000, 0x0000000084800000|  0%| F|  |TAMS 0x0000000084700000, 0x0000000084700000| Untracked 
|  60|0x0000000084800000, 0x0000000084800000, 0x0000000084900000|  0%| F|  |TAMS 0x0000000084800000, 0x0000000084800000| Untracked 
|  61|0x0000000084900000, 0x0000000084900000, 0x0000000084a00000|  0%| F|  |TAMS 0x0000000084900000, 0x0000000084900000| Untracked 
|  62|0x0000000084a00000, 0x0000000084a00000, 0x0000000084b00000|  0%| F|  |TAMS 0x0000000084a00000, 0x0000000084a00000| Untracked 
|  63|0x0000000084b00000, 0x0000000084b00000, 0x0000000084c00000|  0%| F|  |TAMS 0x0000000084b00000, 0x0000000084b00000| Untracked 
|  64|0x0000000084c00000, 0x0000000084c00000, 0x0000000084d00000|  0%| F|  |TAMS 0x0000000084c00000, 0x0000000084c00000| Untracked 
|  65|0x0000000084d00000, 0x0000000084d00000, 0x0000000084e00000|  0%| F|  |TAMS 0x0000000084d00000, 0x0000000084d00000| Untracked 
|  66|0x0000000084e00000, 0x0000000084e00000, 0x0000000084f00000|  0%| F|  |TAMS 0x0000000084e00000, 0x0000000084e00000| Untracked 
|  67|0x0000000084f00000, 0x0000000084f00000, 0x0000000085000000|  0%| F|  |TAMS 0x0000000084f00000, 0x0000000084f00000| Untracked 
|  68|0x0000000085000000, 0x0000000085000000, 0x0000000085100000|  0%| F|  |TAMS 0x0000000085000000, 0x0000000085000000| Untracked 
|  69|0x0000000085100000, 0x0000000085100000, 0x0000000085200000|  0%| F|  |TAMS 0x0000000085100000, 0x0000000085100000| Untracked 
|  70|0x0000000085200000, 0x0000000085200000, 0x0000000085300000|  0%| F|  |TAMS 0x0000000085200000, 0x0000000085200000| Untracked 
|  71|0x0000000085300000, 0x0000000085300000, 0x0000000085400000|  0%| F|  |TAMS 0x0000000085300000, 0x0000000085300000| Untracked 
|  72|0x0000000085400000, 0x0000000085400000, 0x0000000085500000|  0%| F|  |TAMS 0x0000000085400000, 0x0000000085400000| Untracked 
|  73|0x0000000085500000, 0x0000000085500000, 0x0000000085600000|  0%| F|  |TAMS 0x0000000085500000, 0x0000000085500000| Untracked 
|  74|0x0000000085600000, 0x0000000085600000, 0x0000000085700000|  0%| F|  |TAMS 0x0000000085600000, 0x0000000085600000| Untracked 
|  75|0x0000000085700000, 0x0000000085700000, 0x0000000085800000|  0%| F|  |TAMS 0x0000000085700000, 0x0000000085700000| Untracked 
|  76|0x0000000085800000, 0x0000000085800000, 0x0000000085900000|  0%| F|  |TAMS 0x0000000085800000, 0x0000000085800000| Untracked 
|  77|0x0000000085900000, 0x0000000085900000, 0x0000000085a00000|  0%| F|  |TAMS 0x0000000085900000, 0x0000000085900000| Untracked 
|  78|0x0000000085a00000, 0x0000000085a00000, 0x0000000085b00000|  0%| F|  |TAMS 0x0000000085a00000, 0x0000000085a00000| Untracked 
|  79|0x0000000085b00000, 0x0000000085b00000, 0x0000000085c00000|  0%| F|  |TAMS 0x0000000085b00000, 0x0000000085b00000| Untracked 
|  80|0x0000000085c00000, 0x0000000085c00000, 0x0000000085d00000|  0%| F|  |TAMS 0x0000000085c00000, 0x0000000085c00000| Untracked 
|  81|0x0000000085d00000, 0x0000000085d00000, 0x0000000085e00000|  0%| F|  |TAMS 0x0000000085d00000, 0x0000000085d00000| Untracked 
|  82|0x0000000085e00000, 0x0000000085e00000, 0x0000000085f00000|  0%| F|  |TAMS 0x0000000085e00000, 0x0000000085e00000| Untracked 
|  83|0x0000000085f00000, 0x0000000085f00000, 0x0000000086000000|  0%| F|  |TAMS 0x0000000085f00000, 0x0000000085f00000| Untracked 
|  84|0x0000000086000000, 0x0000000086000000, 0x0000000086100000|  0%| F|  |TAMS 0x0000000086000000, 0x0000000086000000| Untracked 
|  85|0x0000000086100000, 0x0000000086100000, 0x0000000086200000|  0%| F|  |TAMS 0x0000000086100000, 0x0000000086100000| Untracked 
|  86|0x0000000086200000, 0x0000000086200000, 0x0000000086300000|  0%| F|  |TAMS 0x0000000086200000, 0x0000000086200000| Untracked 
|  87|0x0000000086300000, 0x0000000086300000, 0x0000000086400000|  0%| F|  |TAMS 0x0000000086300000, 0x0000000086300000| Untracked 
|  88|0x0000000086400000, 0x0000000086400000, 0x0000000086500000|  0%| F|  |TAMS 0x0000000086400000, 0x0000000086400000| Untracked 
|  89|0x0000000086500000, 0x0000000086500000, 0x0000000086600000|  0%| F|  |TAMS 0x0000000086500000, 0x0000000086500000| Untracked 
|  90|0x0000000086600000, 0x0000000086600000, 0x0000000086700000|  0%| F|  |TAMS 0x0000000086600000, 0x0000000086600000| Untracked 
|  91|0x0000000086700000, 0x0000000086700000, 0x0000000086800000|  0%| F|  |TAMS 0x0000000086700000, 0x0000000086700000| Untracked 
|  92|0x0000000086800000, 0x0000000086800000, 0x0000000086900000|  0%| F|  |TAMS 0x0000000086800000, 0x0000000086800000| Untracked 
|  93|0x0000000086900000, 0x0000000086900000, 0x0000000086a00000|  0%| F|  |TAMS 0x0000000086900000, 0x0000000086900000| Untracked 
|  94|0x0000000086a00000, 0x0000000086a00000, 0x0000000086b00000|  0%| F|  |TAMS 0x0000000086a00000, 0x0000000086a00000| Untracked 
|  95|0x0000000086b00000, 0x0000000086b00000, 0x0000000086c00000|  0%| F|  |TAMS 0x0000000086b00000, 0x0000000086b00000| Untracked 
|  96|0x0000000086c00000, 0x0000000086c00000, 0x0000000086d00000|  0%| F|  |TAMS 0x0000000086c00000, 0x0000000086c00000| Untracked 
|  97|0x0000000086d00000, 0x0000000086d00000, 0x0000000086e00000|  0%| F|  |TAMS 0x0000000086d00000, 0x0000000086d00000| Untracked 
|  98|0x0000000086e00000, 0x0000000086e00000, 0x0000000086f00000|  0%| F|  |TAMS 0x0000000086e00000, 0x0000000086e00000| Untracked 
|  99|0x0000000086f00000, 0x0000000086f00000, 0x0000000087000000|  0%| F|  |TAMS 0x0000000086f00000, 0x0000000086f00000| Untracked 
| 100|0x0000000087000000, 0x0000000087000000, 0x0000000087100000|  0%| F|  |TAMS 0x0000000087000000, 0x0000000087000000| Untracked 
| 101|0x0000000087100000, 0x0000000087100000, 0x0000000087200000|  0%| F|  |TAMS 0x0000000087100000, 0x0000000087100000| Untracked 
| 102|0x0000000087200000, 0x0000000087200000, 0x0000000087300000|  0%| F|  |TAMS 0x0000000087200000, 0x0000000087200000| Untracked 
| 103|0x0000000087300000, 0x0000000087300000, 0x0000000087400000|  0%| F|  |TAMS 0x0000000087300000, 0x0000000087300000| Untracked 
| 104|0x0000000087400000, 0x000000008747b620, 0x0000000087500000| 48%| E|  |TAMS 0x0000000087400000, 0x0000000087400000| Complete 
| 105|0x0000000087500000, 0x0000000087600000, 0x0000000087600000|100%| E|CS|TAMS 0x0000000087500000, 0x0000000087500000| Complete 
| 106|0x0000000087600000, 0x0000000087700000, 0x0000000087700000|100%| E|CS|TAMS 0x0000000087600000, 0x0000000087600000| Complete 
| 107|0x0000000087700000, 0x0000000087800000, 0x0000000087800000|100%| E|CS|TAMS 0x0000000087700000, 0x0000000087700000| Complete 
| 108|0x0000000087800000, 0x0000000087900000, 0x0000000087900000|100%| E|CS|TAMS 0x0000000087800000, 0x0000000087800000| Complete 
| 109|0x0000000087900000, 0x0000000087a00000, 0x0000000087a00000|100%| E|CS|TAMS 0x0000000087900000, 0x0000000087900000| Complete 
| 110|0x0000000087a00000, 0x0000000087b00000, 0x0000000087b00000|100%| E|  |TAMS 0x0000000087a00000, 0x0000000087a00000| Complete 
| 111|0x0000000087b00000, 0x0000000087c00000, 0x0000000087c00000|100%| E|CS|TAMS 0x0000000087b00000, 0x0000000087b00000| Complete 
| 112|0x0000000087c00000, 0x0000000087d00000, 0x0000000087d00000|100%| E|CS|TAMS 0x0000000087c00000, 0x0000000087c00000| Complete 
| 113|0x0000000087d00000, 0x0000000087e00000, 0x0000000087e00000|100%| E|CS|TAMS 0x0000000087d00000, 0x0000000087d00000| Complete 
| 114|0x0000000087e00000, 0x0000000087f00000, 0x0000000087f00000|100%| E|CS|TAMS 0x0000000087e00000, 0x0000000087e00000| Complete 
| 115|0x0000000087f00000, 0x0000000088000000, 0x0000000088000000|100%| E|CS|TAMS 0x0000000087f00000, 0x0000000087f00000| Complete 
| 116|0x0000000088000000, 0x0000000088100000, 0x0000000088100000|100%| E|CS|TAMS 0x0000000088000000, 0x0000000088000000| Complete 
| 117|0x0000000088100000, 0x0000000088200000, 0x0000000088200000|100%| E|CS|TAMS 0x0000000088100000, 0x0000000088100000| Complete 
| 118|0x0000000088200000, 0x0000000088300000, 0x0000000088300000|100%| E|CS|TAMS 0x0000000088200000, 0x0000000088200000| Complete 
| 119|0x0000000088300000, 0x0000000088400000, 0x0000000088400000|100%| E|CS|TAMS 0x0000000088300000, 0x0000000088300000| Complete 
| 120|0x0000000088400000, 0x0000000088500000, 0x0000000088500000|100%| E|CS|TAMS 0x0000000088400000, 0x0000000088400000| Complete 
| 121|0x0000000088500000, 0x0000000088600000, 0x0000000088600000|100%| E|CS|TAMS 0x0000000088500000, 0x0000000088500000| Complete 
| 122|0x0000000088600000, 0x0000000088700000, 0x0000000088700000|100%| E|CS|TAMS 0x0000000088600000, 0x0000000088600000| Complete 
| 123|0x0000000088700000, 0x0000000088800000, 0x0000000088800000|100%| E|CS|TAMS 0x0000000088700000, 0x0000000088700000| Complete 
| 124|0x0000000088800000, 0x0000000088900000, 0x0000000088900000|100%| E|CS|TAMS 0x0000000088800000, 0x0000000088800000| Complete 
| 125|0x0000000088900000, 0x0000000088a00000, 0x0000000088a00000|100%| E|CS|TAMS 0x0000000088900000, 0x0000000088900000| Complete 
| 126|0x0000000088a00000, 0x0000000088b00000, 0x0000000088b00000|100%| E|CS|TAMS 0x0000000088a00000, 0x0000000088a00000| Complete 
| 127|0x0000000088b00000, 0x0000000088c00000, 0x0000000088c00000|100%| E|CS|TAMS 0x0000000088b00000, 0x0000000088b00000| Complete 

Card table byte_map: [0x0000024a7eba0000,0x0000024a7efa0000] _byte_map_base: 0x0000024a7e79a000

Marking Bits (Prev, Next): (CMBitMap*) 0x0000024a66ea8e78, (CMBitMap*) 0x0000024a66ea8eb8
 Prev Bits: [0x0000024a00000000, 0x0000024a01fd0000)
 Next Bits: [0x0000024a01fd0000, 0x0000024a03fa0000)

Polling page: 0x0000024a66630000

Metaspace:

Usage:
  Non-class:      8.08 MB capacity,     5.29 MB ( 65%) used,     2.78 MB ( 34%) free+waste,     8.50 KB ( <1%) overhead. 
      Class:    596.00 KB capacity,   274.15 KB ( 46%) used,   318.54 KB ( 53%) free+waste,     3.31 KB ( <1%) overhead. 
       Both:      8.66 MB capacity,     5.56 MB ( 64%) used,     3.09 MB ( 36%) free+waste,    11.81 KB ( <1%) overhead. 

Virtual space:
  Non-class space:       10.00 MB reserved,       8.25 MB ( 83%) committed 
      Class space:        1.00 GB reserved,     640.00 KB ( <1%) committed 
             Both:        1.01 GB reserved,       8.88 MB ( <1%) committed 

Chunk freelists:
   Non-Class:  115.00 KB
       Class:  12.00 KB
        Both:  127.00 KB

MaxMetaspaceSize: 17179869184.00 GB
CompressedClassSpaceSize: 1.00 GB

CodeHeap 'non-profiled nmethods': size=120000Kb used=228Kb max_used=228Kb free=119771Kb
 bounds [0x0000024a76e30000, 0x0000024a770a0000, 0x0000024a7e360000]
CodeHeap 'profiled nmethods': size=120000Kb used=1289Kb max_used=1289Kb free=118710Kb
 bounds [0x0000024a6f900000, 0x0000024a6fb70000, 0x0000024a76e30000]
CodeHeap 'non-nmethods': size=5760Kb used=1591Kb max_used=1605Kb free=4168Kb
 bounds [0x0000024a6f360000, 0x0000024a6f5d0000, 0x0000024a6f900000]
 total_blobs=2153 nmethods=743 adapters=883
 compilation: enabled
              stopped_count=0, restarted_count=0
 full_count=0

Compilation events (20 events):
Event: 0.889 Thread 0x0000024a7feb6000  731       3       org.lwjgl.PointerBuffer::put (24 bytes)
Event: 0.889 Thread 0x0000024a7feb6000 nmethod 731 0x0000024a6fa39990 code [0x0000024a6fa39b80, 0x0000024a6fa3a0f0]
Event: 0.889 Thread 0x0000024a7feb6000  733       3       org.lwjgl.system.Checks::check (17 bytes)
Event: 0.889 Thread 0x0000024a7feb6000 nmethod 733 0x0000024a6fa3a390 code [0x0000024a6fa3a560, 0x0000024a6fa3a910]
Event: 0.889 Thread 0x0000024a7feb6000  734       3       org.lwjgl.system.CheckIntrinsics::checkIndex (6 bytes)
Event: 0.889 Thread 0x0000024a7feb6000 nmethod 734 0x0000024a6fa3aa90 code [0x0000024a6fa3aca0, 0x0000024a6fa3b430]
Event: 0.891 Thread 0x0000024a7feb6000  737       3       jdk.internal.loader.BuiltinClassLoader::defineClass (121 bytes)
Event: 0.892 Thread 0x0000024a7feb6000 nmethod 737 0x0000024a6fa3b690 code [0x0000024a6fa3b9c0, 0x0000024a6fa3cff0]
Event: 0.892 Thread 0x0000024a7feb6000  740       3       java.lang.String::equalsIgnoreCase (45 bytes)
Event: 0.892 Thread 0x0000024a7feb6000 nmethod 740 0x0000024a6fa3d610 code [0x0000024a6fa3d800, 0x0000024a6fa3ddd0]
Event: 0.892 Thread 0x0000024a7feb6000  738       3       jdk.internal.loader.ClassLoaders$AppClassLoader::defineOrCheckPackage (8 bytes)
Event: 0.892 Thread 0x0000024a7feb6000 nmethod 738 0x0000024a6fa3df90 code [0x0000024a6fa3e140, 0x0000024a6fa3e2f0]
Event: 0.892 Thread 0x0000024a7feb6000  739       3       java.security.SecureClassLoader::defineClass (16 bytes)
Event: 0.892 Thread 0x0000024a7feb6000 nmethod 739 0x0000024a6fa3e390 code [0x0000024a6fa3e540, 0x0000024a6fa3e760]
Event: 0.892 Thread 0x0000024a7feb6000  741       3       sun.net.www.protocol.jar.Handler::parseURL (212 bytes)
Event: 0.893 Thread 0x0000024a7feb6000 nmethod 741 0x0000024a6fa3e890 code [0x0000024a6fa3ec20, 0x0000024a6fa40030]
Event: 0.893 Thread 0x0000024a7feb6000  742       3       sun.net.www.protocol.jar.Handler::indexOfBangSlash (52 bytes)
Event: 0.894 Thread 0x0000024a7feb6000 nmethod 742 0x0000024a6fa40890 code [0x0000024a6fa40b00, 0x0000024a6fa41640]
Event: 0.894 Thread 0x0000024a7feb6000  743       3       java.security.SecureClassLoader$CodeSourceKey::equals (56 bytes)
Event: 0.894 Thread 0x0000024a7feb6000 nmethod 743 0x0000024a6fa41a10 code [0x0000024a6fa41c00, 0x0000024a6fa422e0]

GC Heap History (0 events):
No events

Deoptimization events (20 events):
Event: 0.096 Thread 0x0000024a66e66800 DEOPT PACKING pc=0x0000024a6f942668 sp=0x000000da647f9a50
Event: 0.096 Thread 0x0000024a66e66800 DEOPT UNPACKING pc=0x0000024a6f3a964e sp=0x000000da647f8ea8 mode 0
Event: 0.099 Thread 0x0000024a66e66800 DEOPT PACKING pc=0x0000024a6f944432 sp=0x000000da647f9910
Event: 0.099 Thread 0x0000024a66e66800 DEOPT UNPACKING pc=0x0000024a6f3a964e sp=0x000000da647f8d78 mode 0
Event: 0.110 Thread 0x0000024a66e66800 Uncommon trap: trap_request=0xffffff45 fr.pc=0x0000024a76e34e54 relative=0x00000000000001b4
Event: 0.110 Thread 0x0000024a66e66800 Uncommon trap: reason=unstable_if action=reinterpret pc=0x0000024a76e34e54 method=java.lang.String.hashCode()I @ 13 c2
Event: 0.110 Thread 0x0000024a66e66800 DEOPT PACKING pc=0x0000024a76e34e54 sp=0x000000da647fb180
Event: 0.110 Thread 0x0000024a66e66800 DEOPT UNPACKING pc=0x0000024a6f3a912f sp=0x000000da647fb118 mode 2
Event: 0.178 Thread 0x0000024a66e66800 Uncommon trap: trap_request=0xffffff45 fr.pc=0x0000024a76e37d64 relative=0x0000000000000044
Event: 0.178 Thread 0x0000024a66e66800 Uncommon trap: reason=unstable_if action=reinterpret pc=0x0000024a76e37d64 method=java.lang.CharacterData.of(I)Ljava/lang/CharacterData; @ 4 c2
Event: 0.178 Thread 0x0000024a66e66800 DEOPT PACKING pc=0x0000024a76e37d64 sp=0x000000da647fcdb0
Event: 0.178 Thread 0x0000024a66e66800 DEOPT UNPACKING pc=0x0000024a6f3a912f sp=0x000000da647fcd50 mode 2
Event: 0.718 Thread 0x0000024a66e66800 Uncommon trap: trap_request=0xffffff54 fr.pc=0x0000024a76e5b788 relative=0x0000000000000068
Event: 0.718 Thread 0x0000024a66e66800 Uncommon trap: reason=speculate_null_assert action=make_not_entrant pc=0x0000024a76e5b788 method=sun.misc.Unsafe.getLong(Ljava/lang/Object;J)J @ 5 c2
Event: 0.718 Thread 0x0000024a66e66800 DEOPT PACKING pc=0x0000024a76e5b788 sp=0x000000da647fefe0
Event: 0.718 Thread 0x0000024a66e66800 DEOPT UNPACKING pc=0x0000024a6f3a912f sp=0x000000da647fef68 mode 2
Event: 0.878 Thread 0x0000024a66e66800 Uncommon trap: trap_request=0xffffff54 fr.pc=0x0000024a76e5ba90 relative=0x0000000000000070
Event: 0.878 Thread 0x0000024a66e66800 Uncommon trap: reason=speculate_null_assert action=make_not_entrant pc=0x0000024a76e5ba90 method=sun.misc.Unsafe.putLong(Ljava/lang/Object;JJ)V @ 7 c2
Event: 0.878 Thread 0x0000024a66e66800 DEOPT PACKING pc=0x0000024a76e5ba90 sp=0x000000da647fee40
Event: 0.878 Thread 0x0000024a66e66800 DEOPT UNPACKING pc=0x0000024a6f3a912f sp=0x000000da647fedb8 mode 2

Classes unloaded (0 events):
No events

Classes redefined (0 events):
No events

Internal exceptions (10 events):
Event: 0.127 Thread 0x0000024a66e66800 Exception <a 'java/lang/NoSuchMethodError'{0x000000008876d028}: 'void java.lang.invoke.DelegatingMethodHandle$Holder.delegate(java.lang.Object, java.lang.Object, int, java.lang.Object)'> (0x000000008876d028) 
thrown [t:/workspace/open/src/hotspot/share/interpreter/linkResolver.cpp, line 767]
Event: 0.129 Thread 0x0000024a66e66800 Exception <a 'java/lang/NoSuchMethodError'{0x0000000088773d80}: 'java.lang.Object java.lang.invoke.DirectMethodHandle$Holder.invokeStaticInit(java.lang.Object, java.lang.Object, java.lang.Object)'> (0x0000000088773d80) 
thrown [t:/workspace/open/src/hotspot/share/interpreter/linkResolver.cpp, line 767]
Event: 0.163 Thread 0x0000024a66e66800 Exception <a 'sun/nio/fs/WindowsException'{0x000000008866e030}> (0x000000008866e030) 
thrown [t:/workspace/open/src/hotspot/share/prims/jni.cpp, line 598]
Event: 0.163 Thread 0x0000024a66e66800 Exception <a 'sun/nio/fs/WindowsException'{0x000000008866e588}> (0x000000008866e588) 
thrown [t:/workspace/open/src/hotspot/share/prims/jni.cpp, line 598]
Event: 0.186 Thread 0x0000024a66e66800 Exception <a 'sun/nio/fs/WindowsException'{0x00000000886ee658}> (0x00000000886ee658) 
thrown [t:/workspace/open/src/hotspot/share/prims/jni.cpp, line 598]
Event: 0.186 Thread 0x0000024a66e66800 Exception <a 'sun/nio/fs/WindowsException'{0x00000000886ee9c8}> (0x00000000886ee9c8) 
thrown [t:/workspace/open/src/hotspot/share/prims/jni.cpp, line 598]
Event: 0.663 Thread 0x0000024a66e66800 Exception <a 'sun/nio/fs/WindowsException'{0x00000000884e97c0}> (0x00000000884e97c0) 
thrown [t:/workspace/open/src/hotspot/share/prims/jni.cpp, line 598]
Event: 0.663 Thread 0x0000024a66e66800 Exception <a 'sun/nio/fs/WindowsException'{0x00000000884e9b70}> (0x00000000884e9b70) 
thrown [t:/workspace/open/src/hotspot/share/prims/jni.cpp, line 598]
Event: 0.668 Thread 0x0000024a66e66800 Exception <a 'sun/nio/fs/WindowsException'{0x0000000088311c18}> (0x0000000088311c18) 
thrown [t:/workspace/open/src/hotspot/share/prims/jni.cpp, line 598]
Event: 0.668 Thread 0x0000024a66e66800 Exception <a 'sun/nio/fs/WindowsException'{0x0000000088311f00}> (0x0000000088311f00) 
thrown [t:/workspace/open/src/hotspot/share/prims/jni.cpp, line 598]

Events (20 events):
Event: 0.888 loading class org/lwjgl/system/MultiReleaseMemCopy
Event: 0.888 loading class org/lwjgl/system/MultiReleaseMemCopy done
Event: 0.889 loading class org/lwjgl/glfw/EventLoop$OnScreen
Event: 0.889 loading class org/lwjgl/glfw/EventLoop$OnScreen done
Event: 0.890 loading class org/lwjgl/opengl/GL30C
Event: 0.890 loading class org/lwjgl/opengl/GL30C done
Event: 0.891 loading class org/lwjgl/opengl/GL21C
Event: 0.891 loading class org/lwjgl/opengl/GL21C done
Event: 0.891 loading class org/lwjgl/opengl/GL20C
Event: 0.891 loading class org/lwjgl/opengl/GL20C done
Event: 0.892 loading class org/lwjgl/opengl/GL15C
Event: 0.892 loading class org/lwjgl/opengl/GL15C done
Event: 0.892 loading class org/lwjgl/opengl/GL14C
Event: 0.892 loading class org/lwjgl/opengl/GL14C done
Event: 0.892 loading class org/lwjgl/opengl/GL13C
Event: 0.892 loading class org/lwjgl/opengl/GL13C done
Event: 0.893 loading class org/lwjgl/opengl/GL12C
Event: 0.893 loading class org/lwjgl/opengl/GL12C done
Event: 0.893 loading class org/lwjgl/opengl/GL11C
Event: 0.893 loading class org/lwjgl/opengl/GL11C done


Dynamic libraries:
0x00007ff718ed0000 - 0x00007ff718edf000 	C:\Program Files\Java\jdk-13.0.2\bin\javaw.exe
0x00007ff976f80000 - 0x00007ff977170000 	C:\WINDOWS\SYSTEM32\ntdll.dll
0x00007ff975940000 - 0x00007ff9759f2000 	C:\WINDOWS\System32\KERNEL32.DLL
0x00007ff974860000 - 0x00007ff974b03000 	C:\WINDOWS\System32\KERNELBASE.dll
0x00007ff974690000 - 0x00007ff97478a000 	C:\WINDOWS\System32\ucrtbase.dll
0x00007ff972000000 - 0x00007ff972015000 	C:\Program Files\Java\jdk-13.0.2\bin\VCRUNTIME140.dll
0x00007ff967d00000 - 0x00007ff967d18000 	C:\Program Files\Java\jdk-13.0.2\bin\jli.dll
0x00007ff976bc0000 - 0x00007ff976c63000 	C:\WINDOWS\System32\ADVAPI32.dll
0x00007ff975e80000 - 0x00007ff975f1e000 	C:\WINDOWS\System32\msvcrt.dll
0x00007ff975d60000 - 0x00007ff975df7000 	C:\WINDOWS\System32\sechost.dll
0x00007ff976180000 - 0x00007ff9762a0000 	C:\WINDOWS\System32\RPCRT4.dll
0x00007ff9763b0000 - 0x00007ff976544000 	C:\WINDOWS\System32\USER32.dll
0x00007ff974830000 - 0x00007ff974851000 	C:\WINDOWS\System32\win32u.dll
0x00007ff973360000 - 0x00007ff9735e5000 	C:\WINDOWS\WinSxS\amd64_microsoft.windows.common-controls_6595b64144ccf1df_6.0.18362.657_none_e6c5b579130e3898\COMCTL32.dll
0x00007ff976b90000 - 0x00007ff976bb6000 	C:\WINDOWS\System32\GDI32.dll
0x00007ff975a00000 - 0x00007ff975d36000 	C:\WINDOWS\System32\combase.dll
0x00007ff974bf0000 - 0x00007ff974d84000 	C:\WINDOWS\System32\gdi32full.dll
0x00007ff974790000 - 0x00007ff97482e000 	C:\WINDOWS\System32\msvcp_win.dll
0x00007ff974b70000 - 0x00007ff974bf0000 	C:\WINDOWS\System32\bcryptPrimitives.dll
0x00007ff96edf0000 - 0x00007ff96edfa000 	C:\WINDOWS\SYSTEM32\VERSION.dll
0x00007ff9762a0000 - 0x00007ff9762ce000 	C:\WINDOWS\System32\IMM32.DLL
0x00007ff94d1b0000 - 0x00007ff94d24b000 	C:\Program Files\Java\jdk-13.0.2\bin\msvcp140.dll
0x00007ff91b250000 - 0x00007ff91bdad000 	C:\Program Files\Java\jdk-13.0.2\bin\server\jvm.dll
0x00007ff9766b0000 - 0x00007ff9766b8000 	C:\WINDOWS\System32\PSAPI.DLL
0x00007ff96d560000 - 0x00007ff96d569000 	C:\WINDOWS\SYSTEM32\WSOCK32.dll
0x00007ff969270000 - 0x00007ff969294000 	C:\WINDOWS\SYSTEM32\WINMM.dll
0x00007ff976d20000 - 0x00007ff976d8f000 	C:\WINDOWS\System32\WS2_32.dll
0x00007ff969240000 - 0x00007ff96926d000 	C:\WINDOWS\SYSTEM32\winmmbase.dll
0x00007ff974e40000 - 0x00007ff974e8a000 	C:\WINDOWS\System32\cfgmgr32.dll
0x00007ff973e60000 - 0x00007ff973e71000 	C:\WINDOWS\System32\kernel.appcore.dll
0x00007ff96d4c0000 - 0x00007ff96d4d0000 	C:\Program Files\Java\jdk-13.0.2\bin\verify.dll
0x00007ff973970000 - 0x00007ff973b64000 	C:\WINDOWS\SYSTEM32\DBGHELP.DLL
0x00007ff9736e0000 - 0x00007ff97370a000 	C:\WINDOWS\SYSTEM32\dbgcore.DLL
0x00007ff95c110000 - 0x00007ff95c136000 	C:\Program Files\Java\jdk-13.0.2\bin\java.dll
0x00007ff96a370000 - 0x00007ff96a387000 	C:\Program Files\Java\jdk-13.0.2\bin\zip.dll
0x00007ff96d4b0000 - 0x00007ff96d4ba000 	C:\Program Files\Java\jdk-13.0.2\bin\jimage.dll
0x00007ff975030000 - 0x00007ff975715000 	C:\WINDOWS\System32\SHELL32.dll
0x00007ff976c70000 - 0x00007ff976d19000 	C:\WINDOWS\System32\shcore.dll
0x00007ff973f10000 - 0x00007ff97468f000 	C:\WINDOWS\System32\windows.storage.dll
0x00007ff973ef0000 - 0x00007ff973f0f000 	C:\WINDOWS\System32\profapi.dll
0x00007ff973e80000 - 0x00007ff973eca000 	C:\WINDOWS\System32\powrprof.dll
0x00007ff973e50000 - 0x00007ff973e60000 	C:\WINDOWS\System32\UMPDC.dll
0x00007ff9766c0000 - 0x00007ff976712000 	C:\WINDOWS\System32\shlwapi.dll
0x00007ff974e90000 - 0x00007ff974ea7000 	C:\WINDOWS\System32\cryptsp.dll
0x00007ff96a280000 - 0x00007ff96a299000 	C:\Program Files\Java\jdk-13.0.2\bin\net.dll
0x00007ff96bc90000 - 0x00007ff96bd80000 	C:\WINDOWS\SYSTEM32\WINHTTP.dll
0x00007ff973040000 - 0x00007ff9730a7000 	C:\WINDOWS\system32\mswsock.dll
0x00007ff9668b0000 - 0x00007ff9668c3000 	C:\Program Files\Java\jdk-13.0.2\bin\nio.dll
0x00007ff94d140000 - 0x00007ff94d1a4000 	C:\Users\luukv\AppData\Local\Temp\lwjglluukv\3.2.3-build-13\lwjgl.dll
0x00007ff94d0d0000 - 0x00007ff94d132000 	C:\Users\luukv\AppData\Local\Temp\lwjglluukv\3.2.3-build-13\glfw.dll
0x00007ff9715d0000 - 0x00007ff971669000 	C:\WINDOWS\system32\uxtheme.dll
0x00007ff966dd0000 - 0x00007ff966e13000 	C:\WINDOWS\SYSTEM32\dinput8.dll
0x00007ff964e20000 - 0x00007ff964e31000 	C:\WINDOWS\SYSTEM32\xinput1_4.dll
0x00007ff973c50000 - 0x00007ff973c7a000 	C:\WINDOWS\SYSTEM32\DEVOBJ.dll
0x00007ff971ae0000 - 0x00007ff971b0d000 	C:\WINDOWS\SYSTEM32\dwmapi.dll
0x00007ff962e70000 - 0x00007ff962f8a000 	C:\WINDOWS\SYSTEM32\inputhost.dll
0x00007ff970f20000 - 0x00007ff970ff4000 	C:\WINDOWS\SYSTEM32\CoreMessaging.dll
0x00007ff96fa20000 - 0x00007ff96fb73000 	C:\WINDOWS\SYSTEM32\wintypes.dll
0x00007ff962b40000 - 0x00007ff962e6a000 	C:\WINDOWS\SYSTEM32\CoreUIComponents.dll
0x00007ff96e6d0000 - 0x00007ff96e7bf000 	C:\WINDOWS\SYSTEM32\PROPSYS.dll
0x00007ff975fd0000 - 0x00007ff976094000 	C:\WINDOWS\System32\OLEAUT32.dll
0x00007ff973790000 - 0x00007ff9737c1000 	C:\WINDOWS\SYSTEM32\ntmarta.dll
0x00007ff975730000 - 0x00007ff975865000 	C:\WINDOWS\System32\MSCTF.dll
0x00007ff971d80000 - 0x00007ff971d8e000 	C:\WINDOWS\SYSTEM32\HID.DLL
0x00007ff976720000 - 0x00007ff976b90000 	C:\WINDOWS\System32\SETUPAPI.DLL
0x00007ff975000000 - 0x00007ff975026000 	C:\WINDOWS\System32\bcrypt.dll
0x00007ff974b10000 - 0x00007ff974b6c000 	C:\WINDOWS\System32\WINTRUST.dll
0x00007ff973ed0000 - 0x00007ff973ee2000 	C:\WINDOWS\System32\MSASN1.dll
0x00007ff974eb0000 - 0x00007ff974ff9000 	C:\WINDOWS\System32\CRYPT32.dll
0x00007ff94abd0000 - 0x00007ff94ad26000 	C:\WINDOWS\SYSTEM32\opengl32.dll
0x00007ff9722d0000 - 0x00007ff9722fc000 	C:\WINDOWS\SYSTEM32\GLU32.dll
0x00007ff9724c0000 - 0x00007ff9724e0000 	C:\WINDOWS\SYSTEM32\dxcore.dll
0x00007ff90a6f0000 - 0x00007ff90cdc9000 	C:\WINDOWS\System32\DriverStore\FileRepository\nv_desktop_ref4i.inf_amd64_030511a9d7efb732\nvoglv64.dll
0x00007ff976550000 - 0x00007ff9766a6000 	C:\WINDOWS\System32\ole32.dll
0x00007ff96fd40000 - 0x00007ff96fd53000 	C:\WINDOWS\SYSTEM32\WTSAPI32.dll
0x00007ff94cc20000 - 0x00007ff94cee4000 	C:\WINDOWS\system32\nvspcap64.dll
0x00007ff9728a0000 - 0x00007ff9728fc000 	C:\WINDOWS\SYSTEM32\WINSTA.dll
0x00007ff962f90000 - 0x00007ff96302e000 	C:\WINDOWS\System32\TextInputFramework.dll
0x00007ff969660000 - 0x00007ff969906000 	C:\WINDOWS\System32\iertutil.dll
0x00007ff9574d0000 - 0x00007ff957529000 	C:\Users\luukv\AppData\Local\Temp\lwjglluukv\3.2.3-build-13\lwjgl_opengl.dll

dbghelp: loaded successfully - version: 4.0.5 - missing functions: none
symbol engine: initialized successfully - sym options: 0x614 - pdb path: .;C:\Program Files\Java\jdk-13.0.2\bin;C:\WINDOWS\SYSTEM32;C:\WINDOWS\WinSxS\amd64_microsoft.windows.common-controls_6595b64144ccf1df_6.0.18362.657_none_e6c5b579130e3898;C:\Program Files\Java\jdk-13.0.2\bin\server;C:\Users\luukv\AppData\Local\Temp\lwjglluukv\3.2.3-build-13;C:\WINDOWS\System32\DriverStore\FileRepository\nv_desktop_ref4i.inf_amd64_030511a9d7efb732

VM Arguments:
jvm_args: -Dfile.encoding=Cp1252 
java_command: main.engine.MAIN_TEST
java_class_path (initial): E:\Informatica\Eindproject\InformaticaEindproject5V\Workspace\Eindproject\lib\lwjgl-assimp-natives-windows.jar;E:\Informatica\Eindproject\InformaticaEindproject5V\Workspace\Eindproject\lib\lwjgl-assimp.jar;E:\Informatica\Eindproject\InformaticaEindproject5V\Workspace\Eindproject\lib\lwjgl-bgfx-natives-windows.jar;E:\Informatica\Eindproject\InformaticaEindproject5V\Workspace\Eindproject\lib\lwjgl-bgfx.jar;E:\Informatica\Eindproject\InformaticaEindproject5V\Workspace\Eindproject\lib\lwjgl-glfw-natives-windows.jar;E:\Informatica\Eindproject\InformaticaEindproject5V\Workspace\Eindproject\lib\lwjgl-glfw.jar;E:\Informatica\Eindproject\InformaticaEindproject5V\Workspace\Eindproject\lib\lwjgl-nanovg-natives-windows.jar;E:\Informatica\Eindproject\InformaticaEindproject5V\Workspace\Eindproject\lib\lwjgl-nanovg.jar;E:\Informatica\Eindproject\InformaticaEindproject5V\Workspace\Eindproject\lib\lwjgl-natives-windows.jar;E:\Informatica\Eindproject\InformaticaEindproject5V\Workspace\Eindproject\lib\lwjgl-nuklear-natives-windows.jar;E:\Informatica\Eindproject\InformaticaEindproject5V\Workspace\Eindproject\lib\lwjgl-nuklear.jar;E:\Informatica\Eindproject\InformaticaEindproject5V\Workspace\Eindproject\lib\lwjgl-openal-natives-windows.jar;E:\Informatica\Eindproject\InformaticaEindproject5V\Workspace\Eindproject\lib\lwjgl-openal.jar;E:\Informatica\Eindproject\InformaticaEindproject5V\Workspace\Eindproject\lib\lwjgl-opengl-natives-windows.jar;E:\Informatica\Eindproject\InformaticaEindproject5V\Workspace\Eindproject\lib\lwjgl-opengl.jar;E:\Informatica\Eindproject\InformaticaEindproject5V\Workspace\Eindproject\lib\lwjgl-par-natives-windows.jar;E:\Informatica\Eindproject\InformaticaEindproject5V\Workspace\Eindproject\lib\lwjgl-par.jar;E:\Informatica\Eindproject\InformaticaEindproject5V\Workspace\Eindproject\lib\lwjgl-stb-natives-windows.jar;E:\Informatica\Eindproject\InformaticaEindproject5V\Workspace\Eindproject\lib\lwjgl-stb.jar;E:\Informatica\Eindproject\Info
Launcher Type: SUN_STANDARD

[Global flags]
     intx CICompilerCount                          = 4                                         {product} {ergonomic}
     uint ConcGCThreads                            = 2                                         {product} {ergonomic}
     uint G1ConcRefinementThreads                  = 8                                         {product} {ergonomic}
   size_t G1HeapRegionSize                         = 1048576                                   {product} {ergonomic}
    uintx GCDrainStackTargetSize                   = 64                                        {product} {ergonomic}
   size_t InitialHeapSize                          = 134217728                                 {product} {ergonomic}
   size_t MarkStackSize                            = 4194304                                   {product} {ergonomic}
   size_t MaxHeapSize                              = 2134900736                                {product} {ergonomic}
   size_t MaxNewSize                               = 1280311296                                {product} {ergonomic}
   size_t MinHeapDeltaBytes                        = 1048576                                   {product} {ergonomic}
   size_t MinHeapSize                              = 8388608                                   {product} {ergonomic}
    uintx NonNMethodCodeHeapSize                   = 5839372                                {pd product} {ergonomic}
    uintx NonProfiledCodeHeapSize                  = 122909434                              {pd product} {ergonomic}
    uintx ProfiledCodeHeapSize                     = 122909434                              {pd product} {ergonomic}
    uintx ReservedCodeCacheSize                    = 251658240                              {pd product} {ergonomic}
     bool SegmentedCodeCache                       = true                                      {product} {ergonomic}
   size_t SoftMaxHeapSize                          = 2134900736                             {manageable} {ergonomic}
     bool UseCompressedClassPointers               = true                                 {lp64_product} {ergonomic}
     bool UseCompressedOops                        = true                                 {lp64_product} {ergonomic}
     bool UseG1GC                                  = true                                      {product} {ergonomic}
     bool UseLargePagesIndividualAllocation        = false                                  {pd product} {ergonomic}

Logging:
Log output configuration:
 #0: stdout all=warning uptime,level,tags
 #1: stderr all=off uptime,level,tags

Environment Variables:
PATH=C:/Program Files/Java/jdk-13.0.2/bin/server;C:/Program Files/Java/jdk-13.0.2/bin;C:\Program Files\NVIDIA GPU Computing Toolkit\CUDA\v10.2\bin;C:\Program Files\NVIDIA GPU Computing Toolkit\CUDA\v10.2\libnvvp;C:\Program Files (x86)\Common Files\Oracle\Java\javapath;C:\WINDOWS\system32;C:\WINDOWS;C:\WINDOWS\System32\Wbem;C:\WINDOWS\System32\WindowsPowerShell\v1.0\;C:\WINDOWS\System32\OpenSSH\;C:\Program Files\NVIDIA Corporation\NVIDIA NvDLISR;C:\Program Files (x86)\NVIDIA Corporation\PhysX\Common;C:\Program Files\dotnet\;C:\mingw-w64\x86_64-8.1.0-posix-seh-rt_v6-rev0\mingw64\bin;C:\CMake\bin;C:\Program Files\Git\cmd;C:\Program Files\NVIDIA Corporation\Nsight Compute 2019.5.0\;C:\OpenCV\Builds\install\x64\vc16\bin;C:\Program Files\nodejs\;C:\Users\luukv\AppData\Local\Programs\Python\Python38-32\Scripts\;C:\Users\luukv\AppData\Local\Programs\Python\Python38-32\;C:\Users\luukv\AppData\Local\Microsoft\WindowsApps;C:\Users\luukv\AppData\Local\Programs\Microsoft VS Code\bin;C:\Users\luukv\AppData\Local\GitHubDesktop\bin;C:\Users\luukv\AppData\Roaming\npm;C:\Users\luukv\OneDrive\Desktop\programs;
USERNAME=luukv
OS=Windows_NT
PROCESSOR_IDENTIFIER=Intel64 Family 6 Model 58 Stepping 9, GenuineIntel



---------------  S Y S T E M  ---------------

OS: Windows 10 , 64 bit Build 18362 (10.0.18362.329)

CPU:total 8 (initial active 8) (4 cores per cpu, 2 threads per core) family 6 model 58 stepping 9, cmov, cx8, fxsr, mmx, sse, sse2, sse3, ssse3, sse4.1, sse4.2, popcnt, avx, aes, clmul, erms, ht, tsc, tscinvbit, tscinv

Memory: 4k page, system-wide physical 8137M (3090M free)
TotalPageFile size 18447M (AvailPageFile size 10471M)
current process WorkingSet (physical memory assigned to process): 96M, peak: 96M
current process commit charge ("private bytes"): 256M, peak: 256M

vm_info: Java HotSpot(TM) 64-Bit Server VM (13.0.2+8) for windows-amd64 JRE (13.0.2+8), built on Dec 11 2019 09:20:33 by "mach5one" with unknown MS VC++:1916

END.
